#
# A fatal error has been detected by the Java Runtime Environment:
#
#  EXCEPTION_ACCESS_VIOLATION (0xc0000005) at pc=0x00007ffb13553ab6, pid=7944, tid=6460
#
# JRE version: OpenJDK Runtime Environment (11.0.13) (build 11.0.13+0-b1751.21-8125866)
# Java VM: OpenJDK 64-Bit Server VM (11.0.13+0-b1751.21-8125866, mixed mode, tiered, compressed oops, g1 gc, windows-amd64)
# Problematic frame:
# V  [jvm.dll+0x363ab6]
#
# No core dump will be written. Minidumps are not enabled by default on client versions of Windows
#
# If you would like to submit a bug report, please visit:
#   https://bugreport.java.com/bugreport/crash.jsp
#

---------------  S U M M A R Y ------------

Command Line: --add-opens=java.base/java.util=ALL-UNNAMED --add-opens=java.base/java.lang=ALL-UNNAMED --add-opens=java.base/java.lang.invoke=ALL-UNNAMED --add-opens=java.base/java.util=ALL-UNNAMED --add-opens=java.prefs/java.util.prefs=ALL-UNNAMED --add-opens=java.prefs/java.util.prefs=ALL-UNNAMED --add-opens=java.base/java.nio.charset=ALL-UNNAMED --add-opens=java.base/java.net=ALL-UNNAMED --add-opens=java.base/java.util.concurrent.atomic=ALL-UNNAMED -Xmx2048m -Dfile.encoding=UTF-8 -Duser.country=US -Duser.language=en -Duser.variant org.gradle.launcher.daemon.bootstrap.GradleDaemon 7.4

Host: Intel(R) Core(TM) i7-6820HQ CPU @ 2.70GHz, 8 cores, 15G,  Windows 10 , 64 bit Build 19041 (10.0.19041.1889)
Time: Mon Sep 19 10:44:02 2022 Pakistan Standard Time elapsed time: 68.601445 seconds (0d 0h 1m 8s)

---------------  T H R E A D  ---------------

Current thread (0x0000027ed07be000):  JavaThread "C2 CompilerThread0" daemon [_thread_in_native, id=6460, stack(0x000000dda9600000,0x000000dda9700000)]


Current CompileTask:
C2:  68601 15309       4       com.android.utils.XmlUtils::append (645 bytes)

Stack: [0x000000dda9600000,0x000000dda9700000],  sp=0x000000dda96fbd70,  free space=1007k
Native frames: (J=compiled Java code, j=interpreted, Vv=VM code, C=native code)
V  [jvm.dll+0x363ab6]
V  [jvm.dll+0x35d397]
V  [jvm.dll+0x19d7f0]
V  [jvm.dll+0x2033be]
V  [jvm.dll+0x202437]
V  [jvm.dll+0x188e01]
V  [jvm.dll+0x21106b]
V  [jvm.dll+0x20f8c1]
V  [jvm.dll+0x70de0f]
V  [jvm.dll+0x706a75]
V  [jvm.dll+0x60ed66]
C  [ucrtbase.dll+0x21bb2]
C  [KERNEL32.DLL+0x17034]
C  [ntdll.dll+0x526a1]


siginfo: EXCEPTION_ACCESS_VIOLATION (0xc0000005), reading address 0xffffffffffffffff


Register to memory mapping:

RIP=0x00007ffb13553ab6 jvm.dll
RAX=0x000000dda96ff5e0 is pointing into the stack for thread: 0x0000027ed07be000
RBX=0x000000dda96fbe50 is pointing into the stack for thread: 0x0000027ed07be000
RCX=0x6c69754224746e65 is an unknown value
RDX=0x0000027ed7616150 points into unknown readable memory: 0x0000000000000010 | 10 00 00 00 00 00 00 00
RSP=0x000000dda96fbd70 is pointing into the stack for thread: 0x0000027ed07be000
RBP=0x000000dda96fe8f0 is pointing into the stack for thread: 0x0000027ed07be000
RSI=0x0 is NULL
RDI=0x0 is NULL
R8 =0x0000000000000020 is an unknown value
R9 =0x0000000000000008 is an unknown value
R10=0x0000000000000020 is an unknown value
R11=0x000000dda96fbe50 is pointing into the stack for thread: 0x0000027ed07be000
R12=0x0000027ecff11730 points into unknown readable memory: 0x0000027ed0757080 | 80 70 75 d0 7e 02 00 00
R13=0x00007ffb13c18a10 jvm.dll
R14=0x0000027ed1240c20 points into unknown readable memory: 0x000000000000000c | 0c 00 00 00 00 00 00 00
R15=0x0000027ed7616150 points into unknown readable memory: 0x0000000000000010 | 10 00 00 00 00 00 00 00


Registers:
RAX=0x000000dda96ff5e0, RBX=0x000000dda96fbe50, RCX=0x6c69754224746e65, RDX=0x0000027ed7616150
RSP=0x000000dda96fbd70, RBP=0x000000dda96fe8f0, RSI=0x0000000000000000, RDI=0x0000000000000000
R8 =0x0000000000000020, R9 =0x0000000000000008, R10=0x0000000000000020, R11=0x000000dda96fbe50
R12=0x0000027ecff11730, R13=0x00007ffb13c18a10, R14=0x0000027ed1240c20, R15=0x0000027ed7616150
RIP=0x00007ffb13553ab6, EFLAGS=0x0000000000010206

Top of Stack: (sp=0x000000dda96fbd70)
0x000000dda96fbd70:   0000027ed7409ad0 0000000000000020
0x000000dda96fbd80:   000000dda96fbe50 00007ffb1354ea51
0x000000dda96fbd90:   0000000000000002 0000000000000002
0x000000dda96fbda0:   0000000000000000 000000dda96fbec0
0x000000dda96fbdb0:   0000000000000002 00007ffb1354d397
0x000000dda96fbdc0:   0000000000000000 000000dda96fc400
0x000000dda96fbdd0:   0000027ed6873d68 0000000000000001
0x000000dda96fbde0:   000000dda96fbe18 0000000000000000
0x000000dda96fbdf0:   00000000000f423f 0000000200000000
0x000000dda96fbe00:   0000000d00000000 0000000000000000
0x000000dda96fbe10:   00000000ffffffff 0000000200000000
0x000000dda96fbe20:   0000000e00000000 00007ffb00000000
0x000000dda96fbe30:   000001de00000001 0000027e00000005
0x000000dda96fbe40:   0000000000000000 0000000020000000
0x000000dda96fbe50:   0000027e00000010 0000027ed7409bd0
0x000000dda96fbe60:   0000027ed74027c0 00007ffb00000000 

Instructions: (pc=0x00007ffb13553ab6)
0x00007ffb135539b6:   00 00 49 8b f0 48 c1 e6 03 48 8b 04 e8 4a 8b 0c
0x00007ffb135539c6:   08 48 8b 81 e8 04 00 00 48 8b 88 88 00 00 00 48
0x00007ffb135539d6:   8b c6 48 f7 d0 48 8b b9 a8 08 00 00 48 3b 47 18
0x00007ffb135539e6:   73 12 4c 8d 05 99 55 4a 00 48 8b d6 48 8b cf e8
0x00007ffb135539f6:   b6 d3 d5 ff 48 8b 47 18 48 8d 0c 30 48 3b 4f 20
0x00007ffb13553a06:   76 10 45 33 c0 48 8b d6 48 8b cf e8 ba cf d5 ff
0x00007ffb13553a16:   eb 04 48 89 4f 18 48 89 43 08 41 b9 08 00 00 00
0x00007ffb13553a26:   33 ff 39 bb 90 00 00 00 0f 86 d2 00 00 00 65 48
0x00007ffb13553a36:   8b 04 25 58 00 00 00 4c 89 64 24 50 4c 89 6c 24
0x00007ffb13553a46:   58 4c 8d 2d c2 4f 6c 00 4c 89 74 24 60 4c 8d 24
0x00007ffb13553a56:   e8 66 0f 1f 84 00 00 00 00 00 49 8b 47 08 48 8d
0x00007ffb13553a66:   34 fd 00 00 00 00 4c 8b 34 06 4d 3b f5 75 0a 48
0x00007ffb13553a76:   8b 43 08 4c 89 2c 06 eb 6a 49 8b 04 24 41 8b c9
0x00007ffb13553a86:   48 8b 0c 01 48 8b 81 e8 04 00 00 48 8b a8 88 00
0x00007ffb13553a96:   00 00 48 8b 8d b0 08 00 00 48 85 c9 75 12 e8 97
0x00007ffb13553aa6:   09 00 00 48 8b 8d b0 08 00 00 41 b9 08 00 00 00
0x00007ffb13553ab6:   48 8b 01 48 89 85 b0 08 00 00 33 c0 48 89 01 48
0x00007ffb13553ac6:   89 41 08 48 89 41 10 48 89 41 18 41 0f 10 06 0f
0x00007ffb13553ad6:   11 01 41 0f 10 4e 10 0f 11 49 10 48 8b 43 08 48
0x00007ffb13553ae6:   89 0c 06 ff c7 3b bb 90 00 00 00 0f 82 69 ff ff
0x00007ffb13553af6:   ff 4c 8b 74 24 60 4c 8b 6c 24 58 4c 8b 64 24 50
0x00007ffb13553b06:   48 8b c3 48 83 c4 20 41 5f 5f 5e 5d 5b c3 cc cc
0x00007ffb13553b16:   cc cc cc cc cc cc cc cc cc cc 83 3a 00 4c 8b c2
0x00007ffb13553b26:   c7 41 08 08 00 00 00 75 16 33 d2 c7 41 18 01 00
0x00007ffb13553b36:   00 00 89 11 48 8b c1 c7 41 28 01 00 00 00 c3 33
0x00007ffb13553b46:   d2 48 89 11 89 51 18 41 8b 80 90 00 00 00 89 41
0x00007ffb13553b56:   28 48 89 51 10 49 8b 40 08 48 89 41 20 48 8b c1
0x00007ffb13553b66:   4c 89 41 30 c3 cc cc cc cc cc 48 83 ec 28 8b 51
0x00007ffb13553b76:   08 4c 8b c9 83 fa 08 73 18 4c 8b 41 10 8b c2 41
0x00007ffb13553b86:   83 3c 80 00 0f 85 0d 01 00 00 ff c2 83 fa 08 72
0x00007ffb13553b96:   ec 44 8b 51 18 48 89 5c 24 30 48 89 6c 24 38 48
0x00007ffb13553ba6:   89 74 24 40 48 89 7c 24 20 44 3b 51 28 0f 83 b9 


Stack slot to memory mapping:
stack at sp + 0 slots: 0x0000027ed7409ad0 points into unknown readable memory: 0x0000027ede2c9160 | 60 91 2c de 7e 02 00 00
stack at sp + 1 slots: 0x0000000000000020 is an unknown value
stack at sp + 2 slots: 0x000000dda96fbe50 is pointing into the stack for thread: 0x0000027ed07be000
stack at sp + 3 slots: 0x00007ffb1354ea51 jvm.dll
stack at sp + 4 slots: 0x0000000000000002 is an unknown value
stack at sp + 5 slots: 0x0000000000000002 is an unknown value
stack at sp + 6 slots: 0x0 is NULL
stack at sp + 7 slots: 0x000000dda96fbec0 is pointing into the stack for thread: 0x0000027ed07be000


---------------  P R O C E S S  ---------------

Threads class SMR info:
_java_thread_list=0x0000027ed1fc06f0, length=145, elements={
0x0000027eb527b800, 0x0000027ecff1a000, 0x0000027ecff1d800, 0x0000027ed07af800,
0x0000027ed07b0800, 0x0000027ed07b3000, 0x0000027ed07be000, 0x0000027ed07c1000,
0x0000027ed07c2000, 0x0000027ed092c000, 0x0000027ed386e800, 0x0000027ed0ae7800,
0x0000027ed20d1800, 0x0000027ed365b800, 0x0000027ed28fa800, 0x0000027ed3a4d000,
0x0000027ed3a4b800, 0x0000027ed3a4f000, 0x0000027ed3a52000, 0x0000027ed3a4c800,
0x0000027ed3a4f800, 0x0000027ed3a50800, 0x0000027ed3a51800, 0x0000027ed3a4e000,
0x0000027ed317b800, 0x0000027ed317f800, 0x0000027ed3182000, 0x0000027ed317f000,
0x0000027ed317d000, 0x0000027ed3185800, 0x0000027ed373e800, 0x0000027ed373f800,
0x0000027ed6a98000, 0x0000027ed4578000, 0x0000027ed4576000, 0x0000027ed457c800,
0x0000027ed457b800, 0x0000027ed4579000, 0x0000027ed4576800, 0x0000027ed457a800,
0x0000027ed457d000, 0x0000027ed4577800, 0x0000027ed457e000, 0x0000027ed457e800,
0x0000027ed457f800, 0x0000027ed2139800, 0x0000027ed457a000, 0x0000027ed4583800,
0x0000027ed4580800, 0x0000027ed4584800, 0x0000027ed4581000, 0x0000027ed4583000,
0x0000027ed4582000, 0x0000027ed6a95000, 0x0000027ed6a99000, 0x0000027ed6a9a000,
0x0000027ed6a95800, 0x0000027ed6a9b800, 0x0000027ed6a9a800, 0x0000027ed6a9c000,
0x0000027ed6a96800, 0x0000027ed6a9d000, 0x0000027ed6a97800, 0x0000027ed6aa2800,
0x0000027ed6aa3800, 0x0000027ed6a9e000, 0x0000027ed6a9e800, 0x0000027ed6aa0800,
0x0000027ed6a9f800, 0x0000027ed6aa1000, 0x0000027ed6aa2000, 0x0000027ed373b800,
0x0000027ed3737000, 0x0000027ed3739000, 0x0000027ed3739800, 0x0000027ed373a800,
0x0000027ed3735800, 0x0000027ed3736800, 0x0000027ed373c000, 0x0000027ed373d000,
0x0000027ed373d800, 0x0000027ed3738000, 0x0000027ed3742800, 0x0000027ed3743800,
0x0000027ed3741000, 0x0000027ed3744000, 0x0000027ed3740000, 0x0000027ed3742000,
0x0000027ed3180800, 0x0000027ed3181800, 0x0000027ed317e000, 0x0000027ed317c800,
0x0000027ed3187000, 0x0000027ed3184800, 0x0000027ed3188000, 0x0000027ed3188800,
0x0000027ed3183000, 0x0000027ed3189800, 0x0000027ed3184000, 0x0000027ed318a800,
0x0000027ed6a60000, 0x0000027ed6a61000, 0x0000027ed6a63800, 0x0000027ed6a5d800,
0x0000027ed6a5e800, 0x0000027ed6a5f000, 0x0000027edbffb000, 0x0000027edbff7000,
0x0000027edbff7800, 0x0000027edbffa000, 0x0000027edbff8800, 0x0000027edbff9800,
0x0000027edbff5000, 0x0000027edbffb800, 0x0000027edbff6000, 0x0000027edbffd800,
0x0000027edc001800, 0x0000027edc000000, 0x0000027edc000800, 0x0000027edc002800,
0x0000027edbffe000, 0x0000027edbffc800, 0x0000027edbfff000, 0x0000027edc003000,
0x0000027edc004000, 0x0000027ed26dd000, 0x0000027ed26e0000, 0x0000027ed26dd800,
0x0000027ed26de800, 0x0000027ed26dc000, 0x0000027ed26e1000, 0x0000027ed26e2000,
0x0000027ed26df800, 0x0000027ed26e5000, 0x0000027ed26e6000, 0x0000027ed26e3800,
0x0000027ed26e2800, 0x0000027ed26e8800, 0x0000027ed7311000, 0x0000027ed26e4000,
0x0000027ed26e6800, 0x0000027ed26e7800, 0x0000027ed26e9000, 0x0000027ed26ea000,
0x0000027ed26ea800
}

Java Threads: ( => current thread )
  0x0000027eb527b800 JavaThread "main" [_thread_blocked, id=10220, stack(0x000000dda8a00000,0x000000dda8b00000)]
  0x0000027ecff1a000 JavaThread "Reference Handler" daemon [_thread_blocked, id=11612, stack(0x000000dda9100000,0x000000dda9200000)]
  0x0000027ecff1d800 JavaThread "Finalizer" daemon [_thread_blocked, id=3564, stack(0x000000dda9200000,0x000000dda9300000)]
  0x0000027ed07af800 JavaThread "Signal Dispatcher" daemon [_thread_blocked, id=12168, stack(0x000000dda9300000,0x000000dda9400000)]
  0x0000027ed07b0800 JavaThread "Attach Listener" daemon [_thread_blocked, id=11692, stack(0x000000dda9400000,0x000000dda9500000)]
  0x0000027ed07b3000 JavaThread "Service Thread" daemon [_thread_blocked, id=9316, stack(0x000000dda9500000,0x000000dda9600000)]
=>0x0000027ed07be000 JavaThread "C2 CompilerThread0" daemon [_thread_in_native, id=6460, stack(0x000000dda9600000,0x000000dda9700000)]
  0x0000027ed07c1000 JavaThread "C1 CompilerThread0" daemon [_thread_in_native, id=1232, stack(0x000000dda9700000,0x000000dda9800000)]
  0x0000027ed07c2000 JavaThread "Sweeper thread" daemon [_thread_blocked, id=13264, stack(0x000000dda9800000,0x000000dda9900000)]
  0x0000027ed092c000 JavaThread "Common-Cleaner" daemon [_thread_blocked, id=6828, stack(0x000000dda9900000,0x000000dda9a00000)]
  0x0000027ed386e800 JavaThread "Daemon health stats" [_thread_blocked, id=9692, stack(0x000000ddaa200000,0x000000ddaa300000)]
  0x0000027ed0ae7800 JavaThread "Incoming local TCP Connector on port 55747" [_thread_in_native, id=6300, stack(0x000000dda9b00000,0x000000dda9c00000)]
  0x0000027ed20d1800 JavaThread "Daemon periodic checks" [_thread_blocked, id=4140, stack(0x000000dda9c00000,0x000000dda9d00000)]
  0x0000027ed365b800 JavaThread "Daemon" [_thread_blocked, id=6724, stack(0x000000ddaa300000,0x000000ddaa400000)]
  0x0000027ed28fa800 JavaThread "Daemon worker" [_thread_blocked, id=11784, stack(0x000000ddaa600000,0x000000ddaa700000)]
  0x0000027ed3a4d000 JavaThread "Cache worker for journal cache (C:\Users\Dell\.gradle\caches\journal-1)" [_thread_blocked, id=5812, stack(0x000000ddaaa00000,0x000000ddaab00000)]
  0x0000027ed3a4b800 JavaThread "File lock request listener" [_thread_in_native, id=5220, stack(0x000000ddaab00000,0x000000ddaac00000)]
  0x0000027ed3a4f000 JavaThread "Cache worker for file hash cache (C:\Users\Dell\.gradle\caches\7.4\fileHashes)" [_thread_blocked, id=6696, stack(0x000000ddaaf00000,0x000000ddab000000)]
  0x0000027ed3a52000 JavaThread "File watcher server" daemon [_thread_in_native, id=6380, stack(0x000000ddab200000,0x000000ddab300000)]
  0x0000027ed3a4c800 JavaThread "File watcher consumer" daemon [_thread_blocked, id=9096, stack(0x000000ddab300000,0x000000ddab400000)]
  0x0000027ed3a4f800 JavaThread "jar transforms" [_thread_blocked, id=10420, stack(0x000000ddab400000,0x000000ddab500000)]
  0x0000027ed3a50800 JavaThread "jar transforms Thread 2" [_thread_blocked, id=12096, stack(0x000000ddab500000,0x000000ddab600000)]
  0x0000027ed3a51800 JavaThread "jar transforms Thread 3" [_thread_blocked, id=8936, stack(0x000000ddab600000,0x000000ddab700000)]
  0x0000027ed3a4e000 JavaThread "jar transforms Thread 4" [_thread_blocked, id=12260, stack(0x000000ddab700000,0x000000ddab800000)]
  0x0000027ed317b800 JavaThread "jar transforms Thread 5" [_thread_blocked, id=11376, stack(0x000000ddab800000,0x000000ddab900000)]
  0x0000027ed317f800 JavaThread "jar transforms Thread 6" [_thread_blocked, id=11424, stack(0x000000ddab900000,0x000000ddaba00000)]
  0x0000027ed3182000 JavaThread "jar transforms Thread 7" [_thread_blocked, id=11748, stack(0x000000ddaba00000,0x000000ddabb00000)]
  0x0000027ed317f000 JavaThread "jar transforms Thread 8" [_thread_blocked, id=3964, stack(0x000000ddabb00000,0x000000ddabc00000)]
  0x0000027ed317d000 JavaThread "Cache worker for execution history cache (C:\Users\Dell\.gradle\caches\7.4\executionHistory)" [_thread_blocked, id=6500, stack(0x000000ddac000000,0x000000ddac100000)]
  0x0000027ed3185800 JavaThread "Cache worker for file content cache (C:\Users\Dell\.gradle\caches\7.4\fileContent)" [_thread_blocked, id=8928, stack(0x000000ddac100000,0x000000ddac200000)]
  0x0000027ed373e800 JavaThread "Memory manager" [_thread_blocked, id=5072, stack(0x000000ddb1400000,0x000000ddb1500000)]
  0x0000027ed373f800 JavaThread "included builds" [_thread_blocked, id=4400, stack(0x000000ddb1600000,0x000000ddb1700000)]
  0x0000027ed6a98000 JavaThread "included builds" [_thread_blocked, id=4184, stack(0x000000ddb1c00000,0x000000ddb1d00000)]
  0x0000027ed4578000 JavaThread "included builds" [_thread_blocked, id=3476, stack(0x000000ddb1d00000,0x000000ddb1e00000)]
  0x0000027ed4576000 JavaThread "Handler for socket connection from /127.0.0.1:55747 to /127.0.0.1:56001" [_thread_in_native, id=1384, stack(0x000000dda8700000,0x000000dda8800000)]
  0x0000027ed457c800 JavaThread "Cancel handler" [_thread_blocked, id=1444, stack(0x000000dda8800000,0x000000dda8900000)]
  0x0000027ed457b800 JavaThread "Asynchronous log dispatcher for DefaultDaemonConnection: socket connection from /127.0.0.1:55747 to /127.0.0.1:56001" [_thread_blocked, id=13116, stack(0x000000dda8900000,0x000000dda8a00000)]
  0x0000027ed4579000 JavaThread "Stdin handler" [_thread_blocked, id=8880, stack(0x000000ddaa400000,0x000000ddaa500000)]
  0x0000027ed4576800 JavaThread "Daemon client event forwarder" [_thread_blocked, id=10920, stack(0x000000ddaa500000,0x000000ddaa600000)]
  0x0000027ed457a800 JavaThread "Cache worker for checksums cache (C:\Users\Dell\StudioProjects\first_project\.gradle\7.4\checksums)" [_thread_blocked, id=5400, stack(0x000000ddaa700000,0x000000ddaa800000)]
  0x0000027ed457d000 JavaThread "Cache worker for cache directory md-rule (C:\Users\Dell\.gradle\caches\7.4\md-rule)" [_thread_blocked, id=8576, stack(0x000000ddaa800000,0x000000ddaa900000)]
  0x0000027ed4577800 JavaThread "Cache worker for file hash cache (C:\Users\Dell\StudioProjects\first_project\.gradle\7.4\fileHashes)" [_thread_blocked, id=2020, stack(0x000000ddaa900000,0x000000ddaaa00000)]
  0x0000027ed457e000 JavaThread "Cache worker for cache directory md-supplier (C:\Users\Dell\.gradle\caches\7.4\md-supplier)" [_thread_blocked, id=5364, stack(0x000000ddab000000,0x000000ddab100000)]
  0x0000027ed457e800 JavaThread "Cache worker for dependencies-accessors (C:\Users\Dell\StudioProjects\first_project\.gradle\7.4\dependencies-accessors)" [_thread_blocked, id=8668, stack(0x000000ddab100000,0x000000ddab200000)]
  0x0000027ed457f800 JavaThread "Cache worker for Build Output Cleanup Cache (C:\Users\Dell\StudioProjects\first_project\.gradle\buildOutputCleanup)" [_thread_blocked, id=12716, stack(0x000000ddabe00000,0x000000ddabf00000)]
  0x0000027ed2139800 JavaThread "C2 CompilerThread1" daemon [_thread_in_native, id=6168, stack(0x000000ddabf00000,0x000000ddac000000)]
  0x0000027ed457a000 JavaThread "Unconstrained build operations" [_thread_blocked, id=10332, stack(0x000000ddac300000,0x000000ddac400000)]
  0x0000027ed4583800 JavaThread "Unconstrained build operations Thread 2" [_thread_blocked, id=11412, stack(0x000000ddac400000,0x000000ddac500000)]
  0x0000027ed4580800 JavaThread "Unconstrained build operations Thread 3" [_thread_blocked, id=5980, stack(0x000000ddac500000,0x000000ddac600000)]
  0x0000027ed4584800 JavaThread "Unconstrained build operations Thread 4" [_thread_blocked, id=11964, stack(0x000000ddac800000,0x000000ddac900000)]
  0x0000027ed4581000 JavaThread "Unconstrained build operations Thread 5" [_thread_blocked, id=11496, stack(0x000000ddac900000,0x000000ddaca00000)]
  0x0000027ed4583000 JavaThread "Unconstrained build operations Thread 6" [_thread_blocked, id=6484, stack(0x000000ddaca00000,0x000000ddacb00000)]
  0x0000027ed4582000 JavaThread "Unconstrained build operations Thread 7" [_thread_blocked, id=8076, stack(0x000000ddacb00000,0x000000ddacc00000)]
  0x0000027ed6a95000 JavaThread "Unconstrained build operations Thread 8" [_thread_blocked, id=11300, stack(0x000000ddacc00000,0x000000ddacd00000)]
  0x0000027ed6a99000 JavaThread "Unconstrained build operations Thread 9" [_thread_blocked, id=10132, stack(0x000000ddacd00000,0x000000ddace00000)]
  0x0000027ed6a9a000 JavaThread "Unconstrained build operations Thread 10" [_thread_blocked, id=8452, stack(0x000000ddace00000,0x000000ddacf00000)]
  0x0000027ed6a95800 JavaThread "Unconstrained build operations Thread 11" [_thread_blocked, id=10712, stack(0x000000ddacf00000,0x000000ddad000000)]
  0x0000027ed6a9b800 JavaThread "Unconstrained build operations Thread 12" [_thread_blocked, id=1276, stack(0x000000ddad000000,0x000000ddad100000)]
  0x0000027ed6a9a800 JavaThread "Unconstrained build operations Thread 13" [_thread_blocked, id=2324, stack(0x000000ddad100000,0x000000ddad200000)]
  0x0000027ed6a9c000 JavaThread "Unconstrained build operations Thread 14" [_thread_blocked, id=84, stack(0x000000ddad200000,0x000000ddad300000)]
  0x0000027ed6a96800 JavaThread "Unconstrained build operations Thread 15" [_thread_blocked, id=4556, stack(0x000000ddad300000,0x000000ddad400000)]
  0x0000027ed6a9d000 JavaThread "Unconstrained build operations Thread 16" [_thread_blocked, id=5052, stack(0x000000ddad400000,0x000000ddad500000)]
  0x0000027ed6a97800 JavaThread "Unconstrained build operations Thread 17" [_thread_blocked, id=5424, stack(0x000000ddad500000,0x000000ddad600000)]
  0x0000027ed6aa2800 JavaThread "Unconstrained build operations Thread 18" [_thread_blocked, id=6900, stack(0x000000ddad600000,0x000000ddad700000)]
  0x0000027ed6aa3800 JavaThread "Unconstrained build operations Thread 19" [_thread_blocked, id=5596, stack(0x000000ddad700000,0x000000ddad800000)]
  0x0000027ed6a9e000 JavaThread "Unconstrained build operations Thread 20" [_thread_blocked, id=7336, stack(0x000000ddad800000,0x000000ddad900000)]
  0x0000027ed6a9e800 JavaThread "Unconstrained build operations Thread 21" [_thread_blocked, id=1472, stack(0x000000ddad900000,0x000000ddada00000)]
  0x0000027ed6aa0800 JavaThread "Unconstrained build operations Thread 22" [_thread_blocked, id=11216, stack(0x000000ddada00000,0x000000ddadb00000)]
  0x0000027ed6a9f800 JavaThread "Unconstrained build operations Thread 23" [_thread_blocked, id=10496, stack(0x000000ddadb00000,0x000000ddadc00000)]
  0x0000027ed6aa1000 JavaThread "Unconstrained build operations Thread 24" [_thread_blocked, id=11760, stack(0x000000ddadc00000,0x000000ddadd00000)]
  0x0000027ed6aa2000 JavaThread "Unconstrained build operations Thread 25" [_thread_blocked, id=11876, stack(0x000000ddadd00000,0x000000ddade00000)]
  0x0000027ed373b800 JavaThread "Unconstrained build operations Thread 26" [_thread_blocked, id=2432, stack(0x000000ddade00000,0x000000ddadf00000)]
  0x0000027ed3737000 JavaThread "Unconstrained build operations Thread 27" [_thread_blocked, id=11656, stack(0x000000ddadf00000,0x000000ddae000000)]
  0x0000027ed3739000 JavaThread "Unconstrained build operations Thread 28" [_thread_blocked, id=652, stack(0x000000ddae000000,0x000000ddae100000)]
  0x0000027ed3739800 JavaThread "Unconstrained build operations Thread 29" [_thread_blocked, id=3388, stack(0x000000ddae100000,0x000000ddae200000)]
  0x0000027ed373a800 JavaThread "Unconstrained build operations Thread 30" [_thread_blocked, id=7060, stack(0x000000ddae200000,0x000000ddae300000)]
  0x0000027ed3735800 JavaThread "Unconstrained build operations Thread 31" [_thread_blocked, id=3976, stack(0x000000ddae300000,0x000000ddae400000)]
  0x0000027ed3736800 JavaThread "Unconstrained build operations Thread 32" [_thread_blocked, id=11884, stack(0x000000ddae400000,0x000000ddae500000)]
  0x0000027ed373c000 JavaThread "Unconstrained build operations Thread 33" [_thread_blocked, id=3280, stack(0x000000ddae500000,0x000000ddae600000)]
  0x0000027ed373d000 JavaThread "Unconstrained build operations Thread 34" [_thread_blocked, id=12244, stack(0x000000ddae600000,0x000000ddae700000)]
  0x0000027ed373d800 JavaThread "Unconstrained build operations Thread 35" [_thread_blocked, id=13252, stack(0x000000ddae700000,0x000000ddae800000)]
  0x0000027ed3738000 JavaThread "Unconstrained build operations Thread 36" [_thread_blocked, id=4016, stack(0x000000ddae800000,0x000000ddae900000)]
  0x0000027ed3742800 JavaThread "Unconstrained build operations Thread 37" [_thread_blocked, id=3620, stack(0x000000ddae900000,0x000000ddaea00000)]
  0x0000027ed3743800 JavaThread "Unconstrained build operations Thread 38" [_thread_blocked, id=11128, stack(0x000000ddaea00000,0x000000ddaeb00000)]
  0x0000027ed3741000 JavaThread "Unconstrained build operations Thread 39" [_thread_blocked, id=8568, stack(0x000000ddaeb00000,0x000000ddaec00000)]
  0x0000027ed3744000 JavaThread "Unconstrained build operations Thread 40" [_thread_blocked, id=2752, stack(0x000000ddaec00000,0x000000ddaed00000)]
  0x0000027ed3740000 JavaThread "Unconstrained build operations Thread 41" [_thread_blocked, id=12328, stack(0x000000ddaed00000,0x000000ddaee00000)]
  0x0000027ed3742000 JavaThread "Unconstrained build operations Thread 42" [_thread_blocked, id=8056, stack(0x000000ddaee00000,0x000000ddaef00000)]
  0x0000027ed3180800 JavaThread "Unconstrained build operations Thread 43" [_thread_blocked, id=10204, stack(0x000000ddaef00000,0x000000ddaf000000)]
  0x0000027ed3181800 JavaThread "Unconstrained build operations Thread 44" [_thread_blocked, id=6384, stack(0x000000ddaf000000,0x000000ddaf100000)]
  0x0000027ed317e000 JavaThread "Unconstrained build operations Thread 45" [_thread_blocked, id=12388, stack(0x000000ddaf100000,0x000000ddaf200000)]
  0x0000027ed317c800 JavaThread "Unconstrained build operations Thread 46" [_thread_blocked, id=6332, stack(0x000000ddaf200000,0x000000ddaf300000)]
  0x0000027ed3187000 JavaThread "Unconstrained build operations Thread 47" [_thread_blocked, id=1320, stack(0x000000ddaf300000,0x000000ddaf400000)]
  0x0000027ed3184800 JavaThread "Unconstrained build operations Thread 48" [_thread_blocked, id=8140, stack(0x000000ddaf400000,0x000000ddaf500000)]
  0x0000027ed3188000 JavaThread "Unconstrained build operations Thread 49" [_thread_blocked, id=9944, stack(0x000000ddaf500000,0x000000ddaf600000)]
  0x0000027ed3188800 JavaThread "Unconstrained build operations Thread 50" [_thread_blocked, id=10948, stack(0x000000ddaf600000,0x000000ddaf700000)]
  0x0000027ed3183000 JavaThread "Unconstrained build operations Thread 51" [_thread_blocked, id=9940, stack(0x000000ddaf700000,0x000000ddaf800000)]
  0x0000027ed3189800 JavaThread "Unconstrained build operations Thread 52" [_thread_blocked, id=6400, stack(0x000000ddaf800000,0x000000ddaf900000)]
  0x0000027ed3184000 JavaThread "Unconstrained build operations Thread 53" [_thread_blocked, id=2948, stack(0x000000ddaf900000,0x000000ddafa00000)]
  0x0000027ed318a800 JavaThread "Unconstrained build operations Thread 54" [_thread_blocked, id=12492, stack(0x000000ddafa00000,0x000000ddafb00000)]
  0x0000027ed6a60000 JavaThread "Unconstrained build operations Thread 55" [_thread_blocked, id=7616, stack(0x000000ddafb00000,0x000000ddafc00000)]
  0x0000027ed6a61000 JavaThread "Unconstrained build operations Thread 56" [_thread_blocked, id=8716, stack(0x000000ddafc00000,0x000000ddafd00000)]
  0x0000027ed6a63800 JavaThread "Unconstrained build operations Thread 57" [_thread_blocked, id=6700, stack(0x000000ddafd00000,0x000000ddafe00000)]
  0x0000027ed6a5d800 JavaThread "Unconstrained build operations Thread 58" [_thread_blocked, id=12028, stack(0x000000ddafe00000,0x000000ddaff00000)]
  0x0000027ed6a5e800 JavaThread "Unconstrained build operations Thread 59" [_thread_blocked, id=5304, stack(0x000000ddaff00000,0x000000ddb0000000)]
  0x0000027ed6a5f000 JavaThread "Unconstrained build operations Thread 60" [_thread_blocked, id=4176, stack(0x000000ddb0000000,0x000000ddb0100000)]
  0x0000027edbffb000 JavaThread "Unconstrained build operations Thread 61" [_thread_blocked, id=6056, stack(0x000000ddb0100000,0x000000ddb0200000)]
  0x0000027edbff7000 JavaThread "Unconstrained build operations Thread 62" [_thread_blocked, id=6304, stack(0x000000ddb0200000,0x000000ddb0300000)]
  0x0000027edbff7800 JavaThread "Unconstrained build operations Thread 63" [_thread_blocked, id=10536, stack(0x000000ddb0300000,0x000000ddb0400000)]
  0x0000027edbffa000 JavaThread "Unconstrained build operations Thread 64" [_thread_blocked, id=7684, stack(0x000000ddb0400000,0x000000ddb0500000)]
  0x0000027edbff8800 JavaThread "Unconstrained build operations Thread 65" [_thread_blocked, id=12628, stack(0x000000ddb0500000,0x000000ddb0600000)]
  0x0000027edbff9800 JavaThread "Unconstrained build operations Thread 66" [_thread_blocked, id=1904, stack(0x000000ddb0600000,0x000000ddb0700000)]
  0x0000027edbff5000 JavaThread "Unconstrained build operations Thread 67" [_thread_blocked, id=8152, stack(0x000000ddb0700000,0x000000ddb0800000)]
  0x0000027edbffb800 JavaThread "Unconstrained build operations Thread 68" [_thread_blocked, id=8512, stack(0x000000ddb0800000,0x000000ddb0900000)]
  0x0000027edbff6000 JavaThread "Unconstrained build operations Thread 69" [_thread_blocked, id=8924, stack(0x000000ddb0900000,0x000000ddb0a00000)]
  0x0000027edbffd800 JavaThread "Unconstrained build operations Thread 70" [_thread_blocked, id=6660, stack(0x000000ddb0a00000,0x000000ddb0b00000)]
  0x0000027edc001800 JavaThread "Unconstrained build operations Thread 71" [_thread_blocked, id=3320, stack(0x000000ddb0b00000,0x000000ddb0c00000)]
  0x0000027edc000000 JavaThread "Unconstrained build operations Thread 72" [_thread_blocked, id=11464, stack(0x000000ddb0c00000,0x000000ddb0d00000)]
  0x0000027edc000800 JavaThread "Unconstrained build operations Thread 73" [_thread_blocked, id=6280, stack(0x000000ddb0d00000,0x000000ddb0e00000)]
  0x0000027edc002800 JavaThread "Unconstrained build operations Thread 74" [_thread_blocked, id=6816, stack(0x000000ddb0e00000,0x000000ddb0f00000)]
  0x0000027edbffe000 JavaThread "Unconstrained build operations Thread 75" [_thread_blocked, id=12372, stack(0x000000ddb0f00000,0x000000ddb1000000)]
  0x0000027edbffc800 JavaThread "Unconstrained build operations Thread 76" [_thread_blocked, id=8432, stack(0x000000ddb1000000,0x000000ddb1100000)]
  0x0000027edbfff000 JavaThread "Unconstrained build operations Thread 77" [_thread_blocked, id=6080, stack(0x000000ddb1100000,0x000000ddb1200000)]
  0x0000027edc003000 JavaThread "Unconstrained build operations Thread 78" [_thread_blocked, id=9220, stack(0x000000ddb1200000,0x000000ddb1300000)]
  0x0000027edc004000 JavaThread "Unconstrained build operations Thread 79" [_thread_blocked, id=5964, stack(0x000000ddb1300000,0x000000ddb1400000)]
  0x0000027ed26dd000 JavaThread "Unconstrained build operations Thread 80" [_thread_blocked, id=8956, stack(0x000000ddb1700000,0x000000ddb1800000)]
  0x0000027ed26e0000 JavaThread "build event listener" [_thread_blocked, id=8756, stack(0x000000ddb1800000,0x000000ddb1900000)]
  0x0000027ed26dd800 JavaThread "included builds" [_thread_blocked, id=8764, stack(0x000000ddb1900000,0x000000ddb1a00000)]
  0x0000027ed26de800 JavaThread "Execution worker for ':'" [_thread_blocked, id=1500, stack(0x000000ddb1a00000,0x000000ddb1b00000)]
  0x0000027ed26dc000 JavaThread "Execution worker for ':' Thread 2" [_thread_in_native, id=1352, stack(0x000000ddb1b00000,0x000000ddb1c00000)]
  0x0000027ed26e1000 JavaThread "Execution worker for ':' Thread 3" [_thread_blocked, id=8448, stack(0x000000ddb1e00000,0x000000ddb1f00000)]
  0x0000027ed26e2000 JavaThread "Execution worker for ':' Thread 4" [_thread_blocked, id=12212, stack(0x000000ddb1f00000,0x000000ddb2000000)]
  0x0000027ed26df800 JavaThread "Execution worker for ':' Thread 5" [_thread_blocked, id=12944, stack(0x000000ddb2000000,0x000000ddb2100000)]
  0x0000027ed26e5000 JavaThread "Execution worker for ':' Thread 6" [_thread_blocked, id=1440, stack(0x000000ddb2100000,0x000000ddb2200000)]
  0x0000027ed26e6000 JavaThread "Execution worker for ':' Thread 7" [_thread_blocked, id=5452, stack(0x000000ddb2200000,0x000000ddb2300000)]
  0x0000027ed26e3800 JavaThread "Cache worker for execution history cache (C:\Users\Dell\StudioProjects\first_project\.gradle\7.4\executionHistory)" [_thread_blocked, id=3572, stack(0x000000ddb2300000,0x000000ddb2400000)]
  0x0000027ed26e2800 JavaThread "WorkerExecutor Queue" [_thread_in_vm, id=9860, stack(0x000000ddb2400000,0x000000ddb2500000)]
  0x0000027ed26e8800 JavaThread "WorkerExecutor Queue Thread 2" [_thread_in_vm, id=3184, stack(0x000000ddb2500000,0x000000ddb2600000)]
  0x0000027ed7311000 JavaThread "C2 CompilerThread2" daemon [_thread_in_native, id=10140, stack(0x000000ddac200000,0x000000ddac300000)]
  0x0000027ed26e4000 JavaThread "WorkerExecutor Queue Thread 3" [_thread_in_Java, id=9900, stack(0x000000ddb2600000,0x000000ddb2700000)]
  0x0000027ed26e6800 JavaThread "WorkerExecutor Queue Thread 4" [_thread_blocked, id=5712, stack(0x000000ddb2700000,0x000000ddb2800000)]
  0x0000027ed26e7800 JavaThread "WorkerExecutor Queue Thread 5" [_thread_blocked, id=5848, stack(0x000000ddb2800000,0x000000ddb2900000)]
  0x0000027ed26e9000 JavaThread "WorkerExecutor Queue Thread 6" [_thread_blocked, id=5060, stack(0x000000ddb2900000,0x000000ddb2a00000)]
  0x0000027ed26ea000 JavaThread "WorkerExecutor Queue Thread 7" [_thread_in_vm, id=11756, stack(0x000000ddb2a00000,0x000000ddb2b00000)]
  0x0000027ed26ea800 JavaThread "WorkerExecutor Queue Thread 8" [_thread_blocked, id=12820, stack(0x000000ddb2b00000,0x000000ddb2c00000)]

Other Threads:
  0x0000027ed074c000 VMThread "VM Thread" [stack: 0x000000dda9000000,0x000000dda9100000] [id=11856]
  0x0000027ed0967000 WatcherThread [stack: 0x000000dda9a00000,0x000000dda9b00000] [id=1436]
  0x0000027eb5295000 GCTaskThread "GC Thread#0" [stack: 0x000000dda8b00000,0x000000dda8c00000] [id=11024]
  0x0000027ed0fbf800 GCTaskThread "GC Thread#1" [stack: 0x000000dda9d00000,0x000000dda9e00000] [id=12088]
  0x0000027ed14c4800 GCTaskThread "GC Thread#2" [stack: 0x000000dda9e00000,0x000000dda9f00000] [id=4704]
  0x0000027ed0f8b800 GCTaskThread "GC Thread#3" [stack: 0x000000dda9f00000,0x000000ddaa000000] [id=10108]
  0x0000027ed16d3800 GCTaskThread "GC Thread#4" [stack: 0x000000ddaa000000,0x000000ddaa100000] [id=1036]
  0x0000027ed10e8800 GCTaskThread "GC Thread#5" [stack: 0x000000ddaa100000,0x000000ddaa200000] [id=2536]
  0x0000027ed33d5000 GCTaskThread "GC Thread#6" [stack: 0x000000ddaac00000,0x000000ddaad00000] [id=8708]
  0x0000027ed2695800 GCTaskThread "GC Thread#7" [stack: 0x000000ddaad00000,0x000000ddaae00000] [id=11924]
  0x0000027eb52c6000 ConcurrentGCThread "G1 Main Marker" [stack: 0x000000dda8c00000,0x000000dda8d00000] [id=2560]
  0x0000027eb52c7000 ConcurrentGCThread "G1 Conc#0" [stack: 0x000000dda8d00000,0x000000dda8e00000] [id=12172]
  0x0000027ed193e800 ConcurrentGCThread "G1 Conc#1" [stack: 0x000000ddaae00000,0x000000ddaaf00000] [id=13096]
  0x0000027ecfd96800 ConcurrentGCThread "G1 Refine#0" [stack: 0x000000dda8e00000,0x000000dda8f00000] [id=10520]
  0x0000027ed7173000 ConcurrentGCThread "G1 Refine#1" [stack: 0x000000ddb1500000,0x000000ddb1600000] [id=4384]
  0x0000027edc36e000 ConcurrentGCThread "G1 Refine#2" [stack: 0x000000ddabc00000,0x000000ddabd00000] [id=1728]
  0x0000027edd78a000 ConcurrentGCThread "G1 Refine#3" [stack: 0x000000ddabd00000,0x000000ddabe00000] [id=9640]
  0x0000027ecfd97800 ConcurrentGCThread "G1 Young RemSet Sampling" [stack: 0x000000dda8f00000,0x000000dda9000000] [id=4452]

Threads with active compile tasks:
C2 CompilerThread0  68726 15309       4       com.android.utils.XmlUtils::append (645 bytes)
C1 CompilerThread0  68726 15673       2       com.android.aaptcompiler.TableExtractor::extractResource (2005 bytes)
C2 CompilerThread1  68726 15447  s!   4       jdk.internal.loader.URLClassPath::getLoader (194 bytes)
C2 CompilerThread2  68726 15379   !   4       java.io.ObjectInputStream::readSerialData (563 bytes)

VM state:not at safepoint (normal execution)

VM Mutex/Monitor currently owned by a thread: None

Heap address: 0x0000000080000000, size: 2048 MB, Compressed Oops mode: 32-bit
Narrow klass base: 0x0000000000000000, Narrow klass shift: 3
Compressed class space size: 1073741824 Address: 0x0000000100000000

Heap:
 garbage-first heap   total 268288K, used 203591K [0x0000000080000000, 0x0000000100000000)
  region size 1024K, 10 young (10240K), 4 survivors (4096K)
 Metaspace       used 109709K, capacity 112875K, committed 113112K, reserved 1146880K
  class space    used 13716K, capacity 14835K, committed 14848K, reserved 1048576K
Heap Regions: E=young(eden), S=young(survivor), O=old, HS=humongous(starts), HC=humongous(continues), CS=collection set, F=free, A=archive, TAMS=top-at-mark-start (previous, next)
|   0|0x0000000080000000, 0x0000000080100000, 0x0000000080100000|100%| O|  |TAMS 0x0000000080100000, 0x0000000080100000| Untracked 
|   1|0x0000000080100000, 0x0000000080200000, 0x0000000080200000|100%| O|  |TAMS 0x0000000080200000, 0x0000000080200000| Untracked 
|   2|0x0000000080200000, 0x0000000080300000, 0x0000000080300000|100%| O|  |TAMS 0x0000000080300000, 0x0000000080300000| Untracked 
|   3|0x0000000080300000, 0x0000000080400000, 0x0000000080400000|100%|HS|  |TAMS 0x0000000080400000, 0x0000000080400000| Complete 
|   4|0x0000000080400000, 0x0000000080500000, 0x0000000080500000|100%|HC|  |TAMS 0x0000000080500000, 0x0000000080500000| Complete 
|   5|0x0000000080500000, 0x0000000080600000, 0x0000000080600000|100%|HC|  |TAMS 0x0000000080600000, 0x0000000080600000| Complete 
|   6|0x0000000080600000, 0x0000000080700000, 0x0000000080700000|100%| O|  |TAMS 0x0000000080700000, 0x0000000080700000| Untracked 
|   7|0x0000000080700000, 0x0000000080800000, 0x0000000080800000|100%| O|  |TAMS 0x0000000080800000, 0x0000000080800000| Untracked 
|   8|0x0000000080800000, 0x0000000080900000, 0x0000000080900000|100%| O|  |TAMS 0x0000000080900000, 0x0000000080900000| Untracked 
|   9|0x0000000080900000, 0x0000000080a00000, 0x0000000080a00000|100%| O|  |TAMS 0x0000000080a00000, 0x0000000080a00000| Untracked 
|  10|0x0000000080a00000, 0x0000000080b00000, 0x0000000080b00000|100%| O|  |TAMS 0x0000000080b00000, 0x0000000080b00000| Untracked 
|  11|0x0000000080b00000, 0x0000000080c00000, 0x0000000080c00000|100%| O|  |TAMS 0x0000000080c00000, 0x0000000080c00000| Untracked 
|  12|0x0000000080c00000, 0x0000000080d00000, 0x0000000080d00000|100%| O|  |TAMS 0x0000000080d00000, 0x0000000080d00000| Untracked 
|  13|0x0000000080d00000, 0x0000000080e00000, 0x0000000080e00000|100%| O|  |TAMS 0x0000000080e00000, 0x0000000080e00000| Untracked 
|  14|0x0000000080e00000, 0x0000000080f00000, 0x0000000080f00000|100%| O|  |TAMS 0x0000000080f00000, 0x0000000080f00000| Untracked 
|  15|0x0000000080f00000, 0x0000000081000000, 0x0000000081000000|100%| O|  |TAMS 0x0000000081000000, 0x0000000081000000| Untracked 
|  16|0x0000000081000000, 0x0000000081100000, 0x0000000081100000|100%| O|  |TAMS 0x0000000081100000, 0x0000000081100000| Untracked 
|  17|0x0000000081100000, 0x0000000081200000, 0x0000000081200000|100%|HS|  |TAMS 0x0000000081200000, 0x0000000081200000| Complete 
|  18|0x0000000081200000, 0x0000000081300000, 0x0000000081300000|100%|HC|  |TAMS 0x0000000081300000, 0x0000000081300000| Complete 
|  19|0x0000000081300000, 0x0000000081400000, 0x0000000081400000|100%|HS|  |TAMS 0x0000000081400000, 0x0000000081400000| Complete 
|  20|0x0000000081400000, 0x0000000081500000, 0x0000000081500000|100%|HC|  |TAMS 0x0000000081500000, 0x0000000081500000| Complete 
|  21|0x0000000081500000, 0x0000000081600000, 0x0000000081600000|100%|HC|  |TAMS 0x0000000081600000, 0x0000000081600000| Complete 
|  22|0x0000000081600000, 0x0000000081700000, 0x0000000081700000|100%|HS|  |TAMS 0x0000000081700000, 0x0000000081700000| Complete 
|  23|0x0000000081700000, 0x0000000081800000, 0x0000000081800000|100%|HC|  |TAMS 0x0000000081800000, 0x0000000081800000| Complete 
|  24|0x0000000081800000, 0x0000000081900000, 0x0000000081900000|100%|HC|  |TAMS 0x0000000081900000, 0x0000000081900000| Complete 
|  25|0x0000000081900000, 0x0000000081a00000, 0x0000000081a00000|100%|HS|  |TAMS 0x0000000081a00000, 0x0000000081a00000| Complete 
|  26|0x0000000081a00000, 0x0000000081b00000, 0x0000000081b00000|100%|HC|  |TAMS 0x0000000081b00000, 0x0000000081b00000| Complete 
|  27|0x0000000081b00000, 0x0000000081c00000, 0x0000000081c00000|100%|HC|  |TAMS 0x0000000081c00000, 0x0000000081c00000| Complete 
|  28|0x0000000081c00000, 0x0000000081d00000, 0x0000000081d00000|100%|HC|  |TAMS 0x0000000081d00000, 0x0000000081d00000| Complete 
|  29|0x0000000081d00000, 0x0000000081e00000, 0x0000000081e00000|100%|HC|  |TAMS 0x0000000081e00000, 0x0000000081e00000| Complete 
|  30|0x0000000081e00000, 0x0000000081f00000, 0x0000000081f00000|100%|HS|  |TAMS 0x0000000081f00000, 0x0000000081f00000| Complete 
|  31|0x0000000081f00000, 0x0000000082000000, 0x0000000082000000|100%| O|  |TAMS 0x0000000082000000, 0x0000000082000000| Untracked 
|  32|0x0000000082000000, 0x0000000082100000, 0x0000000082100000|100%| O|  |TAMS 0x0000000082100000, 0x0000000082100000| Untracked 
|  33|0x0000000082100000, 0x0000000082200000, 0x0000000082200000|100%|HS|  |TAMS 0x0000000082200000, 0x0000000082200000| Complete 
|  34|0x0000000082200000, 0x0000000082300000, 0x0000000082300000|100%|HC|  |TAMS 0x0000000082300000, 0x0000000082300000| Complete 
|  35|0x0000000082300000, 0x0000000082400000, 0x0000000082400000|100%|HC|  |TAMS 0x0000000082400000, 0x0000000082400000| Complete 
|  36|0x0000000082400000, 0x0000000082500000, 0x0000000082500000|100%|HC|  |TAMS 0x0000000082500000, 0x0000000082500000| Complete 
|  37|0x0000000082500000, 0x0000000082600000, 0x0000000082600000|100%|HS|  |TAMS 0x0000000082600000, 0x0000000082600000| Complete 
|  38|0x0000000082600000, 0x0000000082700000, 0x0000000082700000|100%|HC|  |TAMS 0x0000000082700000, 0x0000000082700000| Complete 
|  39|0x0000000082700000, 0x0000000082800000, 0x0000000082800000|100%|HC|  |TAMS 0x0000000082800000, 0x0000000082800000| Complete 
|  40|0x0000000082800000, 0x0000000082900000, 0x0000000082900000|100%|HS|  |TAMS 0x0000000082900000, 0x0000000082900000| Complete 
|  41|0x0000000082900000, 0x0000000082a00000, 0x0000000082a00000|100%|HC|  |TAMS 0x0000000082a00000, 0x0000000082a00000| Complete 
|  42|0x0000000082a00000, 0x0000000082b00000, 0x0000000082b00000|100%|HS|  |TAMS 0x0000000082b00000, 0x0000000082b00000| Complete 
|  43|0x0000000082b00000, 0x0000000082c00000, 0x0000000082c00000|100%|HC|  |TAMS 0x0000000082c00000, 0x0000000082c00000| Complete 
|  44|0x0000000082c00000, 0x0000000082d00000, 0x0000000082d00000|100%|HC|  |TAMS 0x0000000082d00000, 0x0000000082d00000| Complete 
|  45|0x0000000082d00000, 0x0000000082e00000, 0x0000000082e00000|100%| O|  |TAMS 0x0000000082e00000, 0x0000000082e00000| Untracked 
|  46|0x0000000082e00000, 0x0000000082f00000, 0x0000000082f00000|100%| O|  |TAMS 0x0000000082f00000, 0x0000000082f00000| Untracked 
|  47|0x0000000082f00000, 0x0000000083000000, 0x0000000083000000|100%| O|  |TAMS 0x0000000083000000, 0x0000000083000000| Untracked 
|  48|0x0000000083000000, 0x0000000083100000, 0x0000000083100000|100%|HS|  |TAMS 0x0000000083100000, 0x0000000083100000| Complete 
|  49|0x0000000083100000, 0x0000000083200000, 0x0000000083200000|100%|HC|  |TAMS 0x0000000083200000, 0x0000000083200000| Complete 
|  50|0x0000000083200000, 0x0000000083300000, 0x0000000083300000|100%|HC|  |TAMS 0x0000000083300000, 0x0000000083300000| Complete 
|  51|0x0000000083300000, 0x0000000083400000, 0x0000000083400000|100%|HC|  |TAMS 0x0000000083400000, 0x0000000083400000| Complete 
|  52|0x0000000083400000, 0x0000000083500000, 0x0000000083500000|100%|HC|  |TAMS 0x0000000083500000, 0x0000000083500000| Complete 
|  53|0x0000000083500000, 0x0000000083600000, 0x0000000083600000|100%| O|  |TAMS 0x0000000083600000, 0x0000000083600000| Untracked 
|  54|0x0000000083600000, 0x0000000083700000, 0x0000000083700000|100%| O|  |TAMS 0x0000000083700000, 0x0000000083700000| Untracked 
|  55|0x0000000083700000, 0x0000000083800000, 0x0000000083800000|100%| O|  |TAMS 0x0000000083800000, 0x0000000083800000| Untracked 
|  56|0x0000000083800000, 0x0000000083900000, 0x0000000083900000|100%| O|  |TAMS 0x0000000083900000, 0x0000000083900000| Untracked 
|  57|0x0000000083900000, 0x0000000083a00000, 0x0000000083a00000|100%|HS|  |TAMS 0x0000000083a00000, 0x0000000083a00000| Complete 
|  58|0x0000000083a00000, 0x0000000083b00000, 0x0000000083b00000|100%|HS|  |TAMS 0x0000000083b00000, 0x0000000083b00000| Complete 
|  59|0x0000000083b00000, 0x0000000083c00000, 0x0000000083c00000|100%|HS|  |TAMS 0x0000000083c00000, 0x0000000083c00000| Complete 
|  60|0x0000000083c00000, 0x0000000083d00000, 0x0000000083d00000|100%|HC|  |TAMS 0x0000000083d00000, 0x0000000083d00000| Complete 
|  61|0x0000000083d00000, 0x0000000083e00000, 0x0000000083e00000|100%| O|  |TAMS 0x0000000083e00000, 0x0000000083e00000| Untracked 
|  62|0x0000000083e00000, 0x0000000083f00000, 0x0000000083f00000|100%| O|  |TAMS 0x0000000083f00000, 0x0000000083f00000| Untracked 
|  63|0x0000000083f00000, 0x0000000084000000, 0x0000000084000000|100%| O|  |TAMS 0x0000000084000000, 0x0000000084000000| Untracked 
|  64|0x0000000084000000, 0x0000000084100000, 0x0000000084100000|100%| O|  |TAMS 0x0000000084100000, 0x0000000084100000| Untracked 
|  65|0x0000000084100000, 0x0000000084200000, 0x0000000084200000|100%| O|  |TAMS 0x0000000084200000, 0x0000000084200000| Untracked 
|  66|0x0000000084200000, 0x0000000084300000, 0x0000000084300000|100%| O|  |TAMS 0x0000000084300000, 0x0000000084300000| Untracked 
|  67|0x0000000084300000, 0x0000000084400000, 0x0000000084400000|100%| O|  |TAMS 0x0000000084400000, 0x0000000084400000| Untracked 
|  68|0x0000000084400000, 0x0000000084500000, 0x0000000084500000|100%| O|  |TAMS 0x0000000084500000, 0x0000000084500000| Untracked 
|  69|0x0000000084500000, 0x0000000084600000, 0x0000000084600000|100%| O|  |TAMS 0x0000000084600000, 0x0000000084600000| Untracked 
|  70|0x0000000084600000, 0x0000000084700000, 0x0000000084700000|100%| O|  |TAMS 0x0000000084700000, 0x0000000084700000| Untracked 
|  71|0x0000000084700000, 0x0000000084800000, 0x0000000084800000|100%| O|  |TAMS 0x0000000084800000, 0x0000000084800000| Untracked 
|  72|0x0000000084800000, 0x0000000084900000, 0x0000000084900000|100%| O|  |TAMS 0x0000000084900000, 0x0000000084900000| Untracked 
|  73|0x0000000084900000, 0x0000000084a00000, 0x0000000084a00000|100%| O|  |TAMS 0x0000000084a00000, 0x0000000084a00000| Untracked 
|  74|0x0000000084a00000, 0x0000000084b00000, 0x0000000084b00000|100%| O|  |TAMS 0x0000000084b00000, 0x0000000084b00000| Untracked 
|  75|0x0000000084b00000, 0x0000000084c00000, 0x0000000084c00000|100%| O|  |TAMS 0x0000000084c00000, 0x0000000084c00000| Untracked 
|  76|0x0000000084c00000, 0x0000000084d00000, 0x0000000084d00000|100%| O|  |TAMS 0x0000000084d00000, 0x0000000084d00000| Untracked 
|  77|0x0000000084d00000, 0x0000000084e00000, 0x0000000084e00000|100%| O|  |TAMS 0x0000000084e00000, 0x0000000084e00000| Untracked 
|  78|0x0000000084e00000, 0x0000000084f00000, 0x0000000084f00000|100%| O|  |TAMS 0x0000000084f00000, 0x0000000084f00000| Untracked 
|  79|0x0000000084f00000, 0x0000000085000000, 0x0000000085000000|100%| O|  |TAMS 0x0000000085000000, 0x0000000085000000| Untracked 
|  80|0x0000000085000000, 0x0000000085100000, 0x0000000085100000|100%| O|  |TAMS 0x0000000085100000, 0x0000000085100000| Untracked 
|  81|0x0000000085100000, 0x0000000085200000, 0x0000000085200000|100%| O|  |TAMS 0x0000000085200000, 0x0000000085200000| Untracked 
|  82|0x0000000085200000, 0x0000000085300000, 0x0000000085300000|100%| O|  |TAMS 0x0000000085300000, 0x0000000085300000| Untracked 
|  83|0x0000000085300000, 0x0000000085400000, 0x0000000085400000|100%| O|  |TAMS 0x0000000085400000, 0x0000000085400000| Untracked 
|  84|0x0000000085400000, 0x0000000085500000, 0x0000000085500000|100%| O|  |TAMS 0x0000000085500000, 0x0000000085500000| Untracked 
|  85|0x0000000085500000, 0x0000000085600000, 0x0000000085600000|100%| O|  |TAMS 0x0000000085600000, 0x0000000085600000| Untracked 
|  86|0x0000000085600000, 0x0000000085700000, 0x0000000085700000|100%| O|  |TAMS 0x0000000085700000, 0x0000000085700000| Untracked 
|  87|0x0000000085700000, 0x0000000085800000, 0x0000000085800000|100%|HS|  |TAMS 0x0000000085800000, 0x0000000085800000| Complete 
|  88|0x0000000085800000, 0x0000000085900000, 0x0000000085900000|100%|HC|  |TAMS 0x0000000085900000, 0x0000000085900000| Complete 
|  89|0x0000000085900000, 0x0000000085a00000, 0x0000000085a00000|100%|HC|  |TAMS 0x0000000085a00000, 0x0000000085a00000| Complete 
|  90|0x0000000085a00000, 0x0000000085b00000, 0x0000000085b00000|100%|HC|  |TAMS 0x0000000085b00000, 0x0000000085b00000| Complete 
|  91|0x0000000085b00000, 0x0000000085c00000, 0x0000000085c00000|100%|HS|  |TAMS 0x0000000085c00000, 0x0000000085c00000| Complete 
|  92|0x0000000085c00000, 0x0000000085d00000, 0x0000000085d00000|100%|HC|  |TAMS 0x0000000085d00000, 0x0000000085d00000| Complete 
|  93|0x0000000085d00000, 0x0000000085e00000, 0x0000000085e00000|100%|HS|  |TAMS 0x0000000085e00000, 0x0000000085e00000| Complete 
|  94|0x0000000085e00000, 0x0000000085f00000, 0x0000000085f00000|100%|HC|  |TAMS 0x0000000085f00000, 0x0000000085f00000| Complete 
|  95|0x0000000085f00000, 0x0000000086000000, 0x0000000086000000|100%|HC|  |TAMS 0x0000000086000000, 0x0000000086000000| Complete 
|  96|0x0000000086000000, 0x0000000086100000, 0x0000000086100000|100%|HS|  |TAMS 0x0000000086100000, 0x0000000086100000| Complete 
|  97|0x0000000086100000, 0x0000000086200000, 0x0000000086200000|100%|HC|  |TAMS 0x0000000086200000, 0x0000000086200000| Complete 
|  98|0x0000000086200000, 0x0000000086300000, 0x0000000086300000|100%|HC|  |TAMS 0x0000000086300000, 0x0000000086300000| Complete 
|  99|0x0000000086300000, 0x0000000086400000, 0x0000000086400000|100%|HS|  |TAMS 0x0000000086400000, 0x0000000086400000| Complete 
| 100|0x0000000086400000, 0x0000000086500000, 0x0000000086500000|100%|HC|  |TAMS 0x0000000086500000, 0x0000000086500000| Complete 
| 101|0x0000000086500000, 0x0000000086600000, 0x0000000086600000|100%|HC|  |TAMS 0x0000000086600000, 0x0000000086600000| Complete 
| 102|0x0000000086600000, 0x0000000086700000, 0x0000000086700000|100%|HC|  |TAMS 0x0000000086700000, 0x0000000086700000| Complete 
| 103|0x0000000086700000, 0x0000000086800000, 0x0000000086800000|100%|HC|  |TAMS 0x0000000086800000, 0x0000000086800000| Complete 
| 104|0x0000000086800000, 0x0000000086900000, 0x0000000086900000|100%|HS|  |TAMS 0x0000000086900000, 0x0000000086900000| Complete 
| 105|0x0000000086900000, 0x0000000086a00000, 0x0000000086a00000|100%|HS|  |TAMS 0x0000000086a00000, 0x0000000086a00000| Complete 
| 106|0x0000000086a00000, 0x0000000086b00000, 0x0000000086b00000|100%|HC|  |TAMS 0x0000000086b00000, 0x0000000086b00000| Complete 
| 107|0x0000000086b00000, 0x0000000086c00000, 0x0000000086c00000|100%|HC|  |TAMS 0x0000000086c00000, 0x0000000086c00000| Complete 
| 108|0x0000000086c00000, 0x0000000086d00000, 0x0000000086d00000|100%|HC|  |TAMS 0x0000000086d00000, 0x0000000086d00000| Complete 
| 109|0x0000000086d00000, 0x0000000086e00000, 0x0000000086e00000|100%| O|  |TAMS 0x0000000086e00000, 0x0000000086e00000| Untracked 
| 110|0x0000000086e00000, 0x0000000086f00000, 0x0000000086f00000|100%| O|  |TAMS 0x0000000086f00000, 0x0000000086f00000| Untracked 
| 111|0x0000000086f00000, 0x0000000087000000, 0x0000000087000000|100%| O|  |TAMS 0x0000000087000000, 0x0000000087000000| Untracked 
| 112|0x0000000087000000, 0x0000000087100000, 0x0000000087100000|100%| O|  |TAMS 0x0000000087100000, 0x0000000087100000| Untracked 
| 113|0x0000000087100000, 0x0000000087200000, 0x0000000087200000|100%| O|  |TAMS 0x0000000087200000, 0x0000000087200000| Untracked 
| 114|0x0000000087200000, 0x0000000087300000, 0x0000000087300000|100%| O|  |TAMS 0x0000000087300000, 0x0000000087300000| Untracked 
| 115|0x0000000087300000, 0x0000000087400000, 0x0000000087400000|100%| O|  |TAMS 0x0000000087400000, 0x0000000087400000| Untracked 
| 116|0x0000000087400000, 0x0000000087500000, 0x0000000087500000|100%| O|  |TAMS 0x0000000087500000, 0x0000000087500000| Untracked 
| 117|0x0000000087500000, 0x0000000087600000, 0x0000000087600000|100%| O|  |TAMS 0x0000000087600000, 0x0000000087600000| Untracked 
| 118|0x0000000087600000, 0x0000000087700000, 0x0000000087700000|100%| O|  |TAMS 0x0000000087700000, 0x0000000087700000| Untracked 
| 119|0x0000000087700000, 0x0000000087800000, 0x0000000087800000|100%| O|  |TAMS 0x0000000087800000, 0x0000000087800000| Untracked 
| 120|0x0000000087800000, 0x0000000087900000, 0x0000000087900000|100%| O|  |TAMS 0x0000000087900000, 0x0000000087900000| Untracked 
| 121|0x0000000087900000, 0x0000000087a00000, 0x0000000087a00000|100%| O|  |TAMS 0x0000000087a00000, 0x0000000087a00000| Untracked 
| 122|0x0000000087a00000, 0x0000000087b00000, 0x0000000087b00000|100%| O|  |TAMS 0x0000000087b00000, 0x0000000087b00000| Untracked 
| 123|0x0000000087b00000, 0x0000000087c00000, 0x0000000087c00000|100%| O|  |TAMS 0x0000000087c00000, 0x0000000087c00000| Untracked 
| 124|0x0000000087c00000, 0x0000000087d00000, 0x0000000087d00000|100%| O|  |TAMS 0x0000000087d00000, 0x0000000087d00000| Untracked 
| 125|0x0000000087d00000, 0x0000000087e00000, 0x0000000087e00000|100%| O|  |TAMS 0x0000000087d00000, 0x0000000087e00000| Untracked 
| 126|0x0000000087e00000, 0x0000000087ed1e00, 0x0000000087f00000| 81%| O|  |TAMS 0x0000000087e00000, 0x0000000087ed1e00| Untracked 
| 127|0x0000000087f00000, 0x0000000088000000, 0x0000000088000000|100%| O|  |TAMS 0x0000000088000000, 0x0000000088000000| Untracked 
| 128|0x0000000088000000, 0x0000000088100000, 0x0000000088100000|100%| O|  |TAMS 0x0000000088100000, 0x0000000088100000| Untracked 
| 129|0x0000000088100000, 0x0000000088200000, 0x0000000088200000|100%| O|  |TAMS 0x0000000088200000, 0x0000000088200000| Untracked 
| 130|0x0000000088200000, 0x0000000088300000, 0x0000000088300000|100%| O|  |TAMS 0x0000000088300000, 0x0000000088300000| Untracked 
| 131|0x0000000088300000, 0x0000000088400000, 0x0000000088400000|100%| O|  |TAMS 0x0000000088400000, 0x0000000088400000| Untracked 
| 132|0x0000000088400000, 0x0000000088500000, 0x0000000088500000|100%| O|  |TAMS 0x0000000088500000, 0x0000000088500000| Untracked 
| 133|0x0000000088500000, 0x0000000088600000, 0x0000000088600000|100%| O|  |TAMS 0x0000000088600000, 0x0000000088600000| Untracked 
| 134|0x0000000088600000, 0x0000000088700000, 0x0000000088700000|100%| O|  |TAMS 0x0000000088700000, 0x0000000088700000| Untracked 
| 135|0x0000000088700000, 0x0000000088800000, 0x0000000088800000|100%| O|  |TAMS 0x0000000088800000, 0x0000000088800000| Untracked 
| 136|0x0000000088800000, 0x0000000088900000, 0x0000000088900000|100%| O|  |TAMS 0x0000000088900000, 0x0000000088900000| Untracked 
| 137|0x0000000088900000, 0x0000000088a00000, 0x0000000088a00000|100%| O|  |TAMS 0x0000000088a00000, 0x0000000088a00000| Untracked 
| 138|0x0000000088a00000, 0x0000000088b00000, 0x0000000088b00000|100%| O|  |TAMS 0x0000000088b00000, 0x0000000088b00000| Untracked 
| 139|0x0000000088b00000, 0x0000000088c00000, 0x0000000088c00000|100%| O|  |TAMS 0x0000000088c00000, 0x0000000088c00000| Untracked 
| 140|0x0000000088c00000, 0x0000000088d00000, 0x0000000088d00000|100%| O|  |TAMS 0x0000000088d00000, 0x0000000088d00000| Untracked 
| 141|0x0000000088d00000, 0x0000000088e00000, 0x0000000088e00000|100%| O|  |TAMS 0x0000000088e00000, 0x0000000088e00000| Untracked 
| 142|0x0000000088e00000, 0x0000000088f00000, 0x0000000088f00000|100%| O|  |TAMS 0x0000000088f00000, 0x0000000088f00000| Untracked 
| 143|0x0000000088f00000, 0x0000000088f00000, 0x0000000089000000|  0%| F|  |TAMS 0x0000000088f00000, 0x0000000088f00000| Untracked 
| 144|0x0000000089000000, 0x0000000089100000, 0x0000000089100000|100%| O|  |TAMS 0x0000000089100000, 0x0000000089100000| Untracked 
| 145|0x0000000089100000, 0x0000000089200000, 0x0000000089200000|100%| O|  |TAMS 0x0000000089177800, 0x0000000089200000| Untracked 
| 146|0x0000000089200000, 0x0000000089200000, 0x0000000089300000|  0%| F|  |TAMS 0x0000000089200000, 0x0000000089200000| Untracked 
| 147|0x0000000089300000, 0x0000000089400000, 0x0000000089400000|100%| O|  |TAMS 0x0000000089400000, 0x0000000089400000| Untracked 
| 148|0x0000000089400000, 0x0000000089500000, 0x0000000089500000|100%| O|  |TAMS 0x0000000089500000, 0x0000000089500000| Untracked 
| 149|0x0000000089500000, 0x0000000089600000, 0x0000000089600000|100%| O|  |TAMS 0x0000000089600000, 0x0000000089600000| Untracked 
| 150|0x0000000089600000, 0x0000000089600000, 0x0000000089700000|  0%| F|  |TAMS 0x0000000089600000, 0x0000000089600000| Untracked 
| 151|0x0000000089700000, 0x0000000089800000, 0x0000000089800000|100%| O|  |TAMS 0x0000000089700000, 0x0000000089800000| Untracked 
| 152|0x0000000089800000, 0x0000000089900000, 0x0000000089900000|100%| O|  |TAMS 0x0000000089900000, 0x0000000089900000| Untracked 
| 153|0x0000000089900000, 0x0000000089a00000, 0x0000000089a00000|100%| O|  |TAMS 0x0000000089a00000, 0x0000000089a00000| Untracked 
| 154|0x0000000089a00000, 0x0000000089b00000, 0x0000000089b00000|100%| O|  |TAMS 0x0000000089b00000, 0x0000000089b00000| Untracked 
| 155|0x0000000089b00000, 0x0000000089b00000, 0x0000000089c00000|  0%| F|  |TAMS 0x0000000089b00000, 0x0000000089b00000| Untracked 
| 156|0x0000000089c00000, 0x0000000089c00000, 0x0000000089d00000|  0%| F|  |TAMS 0x0000000089c00000, 0x0000000089c00000| Untracked 
| 157|0x0000000089d00000, 0x0000000089e00000, 0x0000000089e00000|100%| O|  |TAMS 0x0000000089e00000, 0x0000000089e00000| Untracked 
| 158|0x0000000089e00000, 0x0000000089f00000, 0x0000000089f00000|100%| O|  |TAMS 0x0000000089f00000, 0x0000000089f00000| Untracked 
| 159|0x0000000089f00000, 0x000000008a000000, 0x000000008a000000|100%| O|  |TAMS 0x000000008a000000, 0x000000008a000000| Untracked 
| 160|0x000000008a000000, 0x000000008a100000, 0x000000008a100000|100%| O|  |TAMS 0x000000008a100000, 0x000000008a100000| Untracked 
| 161|0x000000008a100000, 0x000000008a200000, 0x000000008a200000|100%| O|  |TAMS 0x000000008a200000, 0x000000008a200000| Untracked 
| 162|0x000000008a200000, 0x000000008a300000, 0x000000008a300000|100%| O|  |TAMS 0x000000008a300000, 0x000000008a300000| Untracked 
| 163|0x000000008a300000, 0x000000008a400000, 0x000000008a400000|100%| O|  |TAMS 0x000000008a400000, 0x000000008a400000| Untracked 
| 164|0x000000008a400000, 0x000000008a400000, 0x000000008a500000|  0%| F|  |TAMS 0x000000008a400000, 0x000000008a400000| Untracked 
| 165|0x000000008a500000, 0x000000008a500000, 0x000000008a600000|  0%| F|  |TAMS 0x000000008a500000, 0x000000008a500000| Untracked 
| 166|0x000000008a600000, 0x000000008a700000, 0x000000008a700000|100%| O|  |TAMS 0x000000008a700000, 0x000000008a700000| Untracked 
| 167|0x000000008a700000, 0x000000008a800000, 0x000000008a800000|100%| O|  |TAMS 0x000000008a800000, 0x000000008a800000| Untracked 
| 168|0x000000008a800000, 0x000000008a800000, 0x000000008a900000|  0%| F|  |TAMS 0x000000008a800000, 0x000000008a800000| Untracked 
| 169|0x000000008a900000, 0x000000008a900000, 0x000000008aa00000|  0%| F|  |TAMS 0x000000008a900000, 0x000000008a900000| Untracked 
| 170|0x000000008aa00000, 0x000000008ab00000, 0x000000008ab00000|100%|HS|  |TAMS 0x000000008ab00000, 0x000000008ab00000| Complete 
| 171|0x000000008ab00000, 0x000000008ac00000, 0x000000008ac00000|100%| O|  |TAMS 0x000000008ac00000, 0x000000008ac00000| Untracked 
| 172|0x000000008ac00000, 0x000000008ad00000, 0x000000008ad00000|100%| O|  |TAMS 0x000000008ad00000, 0x000000008ad00000| Untracked 
| 173|0x000000008ad00000, 0x000000008ae00000, 0x000000008ae00000|100%| O|  |TAMS 0x000000008ae00000, 0x000000008ae00000| Untracked 
| 174|0x000000008ae00000, 0x000000008af00000, 0x000000008af00000|100%| O|  |TAMS 0x000000008af00000, 0x000000008af00000| Untracked 
| 175|0x000000008af00000, 0x000000008b000000, 0x000000008b000000|100%| O|  |TAMS 0x000000008b000000, 0x000000008b000000| Untracked 
| 176|0x000000008b000000, 0x000000008b100000, 0x000000008b100000|100%| O|  |TAMS 0x000000008b100000, 0x000000008b100000| Untracked 
| 177|0x000000008b100000, 0x000000008b200000, 0x000000008b200000|100%| O|  |TAMS 0x000000008b200000, 0x000000008b200000| Untracked 
| 178|0x000000008b200000, 0x000000008b300000, 0x000000008b300000|100%| O|  |TAMS 0x000000008b300000, 0x000000008b300000| Untracked 
| 179|0x000000008b300000, 0x000000008b400000, 0x000000008b400000|100%| O|  |TAMS 0x000000008b400000, 0x000000008b400000| Untracked 
| 180|0x000000008b400000, 0x000000008b500000, 0x000000008b500000|100%| O|  |TAMS 0x000000008b500000, 0x000000008b500000| Untracked 
| 181|0x000000008b500000, 0x000000008b600000, 0x000000008b600000|100%| O|  |TAMS 0x000000008b600000, 0x000000008b600000| Untracked 
| 182|0x000000008b600000, 0x000000008b700000, 0x000000008b700000|100%| O|  |TAMS 0x000000008b700000, 0x000000008b700000| Untracked 
| 183|0x000000008b700000, 0x000000008b700000, 0x000000008b800000|  0%| F|  |TAMS 0x000000008b700000, 0x000000008b700000| Untracked 
| 184|0x000000008b800000, 0x000000008b800000, 0x000000008b900000|  0%| F|  |TAMS 0x000000008b800000, 0x000000008b800000| Untracked 
| 185|0x000000008b900000, 0x000000008b900000, 0x000000008ba00000|  0%| F|  |TAMS 0x000000008b900000, 0x000000008b900000| Untracked 
| 186|0x000000008ba00000, 0x000000008ba00000, 0x000000008bb00000|  0%| F|  |TAMS 0x000000008ba00000, 0x000000008ba00000| Untracked 
| 187|0x000000008bb00000, 0x000000008bc00000, 0x000000008bc00000|100%| O|  |TAMS 0x000000008bb00000, 0x000000008bc00000| Untracked 
| 188|0x000000008bc00000, 0x000000008bd00000, 0x000000008bd00000|100%| O|  |TAMS 0x000000008bc00000, 0x000000008bd00000| Untracked 
| 189|0x000000008bd00000, 0x000000008be00000, 0x000000008be00000|100%| O|  |TAMS 0x000000008bd00000, 0x000000008be00000| Untracked 
| 190|0x000000008be00000, 0x000000008bf00000, 0x000000008bf00000|100%| O|  |TAMS 0x000000008be00000, 0x000000008bf00000| Untracked 
| 191|0x000000008bf00000, 0x000000008c000000, 0x000000008c000000|100%| O|  |TAMS 0x000000008bf00000, 0x000000008c000000| Untracked 
| 192|0x000000008c000000, 0x000000008c100000, 0x000000008c100000|100%| O|  |TAMS 0x000000008c000000, 0x000000008c100000| Untracked 
| 193|0x000000008c100000, 0x000000008c200000, 0x000000008c200000|100%| O|  |TAMS 0x000000008c100000, 0x000000008c200000| Untracked 
| 194|0x000000008c200000, 0x000000008c300000, 0x000000008c300000|100%| O|  |TAMS 0x000000008c200000, 0x000000008c300000| Untracked 
| 195|0x000000008c300000, 0x000000008c400000, 0x000000008c400000|100%| O|  |TAMS 0x000000008c300000, 0x000000008c400000| Untracked 
| 196|0x000000008c400000, 0x000000008c400000, 0x000000008c500000|  0%| F|  |TAMS 0x000000008c400000, 0x000000008c400000| Untracked 
| 197|0x000000008c500000, 0x000000008c500000, 0x000000008c600000|  0%| F|  |TAMS 0x000000008c500000, 0x000000008c500000| Untracked 
| 198|0x000000008c600000, 0x000000008c600000, 0x000000008c700000|  0%| F|  |TAMS 0x000000008c600000, 0x000000008c600000| Untracked 
| 199|0x000000008c700000, 0x000000008c700000, 0x000000008c800000|  0%| F|  |TAMS 0x000000008c700000, 0x000000008c700000| Untracked 
| 200|0x000000008c800000, 0x000000008c800000, 0x000000008c900000|  0%| F|  |TAMS 0x000000008c800000, 0x000000008c800000| Untracked 
| 201|0x000000008c900000, 0x000000008c900000, 0x000000008ca00000|  0%| F|  |TAMS 0x000000008c900000, 0x000000008c900000| Untracked 
| 202|0x000000008ca00000, 0x000000008ca00000, 0x000000008cb00000|  0%| F|  |TAMS 0x000000008ca00000, 0x000000008ca00000| Untracked 
| 203|0x000000008cb00000, 0x000000008cb00000, 0x000000008cc00000|  0%| F|  |TAMS 0x000000008cb00000, 0x000000008cb00000| Untracked 
| 204|0x000000008cc00000, 0x000000008cd00000, 0x000000008cd00000|100%| O|  |TAMS 0x000000008cc00000, 0x000000008cd00000| Untracked 
| 205|0x000000008cd00000, 0x000000008ce00000, 0x000000008ce00000|100%| O|  |TAMS 0x000000008cd00000, 0x000000008ce00000| Untracked 
| 206|0x000000008ce00000, 0x000000008cf00000, 0x000000008cf00000|100%| O|  |TAMS 0x000000008ce00000, 0x000000008cf00000| Untracked 
| 207|0x000000008cf00000, 0x000000008d000000, 0x000000008d000000|100%| O|  |TAMS 0x000000008cf00000, 0x000000008d000000| Untracked 
| 208|0x000000008d000000, 0x000000008d100000, 0x000000008d100000|100%| O|  |TAMS 0x000000008d000000, 0x000000008d100000| Untracked 
| 209|0x000000008d100000, 0x000000008d200000, 0x000000008d200000|100%| O|  |TAMS 0x000000008d100000, 0x000000008d200000| Untracked 
| 210|0x000000008d200000, 0x000000008d300000, 0x000000008d300000|100%| O|  |TAMS 0x000000008d200000, 0x000000008d300000| Untracked 
| 211|0x000000008d300000, 0x000000008d400000, 0x000000008d400000|100%| O|  |TAMS 0x000000008d300000, 0x000000008d400000| Untracked 
| 212|0x000000008d400000, 0x000000008d400000, 0x000000008d500000|  0%| F|  |TAMS 0x000000008d400000, 0x000000008d400000| Untracked 
| 213|0x000000008d500000, 0x000000008d500000, 0x000000008d600000|  0%| F|  |TAMS 0x000000008d500000, 0x000000008d500000| Untracked 
| 214|0x000000008d600000, 0x000000008d600000, 0x000000008d700000|  0%| F|  |TAMS 0x000000008d600000, 0x000000008d600000| Untracked 
| 215|0x000000008d700000, 0x000000008d700000, 0x000000008d800000|  0%| F|  |TAMS 0x000000008d700000, 0x000000008d700000| Untracked 
| 216|0x000000008d800000, 0x000000008d800000, 0x000000008d900000|  0%| F|  |TAMS 0x000000008d800000, 0x000000008d800000| Untracked 
| 217|0x000000008d900000, 0x000000008d900000, 0x000000008da00000|  0%| F|  |TAMS 0x000000008d900000, 0x000000008d900000| Untracked 
| 218|0x000000008da00000, 0x000000008da00000, 0x000000008db00000|  0%| F|  |TAMS 0x000000008da00000, 0x000000008da00000| Untracked 
| 219|0x000000008db00000, 0x000000008db00000, 0x000000008dc00000|  0%| F|  |TAMS 0x000000008db00000, 0x000000008db00000| Untracked 
| 220|0x000000008dc00000, 0x000000008dc00000, 0x000000008dd00000|  0%| F|  |TAMS 0x000000008dc00000, 0x000000008dc00000| Untracked 
| 221|0x000000008dd00000, 0x000000008dd00000, 0x000000008de00000|  0%| F|  |TAMS 0x000000008dd00000, 0x000000008dd00000| Untracked 
| 222|0x000000008de00000, 0x000000008de00000, 0x000000008df00000|  0%| F|  |TAMS 0x000000008de00000, 0x000000008de00000| Untracked 
| 223|0x000000008df00000, 0x000000008df00000, 0x000000008e000000|  0%| F|  |TAMS 0x000000008df00000, 0x000000008df00000| Untracked 
| 224|0x000000008e000000, 0x000000008e000000, 0x000000008e100000|  0%| F|  |TAMS 0x000000008e000000, 0x000000008e000000| Untracked 
| 225|0x000000008e100000, 0x000000008e100000, 0x000000008e200000|  0%| F|  |TAMS 0x000000008e100000, 0x000000008e100000| Untracked 
| 226|0x000000008e200000, 0x000000008e200000, 0x000000008e300000|  0%| F|  |TAMS 0x000000008e200000, 0x000000008e200000| Untracked 
| 227|0x000000008e300000, 0x000000008e300000, 0x000000008e400000|  0%| F|  |TAMS 0x000000008e300000, 0x000000008e300000| Untracked 
| 228|0x000000008e400000, 0x000000008e500000, 0x000000008e500000|100%| S|CS|TAMS 0x000000008e400000, 0x000000008e400000| Complete 
| 229|0x000000008e500000, 0x000000008e600000, 0x000000008e600000|100%| S|CS|TAMS 0x000000008e500000, 0x000000008e500000| Complete 
| 230|0x000000008e600000, 0x000000008e700000, 0x000000008e700000|100%| S|CS|TAMS 0x000000008e600000, 0x000000008e600000| Complete 
| 231|0x000000008e700000, 0x000000008e800000, 0x000000008e800000|100%| S|CS|TAMS 0x000000008e700000, 0x000000008e700000| Complete 
| 232|0x000000008e800000, 0x000000008e800000, 0x000000008e900000|  0%| F|  |TAMS 0x000000008e800000, 0x000000008e800000| Untracked 
| 233|0x000000008e900000, 0x000000008e900000, 0x000000008ea00000|  0%| F|  |TAMS 0x000000008e900000, 0x000000008e900000| Untracked 
| 234|0x000000008ea00000, 0x000000008ea00000, 0x000000008eb00000|  0%| F|  |TAMS 0x000000008ea00000, 0x000000008ea00000| Untracked 
| 235|0x000000008eb00000, 0x000000008eb00000, 0x000000008ec00000|  0%| F|  |TAMS 0x000000008eb00000, 0x000000008eb00000| Untracked 
| 236|0x000000008ec00000, 0x000000008ec00000, 0x000000008ed00000|  0%| F|  |TAMS 0x000000008ec00000, 0x000000008ec00000| Untracked 
| 237|0x000000008ed00000, 0x000000008ed00000, 0x000000008ee00000|  0%| F|  |TAMS 0x000000008ed00000, 0x000000008ed00000| Untracked 
| 238|0x000000008ee00000, 0x000000008ee00000, 0x000000008ef00000|  0%| F|  |TAMS 0x000000008ee00000, 0x000000008ee00000| Untracked 
| 239|0x000000008ef00000, 0x000000008ef00000, 0x000000008f000000|  0%| F|  |TAMS 0x000000008ef00000, 0x000000008ef00000| Untracked 
| 240|0x000000008f000000, 0x000000008f000000, 0x000000008f100000|  0%| F|  |TAMS 0x000000008f000000, 0x000000008f000000| Untracked 
| 241|0x000000008f100000, 0x000000008f100000, 0x000000008f200000|  0%| F|  |TAMS 0x000000008f100000, 0x000000008f100000| Untracked 
| 242|0x000000008f200000, 0x000000008f200000, 0x000000008f300000|  0%| F|  |TAMS 0x000000008f200000, 0x000000008f200000| Untracked 
| 243|0x000000008f300000, 0x000000008f300000, 0x000000008f400000|  0%| F|  |TAMS 0x000000008f300000, 0x000000008f300000| Untracked 
| 244|0x000000008f400000, 0x000000008f400000, 0x000000008f500000|  0%| F|  |TAMS 0x000000008f400000, 0x000000008f400000| Untracked 
| 245|0x000000008f500000, 0x000000008f500000, 0x000000008f600000|  0%| F|  |TAMS 0x000000008f500000, 0x000000008f500000| Untracked 
| 246|0x000000008f600000, 0x000000008f600000, 0x000000008f700000|  0%| F|  |TAMS 0x000000008f600000, 0x000000008f600000| Untracked 
| 247|0x000000008f700000, 0x000000008f700000, 0x000000008f800000|  0%| F|  |TAMS 0x000000008f700000, 0x000000008f700000| Untracked 
| 248|0x000000008f800000, 0x000000008f800000, 0x000000008f900000|  0%| F|  |TAMS 0x000000008f800000, 0x000000008f800000| Untracked 
| 249|0x000000008f900000, 0x000000008f900000, 0x000000008fa00000|  0%| F|  |TAMS 0x000000008f900000, 0x000000008f900000| Untracked 
| 250|0x000000008fa00000, 0x000000008fa00000, 0x000000008fb00000|  0%| F|  |TAMS 0x000000008fa00000, 0x000000008fa00000| Untracked 
| 251|0x000000008fb00000, 0x000000008fb00000, 0x000000008fc00000|  0%| F|  |TAMS 0x000000008fb00000, 0x000000008fb00000| Untracked 
| 252|0x000000008fc00000, 0x000000008fc00000, 0x000000008fd00000|  0%| F|  |TAMS 0x000000008fc00000, 0x000000008fc00000| Untracked 
| 253|0x000000008fd00000, 0x000000008fd00000, 0x000000008fe00000|  0%| F|  |TAMS 0x000000008fd00000, 0x000000008fd00000| Untracked 
| 254|0x000000008fe00000, 0x000000008fe00000, 0x000000008ff00000|  0%| F|  |TAMS 0x000000008fe00000, 0x000000008fe00000| Untracked 
| 255|0x000000008ff00000, 0x000000008ff11270, 0x0000000090000000|  6%| E|  |TAMS 0x000000008ff00000, 0x000000008ff00000| Complete 
| 256|0x0000000090000000, 0x0000000090100000, 0x0000000090100000|100%| E|CS|TAMS 0x0000000090000000, 0x0000000090000000| Complete 
| 257|0x0000000090100000, 0x0000000090200000, 0x0000000090200000|100%| E|CS|TAMS 0x0000000090100000, 0x0000000090100000| Complete 
| 258|0x0000000090200000, 0x0000000090300000, 0x0000000090300000|100%| E|  |TAMS 0x0000000090200000, 0x0000000090200000| Complete 
| 259|0x0000000090300000, 0x0000000090400000, 0x0000000090400000|100%| E|CS|TAMS 0x0000000090300000, 0x0000000090300000| Complete 
| 260|0x0000000090400000, 0x0000000090500000, 0x0000000090500000|100%| E|CS|TAMS 0x0000000090400000, 0x0000000090400000| Complete 
| 261|0x0000000090500000, 0x0000000090600000, 0x0000000090600000|100%| E|CS|TAMS 0x0000000090500000, 0x0000000090500000| Complete 

Card table byte_map: [0x0000027ec8c10000,0x0000027ec9010000] _byte_map_base: 0x0000027ec8810000

Marking Bits (Prev, Next): (CMBitMap*) 0x0000027eb52bd5d0, (CMBitMap*) 0x0000027eb52bd598
 Prev Bits: [0x0000027ecb410000, 0x0000027ecd410000)
 Next Bits: [0x0000027ec9410000, 0x0000027ecb410000)

Polling page: 0x0000027eb3a10000

Metaspace:

Usage:
  Non-class:     95.87 MB capacity,    93.83 MB ( 98%) used,     1.70 MB (  2%) free+waste,   340.50 KB ( <1%) overhead. 
      Class:     14.49 MB capacity,    13.40 MB ( 92%) used,   961.84 KB (  6%) free+waste,   151.38 KB (  1%) overhead. 
       Both:    110.35 MB capacity,   107.23 MB ( 97%) used,     2.64 MB (  2%) free+waste,   491.88 KB ( <1%) overhead. 

Virtual space:
  Non-class space:       96.00 MB reserved,      95.96 MB (>99%) committed 
      Class space:        1.00 GB reserved,      14.50 MB (  1%) committed 
             Both:        1.09 GB reserved,     110.46 MB ( 10%) committed 

Chunk freelists:
   Non-Class:  96.00 KB
       Class:  13.00 KB
        Both:  109.00 KB

MaxMetaspaceSize: 17179869184.00 GB
CompressedClassSpaceSize: 1.00 GB
Initial GC threshold: 20.80 MB
Current GC threshold: 179.73 MB
CDS: off

CodeHeap 'non-profiled nmethods': size=120000Kb used=10501Kb max_used=10501Kb free=109499Kb
 bounds [0x0000027ec0870000, 0x0000027ec12c0000, 0x0000027ec7da0000]
CodeHeap 'profiled nmethods': size=120000Kb used=33874Kb max_used=33874Kb free=86125Kb
 bounds [0x0000027eb9340000, 0x0000027ebb460000, 0x0000027ec0870000]
CodeHeap 'non-nmethods': size=5760Kb used=2425Kb max_used=2492Kb free=3334Kb
 bounds [0x0000027eb8da0000, 0x0000027eb9020000, 0x0000027eb9340000]
 total_blobs=16380 nmethods=15430 adapters=862
 compilation: enabled
              stopped_count=0, restarted_count=0
 full_count=0

Compilation events (20 events):
Event: 68.592 Thread 0x0000027ed07c1000 nmethod 15560 0x0000027ebb411190 code [0x0000027ebb4117c0, 0x0000027ebb4141d8]
Event: 68.593 Thread 0x0000027ed07c1000 15563       2       com.sun.org.apache.xerces.internal.util.XMLAttributesImpl::addAttributeNS (169 bytes)
Event: 68.594 Thread 0x0000027ed07c1000 nmethod 15563 0x0000027ebb415690 code [0x0000027ebb4158e0, 0x0000027ebb416618]
Event: 68.594 Thread 0x0000027ed07c1000 15565   !   2       com.sun.xml.internal.stream.XMLEventReaderImpl::hasNext (29 bytes)
Event: 68.594 Thread 0x0000027ed07c1000 nmethod 15565 0x0000027ebb416a10 code [0x0000027ebb416bc0, 0x0000027ebb416d78]
Event: 68.594 Thread 0x0000027ed07c1000 15566       2       com.android.aaptcompiler.ResourceFileKt::isValidDynamicId (13 bytes)
Event: 68.594 Thread 0x0000027ed07c1000 nmethod 15566 0x0000027ebb416e90 code [0x0000027ebb417040, 0x0000027ebb417138]
Event: 68.594 Thread 0x0000027ed07c1000 15559       2       com.sun.org.apache.xerces.internal.util.NamespaceSupport$Prefixes::hasMoreElements (17 bytes)
Event: 68.595 Thread 0x0000027ed07c1000 nmethod 15559 0x0000027ebb417210 code [0x0000027ebb4173c0, 0x0000027ebb4174d8]
Event: 68.595 Thread 0x0000027ed07c1000 15561       2       com.sun.xml.internal.stream.events.DummyEvent::isEndElement (14 bytes)
Event: 68.595 Thread 0x0000027ed07c1000 nmethod 15561 0x0000027ebb417590 code [0x0000027ebb417740, 0x0000027ebb417858]
Event: 68.595 Thread 0x0000027ed07c1000 15568       2       com.android.aaptcompiler.Source::<init> (26 bytes)
Event: 68.595 Thread 0x0000027ed07c1000 nmethod 15568 0x0000027ebb417910 code [0x0000027ebb417b00, 0x0000027ebb417ed8]
Event: 68.595 Thread 0x0000027ed07c1000 15562       2       com.sun.xml.internal.stream.events.DummyEvent::isStartElement (14 bytes)
Event: 68.596 Thread 0x0000027ed07c1000 nmethod 15562 0x0000027ebb418090 code [0x0000027ebb418240, 0x0000027ebb418358]
Event: 68.596 Thread 0x0000027ed07c1000 15567       2       com.sun.org.apache.xerces.internal.util.NamespaceSupport::getDeclaredPrefixCount (17 bytes)
Event: 68.596 Thread 0x0000027ed07c1000 nmethod 15567 0x0000027ebb418410 code [0x0000027ebb4185c0, 0x0000027ebb418718]
Event: 68.596 Thread 0x0000027ed07c1000 15569       2       com.sun.org.apache.xerces.internal.util.NamespaceSupport::pushContext (65 bytes)
Event: 68.596 Thread 0x0000027ed07c1000 nmethod 15569 0x0000027ebb418810 code [0x0000027ebb4189e0, 0x0000027ebb418ca8]
Event: 68.596 Thread 0x0000027ed07c1000 15564       2       com.sun.xml.internal.stream.events.DummyEvent::isCharacters (14 bytes)

GC Heap History (20 events):
Event: 34.983 GC heap before
{Heap before GC invocations=24 (full 0):
 garbage-first heap   total 262144K, used 220140K [0x0000000080000000, 0x0000000100000000)
  region size 1024K, 65 young (66560K), 5 survivors (5120K)
 Metaspace       used 99179K, capacity 101972K, committed 102232K, reserved 1138688K
  class space    used 12606K, capacity 13635K, committed 13696K, reserved 1048576K
}
Event: 34.994 GC heap after
{Heap after GC invocations=25 (full 0):
 garbage-first heap   total 262144K, used 164197K [0x0000000080000000, 0x0000000100000000)
  region size 1024K, 4 young (4096K), 4 survivors (4096K)
 Metaspace       used 99179K, capacity 101972K, committed 102232K, reserved 1138688K
  class space    used 12606K, capacity 13635K, committed 13696K, reserved 1048576K
}
Event: 59.116 GC heap before
{Heap before GC invocations=26 (full 0):
 garbage-first heap   total 262144K, used 260453K [0x0000000080000000, 0x0000000100000000)
  region size 1024K, 60 young (61440K), 4 survivors (4096K)
 Metaspace       used 102889K, capacity 105782K, committed 105816K, reserved 1140736K
  class space    used 13127K, capacity 14186K, committed 14208K, reserved 1048576K
}
Event: 59.123 GC heap after
{Heap after GC invocations=27 (full 0):
 garbage-first heap   total 268288K, used 165726K [0x0000000080000000, 0x0000000100000000)
  region size 1024K, 6 young (6144K), 6 survivors (6144K)
 Metaspace       used 102889K, capacity 105782K, committed 105816K, reserved 1140736K
  class space    used 13127K, capacity 14186K, committed 14208K, reserved 1048576K
}
Event: 59.203 GC heap before
{Heap before GC invocations=27 (full 0):
 garbage-first heap   total 268288K, used 171870K [0x0000000080000000, 0x0000000100000000)
  region size 1024K, 13 young (13312K), 6 survivors (6144K)
 Metaspace       used 102910K, capacity 105782K, committed 105816K, reserved 1140736K
  class space    used 13127K, capacity 14186K, committed 14208K, reserved 1048576K
}
Event: 59.209 GC heap after
{Heap after GC invocations=28 (full 0):
 garbage-first heap   total 268288K, used 165588K [0x0000000080000000, 0x0000000100000000)
  region size 1024K, 2 young (2048K), 2 survivors (2048K)
 Metaspace       used 102910K, capacity 105782K, committed 105816K, reserved 1140736K
  class space    used 13127K, capacity 14186K, committed 14208K, reserved 1048576K
}
Event: 65.425 GC heap before
{Heap before GC invocations=28 (full 0):
 garbage-first heap   total 268288K, used 227028K [0x0000000080000000, 0x0000000100000000)
  region size 1024K, 62 young (63488K), 2 survivors (2048K)
 Metaspace       used 104795K, capacity 107852K, committed 108120K, reserved 1142784K
  class space    used 13290K, capacity 14358K, committed 14464K, reserved 1048576K
}
Event: 65.443 GC heap after
{Heap after GC invocations=29 (full 0):
 garbage-first heap   total 268288K, used 172132K [0x0000000080000000, 0x0000000100000000)
  region size 1024K, 8 young (8192K), 8 survivors (8192K)
 Metaspace       used 104795K, capacity 107852K, committed 108120K, reserved 1142784K
  class space    used 13290K, capacity 14358K, committed 14464K, reserved 1048576K
}
Event: 66.750 GC heap before
{Heap before GC invocations=30 (full 0):
 garbage-first heap   total 268288K, used 225380K [0x0000000080000000, 0x0000000100000000)
  region size 1024K, 61 young (62464K), 8 survivors (8192K)
 Metaspace       used 106236K, capacity 109340K, committed 109528K, reserved 1144832K
  class space    used 13435K, capacity 14511K, committed 14592K, reserved 1048576K
}
Event: 66.765 GC heap after
{Heap after GC invocations=31 (full 0):
 garbage-first heap   total 268288K, used 179894K [0x0000000080000000, 0x0000000100000000)
  region size 1024K, 8 young (8192K), 8 survivors (8192K)
 Metaspace       used 106236K, capacity 109340K, committed 109528K, reserved 1144832K
  class space    used 13435K, capacity 14511K, committed 14592K, reserved 1048576K
}
Event: 66.815 GC heap before
{Heap before GC invocations=31 (full 0):
 garbage-first heap   total 268288K, used 187062K [0x0000000080000000, 0x0000000100000000)
  region size 1024K, 13 young (13312K), 8 survivors (8192K)
 Metaspace       used 106239K, capacity 109340K, committed 109528K, reserved 1144832K
  class space    used 13435K, capacity 14511K, committed 14592K, reserved 1048576K
}
Event: 66.827 GC heap after
{Heap after GC invocations=32 (full 0):
 garbage-first heap   total 268288K, used 177288K [0x0000000080000000, 0x0000000100000000)
  region size 1024K, 2 young (2048K), 2 survivors (2048K)
 Metaspace       used 106239K, capacity 109340K, committed 109528K, reserved 1144832K
  class space    used 13435K, capacity 14511K, committed 14592K, reserved 1048576K
}
Event: 67.383 GC heap before
{Heap before GC invocations=32 (full 0):
 garbage-first heap   total 268288K, used 217224K [0x0000000080000000, 0x0000000100000000)
  region size 1024K, 42 young (43008K), 2 survivors (2048K)
 Metaspace       used 107023K, capacity 110113K, committed 110424K, reserved 1144832K
  class space    used 13503K, capacity 14596K, committed 14720K, reserved 1048576K
}
Event: 67.395 GC heap after
{Heap after GC invocations=33 (full 0):
 garbage-first heap   total 268288K, used 188894K [0x0000000080000000, 0x0000000100000000)
  region size 1024K, 6 young (6144K), 6 survivors (6144K)
 Metaspace       used 107023K, capacity 110113K, committed 110424K, reserved 1144832K
  class space    used 13503K, capacity 14596K, committed 14720K, reserved 1048576K
}
Event: 68.193 GC heap before
{Heap before GC invocations=34 (full 0):
 garbage-first heap   total 268288K, used 230878K [0x0000000080000000, 0x0000000100000000)
  region size 1024K, 39 young (39936K), 6 survivors (6144K)
 Metaspace       used 107172K, capacity 110341K, committed 110680K, reserved 1144832K
  class space    used 13514K, capacity 14629K, committed 14720K, reserved 1048576K
}
Event: 68.212 GC heap after
{Heap after GC invocations=35 (full 0):
 garbage-first heap   total 268288K, used 196785K [0x0000000080000000, 0x0000000100000000)
  region size 1024K, 5 young (5120K), 5 survivors (5120K)
 Metaspace       used 107172K, capacity 110341K, committed 110680K, reserved 1144832K
  class space    used 13514K, capacity 14629K, committed 14720K, reserved 1048576K
}
Event: 68.321 GC heap before
{Heap before GC invocations=35 (full 0):
 garbage-first heap   total 268288K, used 219313K [0x0000000080000000, 0x0000000100000000)
  region size 1024K, 13 young (13312K), 5 survivors (5120K)
 Metaspace       used 107419K, capacity 110596K, committed 110680K, reserved 1144832K
  class space    used 13534K, capacity 14640K, committed 14720K, reserved 1048576K
}
Event: 68.337 GC heap after
{Heap after GC invocations=36 (full 0):
 garbage-first heap   total 268288K, used 194231K [0x0000000080000000, 0x0000000100000000)
  region size 1024K, 2 young (2048K), 2 survivors (2048K)
 Metaspace       used 107419K, capacity 110596K, committed 110680K, reserved 1144832K
  class space    used 13534K, capacity 14640K, committed 14720K, reserved 1048576K
}
Event: 68.571 GC heap before
{Heap before GC invocations=36 (full 0):
 garbage-first heap   total 268288K, used 221879K [0x0000000080000000, 0x0000000100000000)
  region size 1024K, 30 young (30720K), 2 survivors (2048K)
 Metaspace       used 108447K, capacity 111595K, committed 111704K, reserved 1146880K
  class space    used 13612K, capacity 14707K, committed 14720K, reserved 1048576K
}
Event: 68.583 GC heap after
{Heap after GC invocations=37 (full 0):
 garbage-first heap   total 268288K, used 199495K [0x0000000080000000, 0x0000000100000000)
  region size 1024K, 4 young (4096K), 4 survivors (4096K)
 Metaspace       used 108447K, capacity 111595K, committed 111704K, reserved 1146880K
  class space    used 13612K, capacity 14707K, committed 14720K, reserved 1048576K
}

Deoptimization events (20 events):
Event: 68.454 Thread 0x0000027ed26dc000 DEOPT PACKING pc=0x0000027ec1248120 sp=0x000000ddb1bfa300
Event: 68.454 Thread 0x0000027ed26dc000 DEOPT UNPACKING pc=0x0000027eb8dea1af sp=0x000000ddb1bfa260 mode 2
Event: 68.454 Thread 0x0000027ed26e2800 Uncommon trap: trap_request=0xffffff4d fr.pc=0x0000027ec087cd64 relative=0x0000000000000044
Event: 68.455 Thread 0x0000027ed26e2800 Uncommon trap: reason=unstable_if action=reinterpret pc=0x0000027ec087cd64 method=java.lang.CharacterData.of(I)Ljava/lang/CharacterData; @ 4 c2
Event: 68.455 Thread 0x0000027ed26e2800 DEOPT PACKING pc=0x0000027ec087cd64 sp=0x000000ddb24fd170
Event: 68.455 Thread 0x0000027ed26e2800 DEOPT UNPACKING pc=0x0000027eb8dea1af sp=0x000000ddb24fd108 mode 2
Event: 68.460 Thread 0x0000027ed26e2800 Uncommon trap: trap_request=0xffffff4d fr.pc=0x0000027ec109e9a8 relative=0x0000000000000188
Event: 68.460 Thread 0x0000027ed26e2800 Uncommon trap: reason=unstable_if action=reinterpret pc=0x0000027ec109e9a8 method=java.lang.String.equals(Ljava/lang/Object;)Z @ 27 c2
Event: 68.460 Thread 0x0000027ed26e2800 DEOPT PACKING pc=0x0000027ec109e9a8 sp=0x000000ddb24fd1b0
Event: 68.460 Thread 0x0000027ed26e2800 DEOPT UNPACKING pc=0x0000027eb8dea1af sp=0x000000ddb24fd140 mode 2
Event: 68.460 Thread 0x0000027ed26e2800 Uncommon trap: trap_request=0xffffff4d fr.pc=0x0000027ec0876a80 relative=0x00000000000001e0
Event: 68.461 Thread 0x0000027ed26e2800 Uncommon trap: reason=unstable_if action=reinterpret pc=0x0000027ec0876a80 method=java.lang.String.isLatin1()Z @ 10 c2
Event: 68.461 Thread 0x0000027ed26e2800 DEOPT PACKING pc=0x0000027ec0876a80 sp=0x000000ddb24fd170
Event: 68.461 Thread 0x0000027ed26e2800 DEOPT UNPACKING pc=0x0000027eb8dea1af sp=0x000000ddb24fd098 mode 2
Event: 68.480 Thread 0x0000027ed26e9000 Uncommon trap: trap_request=0xffffff4d fr.pc=0x0000027ec0a2fd9c relative=0x000000000000007c
Event: 68.480 Thread 0x0000027ed26e9000 Uncommon trap: reason=unstable_if action=reinterpret pc=0x0000027ec0a2fd9c method=java.lang.String.codePointAt(I)I @ 4 c2
Event: 68.480 Thread 0x0000027ed26e9000 DEOPT PACKING pc=0x0000027ec0a2fd9c sp=0x000000ddb29fd950
Event: 68.481 Thread 0x0000027ed26e9000 DEOPT UNPACKING pc=0x0000027eb8dea1af sp=0x000000ddb29fd8f8 mode 2
Event: 68.528 Thread 0x0000027ed26e7800 DEOPT PACKING pc=0x0000027eba41afa9 sp=0x000000ddb28fcf00
Event: 68.528 Thread 0x0000027ed26e7800 DEOPT UNPACKING pc=0x0000027eb8dea95e sp=0x000000ddb28fc3b8 mode 0

Classes redefined (0 events):
No events

Internal exceptions (20 events):
Event: 68.184 Thread 0x0000027ed26e1000 Implicit null exception at 0x0000027ec12742d5 to 0x0000027ec1279408
Event: 68.250 Thread 0x0000027ed26e1000 Implicit null exception at 0x0000027ec12742d5 to 0x0000027ec1279408
Event: 68.298 Thread 0x0000027ed26e1000 Exception <a 'java/lang/NoSuchMethodError'{0x00000000903f58b8}: <clinit>> (0x00000000903f58b8) thrown at [./src/hotspot/share/prims/jni.cpp, line 1366]
Event: 68.307 Thread 0x0000027ed26e1000 Exception <a 'java/lang/NoSuchMethodError'{0x00000000901ceb88}: <clinit>> (0x00000000901ceb88) thrown at [./src/hotspot/share/prims/jni.cpp, line 1366]
Event: 68.460 Thread 0x0000027ed26dc000 Exception <a 'sun/nio/fs/WindowsException'{0x000000008eb6f900}> (0x000000008eb6f900) thrown at [./src/hotspot/share/prims/jni.cpp, line 616]
Event: 68.464 Thread 0x0000027ed26dc000 Exception <a 'sun/nio/fs/WindowsException'{0x000000008ebb7768}> (0x000000008ebb7768) thrown at [./src/hotspot/share/prims/jni.cpp, line 616]
Event: 68.466 Thread 0x0000027ed26dc000 Exception <a 'sun/nio/fs/WindowsException'{0x000000008ebb8848}> (0x000000008ebb8848) thrown at [./src/hotspot/share/prims/jni.cpp, line 616]
Event: 68.474 Thread 0x0000027ed26dc000 Exception <a 'sun/nio/fs/WindowsException'{0x000000008ebd5570}> (0x000000008ebd5570) thrown at [./src/hotspot/share/prims/jni.cpp, line 616]
Event: 68.475 Thread 0x0000027ed26dc000 Exception <a 'sun/nio/fs/WindowsException'{0x000000008ebd6838}> (0x000000008ebd6838) thrown at [./src/hotspot/share/prims/jni.cpp, line 616]
Event: 68.477 Thread 0x0000027ed26dc000 Exception <a 'sun/nio/fs/WindowsException'{0x000000008ea06af8}> (0x000000008ea06af8) thrown at [./src/hotspot/share/prims/jni.cpp, line 616]
Event: 68.478 Thread 0x0000027ed26dc000 Exception <a 'sun/nio/fs/WindowsException'{0x000000008ea07d68}> (0x000000008ea07d68) thrown at [./src/hotspot/share/prims/jni.cpp, line 616]
Event: 68.482 Thread 0x0000027ed26dc000 Exception <a 'sun/nio/fs/WindowsException'{0x000000008ea5ea78}> (0x000000008ea5ea78) thrown at [./src/hotspot/share/prims/jni.cpp, line 616]
Event: 68.526 Thread 0x0000027ed26dc000 Exception <a 'sun/nio/fs/WindowsException'{0x000000008ea5fce0}> (0x000000008ea5fce0) thrown at [./src/hotspot/share/prims/jni.cpp, line 616]
Event: 68.528 Thread 0x0000027ed26dc000 Exception <a 'sun/nio/fs/WindowsException'{0x000000008e9aae90}> (0x000000008e9aae90) thrown at [./src/hotspot/share/prims/jni.cpp, line 616]
Event: 68.529 Thread 0x0000027ed26dc000 Exception <a 'sun/nio/fs/WindowsException'{0x000000008e9ac1c0}> (0x000000008e9ac1c0) thrown at [./src/hotspot/share/prims/jni.cpp, line 616]
Event: 68.530 Thread 0x0000027ed26dc000 Exception <a 'sun/nio/fs/WindowsException'{0x000000008e9d3ce8}> (0x000000008e9d3ce8) thrown at [./src/hotspot/share/prims/jni.cpp, line 616]
Event: 68.531 Thread 0x0000027ed26dc000 Exception <a 'sun/nio/fs/WindowsException'{0x000000008e9d4fe8}> (0x000000008e9d4fe8) thrown at [./src/hotspot/share/prims/jni.cpp, line 616]
Event: 68.532 Thread 0x0000027ed26dc000 Exception <a 'sun/nio/fs/WindowsException'{0x000000008e8111e8}> (0x000000008e8111e8) thrown at [./src/hotspot/share/prims/jni.cpp, line 616]
Event: 68.567 Thread 0x0000027ed26dc000 Exception <a 'sun/nio/fs/WindowsException'{0x000000008e8125a8}> (0x000000008e8125a8) thrown at [./src/hotspot/share/prims/jni.cpp, line 616]
Event: 68.584 Thread 0x0000027ed26dc000 Exception <a 'sun/nio/fs/WindowsException'{0x000000009050ff00}> (0x000000009050ff00) thrown at [./src/hotspot/share/prims/jni.cpp, line 616]

Events (20 events):
Event: 68.560 loading class com/android/aaptcompiler/ResourceTable$WhenMappings
Event: 68.560 loading class com/android/aaptcompiler/ResourceTable$WhenMappings done
Event: 68.560 loading class com/android/aapt/Resources$ToolFingerprint
Event: 68.560 loading class com/android/aapt/Resources$ToolFingerprint done
Event: 68.561 loading class com/android/aapt/Resources$ToolFingerprintOrBuilder
Event: 68.561 loading class com/android/aapt/Resources$ToolFingerprintOrBuilder done
Event: 68.561 loading class com/android/aapt/Resources$Package
Event: 68.561 loading class com/android/aapt/Resources$Package done
Event: 68.562 loading class com/android/aapt/Resources$PackageOrBuilder
Event: 68.562 loading class com/android/aapt/Resources$PackageOrBuilder done
Event: 68.565 loading class com/android/aapt/Resources$ToolFingerprint$1
Event: 68.565 loading class com/android/aapt/Resources$ToolFingerprint$1 done
Event: 68.565 Executing VM operation: RevokeBias
Event: 68.566 Executing VM operation: RevokeBias done
Event: 68.567 Executing VM operation: RevokeBias
Event: 68.568 Executing VM operation: RevokeBias done
Event: 68.571 loading class com/android/aapt/Resources$ToolFingerprint$Builder
Event: 68.571 loading class com/android/aapt/Resources$ToolFingerprint$Builder done
Event: 68.571 Executing VM operation: G1CollectForAllocation
Event: 68.583 Executing VM operation: G1CollectForAllocation done


Dynamic libraries:
0x00007ff62bc50000 - 0x00007ff62bc5a000 	C:\Program Files\Android\Android Studio\jre\bin\java.exe
0x00007ffb6d110000 - 0x00007ffb6d308000 	C:\Windows\SYSTEM32\ntdll.dll
0x00007ffb6cea0000 - 0x00007ffb6cf5d000 	C:\Windows\System32\KERNEL32.DLL
0x00007ffb6aca0000 - 0x00007ffb6af6e000 	C:\Windows\System32\KERNELBASE.dll
0x00007ffb6b070000 - 0x00007ffb6b170000 	C:\Windows\System32\ucrtbase.dll
0x00007ffb61b50000 - 0x00007ffb61b69000 	C:\Program Files\Android\Android Studio\jre\bin\jli.dll
0x00007ffb61b70000 - 0x00007ffb61b87000 	C:\Program Files\Android\Android Studio\jre\bin\VCRUNTIME140.dll
0x00007ffb6c400000 - 0x00007ffb6c5a0000 	C:\Windows\System32\USER32.dll
0x00007ffb69be0000 - 0x00007ffb69e7a000 	C:\Windows\WinSxS\amd64_microsoft.windows.common-controls_6595b64144ccf1df_6.0.19041.1110_none_60b5254171f9507e\COMCTL32.dll
0x00007ffb6a920000 - 0x00007ffb6a942000 	C:\Windows\System32\win32u.dll
0x00007ffb6ba40000 - 0x00007ffb6bade000 	C:\Windows\System32\msvcrt.dll
0x00007ffb6cc60000 - 0x00007ffb6cc8a000 	C:\Windows\System32\GDI32.dll
0x00007ffb6ab90000 - 0x00007ffb6ac9b000 	C:\Windows\System32\gdi32full.dll
0x00007ffb6a830000 - 0x00007ffb6a8cd000 	C:\Windows\System32\msvcp_win.dll
0x00007ffb6d0a0000 - 0x00007ffb6d0d0000 	C:\Windows\System32\IMM32.DLL
0x00007ffb51010000 - 0x00007ffb510ad000 	C:\Program Files\Android\Android Studio\jre\bin\msvcp140.dll
0x00007ffb131f0000 - 0x00007ffb13cf2000 	C:\Program Files\Android\Android Studio\jre\bin\server\jvm.dll
0x00007ffb6c350000 - 0x00007ffb6c3fe000 	C:\Windows\System32\ADVAPI32.dll
0x00007ffb6ca30000 - 0x00007ffb6cacc000 	C:\Windows\System32\sechost.dll
0x00007ffb6cca0000 - 0x00007ffb6cdc5000 	C:\Windows\System32\RPCRT4.dll
0x00007ffb6b410000 - 0x00007ffb6b418000 	C:\Windows\System32\PSAPI.DLL
0x00007ffb54c90000 - 0x00007ffb54c99000 	C:\Windows\SYSTEM32\WSOCK32.dll
0x00007ffb575f0000 - 0x00007ffb57617000 	C:\Windows\SYSTEM32\WINMM.dll
0x00007ffb6c960000 - 0x00007ffb6c9cb000 	C:\Windows\System32\WS2_32.dll
0x00007ffb62600000 - 0x00007ffb6260a000 	C:\Windows\SYSTEM32\VERSION.dll
0x00007ffb683d0000 - 0x00007ffb683e2000 	C:\Windows\SYSTEM32\kernel.appcore.dll
0x00007ffb65050000 - 0x00007ffb65061000 	C:\Program Files\Android\Android Studio\jre\bin\verify.dll
0x00007ffb6a160000 - 0x00007ffb6a344000 	C:\Windows\SYSTEM32\DBGHELP.DLL
0x00007ffb69f90000 - 0x00007ffb69fbc000 	C:\Windows\SYSTEM32\dbgcore.DLL
0x00007ffb6af70000 - 0x00007ffb6aff2000 	C:\Windows\System32\bcryptPrimitives.dll
0x00007ffb64180000 - 0x00007ffb641a9000 	C:\Program Files\Android\Android Studio\jre\bin\java.dll
0x00007ffb65040000 - 0x00007ffb6504b000 	C:\Program Files\Android\Android Studio\jre\bin\jimage.dll
0x00007ffb638f0000 - 0x00007ffb63908000 	C:\Program Files\Android\Android Studio\jre\bin\zip.dll
0x00007ffb6bc00000 - 0x00007ffb6c343000 	C:\Windows\System32\SHELL32.dll
0x00007ffb67c20000 - 0x00007ffb683b5000 	C:\Windows\SYSTEM32\windows.storage.dll
0x00007ffb6c600000 - 0x00007ffb6c954000 	C:\Windows\System32\combase.dll
0x00007ffb69b40000 - 0x00007ffb69b70000 	C:\Windows\SYSTEM32\Wldp.dll
0x00007ffb6b360000 - 0x00007ffb6b40d000 	C:\Windows\System32\SHCORE.dll
0x00007ffb6c9d0000 - 0x00007ffb6ca25000 	C:\Windows\System32\shlwapi.dll
0x00007ffb6a770000 - 0x00007ffb6a78f000 	C:\Windows\SYSTEM32\profapi.dll
0x00007ffb63210000 - 0x00007ffb6322a000 	C:\Program Files\Android\Android Studio\jre\bin\net.dll
0x00007ffb56850000 - 0x00007ffb5695a000 	C:\Windows\SYSTEM32\WINHTTP.dll
0x00007ffb69a10000 - 0x00007ffb69a7a000 	C:\Windows\system32\mswsock.dll
0x00007ffb62030000 - 0x00007ffb62044000 	C:\Program Files\Android\Android Studio\jre\bin\nio.dll
0x00007ffb61540000 - 0x00007ffb61567000 	C:\Users\Dell\.gradle\native\e1d6ef7f7dcc3fd88c89a11ec53ec762bb8ba0a96d01ffa2cd45eb1d1d8dd5c5\windows-amd64\native-platform.dll
0x00007ffb20420000 - 0x00007ffb20564000 	C:\Users\Dell\.gradle\native\0d407fdbe67a94daf76414ababcb853783967236a71b16ec16e742cd7a986fd3\windows-amd64\native-platform-file-events.dll
0x00007ffb63cf0000 - 0x00007ffb63cfa000 	C:\Program Files\Android\Android Studio\jre\bin\management.dll
0x00007ffb63be0000 - 0x00007ffb63bed000 	C:\Program Files\Android\Android Studio\jre\bin\management_ext.dll
0x00007ffb6a4f0000 - 0x00007ffb6a508000 	C:\Windows\SYSTEM32\CRYPTSP.dll
0x00007ffb69240000 - 0x00007ffb69274000 	C:\Windows\system32\rsaenh.dll
0x00007ffb6aa00000 - 0x00007ffb6aa27000 	C:\Windows\System32\bcrypt.dll
0x00007ffb6a6f0000 - 0x00007ffb6a71e000 	C:\Windows\SYSTEM32\USERENV.dll
0x00007ffb69b00000 - 0x00007ffb69b0c000 	C:\Windows\SYSTEM32\CRYPTBASE.dll
0x00007ffb69590000 - 0x00007ffb695cb000 	C:\Windows\SYSTEM32\IPHLPAPI.DLL
0x00007ffb6b170000 - 0x00007ffb6b178000 	C:\Windows\System32\NSI.dll
0x00007ffb60ae0000 - 0x00007ffb60af7000 	C:\Windows\SYSTEM32\dhcpcsvc6.DLL
0x00007ffb61480000 - 0x00007ffb6149d000 	C:\Windows\SYSTEM32\dhcpcsvc.DLL
0x00007ffb695d0000 - 0x00007ffb6969a000 	C:\Windows\SYSTEM32\DNSAPI.dll
0x00007ffb6a4b0000 - 0x00007ffb6a4e3000 	C:\Windows\SYSTEM32\ntmarta.dll

dbghelp: loaded successfully - version: 4.0.5 - missing functions: none
symbol engine: initialized successfully - sym options: 0x614 - pdb path: .;C:\Program Files\Android\Android Studio\jre\bin;C:\Windows\SYSTEM32;C:\Windows\WinSxS\amd64_microsoft.windows.common-controls_6595b64144ccf1df_6.0.19041.1110_none_60b5254171f9507e;C:\Program Files\Android\Android Studio\jre\bin\server;C:\Users\Dell\.gradle\native\e1d6ef7f7dcc3fd88c89a11ec53ec762bb8ba0a96d01ffa2cd45eb1d1d8dd5c5\windows-amd64;C:\Users\Dell\.gradle\native\0d407fdbe67a94daf76414ababcb853783967236a71b16ec16e742cd7a986fd3\windows-amd64

VM Arguments:
jvm_args: --add-opens=java.base/java.util=ALL-UNNAMED --add-opens=java.base/java.lang=ALL-UNNAMED --add-opens=java.base/java.lang.invoke=ALL-UNNAMED --add-opens=java.base/java.util=ALL-UNNAMED --add-opens=java.prefs/java.util.prefs=ALL-UNNAMED --add-opens=java.prefs/java.util.prefs=ALL-UNNAMED --add-opens=java.base/java.nio.charset=ALL-UNNAMED --add-opens=java.base/java.net=ALL-UNNAMED --add-opens=java.base/java.util.concurrent.atomic=ALL-UNNAMED -Xmx2048m -Dfile.encoding=UTF-8 -Duser.country=US -Duser.language=en -Duser.variant 
java_command: org.gradle.launcher.daemon.bootstrap.GradleDaemon 7.4
java_class_path (initial): C:\Users\Dell\.gradle\wrapper\dists\gradle-7.4-bin\c0gwcg53nkjbqw7r0h0umtfvt\gradle-7.4\lib\gradle-launcher-7.4.jar
Launcher Type: SUN_STANDARD

[Global flags]
     intx CICompilerCount                          = 4                                         {product} {ergonomic}
     uint ConcGCThreads                            = 2                                         {product} {ergonomic}
     uint G1ConcRefinementThreads                  = 8                                         {product} {ergonomic}
   size_t G1HeapRegionSize                         = 1048576                                   {product} {ergonomic}
    uintx GCDrainStackTargetSize                   = 64                                        {product} {ergonomic}
   size_t InitialHeapSize                          = 268435456                                 {product} {ergonomic}
   size_t MarkStackSize                            = 4194304                                   {product} {ergonomic}
   size_t MaxHeapSize                              = 2147483648                                {product} {command line}
   size_t MaxNewSize                               = 1287651328                                {product} {ergonomic}
   size_t MinHeapDeltaBytes                        = 1048576                                   {product} {ergonomic}
    uintx NonNMethodCodeHeapSize                   = 5836300                                {pd product} {ergonomic}
    uintx NonProfiledCodeHeapSize                  = 122910970                              {pd product} {ergonomic}
    uintx ProfiledCodeHeapSize                     = 122910970                              {pd product} {ergonomic}
    uintx ReservedCodeCacheSize                    = 251658240                              {pd product} {ergonomic}
     bool SegmentedCodeCache                       = true                                      {product} {ergonomic}
     bool UseCompressedClassPointers               = true                                 {lp64_product} {ergonomic}
     bool UseCompressedOops                        = true                                 {lp64_product} {ergonomic}
     bool UseG1GC                                  = true                                      {product} {ergonomic}
     bool UseLargePagesIndividualAllocation        = false                                  {pd product} {ergonomic}

Logging:
Log output configuration:
 #0: stdout all=warning uptime,level,tags
 #1: stderr all=off uptime,level,tags

Environment Variables:
PATH=C:\Windows\system32;C:\Windows;C:\Windows\System32\Wbem;C:\Windows\System32\WindowsPowerShell\v1.0\;C:\Windows\System32\OpenSSH\;C:\Program Files\Git\cmd;C:\Users\Dell\AppData\Local\Microsoft\WindowsApps;
USERNAME=Dell
OS=Windows_NT
PROCESSOR_IDENTIFIER=Intel64 Family 6 Model 94 Stepping 3, GenuineIntel



---------------  S Y S T E M  ---------------

OS: Windows 10 , 64 bit Build 19041 (10.0.19041.1889)
OS uptime: 0 days 1:16 hours

CPU:total 8 (initial active 8) (4 cores per cpu, 2 threads per core) family 6 model 94 stepping 3 microcode 0xf0, cmov, cx8, fxsr, mmx, sse, sse2, sse3, ssse3, sse4.1, sse4.2, popcnt, avx, avx2, aes, clmul, erms, rtm, 3dnowpref, lzcnt, ht, tsc, tscinvbit, bmi1, bmi2, adx, fma

Memory: 4k page, system-wide physical 16275M (4728M free)
TotalPageFile size 19219M (AvailPageFile size 6696M)
current process WorkingSet (physical memory assigned to process): 580M, peak: 580M
current process commit charge ("private bytes"): 626M, peak: 626M

vm_info: OpenJDK 64-Bit Server VM (11.0.13+0-b1751.21-8125866) for windows-amd64 JRE (11.0.13+0-b1751.21-8125866), built on Feb  2 2022 03:00:22 by "builder" with MS VC++ 14.0 (VS2015)

END.
