#
# A fatal error has been detected by the Java Runtime Environment:
#
#  EXCEPTION_ACCESS_VIOLATION (0xc0000005) at pc=0x00007ffb13382346, pid=5536, tid=5712
#
# JRE version: OpenJDK Runtime Environment (11.0.13) (build 11.0.13+0-b1751.21-8125866)
# Java VM: OpenJDK 64-Bit Server VM (11.0.13+0-b1751.21-8125866, mixed mode, tiered, compressed oops, g1 gc, windows-amd64)
# Problematic frame:
# V  [jvm.dll+0x192346]
#
# No core dump will be written. Minidumps are not enabled by default on client versions of Windows
#
# If you would like to submit a bug report, please visit:
#   https://bugreport.java.com/bugreport/crash.jsp
#

---------------  S U M M A R Y ------------

Command Line: --add-opens=java.base/java.util=ALL-UNNAMED --add-opens=java.base/java.lang=ALL-UNNAMED --add-opens=java.base/java.lang.invoke=ALL-UNNAMED --add-opens=java.base/java.util=ALL-UNNAMED --add-opens=java.prefs/java.util.prefs=ALL-UNNAMED --add-opens=java.prefs/java.util.prefs=ALL-UNNAMED --add-opens=java.base/java.nio.charset=ALL-UNNAMED --add-opens=java.base/java.net=ALL-UNNAMED --add-opens=java.base/java.util.concurrent.atomic=ALL-UNNAMED -Xmx2048m -Dfile.encoding=UTF-8 -Duser.country=US -Duser.language=en -Duser.variant org.gradle.launcher.daemon.bootstrap.GradleDaemon 7.3.3

Host: Intel(R) Core(TM) i7-6820HQ CPU @ 2.70GHz, 8 cores, 15G,  Windows 10 , 64 bit Build 19041 (10.0.19041.1889)
Time: Mon Sep 19 10:12:07 2022 Pakistan Standard Time elapsed time: 527.421656 seconds (0d 0h 8m 47s)

---------------  T H R E A D  ---------------

Current thread (0x0000022777938000):  GCTaskThread "GC Thread#7" [stack: 0x000000dac0700000,0x000000dac0800000] [id=5712]

Stack: [0x000000dac0700000,0x000000dac0800000],  sp=0x000000dac07ff518,  free space=1021k
Native frames: (J=compiled Java code, j=interpreted, Vv=VM code, C=native code)
V  [jvm.dll+0x192346]


siginfo: EXCEPTION_ACCESS_VIOLATION (0xc0000005), reading address 0x00000004579902e0


Register to memory mapping:

RIP=0x00007ffb13382346 jvm.dll
RAX=0x0000000000000001 is an unknown value
RBX=0x000000008b282500 is pointing into object: [Ljava.lang.Object; 
{0x000000008b282478} - klass: 'java/lang/Object'[]
 - length: 63
RCX=0x000000008e1ac068 is pointing into object: java.util.Hashtable 
{0x000000008e1ac040} - klass: 'java/util/Hashtable'
RDX=0x000000008e1ac068 is pointing into object: java.util.Hashtable 
{0x000000008e1ac040} - klass: 'java/util/Hashtable'
RSP=0x000000dac07ff518 points into unknown readable memory: 0x00007ffb134fa34c | 4c a3 4f 13 fb 7f 00 00
RBP=0x0 is NULL
RSI=0x0000022775c46e20 points into unknown readable memory: 0x00007ffb13a3d828 | 28 d8 a3 13 fb 7f 00 00
RDI=0x0000022775c46e20 points into unknown readable memory: 0x00007ffb13a3d828 | 28 d8 a3 13 fb 7f 00 00
R8 =0x000000008e1ac068 is pointing into object: java.util.Hashtable 
{0x000000008e1ac040} - klass: 'java/util/Hashtable'
R9 =0x00000004579902d8 is an unknown value
R10=0x000000008e1ac068 is pointing into object: java.util.Hashtable 
{0x000000008e1ac040} - klass: 'java/util/Hashtable'
R11=0x0000022775c46f90 points into unknown readable memory: 0x00007ffb13a3d7e0 | e0 d7 a3 13 fb 7f 00 00
R12=0x0 is NULL
R13=0x0 is NULL
R14=0x000002275879ef60 points into unknown readable memory: 0x000022d000001e49 | 49 1e 00 00 d0 22 00 00
R15=0x000000008e1ac068 is pointing into object: java.util.Hashtable 
{0x000000008e1ac040} - klass: 'java/util/Hashtable'


Registers:
RAX=0x0000000000000001, RBX=0x000000008b282500, RCX=0x000000008e1ac068, RDX=0x000000008e1ac068
RSP=0x000000dac07ff518, RBP=0x0000000000000000, RSI=0x0000022775c46e20, RDI=0x0000022775c46e20
R8 =0x000000008e1ac068, R9 =0x00000004579902d8, R10=0x000000008e1ac068, R11=0x0000022775c46f90
R12=0x0000000000000000, R13=0x0000000000000000, R14=0x000002275879ef60, R15=0x000000008e1ac068
RIP=0x00007ffb13382346, EFLAGS=0x0000000000010206

Top of Stack: (sp=0x000000dac07ff518)
0x000000dac07ff518:   00007ffb134fa34c 000000008b282478
0x000000dac07ff528:   0000000000000002 0000000000000001
0x000000dac07ff538:   000000008afe7411 000002275879eee0
0x000000dac07ff548:   0000000000000000 0000003075c46f90
0x000000dac07ff558:   0000000000000001 0000000000000000
0x000000dac07ff568:   0000022775c46e20 0000000000000000
0x000000dac07ff578:   000002275879ef60 0000000000000000
0x000000dac07ff588:   0000022775c46e20 000000dabeafe870
0x000000dac07ff598:   00007ffb134cbe62 0000022775c46e20
0x000000dac07ff5a8:   0000000000000001 0000000000000096
0x000000dac07ff5b8:   000000008b282500 000002275879eee0
0x000000dac07ff5c8:   00007ffb134f889b 0000000000001e49
0x000000dac07ff5d8:   0000000000001e1c 000000dabeafe870
0x000000dac07ff5e8:   000000dac07ff660 00000227588d6290
0x000000dac07ff5f8:   0000000000000001 0000000000000000
0x000000dac07ff608:   0000000000000000 0000000000000000 

Instructions: (pc=0x00007ffb13382346)
0x00007ffb13382246:   48 89 5c 24 20 e8 f0 00 00 00 80 7f 30 00 48 63
0x00007ffb13382256:   c8 48 89 4c 24 28 0f 28 44 24 20 74 17 0f 11 86
0x00007ffb13382266:   98 03 00 00 48 8b 5c 24 40 48 8b 74 24 48 48 83
0x00007ffb13382276:   c4 30 5f c3 48 8b 07 48 8d 54 24 20 48 8b cf 66
0x00007ffb13382286:   0f 7f 44 24 20 ff 50 38 48 8b 5c 24 40 48 8b 74
0x00007ffb13382296:   24 48 48 83 c4 30 5f c3 cc cc 40 53 48 83 ec 30
0x00007ffb133822a6:   0f 10 82 98 03 00 00 48 8b da 0f 10 c8 66 0f 73
0x00007ffb133822b6:   d9 08 66 48 0f 7e c8 48 85 c0 74 28 48 8b 01 48
0x00007ffb133822c6:   8d 54 24 20 0f 29 44 24 20 ff 50 40 33 c0 48 89
0x00007ffb133822d6:   44 24 20 48 89 44 24 28 0f 10 44 24 20 0f 11 83
0x00007ffb133822e6:   98 03 00 00 48 83 c4 30 5b c3 48 8b 49 38 48 8b
0x00007ffb133822f6:   01 48 ff 60 28 cc cc cc cc cc 80 3d d2 5e 89 00
0x00007ffb13382306:   00 48 8b c1 74 1b 8b 51 08 8b 0d 03 cb 84 00 48
0x00007ffb13382316:   d3 e2 48 8b c8 48 03 15 ee ca 84 00 e9 19 00 00
0x00007ffb13382326:   00 48 8b 51 08 48 8b c8 e9 0d 00 00 00 cc cc cc
0x00007ffb13382336:   cc cc cc cc cc cc cc cc cc cc 4c 8b ca 48 8b d1
0x00007ffb13382346:   45 8b 41 08 45 85 c0 7e 0e 41 f6 c0 01 75 59 41
0x00007ffb13382356:   c1 f8 03 41 8b c0 c3 79 4f 80 3d 73 5e 89 00 00
0x00007ffb13382366:   b8 0c 00 00 00 b9 10 00 00 00 0f 45 c8 8b 05 1b
0x00007ffb13382376:   14 83 00 ff c8 4c 63 c8 48 63 c1 41 8b c8 83 e1
0x00007ffb13382386:   3f 48 63 14 10 41 8b c0 48 c1 f8 10 0f b6 c0 48
0x00007ffb13382396:   d3 e2 49 8d 0c 11 49 f7 d1 48 03 c1 49 c1 e9 03
0x00007ffb133823a6:   48 c1 e8 03 41 23 c1 c3 49 8b 01 49 8b c9 48 ff
0x00007ffb133823b6:   a0 10 01 00 00 cc cc cc cc cc 48 8b c2 c3 cc cc
0x00007ffb133823c6:   cc cc cc cc cc cc cc cc cc cc 48 83 ec 38 48 8b
0x00007ffb133823d6:   41 38 80 78 08 00 74 00 0f 10 02 48 8b 49 38 48
0x00007ffb133823e6:   8d 54 24 20 0f 29 44 24 20 e8 3c f0 ff ff 48 83
0x00007ffb133823f6:   c4 38 c3 cc cc cc cc cc cc cc 48 83 ec 38 0f 10
0x00007ffb13382406:   02 48 8b 01 48 8d 54 24 20 0f 29 44 24 20 ff 50
0x00007ffb13382416:   38 48 83 c4 38 c3 cc cc cc cc 48 89 5c 24 08 55
0x00007ffb13382426:   56 57 41 54 41 55 41 56 41 57 48 8d 6c 24 e0 48
0x00007ffb13382436:   81 ec 20 01 00 00 48 8b 05 4d 51 86 00 48 33 c4 


Stack slot to memory mapping:
stack at sp + 0 slots: 0x00007ffb134fa34c jvm.dll
stack at sp + 1 slots: 0x000000008b282478 is an oop: [Ljava.lang.Object; 
{0x000000008b282478} - klass: 'java/lang/Object'[]
 - length: 63
stack at sp + 2 slots: 0x0000000000000002 is an unknown value
stack at sp + 3 slots: 0x0000000000000001 is an unknown value
stack at sp + 4 slots: 0x000000008afe7411 is pointing into object: [Ljava.util.HashMap$Node; 
{0x000000008afe71b0} - klass: 'java/util/HashMap$Node'[]
 - length: 256
stack at sp + 5 slots: 0x000002275879eee0 points into unknown readable memory: 0x0000000000001e49 | 49 1e 00 00 00 00 00 00
stack at sp + 6 slots: 0x0 is NULL
stack at sp + 7 slots: 0x0000003075c46f90 is an unknown value


---------------  P R O C E S S  ---------------

Threads class SMR info:
_java_thread_list=0x000002277b5bfb50, length=135, elements={
0x00000227588bc800, 0x000002277556b800, 0x0000022775570800, 0x00000227755d3800,
0x00000227755d5800, 0x00000227755d7800, 0x00000227755db000, 0x00000227755e4000,
0x00000227755f0000, 0x000002277574e000, 0x0000022776a74800, 0x0000022775c12000,
0x0000022776ca7000, 0x0000022776dd0000, 0x0000022776dd1000, 0x0000022776dd3000,
0x0000022776dce800, 0x0000022776dd5000, 0x0000022776dcf000, 0x0000022776dd1800,
0x0000022776dd2800, 0x0000022779237800, 0x000002277923d000, 0x000002277923c000,
0x000002277923e000, 0x0000022779238000, 0x000002277923f800, 0x0000022779242800,
0x000002277955f800, 0x000002277955e000, 0x0000022779560800, 0x0000022779564800,
0x0000022779561800, 0x0000022779562000, 0x0000022779563000, 0x0000022779564000,
0x000002277955f000, 0x0000022779566000, 0x0000022779565800, 0x0000022779568000,
0x0000022779568800, 0x0000022779569800, 0x000002277956c000, 0x000002277956c800,
0x000002277923e800, 0x000002277923a800, 0x0000022779239000, 0x0000022779243800,
0x0000022779241000, 0x0000022779246000, 0x0000022779244800, 0x0000022776dd4000,
0x0000022778604800, 0x0000022778600800, 0x00000227785ff000, 0x0000022778605800,
0x00000227785ff800, 0x0000022778607000, 0x0000022778603800, 0x0000022778601800,
0x0000022778606000, 0x0000022778608000, 0x0000022778602000, 0x0000022778608800,
0x0000022778603000, 0x000002277860d800, 0x000002277860a000, 0x0000022778609800,
0x000002277860b000, 0x000002277860c800, 0x000002277860c000, 0x0000022776b43800,
0x0000022776b3f000, 0x0000022776b42800, 0x0000022776b40000, 0x0000022776b41800,
0x0000022776b44000, 0x0000022776b46800, 0x0000022776b45000, 0x0000022776b45800,
0x0000022776b41000, 0x0000022776b49000, 0x0000022776b4a800, 0x0000022776b4a000,
0x0000022776b4b800, 0x0000022776b47800, 0x0000022776b4c800, 0x0000022776b4d000,
0x0000022776b48000, 0x0000022776b4e000, 0x000002277c536000, 0x000002277c533000,
0x000002277c537000, 0x000002277c535800, 0x000002277c533800, 0x000002277c534800,
0x000002277c538000, 0x000002277c532000, 0x000002277c53c800, 0x000002277c53c000,
0x000002277c53a000, 0x000002277c539800, 0x000002277c53b000, 0x000002277c53d800,
0x000002277c53e800, 0x000002277c538800, 0x000002277c53f000, 0x000002277c540000,
0x000002277c541000, 0x000002277b339800, 0x000002277b339000, 0x000002277b335800,
0x000002277b336800, 0x000002277b335000, 0x000002277b33a800, 0x000002277b33b800,
0x000002277b337000, 0x000002277b33c000, 0x000002277b33e000, 0x000002277b33d000,
0x000002277b338000, 0x000002277b341000, 0x000002277b33f800, 0x000002277b342000,
0x000002277b343800, 0x000002277b342800, 0x000002277b340000, 0x000002277b33e800,
0x00000227001d9800, 0x00000227001d7800, 0x00000227001d9000, 0x00000227005a9800,
0x00000227005aa800, 0x00000227001dc000, 0x00000227001dd000
}

Java Threads: ( => current thread )
  0x00000227588bc800 JavaThread "main" [_thread_blocked, id=10384, stack(0x000000dabe400000,0x000000dabe500000)]
  0x000002277556b800 JavaThread "Reference Handler" daemon [_thread_blocked, id=5472, stack(0x000000dabeb00000,0x000000dabec00000)]
  0x0000022775570800 JavaThread "Finalizer" daemon [_thread_blocked, id=5632, stack(0x000000dabec00000,0x000000dabed00000)]
  0x00000227755d3800 JavaThread "Signal Dispatcher" daemon [_thread_blocked, id=11324, stack(0x000000dabed00000,0x000000dabee00000)]
  0x00000227755d5800 JavaThread "Attach Listener" daemon [_thread_blocked, id=12824, stack(0x000000dabee00000,0x000000dabef00000)]
  0x00000227755d7800 JavaThread "Service Thread" daemon [_thread_blocked, id=8600, stack(0x000000dabef00000,0x000000dabf000000)]
  0x00000227755db000 JavaThread "C2 CompilerThread0" daemon [_thread_blocked, id=960, stack(0x000000dabf000000,0x000000dabf100000)]
  0x00000227755e4000 JavaThread "C1 CompilerThread0" daemon [_thread_blocked, id=10988, stack(0x000000dabf100000,0x000000dabf200000)]
  0x00000227755f0000 JavaThread "Sweeper thread" daemon [_thread_blocked, id=12156, stack(0x000000dabf200000,0x000000dabf300000)]
  0x000002277574e000 JavaThread "Common-Cleaner" daemon [_thread_blocked, id=10912, stack(0x000000dabf300000,0x000000dabf400000)]
  0x0000022776a74800 JavaThread "Daemon health stats" [_thread_blocked, id=5496, stack(0x000000dabfc00000,0x000000dabfd00000)]
  0x0000022775c12000 JavaThread "Incoming local TCP Connector on port 64462" [_thread_in_native, id=5836, stack(0x000000dabf500000,0x000000dabf600000)]
  0x0000022776ca7000 JavaThread "Daemon periodic checks" [_thread_blocked, id=1904, stack(0x000000dabf600000,0x000000dabf700000)]
  0x0000022776dd0000 JavaThread "Cache worker for journal cache (C:\Users\Dell\.gradle\caches\journal-1)" [_thread_blocked, id=1004, stack(0x000000dac0400000,0x000000dac0500000)]
  0x0000022776dd1000 JavaThread "File lock request listener" [_thread_in_native, id=10364, stack(0x000000dac0500000,0x000000dac0600000)]
  0x0000022776dd3000 JavaThread "Cache worker for file hash cache (C:\Users\Dell\.gradle\caches\7.3.3\fileHashes)" [_thread_blocked, id=8380, stack(0x000000dac0900000,0x000000dac0a00000)]
  0x0000022776dce800 JavaThread "File watcher server" daemon [_thread_blocked, id=864, stack(0x000000dac0d00000,0x000000dac0e00000)]
  0x0000022776dd5000 JavaThread "File watcher consumer" daemon [_thread_blocked, id=8492, stack(0x000000dac0e00000,0x000000dac0f00000)]
  0x0000022776dcf000 JavaThread "jar transforms" [_thread_blocked, id=4116, stack(0x000000dac0f00000,0x000000dac1000000)]
  0x0000022776dd1800 JavaThread "jar transforms Thread 2" [_thread_blocked, id=10824, stack(0x000000dac1000000,0x000000dac1100000)]
  0x0000022776dd2800 JavaThread "jar transforms Thread 3" [_thread_blocked, id=2972, stack(0x000000dac1100000,0x000000dac1200000)]
  0x0000022779237800 JavaThread "jar transforms Thread 4" [_thread_blocked, id=9920, stack(0x000000dac1200000,0x000000dac1300000)]
  0x000002277923d000 JavaThread "jar transforms Thread 5" [_thread_blocked, id=6652, stack(0x000000dac1300000,0x000000dac1400000)]
  0x000002277923c000 JavaThread "jar transforms Thread 6" [_thread_blocked, id=3584, stack(0x000000dac1400000,0x000000dac1500000)]
  0x000002277923e000 JavaThread "jar transforms Thread 7" [_thread_blocked, id=3640, stack(0x000000dac1500000,0x000000dac1600000)]
  0x0000022779238000 JavaThread "jar transforms Thread 8" [_thread_blocked, id=5660, stack(0x000000dac1600000,0x000000dac1700000)]
  0x000002277923f800 JavaThread "Cache worker for execution history cache (C:\Users\Dell\.gradle\caches\7.3.3\executionHistory)" [_thread_blocked, id=5604, stack(0x000000dac1a00000,0x000000dac1b00000)]
  0x0000022779242800 JavaThread "Cache worker for file content cache (C:\Users\Dell\.gradle\caches\7.3.3\fileContent)" [_thread_blocked, id=6004, stack(0x000000dac1b00000,0x000000dac1c00000)]
  0x000002277955f800 JavaThread "Memory manager" [_thread_blocked, id=1296, stack(0x000000dac6d00000,0x000000dac6e00000)]
  0x000002277955e000 JavaThread "Daemon Thread 3" [_thread_blocked, id=12332, stack(0x000000dabe100000,0x000000dabe200000)]
  0x0000022779560800 JavaThread "Handler for socket connection from /127.0.0.1:64462 to /127.0.0.1:65487" [_thread_in_native, id=2312, stack(0x000000dabe200000,0x000000dabe300000)]
  0x0000022779564800 JavaThread "Cancel handler" [_thread_blocked, id=9380, stack(0x000000dabe300000,0x000000dabe400000)]
  0x0000022779561800 JavaThread "Daemon worker Thread 3" [_thread_blocked, id=10708, stack(0x000000dabfd00000,0x000000dabfe00000)]
  0x0000022779562000 JavaThread "Asynchronous log dispatcher for DefaultDaemonConnection: socket connection from /127.0.0.1:64462 to /127.0.0.1:65487" [_thread_blocked, id=8596, stack(0x000000dabfe00000,0x000000dabff00000)]
  0x0000022779563000 JavaThread "Stdin handler" [_thread_blocked, id=11664, stack(0x000000dabff00000,0x000000dac0000000)]
  0x0000022779564000 JavaThread "Daemon client event forwarder" [_thread_blocked, id=2792, stack(0x000000dac0000000,0x000000dac0100000)]
  0x000002277955f000 JavaThread "Cache worker for file hash cache (C:\Users\Dell\StudioProjects\first_project\.gradle\7.3.3\fileHashes)" [_thread_blocked, id=3524, stack(0x000000dac0100000,0x000000dac0200000)]
  0x0000022779566000 JavaThread "Cache worker for checksums cache (C:\Users\Dell\StudioProjects\first_project\.gradle\7.3.3\checksums)" [_thread_blocked, id=7984, stack(0x000000dac0200000,0x000000dac0300000)]
  0x0000022779565800 JavaThread "Cache worker for cache directory md-supplier (C:\Users\Dell\.gradle\caches\7.3.3\md-supplier)" [_thread_blocked, id=652, stack(0x000000dac0300000,0x000000dac0400000)]
  0x0000022779568000 JavaThread "Cache worker for cache directory md-rule (C:\Users\Dell\.gradle\caches\7.3.3\md-rule)" [_thread_blocked, id=12456, stack(0x000000dac0b00000,0x000000dac0c00000)]
  0x0000022779568800 JavaThread "Cache worker for dependencies-accessors (C:\Users\Dell\StudioProjects\first_project\.gradle\7.3.3\dependencies-accessors)" [_thread_blocked, id=11312, stack(0x000000dac1900000,0x000000dac1a00000)]
  0x0000022779569800 JavaThread "Cache worker for Build Output Cleanup Cache (C:\Users\Dell\StudioProjects\first_project\.gradle\buildOutputCleanup)" [_thread_blocked, id=3396, stack(0x000000dac1c00000,0x000000dac1d00000)]
  0x000002277956c000 JavaThread "Unconstrained build operations" [_thread_blocked, id=9676, stack(0x000000dac1d00000,0x000000dac1e00000)]
  0x000002277956c800 JavaThread "Unconstrained build operations Thread 2" [_thread_blocked, id=1432, stack(0x000000dac1e00000,0x000000dac1f00000)]
  0x000002277923e800 JavaThread "Unconstrained build operations Thread 3" [_thread_blocked, id=7080, stack(0x000000dac1f00000,0x000000dac2000000)]
  0x000002277923a800 JavaThread "Unconstrained build operations Thread 4" [_thread_blocked, id=10248, stack(0x000000dac2000000,0x000000dac2100000)]
  0x0000022779239000 JavaThread "Unconstrained build operations Thread 5" [_thread_blocked, id=2116, stack(0x000000dac2100000,0x000000dac2200000)]
  0x0000022779243800 JavaThread "Unconstrained build operations Thread 6" [_thread_blocked, id=1760, stack(0x000000dac2200000,0x000000dac2300000)]
  0x0000022779241000 JavaThread "Unconstrained build operations Thread 7" [_thread_blocked, id=11920, stack(0x000000dac2300000,0x000000dac2400000)]
  0x0000022779246000 JavaThread "Unconstrained build operations Thread 8" [_thread_blocked, id=13136, stack(0x000000dac2400000,0x000000dac2500000)]
  0x0000022779244800 JavaThread "Unconstrained build operations Thread 9" [_thread_blocked, id=9212, stack(0x000000dac2500000,0x000000dac2600000)]
  0x0000022776dd4000 JavaThread "Unconstrained build operations Thread 10" [_thread_blocked, id=6080, stack(0x000000dac2600000,0x000000dac2700000)]
  0x0000022778604800 JavaThread "Unconstrained build operations Thread 11" [_thread_blocked, id=8312, stack(0x000000dac2700000,0x000000dac2800000)]
  0x0000022778600800 JavaThread "Unconstrained build operations Thread 12" [_thread_blocked, id=2876, stack(0x000000dac2800000,0x000000dac2900000)]
  0x00000227785ff000 JavaThread "Unconstrained build operations Thread 13" [_thread_blocked, id=10360, stack(0x000000dac2900000,0x000000dac2a00000)]
  0x0000022778605800 JavaThread "Unconstrained build operations Thread 14" [_thread_blocked, id=6228, stack(0x000000dac2a00000,0x000000dac2b00000)]
  0x00000227785ff800 JavaThread "Unconstrained build operations Thread 15" [_thread_blocked, id=1788, stack(0x000000dac2b00000,0x000000dac2c00000)]
  0x0000022778607000 JavaThread "Unconstrained build operations Thread 16" [_thread_blocked, id=9636, stack(0x000000dac2c00000,0x000000dac2d00000)]
  0x0000022778603800 JavaThread "Unconstrained build operations Thread 17" [_thread_blocked, id=1836, stack(0x000000dac2d00000,0x000000dac2e00000)]
  0x0000022778601800 JavaThread "Unconstrained build operations Thread 18" [_thread_blocked, id=4428, stack(0x000000dac2e00000,0x000000dac2f00000)]
  0x0000022778606000 JavaThread "Unconstrained build operations Thread 19" [_thread_blocked, id=8224, stack(0x000000dac2f00000,0x000000dac3000000)]
  0x0000022778608000 JavaThread "Unconstrained build operations Thread 20" [_thread_blocked, id=1204, stack(0x000000dac3000000,0x000000dac3100000)]
  0x0000022778602000 JavaThread "Unconstrained build operations Thread 21" [_thread_blocked, id=3052, stack(0x000000dac3100000,0x000000dac3200000)]
  0x0000022778608800 JavaThread "Unconstrained build operations Thread 22" [_thread_blocked, id=8548, stack(0x000000dac3200000,0x000000dac3300000)]
  0x0000022778603000 JavaThread "Unconstrained build operations Thread 23" [_thread_blocked, id=10464, stack(0x000000dac3300000,0x000000dac3400000)]
  0x000002277860d800 JavaThread "Unconstrained build operations Thread 24" [_thread_blocked, id=11596, stack(0x000000dac3400000,0x000000dac3500000)]
  0x000002277860a000 JavaThread "Unconstrained build operations Thread 25" [_thread_blocked, id=7372, stack(0x000000dac3500000,0x000000dac3600000)]
  0x0000022778609800 JavaThread "Unconstrained build operations Thread 26" [_thread_blocked, id=4560, stack(0x000000dac3600000,0x000000dac3700000)]
  0x000002277860b000 JavaThread "Unconstrained build operations Thread 27" [_thread_blocked, id=2484, stack(0x000000dac3700000,0x000000dac3800000)]
  0x000002277860c800 JavaThread "Unconstrained build operations Thread 28" [_thread_blocked, id=7476, stack(0x000000dac3800000,0x000000dac3900000)]
  0x000002277860c000 JavaThread "Unconstrained build operations Thread 29" [_thread_blocked, id=3376, stack(0x000000dac3900000,0x000000dac3a00000)]
  0x0000022776b43800 JavaThread "Unconstrained build operations Thread 30" [_thread_blocked, id=11124, stack(0x000000dac3a00000,0x000000dac3b00000)]
  0x0000022776b3f000 JavaThread "Unconstrained build operations Thread 31" [_thread_blocked, id=1172, stack(0x000000dac3b00000,0x000000dac3c00000)]
  0x0000022776b42800 JavaThread "Unconstrained build operations Thread 32" [_thread_blocked, id=9792, stack(0x000000dac3c00000,0x000000dac3d00000)]
  0x0000022776b40000 JavaThread "Unconstrained build operations Thread 33" [_thread_blocked, id=4004, stack(0x000000dac3d00000,0x000000dac3e00000)]
  0x0000022776b41800 JavaThread "Unconstrained build operations Thread 34" [_thread_blocked, id=3416, stack(0x000000dac3e00000,0x000000dac3f00000)]
  0x0000022776b44000 JavaThread "Unconstrained build operations Thread 35" [_thread_blocked, id=12836, stack(0x000000dac3f00000,0x000000dac4000000)]
  0x0000022776b46800 JavaThread "Unconstrained build operations Thread 36" [_thread_blocked, id=2020, stack(0x000000dac4000000,0x000000dac4100000)]
  0x0000022776b45000 JavaThread "Unconstrained build operations Thread 37" [_thread_blocked, id=11708, stack(0x000000dac4100000,0x000000dac4200000)]
  0x0000022776b45800 JavaThread "Unconstrained build operations Thread 38" [_thread_blocked, id=7020, stack(0x000000dac4200000,0x000000dac4300000)]
  0x0000022776b41000 JavaThread "Unconstrained build operations Thread 39" [_thread_blocked, id=8944, stack(0x000000dac4300000,0x000000dac4400000)]
  0x0000022776b49000 JavaThread "Unconstrained build operations Thread 40" [_thread_blocked, id=10140, stack(0x000000dac4400000,0x000000dac4500000)]
  0x0000022776b4a800 JavaThread "Unconstrained build operations Thread 41" [_thread_blocked, id=11740, stack(0x000000dac4500000,0x000000dac4600000)]
  0x0000022776b4a000 JavaThread "Unconstrained build operations Thread 42" [_thread_blocked, id=11496, stack(0x000000dac4600000,0x000000dac4700000)]
  0x0000022776b4b800 JavaThread "Unconstrained build operations Thread 43" [_thread_blocked, id=10068, stack(0x000000dac4700000,0x000000dac4800000)]
  0x0000022776b47800 JavaThread "Unconstrained build operations Thread 44" [_thread_blocked, id=12124, stack(0x000000dac4800000,0x000000dac4900000)]
  0x0000022776b4c800 JavaThread "Unconstrained build operations Thread 45" [_thread_blocked, id=2308, stack(0x000000dac4900000,0x000000dac4a00000)]
  0x0000022776b4d000 JavaThread "Unconstrained build operations Thread 46" [_thread_blocked, id=3536, stack(0x000000dac4a00000,0x000000dac4b00000)]
  0x0000022776b48000 JavaThread "Unconstrained build operations Thread 47" [_thread_blocked, id=10668, stack(0x000000dac4b00000,0x000000dac4c00000)]
  0x0000022776b4e000 JavaThread "Unconstrained build operations Thread 48" [_thread_blocked, id=6528, stack(0x000000dac4c00000,0x000000dac4d00000)]
  0x000002277c536000 JavaThread "Unconstrained build operations Thread 49" [_thread_blocked, id=12032, stack(0x000000dac4d00000,0x000000dac4e00000)]
  0x000002277c533000 JavaThread "Unconstrained build operations Thread 50" [_thread_blocked, id=8244, stack(0x000000dac4e00000,0x000000dac4f00000)]
  0x000002277c537000 JavaThread "Unconstrained build operations Thread 51" [_thread_blocked, id=2948, stack(0x000000dac4f00000,0x000000dac5000000)]
  0x000002277c535800 JavaThread "Unconstrained build operations Thread 52" [_thread_blocked, id=10712, stack(0x000000dac5000000,0x000000dac5100000)]
  0x000002277c533800 JavaThread "Unconstrained build operations Thread 53" [_thread_blocked, id=7516, stack(0x000000dac5100000,0x000000dac5200000)]
  0x000002277c534800 JavaThread "Unconstrained build operations Thread 54" [_thread_blocked, id=11780, stack(0x000000dac5200000,0x000000dac5300000)]
  0x000002277c538000 JavaThread "Unconstrained build operations Thread 55" [_thread_blocked, id=9884, stack(0x000000dac5300000,0x000000dac5400000)]
  0x000002277c532000 JavaThread "Unconstrained build operations Thread 56" [_thread_blocked, id=8036, stack(0x000000dac5400000,0x000000dac5500000)]
  0x000002277c53c800 JavaThread "Unconstrained build operations Thread 57" [_thread_blocked, id=4148, stack(0x000000dac5500000,0x000000dac5600000)]
  0x000002277c53c000 JavaThread "Unconstrained build operations Thread 58" [_thread_blocked, id=4668, stack(0x000000dac5600000,0x000000dac5700000)]
  0x000002277c53a000 JavaThread "Unconstrained build operations Thread 59" [_thread_blocked, id=2992, stack(0x000000dac5700000,0x000000dac5800000)]
  0x000002277c539800 JavaThread "Unconstrained build operations Thread 60" [_thread_blocked, id=8964, stack(0x000000dac5800000,0x000000dac5900000)]
  0x000002277c53b000 JavaThread "Unconstrained build operations Thread 61" [_thread_blocked, id=4304, stack(0x000000dac5900000,0x000000dac5a00000)]
  0x000002277c53d800 JavaThread "Unconstrained build operations Thread 62" [_thread_blocked, id=5888, stack(0x000000dac5a00000,0x000000dac5b00000)]
  0x000002277c53e800 JavaThread "Unconstrained build operations Thread 63" [_thread_blocked, id=13256, stack(0x000000dac5b00000,0x000000dac5c00000)]
  0x000002277c538800 JavaThread "Unconstrained build operations Thread 64" [_thread_blocked, id=7820, stack(0x000000dac5c00000,0x000000dac5d00000)]
  0x000002277c53f000 JavaThread "Unconstrained build operations Thread 65" [_thread_blocked, id=9364, stack(0x000000dac5d00000,0x000000dac5e00000)]
  0x000002277c540000 JavaThread "Unconstrained build operations Thread 66" [_thread_blocked, id=6892, stack(0x000000dac5e00000,0x000000dac5f00000)]
  0x000002277c541000 JavaThread "Unconstrained build operations Thread 67" [_thread_blocked, id=8520, stack(0x000000dac5f00000,0x000000dac6000000)]
  0x000002277b339800 JavaThread "Unconstrained build operations Thread 68" [_thread_blocked, id=10908, stack(0x000000dac6000000,0x000000dac6100000)]
  0x000002277b339000 JavaThread "Unconstrained build operations Thread 69" [_thread_blocked, id=12560, stack(0x000000dac6100000,0x000000dac6200000)]
  0x000002277b335800 JavaThread "Unconstrained build operations Thread 70" [_thread_blocked, id=3268, stack(0x000000dac6200000,0x000000dac6300000)]
  0x000002277b336800 JavaThread "Unconstrained build operations Thread 71" [_thread_blocked, id=1776, stack(0x000000dac6300000,0x000000dac6400000)]
  0x000002277b335000 JavaThread "Unconstrained build operations Thread 72" [_thread_blocked, id=8048, stack(0x000000dac6400000,0x000000dac6500000)]
  0x000002277b33a800 JavaThread "Unconstrained build operations Thread 73" [_thread_blocked, id=5240, stack(0x000000dac6500000,0x000000dac6600000)]
  0x000002277b33b800 JavaThread "Unconstrained build operations Thread 74" [_thread_blocked, id=3140, stack(0x000000dac6600000,0x000000dac6700000)]
  0x000002277b337000 JavaThread "Unconstrained build operations Thread 75" [_thread_blocked, id=11228, stack(0x000000dac6700000,0x000000dac6800000)]
  0x000002277b33c000 JavaThread "Unconstrained build operations Thread 76" [_thread_blocked, id=11328, stack(0x000000dac6800000,0x000000dac6900000)]
  0x000002277b33e000 JavaThread "Unconstrained build operations Thread 77" [_thread_blocked, id=13212, stack(0x000000dac6900000,0x000000dac6a00000)]
  0x000002277b33d000 JavaThread "Unconstrained build operations Thread 78" [_thread_blocked, id=8652, stack(0x000000dac6a00000,0x000000dac6b00000)]
  0x000002277b338000 JavaThread "Unconstrained build operations Thread 79" [_thread_blocked, id=84, stack(0x000000dac6b00000,0x000000dac6c00000)]
  0x000002277b341000 JavaThread "Unconstrained build operations Thread 80" [_thread_blocked, id=6000, stack(0x000000dac6c00000,0x000000dac6d00000)]
  0x000002277b33f800 JavaThread "build event listener" [_thread_blocked, id=5960, stack(0x000000dac6e00000,0x000000dac6f00000)]
  0x000002277b342000 JavaThread "Execution worker for ':'" [_thread_blocked, id=8920, stack(0x000000dac6f00000,0x000000dac7000000)]
  0x000002277b343800 JavaThread "Execution worker for ':' Thread 2" [_thread_blocked, id=5892, stack(0x000000dac7000000,0x000000dac7100000)]
  0x000002277b342800 JavaThread "Execution worker for ':' Thread 3" [_thread_blocked, id=4400, stack(0x000000dac7100000,0x000000dac7200000)]
  0x000002277b340000 JavaThread "Execution worker for ':' Thread 4" [_thread_blocked, id=9604, stack(0x000000dac7200000,0x000000dac7300000)]
  0x000002277b33e800 JavaThread "Execution worker for ':' Thread 5" [_thread_blocked, id=9952, stack(0x000000dac7300000,0x000000dac7400000)]
  0x00000227001d9800 JavaThread "Execution worker for ':' Thread 6" [_thread_blocked, id=3532, stack(0x000000dac7400000,0x000000dac7500000)]
  0x00000227001d7800 JavaThread "Execution worker for ':' Thread 7" [_thread_blocked, id=1484, stack(0x000000dac7500000,0x000000dac7600000)]
  0x00000227001d9000 JavaThread "Cache worker for execution history cache (C:\Users\Dell\StudioProjects\first_project\.gradle\7.3.3\executionHistory)" [_thread_blocked, id=9856, stack(0x000000dac7600000,0x000000dac7700000)]
  0x00000227005a9800 JavaThread "C2 CompilerThread1" daemon [_thread_blocked, id=8152, stack(0x000000dac0c00000,0x000000dac0d00000)]
  0x00000227005aa800 JavaThread "C2 CompilerThread2" daemon [_thread_blocked, id=11236, stack(0x000000dac1700000,0x000000dac1800000)]
  0x00000227001dc000 JavaThread "WorkerExecutor Queue" [_thread_blocked, id=1584, stack(0x000000dac7700000,0x000000dac7800000)]
  0x00000227001dd000 JavaThread "WorkerExecutor Queue Thread 2" [_thread_blocked, id=11100, stack(0x000000dac7800000,0x000000dac7900000)]

Other Threads:
  0x0000022774d3e800 VMThread "VM Thread" [stack: 0x000000dabea00000,0x000000dabeb00000] [id=6388]
  0x0000022775759000 WatcherThread [stack: 0x000000dabf400000,0x000000dabf500000] [id=10900]
  0x00000227588d5000 GCTaskThread "GC Thread#0" [stack: 0x000000dabe500000,0x000000dabe600000] [id=10312]
  0x0000022776687000 GCTaskThread "GC Thread#1" [stack: 0x000000dabf700000,0x000000dabf800000] [id=8660]
  0x00000227767bd000 GCTaskThread "GC Thread#2" [stack: 0x000000dabf800000,0x000000dabf900000] [id=13120]
  0x00000227768c6000 GCTaskThread "GC Thread#3" [stack: 0x000000dabf900000,0x000000dabfa00000] [id=10192]
  0x00000227765a2800 GCTaskThread "GC Thread#4" [stack: 0x000000dabfa00000,0x000000dabfb00000] [id=3440]
  0x000002277672a800 GCTaskThread "GC Thread#5" [stack: 0x000000dabfb00000,0x000000dabfc00000] [id=6736]
  0x000002277701c800 GCTaskThread "GC Thread#6" [stack: 0x000000dac0600000,0x000000dac0700000] [id=12328]
=>0x0000022777938000 GCTaskThread "GC Thread#7" [stack: 0x000000dac0700000,0x000000dac0800000] [id=5712]
  0x0000022758908000 ConcurrentGCThread "G1 Main Marker" [stack: 0x000000dabe600000,0x000000dabe700000] [id=2044]
  0x0000022758909000 ConcurrentGCThread "G1 Conc#0" [stack: 0x000000dabe700000,0x000000dabe800000] [id=12476]
  0x0000022775f9a000 ConcurrentGCThread "G1 Conc#1" [stack: 0x000000dac0800000,0x000000dac0900000] [id=6100]
  0x0000022774bb8800 ConcurrentGCThread "G1 Refine#0" [stack: 0x000000dabe800000,0x000000dabe900000] [id=11636]
  0x000002277b936000 ConcurrentGCThread "G1 Refine#1" [stack: 0x000000dac0a00000,0x000000dac0b00000] [id=3588]
  0x0000022774bb9000 ConcurrentGCThread "G1 Young RemSet Sampling" [stack: 0x000000dabe900000,0x000000dabea00000] [id=6392]

Threads with active compile tasks:
C2 CompilerThread0 527513 19396 % !   4       com.android.ide.common.resources.DataMerger::mergeData @ 88 (611 bytes)
C2 CompilerThread1 527513 19398       4       jdk.internal.reflect.ClassFileAssembler::emitConstantPoolMethodref (28 bytes)

VM state:at safepoint (normal execution)

VM Mutex/Monitor currently owned by a thread:  ([mutex/lock_event])
[0x00000227588b9970] Threads_lock - owner thread: 0x0000022774d3e800
[0x00000227588b8a40] Heap_lock - owner thread: 0x0000022779561800

Heap address: 0x0000000080000000, size: 2048 MB, Compressed Oops mode: 32-bit
Narrow klass base: 0x0000000000000000, Narrow klass shift: 3
Compressed class space size: 1073741824 Address: 0x0000000100000000

Heap:
 garbage-first heap   total 262144K, used 220856K [0x0000000080000000, 0x0000000100000000)
  region size 1024K, 48 young (49152K), 7 survivors (7168K)
 Metaspace       used 115352K, capacity 118600K, committed 118784K, reserved 1153024K
  class space    used 14126K, capacity 15264K, committed 15360K, reserved 1048576K
Heap Regions: E=young(eden), S=young(survivor), O=old, HS=humongous(starts), HC=humongous(continues), CS=collection set, F=free, A=archive, TAMS=top-at-mark-start (previous, next)
|   0|0x0000000080000000, 0x0000000080100000, 0x0000000080100000|100%| O|  |TAMS 0x0000000080100000, 0x0000000080000000| Untracked 
|   1|0x0000000080100000, 0x0000000080200000, 0x0000000080200000|100%| O|  |TAMS 0x0000000080200000, 0x0000000080100000| Untracked 
|   2|0x0000000080200000, 0x0000000080300000, 0x0000000080300000|100%| O|  |TAMS 0x0000000080300000, 0x0000000080200000| Untracked 
|   3|0x0000000080300000, 0x0000000080400000, 0x0000000080400000|100%|HS|  |TAMS 0x0000000080400000, 0x0000000080300000| Complete 
|   4|0x0000000080400000, 0x0000000080500000, 0x0000000080500000|100%|HC|  |TAMS 0x0000000080500000, 0x0000000080400000| Complete 
|   5|0x0000000080500000, 0x0000000080600000, 0x0000000080600000|100%|HC|  |TAMS 0x0000000080600000, 0x0000000080500000| Complete 
|   6|0x0000000080600000, 0x0000000080700000, 0x0000000080700000|100%| O|  |TAMS 0x0000000080700000, 0x0000000080600000| Untracked 
|   7|0x0000000080700000, 0x0000000080800000, 0x0000000080800000|100%| O|  |TAMS 0x0000000080800000, 0x0000000080700000| Untracked 
|   8|0x0000000080800000, 0x0000000080900000, 0x0000000080900000|100%| O|  |TAMS 0x0000000080900000, 0x0000000080800000| Untracked 
|   9|0x0000000080900000, 0x0000000080a00000, 0x0000000080a00000|100%| O|  |TAMS 0x0000000080a00000, 0x0000000080900000| Untracked 
|  10|0x0000000080a00000, 0x0000000080b00000, 0x0000000080b00000|100%| O|  |TAMS 0x0000000080b00000, 0x0000000080a00000| Untracked 
|  11|0x0000000080b00000, 0x0000000080c00000, 0x0000000080c00000|100%| O|  |TAMS 0x0000000080c00000, 0x0000000080b00000| Untracked 
|  12|0x0000000080c00000, 0x0000000080d00000, 0x0000000080d00000|100%| O|  |TAMS 0x0000000080d00000, 0x0000000080c00000| Complete 
|  13|0x0000000080d00000, 0x0000000080e00000, 0x0000000080e00000|100%| O|  |TAMS 0x0000000080e00000, 0x0000000080d00000| Untracked 
|  14|0x0000000080e00000, 0x0000000080f00000, 0x0000000080f00000|100%| O|  |TAMS 0x0000000080f00000, 0x0000000080e00000| Untracked 
|  15|0x0000000080f00000, 0x0000000081000000, 0x0000000081000000|100%| O|  |TAMS 0x0000000081000000, 0x0000000080f00000| Untracked 
|  16|0x0000000081000000, 0x0000000081100000, 0x0000000081100000|100%| O|  |TAMS 0x0000000081100000, 0x0000000081000000| Untracked 
|  17|0x0000000081100000, 0x0000000081200000, 0x0000000081200000|100%|HS|  |TAMS 0x0000000081200000, 0x0000000081100000| Complete 
|  18|0x0000000081200000, 0x0000000081300000, 0x0000000081300000|100%|HC|  |TAMS 0x0000000081300000, 0x0000000081200000| Complete 
|  19|0x0000000081300000, 0x0000000081400000, 0x0000000081400000|100%|HS|  |TAMS 0x0000000081400000, 0x0000000081300000| Complete 
|  20|0x0000000081400000, 0x0000000081500000, 0x0000000081500000|100%|HC|  |TAMS 0x0000000081500000, 0x0000000081400000| Complete 
|  21|0x0000000081500000, 0x0000000081600000, 0x0000000081600000|100%|HC|  |TAMS 0x0000000081600000, 0x0000000081500000| Complete 
|  22|0x0000000081600000, 0x0000000081700000, 0x0000000081700000|100%|HS|  |TAMS 0x0000000081700000, 0x0000000081600000| Complete 
|  23|0x0000000081700000, 0x0000000081800000, 0x0000000081800000|100%|HC|  |TAMS 0x0000000081800000, 0x0000000081700000| Complete 
|  24|0x0000000081800000, 0x0000000081900000, 0x0000000081900000|100%|HC|  |TAMS 0x0000000081900000, 0x0000000081800000| Complete 
|  25|0x0000000081900000, 0x0000000081a00000, 0x0000000081a00000|100%|HS|  |TAMS 0x0000000081a00000, 0x0000000081900000| Complete 
|  26|0x0000000081a00000, 0x0000000081b00000, 0x0000000081b00000|100%|HC|  |TAMS 0x0000000081b00000, 0x0000000081a00000| Complete 
|  27|0x0000000081b00000, 0x0000000081c00000, 0x0000000081c00000|100%|HC|  |TAMS 0x0000000081c00000, 0x0000000081b00000| Complete 
|  28|0x0000000081c00000, 0x0000000081d00000, 0x0000000081d00000|100%|HC|  |TAMS 0x0000000081d00000, 0x0000000081c00000| Complete 
|  29|0x0000000081d00000, 0x0000000081e00000, 0x0000000081e00000|100%|HS|  |TAMS 0x0000000081e00000, 0x0000000081d00000| Complete 
|  30|0x0000000081e00000, 0x0000000081f00000, 0x0000000081f00000|100%|HC|  |TAMS 0x0000000081f00000, 0x0000000081e00000| Complete 
|  31|0x0000000081f00000, 0x0000000082000000, 0x0000000082000000|100%|HC|  |TAMS 0x0000000082000000, 0x0000000081f00000| Complete 
|  32|0x0000000082000000, 0x0000000082100000, 0x0000000082100000|100%|HC|  |TAMS 0x0000000082100000, 0x0000000082000000| Complete 
|  33|0x0000000082100000, 0x0000000082200000, 0x0000000082200000|100%|HC|  |TAMS 0x0000000082200000, 0x0000000082100000| Complete 
|  34|0x0000000082200000, 0x0000000082300000, 0x0000000082300000|100%|HS|  |TAMS 0x0000000082300000, 0x0000000082200000| Complete 
|  35|0x0000000082300000, 0x0000000082400000, 0x0000000082400000|100%| O|  |TAMS 0x0000000082400000, 0x0000000082300000| Complete 
|  36|0x0000000082400000, 0x0000000082500000, 0x0000000082500000|100%| O|  |TAMS 0x0000000082500000, 0x0000000082400000| Untracked 
|  37|0x0000000082500000, 0x0000000082600000, 0x0000000082600000|100%| O|  |TAMS 0x0000000082600000, 0x0000000082500000| Complete 
|  38|0x0000000082600000, 0x0000000082700000, 0x0000000082700000|100%| O|  |TAMS 0x0000000082700000, 0x0000000082600000| Untracked 
|  39|0x0000000082700000, 0x0000000082800000, 0x0000000082800000|100%|HS|  |TAMS 0x0000000082800000, 0x0000000082700000| Complete 
|  40|0x0000000082800000, 0x0000000082900000, 0x0000000082900000|100%|HC|  |TAMS 0x0000000082900000, 0x0000000082800000| Complete 
|  41|0x0000000082900000, 0x0000000082a00000, 0x0000000082a00000|100%|HC|  |TAMS 0x0000000082a00000, 0x0000000082900000| Complete 
|  42|0x0000000082a00000, 0x0000000082b00000, 0x0000000082b00000|100%|HC|  |TAMS 0x0000000082b00000, 0x0000000082a00000| Complete 
|  43|0x0000000082b00000, 0x0000000082c00000, 0x0000000082c00000|100%|HS|  |TAMS 0x0000000082c00000, 0x0000000082b00000| Complete 
|  44|0x0000000082c00000, 0x0000000082d00000, 0x0000000082d00000|100%|HC|  |TAMS 0x0000000082d00000, 0x0000000082c00000| Complete 
|  45|0x0000000082d00000, 0x0000000082e00000, 0x0000000082e00000|100%|HC|  |TAMS 0x0000000082e00000, 0x0000000082d00000| Complete 
|  46|0x0000000082e00000, 0x0000000082f00000, 0x0000000082f00000|100%|HS|  |TAMS 0x0000000082f00000, 0x0000000082e00000| Complete 
|  47|0x0000000082f00000, 0x0000000083000000, 0x0000000083000000|100%|HC|  |TAMS 0x0000000083000000, 0x0000000082f00000| Complete 
|  48|0x0000000083000000, 0x0000000083100000, 0x0000000083100000|100%|HS|  |TAMS 0x0000000083100000, 0x0000000083000000| Complete 
|  49|0x0000000083100000, 0x0000000083200000, 0x0000000083200000|100%|HC|  |TAMS 0x0000000083200000, 0x0000000083100000| Complete 
|  50|0x0000000083200000, 0x0000000083300000, 0x0000000083300000|100%|HC|  |TAMS 0x0000000083300000, 0x0000000083200000| Complete 
|  51|0x0000000083300000, 0x0000000083400000, 0x0000000083400000|100%| O|  |TAMS 0x0000000083400000, 0x0000000083300000| Untracked 
|  52|0x0000000083400000, 0x0000000083500000, 0x0000000083500000|100%| O|  |TAMS 0x0000000083500000, 0x0000000083400000| Untracked 
|  53|0x0000000083500000, 0x0000000083600000, 0x0000000083600000|100%| O|  |TAMS 0x0000000083600000, 0x0000000083500000| Untracked 
|  54|0x0000000083600000, 0x0000000083700000, 0x0000000083700000|100%| O|  |TAMS 0x0000000083700000, 0x0000000083600000| Untracked 
|  55|0x0000000083700000, 0x0000000083800000, 0x0000000083800000|100%| O|  |TAMS 0x0000000083800000, 0x0000000083700000| Untracked 
|  56|0x0000000083800000, 0x0000000083900000, 0x0000000083900000|100%| O|  |TAMS 0x0000000083900000, 0x0000000083800000| Untracked 
|  57|0x0000000083900000, 0x0000000083a00000, 0x0000000083a00000|100%| O|  |TAMS 0x0000000083a00000, 0x0000000083900000| Untracked 
|  58|0x0000000083a00000, 0x0000000083b00000, 0x0000000083b00000|100%| O|  |TAMS 0x0000000083b00000, 0x0000000083a00000| Complete 
|  59|0x0000000083b00000, 0x0000000083c00000, 0x0000000083c00000|100%| O|  |TAMS 0x0000000083c00000, 0x0000000083b00000| Untracked 
|  60|0x0000000083c00000, 0x0000000083d00000, 0x0000000083d00000|100%|HS|  |TAMS 0x0000000083d00000, 0x0000000083c00000| Complete 
|  61|0x0000000083d00000, 0x0000000083e00000, 0x0000000083e00000|100%|HC|  |TAMS 0x0000000083e00000, 0x0000000083d00000| Complete 
|  62|0x0000000083e00000, 0x0000000083f00000, 0x0000000083f00000|100%|HC|  |TAMS 0x0000000083f00000, 0x0000000083e00000| Complete 
|  63|0x0000000083f00000, 0x0000000084000000, 0x0000000084000000|100%|HC|  |TAMS 0x0000000084000000, 0x0000000083f00000| Complete 
|  64|0x0000000084000000, 0x0000000084100000, 0x0000000084100000|100%|HC|  |TAMS 0x0000000084100000, 0x0000000084000000| Complete 
|  65|0x0000000084100000, 0x0000000084200000, 0x0000000084200000|100%| O|  |TAMS 0x0000000084200000, 0x0000000084100000| Untracked 
|  66|0x0000000084200000, 0x0000000084300000, 0x0000000084300000|100%| O|  |TAMS 0x0000000084300000, 0x0000000084200000| Untracked 
|  67|0x0000000084300000, 0x0000000084400000, 0x0000000084400000|100%| O|  |TAMS 0x0000000084400000, 0x0000000084300000| Untracked 
|  68|0x0000000084400000, 0x0000000084500000, 0x0000000084500000|100%| O|  |TAMS 0x0000000084500000, 0x0000000084400000| Untracked 
|  69|0x0000000084500000, 0x0000000084600000, 0x0000000084600000|100%| O|  |TAMS 0x0000000084600000, 0x0000000084500000| Complete 
|  70|0x0000000084600000, 0x0000000084700000, 0x0000000084700000|100%|HS|  |TAMS 0x0000000084700000, 0x0000000084600000| Complete 
|  71|0x0000000084700000, 0x0000000084800000, 0x0000000084800000|100%| O|  |TAMS 0x0000000084800000, 0x0000000084700000| Untracked 
|  72|0x0000000084800000, 0x0000000084900000, 0x0000000084900000|100%| O|  |TAMS 0x0000000084900000, 0x0000000084800000| Untracked 
|  73|0x0000000084900000, 0x0000000084a00000, 0x0000000084a00000|100%| O|  |TAMS 0x0000000084a00000, 0x0000000084900000| Untracked 
|  74|0x0000000084a00000, 0x0000000084b00000, 0x0000000084b00000|100%| O|  |TAMS 0x0000000084b00000, 0x0000000084a00000| Untracked 
|  75|0x0000000084b00000, 0x0000000084c00000, 0x0000000084c00000|100%| O|  |TAMS 0x0000000084c00000, 0x0000000084b00000| Untracked 
|  76|0x0000000084c00000, 0x0000000084d00000, 0x0000000084d00000|100%| O|  |TAMS 0x0000000084d00000, 0x0000000084c00000| Untracked 
|  77|0x0000000084d00000, 0x0000000084e00000, 0x0000000084e00000|100%| O|  |TAMS 0x0000000084e00000, 0x0000000084d00000| Complete 
|  78|0x0000000084e00000, 0x0000000084f00000, 0x0000000084f00000|100%|HS|  |TAMS 0x0000000084f00000, 0x0000000084e00000| Complete 
|  79|0x0000000084f00000, 0x0000000085000000, 0x0000000085000000|100%|HS|  |TAMS 0x0000000085000000, 0x0000000084f00000| Complete 
|  80|0x0000000085000000, 0x0000000085100000, 0x0000000085100000|100%|HC|  |TAMS 0x0000000085100000, 0x0000000085000000| Complete 
|  81|0x0000000085100000, 0x0000000085200000, 0x0000000085200000|100%| O|  |TAMS 0x0000000085200000, 0x0000000085100000| Complete 
|  82|0x0000000085200000, 0x0000000085300000, 0x0000000085300000|100%|HS|  |TAMS 0x0000000085300000, 0x0000000085200000| Complete 
|  83|0x0000000085300000, 0x0000000085400000, 0x0000000085400000|100%| O|  |TAMS 0x0000000085400000, 0x0000000085300000| Untracked 
|  84|0x0000000085400000, 0x0000000085500000, 0x0000000085500000|100%| O|  |TAMS 0x0000000085500000, 0x0000000085400000| Untracked 
|  85|0x0000000085500000, 0x0000000085600000, 0x0000000085600000|100%| O|  |TAMS 0x0000000085600000, 0x0000000085500000| Complete 
|  86|0x0000000085600000, 0x0000000085700000, 0x0000000085700000|100%| O|  |TAMS 0x0000000085700000, 0x0000000085600000| Complete 
|  87|0x0000000085700000, 0x0000000085800000, 0x0000000085800000|100%| O|  |TAMS 0x0000000085800000, 0x0000000085700000| Complete 
|  88|0x0000000085800000, 0x0000000085900000, 0x0000000085900000|100%| O|  |TAMS 0x0000000085900000, 0x0000000085800000| Untracked 
|  89|0x0000000085900000, 0x0000000085a00000, 0x0000000085a00000|100%| O|  |TAMS 0x0000000085a00000, 0x0000000085900000| Complete 
|  90|0x0000000085a00000, 0x0000000085b00000, 0x0000000085b00000|100%| O|  |TAMS 0x0000000085b00000, 0x0000000085a00000| Complete 
|  91|0x0000000085b00000, 0x0000000085c00000, 0x0000000085c00000|100%| O|  |TAMS 0x0000000085c00000, 0x0000000085b00000| Untracked 
|  92|0x0000000085c00000, 0x0000000085d00000, 0x0000000085d00000|100%| O|  |TAMS 0x0000000085d00000, 0x0000000085c00000| Complete 
|  93|0x0000000085d00000, 0x0000000085e00000, 0x0000000085e00000|100%| O|  |TAMS 0x0000000085e00000, 0x0000000085d00000| Complete 
|  94|0x0000000085e00000, 0x0000000085f00000, 0x0000000085f00000|100%| O|  |TAMS 0x0000000085f00000, 0x0000000085e00000| Complete 
|  95|0x0000000085f00000, 0x0000000086000000, 0x0000000086000000|100%| O|  |TAMS 0x0000000086000000, 0x0000000085f00000| Complete 
|  96|0x0000000086000000, 0x0000000086100000, 0x0000000086100000|100%| O|  |TAMS 0x0000000086100000, 0x0000000086000000| Complete 
|  97|0x0000000086100000, 0x0000000086200000, 0x0000000086200000|100%|HS|  |TAMS 0x0000000086200000, 0x0000000086100000| Complete 
|  98|0x0000000086200000, 0x0000000086300000, 0x0000000086300000|100%|HC|  |TAMS 0x0000000086300000, 0x0000000086200000| Complete 
|  99|0x0000000086300000, 0x0000000086400000, 0x0000000086400000|100%|HS|  |TAMS 0x0000000086400000, 0x0000000086300000| Complete 
| 100|0x0000000086400000, 0x0000000086500000, 0x0000000086500000|100%|HC|  |TAMS 0x0000000086500000, 0x0000000086400000| Complete 
| 101|0x0000000086500000, 0x0000000086600000, 0x0000000086600000|100%|HC|  |TAMS 0x0000000086600000, 0x0000000086500000| Complete 
| 102|0x0000000086600000, 0x0000000086700000, 0x0000000086700000|100%|HS|  |TAMS 0x0000000086700000, 0x0000000086600000| Complete 
| 103|0x0000000086700000, 0x0000000086800000, 0x0000000086800000|100%|HC|  |TAMS 0x0000000086800000, 0x0000000086700000| Complete 
| 104|0x0000000086800000, 0x0000000086900000, 0x0000000086900000|100%|HC|  |TAMS 0x0000000086900000, 0x0000000086800000| Complete 
| 105|0x0000000086900000, 0x0000000086a00000, 0x0000000086a00000|100%|HS|  |TAMS 0x0000000086a00000, 0x0000000086900000| Complete 
| 106|0x0000000086a00000, 0x0000000086b00000, 0x0000000086b00000|100%|HC|  |TAMS 0x0000000086b00000, 0x0000000086a00000| Complete 
| 107|0x0000000086b00000, 0x0000000086c00000, 0x0000000086c00000|100%|HC|  |TAMS 0x0000000086c00000, 0x0000000086b00000| Complete 
| 108|0x0000000086c00000, 0x0000000086d00000, 0x0000000086d00000|100%|HC|  |TAMS 0x0000000086d00000, 0x0000000086c00000| Complete 
| 109|0x0000000086d00000, 0x0000000086e00000, 0x0000000086e00000|100%|HS|  |TAMS 0x0000000086e00000, 0x0000000086d00000| Complete 
| 110|0x0000000086e00000, 0x0000000086f00000, 0x0000000086f00000|100%|HC|  |TAMS 0x0000000086f00000, 0x0000000086e00000| Complete 
| 111|0x0000000086f00000, 0x0000000087000000, 0x0000000087000000|100%|HC|  |TAMS 0x0000000087000000, 0x0000000086f00000| Complete 
| 112|0x0000000087000000, 0x0000000087100000, 0x0000000087100000|100%|HC|  |TAMS 0x0000000087100000, 0x0000000087000000| Complete 
| 113|0x0000000087100000, 0x0000000087200000, 0x0000000087200000|100%|HC|  |TAMS 0x0000000087200000, 0x0000000087100000| Complete 
| 114|0x0000000087200000, 0x0000000087300000, 0x0000000087300000|100%| O|  |TAMS 0x0000000087300000, 0x0000000087200000| Untracked 
| 115|0x0000000087300000, 0x0000000087400000, 0x0000000087400000|100%| O|  |TAMS 0x0000000087400000, 0x0000000087300000| Untracked 
| 116|0x0000000087400000, 0x0000000087500000, 0x0000000087500000|100%| O|  |TAMS 0x0000000087500000, 0x0000000087400000| Complete 
| 117|0x0000000087500000, 0x0000000087600000, 0x0000000087600000|100%| O|  |TAMS 0x0000000087600000, 0x0000000087500000| Untracked 
| 118|0x0000000087600000, 0x0000000087700000, 0x0000000087700000|100%| O|  |TAMS 0x0000000087700000, 0x0000000087600000| Untracked 
| 119|0x0000000087700000, 0x0000000087800000, 0x0000000087800000|100%| O|  |TAMS 0x0000000087800000, 0x0000000087700000| Untracked 
| 120|0x0000000087800000, 0x0000000087900000, 0x0000000087900000|100%| O|  |TAMS 0x0000000087900000, 0x0000000087800000| Complete 
| 121|0x0000000087900000, 0x0000000087a00000, 0x0000000087a00000|100%| O|  |TAMS 0x0000000087a00000, 0x0000000087900000| Complete 
| 122|0x0000000087a00000, 0x0000000087b00000, 0x0000000087b00000|100%| O|  |TAMS 0x0000000087b00000, 0x0000000087a00000| Complete 
| 123|0x0000000087b00000, 0x0000000087c00000, 0x0000000087c00000|100%| O|  |TAMS 0x0000000087c00000, 0x0000000087b00000| Untracked 
| 124|0x0000000087c00000, 0x0000000087d00000, 0x0000000087d00000|100%| O|  |TAMS 0x0000000087d00000, 0x0000000087c00000| Untracked 
| 125|0x0000000087d00000, 0x0000000087e00000, 0x0000000087e00000|100%| O|  |TAMS 0x0000000087e00000, 0x0000000087d00000| Untracked 
| 126|0x0000000087e00000, 0x0000000087f00000, 0x0000000087f00000|100%| O|  |TAMS 0x0000000087f00000, 0x0000000087e00000| Complete 
| 127|0x0000000087f00000, 0x0000000088000000, 0x0000000088000000|100%| O|  |TAMS 0x0000000088000000, 0x0000000087f00000| Untracked 
| 128|0x0000000088000000, 0x0000000088100000, 0x0000000088100000|100%| O|  |TAMS 0x0000000088100000, 0x0000000088000000| Untracked 
| 129|0x0000000088100000, 0x0000000088200000, 0x0000000088200000|100%| O|  |TAMS 0x0000000088200000, 0x0000000088100000| Untracked 
| 130|0x0000000088200000, 0x0000000088300000, 0x0000000088300000|100%| O|  |TAMS 0x0000000088300000, 0x0000000088200000| Untracked 
| 131|0x0000000088300000, 0x0000000088400000, 0x0000000088400000|100%| O|  |TAMS 0x0000000088400000, 0x0000000088300000| Untracked 
| 132|0x0000000088400000, 0x0000000088500000, 0x0000000088500000|100%| O|  |TAMS 0x0000000088500000, 0x0000000088400000| Complete 
| 133|0x0000000088500000, 0x0000000088600000, 0x0000000088600000|100%| O|  |TAMS 0x0000000088600000, 0x0000000088500000| Complete 
| 134|0x0000000088600000, 0x0000000088700000, 0x0000000088700000|100%| O|  |TAMS 0x0000000088700000, 0x0000000088600000| Complete 
| 135|0x0000000088700000, 0x0000000088800000, 0x0000000088800000|100%|HS|  |TAMS 0x0000000088700000, 0x0000000088700000| Complete 
| 136|0x0000000088800000, 0x0000000088900000, 0x0000000088900000|100%| O|  |TAMS 0x0000000088900000, 0x0000000088800000| Untracked 
| 137|0x0000000088900000, 0x0000000088a00000, 0x0000000088a00000|100%| O|  |TAMS 0x0000000088a00000, 0x0000000088900000| Complete 
| 138|0x0000000088a00000, 0x0000000088b00000, 0x0000000088b00000|100%|HS|  |TAMS 0x0000000088b00000, 0x0000000088a00000| Complete 
| 139|0x0000000088b00000, 0x0000000088c00000, 0x0000000088c00000|100%| O|  |TAMS 0x0000000088c00000, 0x0000000088b00000| Complete 
| 140|0x0000000088c00000, 0x0000000088d00000, 0x0000000088d00000|100%| O|  |TAMS 0x0000000088d00000, 0x0000000088c00000| Complete 
| 141|0x0000000088d00000, 0x0000000088e00000, 0x0000000088e00000|100%| O|  |TAMS 0x0000000088e00000, 0x0000000088d00000| Complete 
| 142|0x0000000088e00000, 0x0000000088f00000, 0x0000000088f00000|100%| O|  |TAMS 0x0000000088f00000, 0x0000000088e00000| Complete 
| 143|0x0000000088f00000, 0x0000000089000000, 0x0000000089000000|100%| O|  |TAMS 0x0000000089000000, 0x0000000088f00000| Complete 
| 144|0x0000000089000000, 0x0000000089100000, 0x0000000089100000|100%| O|  |TAMS 0x0000000089100000, 0x0000000089000000| Complete 
| 145|0x0000000089100000, 0x0000000089200000, 0x0000000089200000|100%| O|  |TAMS 0x0000000089200000, 0x0000000089100000| Untracked 
| 146|0x0000000089200000, 0x0000000089300000, 0x0000000089300000|100%| O|  |TAMS 0x00000000892ae200, 0x0000000089200000| Untracked 
| 147|0x0000000089300000, 0x0000000089400000, 0x0000000089400000|100%| O|  |TAMS 0x0000000089400000, 0x0000000089300000| Complete 
| 148|0x0000000089400000, 0x0000000089500000, 0x0000000089500000|100%| O|  |TAMS 0x0000000089500000, 0x0000000089400000| Complete 
| 149|0x0000000089500000, 0x0000000089600000, 0x0000000089600000|100%| O|  |TAMS 0x0000000089600000, 0x0000000089500000| Complete 
| 150|0x0000000089600000, 0x0000000089700000, 0x0000000089700000|100%| O|  |TAMS 0x0000000089700000, 0x0000000089600000| Complete 
| 151|0x0000000089700000, 0x0000000089800000, 0x0000000089800000|100%| O|  |TAMS 0x0000000089800000, 0x0000000089700000| Complete 
| 152|0x0000000089800000, 0x0000000089900000, 0x0000000089900000|100%| O|  |TAMS 0x0000000089900000, 0x0000000089800000| Complete 
| 153|0x0000000089900000, 0x0000000089a00000, 0x0000000089a00000|100%| O|  |TAMS 0x0000000089a00000, 0x0000000089900000| Complete 
| 154|0x0000000089a00000, 0x0000000089b00000, 0x0000000089b00000|100%| O|  |TAMS 0x0000000089b00000, 0x0000000089a00000| Complete 
| 155|0x0000000089b00000, 0x0000000089c00000, 0x0000000089c00000|100%| O|  |TAMS 0x0000000089c00000, 0x0000000089b00000| Complete 
| 156|0x0000000089c00000, 0x0000000089d00000, 0x0000000089d00000|100%| O|  |TAMS 0x0000000089d00000, 0x0000000089c00000| Untracked 
| 157|0x0000000089d00000, 0x0000000089e00000, 0x0000000089e00000|100%| O|  |TAMS 0x0000000089e00000, 0x0000000089d00000| Untracked 
| 158|0x0000000089e00000, 0x0000000089f00000, 0x0000000089f00000|100%| O|  |TAMS 0x0000000089f00000, 0x0000000089e00000| Untracked 
| 159|0x0000000089f00000, 0x000000008a000000, 0x000000008a000000|100%| O|  |TAMS 0x000000008a000000, 0x0000000089f00000| Untracked 
| 160|0x000000008a000000, 0x000000008a100000, 0x000000008a100000|100%| O|  |TAMS 0x000000008a100000, 0x000000008a000000| Complete 
| 161|0x000000008a100000, 0x000000008a200000, 0x000000008a200000|100%| O|  |TAMS 0x000000008a200000, 0x000000008a100000| Complete 
| 162|0x000000008a200000, 0x000000008a300000, 0x000000008a300000|100%| O|  |TAMS 0x000000008a300000, 0x000000008a200000| Complete 
| 163|0x000000008a300000, 0x000000008a400000, 0x000000008a400000|100%| O|  |TAMS 0x000000008a400000, 0x000000008a300000| Complete 
| 164|0x000000008a400000, 0x000000008a500000, 0x000000008a500000|100%| O|  |TAMS 0x000000008a500000, 0x000000008a400000| Complete 
| 165|0x000000008a500000, 0x000000008a600000, 0x000000008a600000|100%| O|  |TAMS 0x000000008a600000, 0x000000008a500000| Complete 
| 166|0x000000008a600000, 0x000000008a700000, 0x000000008a700000|100%| O|  |TAMS 0x000000008a700000, 0x000000008a600000| Complete 
| 167|0x000000008a700000, 0x000000008a800000, 0x000000008a800000|100%| O|  |TAMS 0x000000008a700000, 0x000000008a700000| Untracked 
| 168|0x000000008a800000, 0x000000008a900000, 0x000000008a900000|100%| O|  |TAMS 0x000000008a800000, 0x000000008a800000| Untracked 
| 169|0x000000008a900000, 0x000000008aa00000, 0x000000008aa00000|100%| O|  |TAMS 0x000000008a900000, 0x000000008a900000| Untracked 
| 170|0x000000008aa00000, 0x000000008ab00000, 0x000000008ab00000|100%| O|  |TAMS 0x000000008aa00000, 0x000000008aa00000| Untracked 
| 171|0x000000008ab00000, 0x000000008ac00000, 0x000000008ac00000|100%| O|  |TAMS 0x000000008ab00000, 0x000000008ab00000| Untracked 
| 172|0x000000008ac00000, 0x000000008ad00000, 0x000000008ad00000|100%| O|  |TAMS 0x000000008ac00000, 0x000000008ac00000| Untracked 
| 173|0x000000008ad00000, 0x000000008ae00000, 0x000000008ae00000|100%| O|  |TAMS 0x000000008ad00000, 0x000000008ad00000| Untracked 
| 174|0x000000008ae00000, 0x000000008af00000, 0x000000008af00000|100%| O|  |TAMS 0x000000008ae00000, 0x000000008ae00000| Untracked 
| 175|0x000000008af00000, 0x000000008b000000, 0x000000008b000000|100%| O|  |TAMS 0x000000008af00000, 0x000000008af00000| Untracked 
| 176|0x000000008b000000, 0x000000008b100000, 0x000000008b100000|100%| O|  |TAMS 0x000000008b000000, 0x000000008b000000| Untracked 
| 177|0x000000008b100000, 0x000000008b200000, 0x000000008b200000|100%| O|  |TAMS 0x000000008b100000, 0x000000008b100000| Untracked 
| 178|0x000000008b200000, 0x000000008b300000, 0x000000008b300000|100%| O|  |TAMS 0x000000008b200000, 0x000000008b200000| Untracked 
| 179|0x000000008b300000, 0x000000008b35e300, 0x000000008b400000| 36%| O|  |TAMS 0x000000008b300000, 0x000000008b300000| Untracked 
| 180|0x000000008b400000, 0x000000008b400000, 0x000000008b500000|  0%| F|  |TAMS 0x000000008b400000, 0x000000008b400000| Untracked 
| 181|0x000000008b500000, 0x000000008b500000, 0x000000008b600000|  0%| F|  |TAMS 0x000000008b500000, 0x000000008b500000| Untracked 
| 182|0x000000008b600000, 0x000000008b600000, 0x000000008b700000|  0%| F|  |TAMS 0x000000008b600000, 0x000000008b600000| Untracked 
| 183|0x000000008b700000, 0x000000008b700000, 0x000000008b800000|  0%| F|  |TAMS 0x000000008b700000, 0x000000008b700000| Untracked 
| 184|0x000000008b800000, 0x000000008b800000, 0x000000008b900000|  0%| F|  |TAMS 0x000000008b800000, 0x000000008b800000| Untracked 
| 185|0x000000008b900000, 0x000000008b900000, 0x000000008ba00000|  0%| F|  |TAMS 0x000000008b900000, 0x000000008b900000| Untracked 
| 186|0x000000008ba00000, 0x000000008ba00000, 0x000000008bb00000|  0%| F|  |TAMS 0x000000008ba00000, 0x000000008ba00000| Untracked 
| 187|0x000000008bb00000, 0x000000008bb00000, 0x000000008bc00000|  0%| F|  |TAMS 0x000000008bb00000, 0x000000008bb00000| Untracked 
| 188|0x000000008bc00000, 0x000000008bc00000, 0x000000008bd00000|  0%| F|  |TAMS 0x000000008bc00000, 0x000000008bc00000| Untracked 
| 189|0x000000008bd00000, 0x000000008bd00000, 0x000000008be00000|  0%| F|  |TAMS 0x000000008bd00000, 0x000000008bd00000| Untracked 
| 190|0x000000008be00000, 0x000000008be00000, 0x000000008bf00000|  0%| F|  |TAMS 0x000000008be00000, 0x000000008be00000| Untracked 
| 191|0x000000008bf00000, 0x000000008bf00000, 0x000000008c000000|  0%| F|  |TAMS 0x000000008bf00000, 0x000000008bf00000| Untracked 
| 192|0x000000008c000000, 0x000000008c000000, 0x000000008c100000|  0%| F|  |TAMS 0x000000008c000000, 0x000000008c000000| Untracked 
| 193|0x000000008c100000, 0x000000008c100000, 0x000000008c200000|  0%| F|  |TAMS 0x000000008c100000, 0x000000008c100000| Untracked 
| 194|0x000000008c200000, 0x000000008c200000, 0x000000008c300000|  0%| F|  |TAMS 0x000000008c200000, 0x000000008c200000| Untracked 
| 195|0x000000008c300000, 0x000000008c300000, 0x000000008c400000|  0%| F|  |TAMS 0x000000008c300000, 0x000000008c300000| Untracked 
| 196|0x000000008c400000, 0x000000008c400000, 0x000000008c500000|  0%| F|  |TAMS 0x000000008c400000, 0x000000008c400000| Untracked 
| 197|0x000000008c500000, 0x000000008c500000, 0x000000008c600000|  0%| F|  |TAMS 0x000000008c500000, 0x000000008c500000| Untracked 
| 198|0x000000008c600000, 0x000000008c600000, 0x000000008c700000|  0%| F|  |TAMS 0x000000008c600000, 0x000000008c600000| Untracked 
| 199|0x000000008c700000, 0x000000008c700000, 0x000000008c800000|  0%| F|  |TAMS 0x000000008c700000, 0x000000008c700000| Untracked 
| 200|0x000000008c800000, 0x000000008c900000, 0x000000008c900000|100%| S|  |TAMS 0x000000008c800000, 0x000000008c800000| Complete 
| 201|0x000000008c900000, 0x000000008ca00000, 0x000000008ca00000|100%| S|  |TAMS 0x000000008c900000, 0x000000008c900000| Complete 
| 202|0x000000008ca00000, 0x000000008cb00000, 0x000000008cb00000|100%| S|  |TAMS 0x000000008ca00000, 0x000000008ca00000| Complete 
| 203|0x000000008cb00000, 0x000000008cc00000, 0x000000008cc00000|100%| S|  |TAMS 0x000000008cb00000, 0x000000008cb00000| Complete 
| 204|0x000000008cc00000, 0x000000008cd00000, 0x000000008cd00000|100%| S|  |TAMS 0x000000008cc00000, 0x000000008cc00000| Complete 
| 205|0x000000008cd00000, 0x000000008ce00000, 0x000000008ce00000|100%| S|  |TAMS 0x000000008cd00000, 0x000000008cd00000| Complete 
| 206|0x000000008ce00000, 0x000000008cf00000, 0x000000008cf00000|100%| S|  |TAMS 0x000000008ce00000, 0x000000008ce00000| Complete 
| 207|0x000000008cf00000, 0x000000008d000000, 0x000000008d000000|100%| E|CS|TAMS 0x000000008cf00000, 0x000000008cf00000| Complete 
| 208|0x000000008d000000, 0x000000008d100000, 0x000000008d100000|100%| E|CS|TAMS 0x000000008d000000, 0x000000008d000000| Complete 
| 209|0x000000008d100000, 0x000000008d200000, 0x000000008d200000|100%| E|CS|TAMS 0x000000008d100000, 0x000000008d100000| Complete 
| 210|0x000000008d200000, 0x000000008d300000, 0x000000008d300000|100%| E|CS|TAMS 0x000000008d200000, 0x000000008d200000| Complete 
| 211|0x000000008d300000, 0x000000008d400000, 0x000000008d400000|100%| E|CS|TAMS 0x000000008d300000, 0x000000008d300000| Complete 
| 212|0x000000008d400000, 0x000000008d500000, 0x000000008d500000|100%| E|CS|TAMS 0x000000008d400000, 0x000000008d400000| Complete 
| 213|0x000000008d500000, 0x000000008d600000, 0x000000008d600000|100%| E|CS|TAMS 0x000000008d500000, 0x000000008d500000| Complete 
| 214|0x000000008d600000, 0x000000008d700000, 0x000000008d700000|100%| E|CS|TAMS 0x000000008d600000, 0x000000008d600000| Complete 
| 215|0x000000008d700000, 0x000000008d800000, 0x000000008d800000|100%| E|CS|TAMS 0x000000008d700000, 0x000000008d700000| Complete 
| 216|0x000000008d800000, 0x000000008d900000, 0x000000008d900000|100%| E|CS|TAMS 0x000000008d800000, 0x000000008d800000| Complete 
| 217|0x000000008d900000, 0x000000008da00000, 0x000000008da00000|100%| E|CS|TAMS 0x000000008d900000, 0x000000008d900000| Complete 
| 218|0x000000008da00000, 0x000000008db00000, 0x000000008db00000|100%| E|CS|TAMS 0x000000008da00000, 0x000000008da00000| Complete 
| 219|0x000000008db00000, 0x000000008dc00000, 0x000000008dc00000|100%| E|CS|TAMS 0x000000008db00000, 0x000000008db00000| Complete 
| 220|0x000000008dc00000, 0x000000008dd00000, 0x000000008dd00000|100%| E|CS|TAMS 0x000000008dc00000, 0x000000008dc00000| Complete 
| 221|0x000000008dd00000, 0x000000008de00000, 0x000000008de00000|100%| E|CS|TAMS 0x000000008dd00000, 0x000000008dd00000| Complete 
| 222|0x000000008de00000, 0x000000008df00000, 0x000000008df00000|100%| E|CS|TAMS 0x000000008de00000, 0x000000008de00000| Complete 
| 223|0x000000008df00000, 0x000000008e000000, 0x000000008e000000|100%| E|CS|TAMS 0x000000008df00000, 0x000000008df00000| Complete 
| 224|0x000000008e000000, 0x000000008e100000, 0x000000008e100000|100%| E|CS|TAMS 0x000000008e000000, 0x000000008e000000| Complete 
| 225|0x000000008e100000, 0x000000008e200000, 0x000000008e200000|100%| E|CS|TAMS 0x000000008e100000, 0x000000008e100000| Complete 
| 226|0x000000008e200000, 0x000000008e300000, 0x000000008e300000|100%| E|CS|TAMS 0x000000008e200000, 0x000000008e200000| Complete 
| 227|0x000000008e300000, 0x000000008e400000, 0x000000008e400000|100%| E|CS|TAMS 0x000000008e300000, 0x000000008e300000| Complete 
| 228|0x000000008e400000, 0x000000008e500000, 0x000000008e500000|100%| E|CS|TAMS 0x000000008e400000, 0x000000008e400000| Complete 
| 229|0x000000008e500000, 0x000000008e600000, 0x000000008e600000|100%| E|CS|TAMS 0x000000008e500000, 0x000000008e500000| Complete 
| 230|0x000000008e600000, 0x000000008e700000, 0x000000008e700000|100%| E|CS|TAMS 0x000000008e600000, 0x000000008e600000| Complete 
| 231|0x000000008e700000, 0x000000008e800000, 0x000000008e800000|100%| E|CS|TAMS 0x000000008e700000, 0x000000008e700000| Complete 
| 232|0x000000008e800000, 0x000000008e900000, 0x000000008e900000|100%| E|CS|TAMS 0x000000008e800000, 0x000000008e800000| Complete 
| 233|0x000000008e900000, 0x000000008ea00000, 0x000000008ea00000|100%| E|CS|TAMS 0x000000008e900000, 0x000000008e900000| Complete 
| 234|0x000000008ea00000, 0x000000008eb00000, 0x000000008eb00000|100%| E|CS|TAMS 0x000000008ea00000, 0x000000008ea00000| Complete 
| 235|0x000000008eb00000, 0x000000008ec00000, 0x000000008ec00000|100%| E|CS|TAMS 0x000000008eb00000, 0x000000008eb00000| Complete 
| 236|0x000000008ec00000, 0x000000008ed00000, 0x000000008ed00000|100%| E|CS|TAMS 0x000000008ec00000, 0x000000008ec00000| Complete 
| 237|0x000000008ed00000, 0x000000008ee00000, 0x000000008ee00000|100%| E|CS|TAMS 0x000000008ed00000, 0x000000008ed00000| Complete 
| 238|0x000000008ee00000, 0x000000008ef00000, 0x000000008ef00000|100%| E|CS|TAMS 0x000000008ee00000, 0x000000008ee00000| Complete 
| 239|0x000000008ef00000, 0x000000008f000000, 0x000000008f000000|100%| E|CS|TAMS 0x000000008ef00000, 0x000000008ef00000| Complete 
| 240|0x000000008f000000, 0x000000008f100000, 0x000000008f100000|100%| E|CS|TAMS 0x000000008f000000, 0x000000008f000000| Complete 
| 241|0x000000008f100000, 0x000000008f200000, 0x000000008f200000|100%| E|CS|TAMS 0x000000008f100000, 0x000000008f100000| Complete 
| 242|0x000000008f200000, 0x000000008f300000, 0x000000008f300000|100%| E|CS|TAMS 0x000000008f200000, 0x000000008f200000| Complete 
| 243|0x000000008f300000, 0x000000008f400000, 0x000000008f400000|100%| E|CS|TAMS 0x000000008f300000, 0x000000008f300000| Complete 
| 244|0x000000008f400000, 0x000000008f500000, 0x000000008f500000|100%| E|CS|TAMS 0x000000008f400000, 0x000000008f400000| Complete 
| 245|0x000000008f500000, 0x000000008f600000, 0x000000008f600000|100%| E|CS|TAMS 0x000000008f500000, 0x000000008f500000| Complete 
| 246|0x000000008f600000, 0x000000008f700000, 0x000000008f700000|100%| E|CS|TAMS 0x000000008f600000, 0x000000008f600000| Complete 
| 247|0x000000008f700000, 0x000000008f800000, 0x000000008f800000|100%| E|CS|TAMS 0x000000008f700000, 0x000000008f700000| Complete 
| 248|0x000000008f800000, 0x000000008f900000, 0x000000008f900000|100%| E|CS|TAMS 0x000000008f800000, 0x000000008f800000| Complete 
| 249|0x000000008f900000, 0x000000008fa00000, 0x000000008fa00000|100%| E|CS|TAMS 0x000000008f900000, 0x000000008f900000| Complete 
| 250|0x000000008fa00000, 0x000000008fb00000, 0x000000008fb00000|100%| E|CS|TAMS 0x000000008fa00000, 0x000000008fa00000| Complete 
| 251|0x000000008fb00000, 0x000000008fc00000, 0x000000008fc00000|100%| E|CS|TAMS 0x000000008fb00000, 0x000000008fb00000| Complete 
| 252|0x000000008fc00000, 0x000000008fd00000, 0x000000008fd00000|100%| E|CS|TAMS 0x000000008fc00000, 0x000000008fc00000| Complete 
| 253|0x000000008fd00000, 0x000000008fe00000, 0x000000008fe00000|100%| E|CS|TAMS 0x000000008fd00000, 0x000000008fd00000| Complete 
| 254|0x000000008fe00000, 0x000000008ff00000, 0x000000008ff00000|100%| E|CS|TAMS 0x000000008fe00000, 0x000000008fe00000| Complete 
| 255|0x000000008ff00000, 0x0000000090000000, 0x0000000090000000|100%| E|CS|TAMS 0x000000008ff00000, 0x000000008ff00000| Complete 

Card table byte_map: [0x000002276da20000,0x000002276de20000] _byte_map_base: 0x000002276d620000

Marking Bits (Prev, Next): (CMBitMap*) 0x00000227588ff550, (CMBitMap*) 0x00000227588ff518
 Prev Bits: [0x0000022770220000, 0x0000022772220000)
 Next Bits: [0x000002276e220000, 0x0000022770220000)

Polling page: 0x00000227589a0000

Metaspace:

Usage:
  Non-class:    100.91 MB capacity,    98.85 MB ( 98%) used,     1.72 MB (  2%) free+waste,   351.44 KB ( <1%) overhead. 
      Class:     14.91 MB capacity,    13.80 MB ( 93%) used,   981.49 KB (  6%) free+waste,   155.63 KB (  1%) overhead. 
       Both:    115.82 MB capacity,   112.65 MB ( 97%) used,     2.68 MB (  2%) free+waste,   507.06 KB ( <1%) overhead. 

Virtual space:
  Non-class space:      102.00 MB reserved,     101.00 MB (>99%) committed 
      Class space:        1.00 GB reserved,      15.00 MB (  1%) committed 
             Both:        1.10 GB reserved,     116.00 MB ( 10%) committed 

Chunk freelists:
   Non-Class:  24.00 KB
       Class:  0 bytes
        Both:  24.00 KB

MaxMetaspaceSize: 17179869184.00 GB
CompressedClassSpaceSize: 1.00 GB
Initial GC threshold: 20.80 MB
Current GC threshold: 191.88 MB
CDS: off

CodeHeap 'non-profiled nmethods': size=120000Kb used=14789Kb max_used=14789Kb free=105210Kb
 bounds [0x0000022765680000, 0x0000022766500000, 0x000002276cbb0000]
CodeHeap 'profiled nmethods': size=120000Kb used=40609Kb max_used=40609Kb free=79390Kb
 bounds [0x000002275e150000, 0x0000022760900000, 0x0000022765680000]
CodeHeap 'non-nmethods': size=5760Kb used=2451Kb max_used=2503Kb free=3308Kb
 bounds [0x000002275dbb0000, 0x000002275de30000, 0x000002275e150000]
 total_blobs=18508 nmethods=17520 adapters=900
 compilation: enabled
              stopped_count=0, restarted_count=0
 full_count=0

Compilation events (20 events):
Event: 527.359 Thread 0x00000227005a9800 nmethod 19358 0x00000227664ee310 code [0x00000227664ee4a0, 0x00000227664ee518]
Event: 527.360 Thread 0x00000227005a9800 19377       4       com.android.ide.common.resources.ResourceMergerItem::getSourceType (47 bytes)
Event: 527.360 Thread 0x00000227005aa800 nmethod 19381 0x00000227664ee610 code [0x00000227664ee7a0, 0x00000227664ee898]
Event: 527.360 Thread 0x00000227755e4000 nmethod 19393 0x00000227608f1210 code [0x00000227608f1440, 0x00000227608f1bf8]
Event: 527.360 Thread 0x00000227005aa800 19375       4       com.google.common.collect.LinkedListMultimap$NodeIterator::next (50 bytes)
Event: 527.360 Thread 0x00000227005a9800 nmethod 19377 0x00000227664ee990 code [0x00000227664eeb20, 0x00000227664eeb98]
Event: 527.361 Thread 0x00000227755e4000 19394 % !   3       com.android.ide.common.resources.DataMerger::mergeData @ 247 (611 bytes)
Event: 527.361 Thread 0x00000227005a9800 19376       4       com.google.common.collect.LinkedListMultimap$1ValuesImpl$1::transform (9 bytes)
Event: 527.362 Thread 0x00000227005a9800 nmethod 19376 0x00000227664eec90 code [0x00000227664eee20, 0x00000227664eeeb8]
Event: 527.362 Thread 0x00000227005a9800 19351       4       com.google.common.collect.Maps$3::transform (6 bytes)
Event: 527.365 Thread 0x00000227755e4000 nmethod 19394% 0x00000227608f1e10 code [0x00000227608f2380, 0x00000227608f6048]
Event: 527.365 Thread 0x00000227755db000 nmethod 19350 0x00000227664eef90 code [0x00000227664ef1a0, 0x00000227664efa58]
Event: 527.366 Thread 0x00000227755e4000 19395   !   3       com.android.ide.common.resources.DataMerger::mergeData (611 bytes)
Event: 527.366 Thread 0x00000227005aa800 nmethod 19375 0x00000227664f0090 code [0x00000227664f0220, 0x00000227664f0538]
Event: 527.368 Thread 0x00000227755e4000 nmethod 19395 0x00000227608f7890 code [0x00000227608f7e00, 0x00000227608fb638]
Event: 527.369 Thread 0x00000227755db000 19396 % !   4       com.android.ide.common.resources.DataMerger::mergeData @ 88 (611 bytes)
Event: 527.370 Thread 0x00000227005a9800 nmethod 19351 0x00000227664f0690 code [0x00000227664f0840, 0x00000227664f0b78]
Event: 527.372 Thread 0x00000227005aa800 19397       4       com.google.common.collect.LinkedListMultimap$1::size (33 bytes)
Event: 527.380 Thread 0x00000227005aa800 nmethod 19397 0x00000227664f0e10 code [0x00000227664f0fe0, 0x00000227664f1308]
Event: 527.392 Thread 0x00000227005a9800 19398       4       jdk.internal.reflect.ClassFileAssembler::emitConstantPoolMethodref (28 bytes)

GC Heap History (20 events):
Event: 357.381 GC heap after
{Heap after GC invocations=51 (full 0):
 garbage-first heap   total 262144K, used 159929K [0x0000000080000000, 0x0000000100000000)
  region size 1024K, 3 young (3072K), 3 survivors (3072K)
 Metaspace       used 107135K, capacity 109897K, committed 110080K, reserved 1144832K
  class space    used 13203K, capacity 14220K, committed 14336K, reserved 1048576K
}
Event: 365.510 GC heap before
{Heap before GC invocations=52 (full 0):
 garbage-first heap   total 262144K, used 226489K [0x0000000080000000, 0x0000000100000000)
  region size 1024K, 68 young (69632K), 3 survivors (3072K)
 Metaspace       used 109170K, capacity 112184K, committed 112384K, reserved 1146880K
  class space    used 13473K, capacity 14511K, committed 14592K, reserved 1048576K
}
Event: 365.515 GC heap after
{Heap after GC invocations=53 (full 0):
 garbage-first heap   total 262144K, used 161916K [0x0000000080000000, 0x0000000100000000)
  region size 1024K, 5 young (5120K), 5 survivors (5120K)
 Metaspace       used 109170K, capacity 112184K, committed 112384K, reserved 1146880K
  class space    used 13473K, capacity 14511K, committed 14592K, reserved 1048576K
}
Event: 508.371 GC heap before
{Heap before GC invocations=53 (full 0):
 garbage-first heap   total 262144K, used 225404K [0x0000000080000000, 0x0000000100000000)
  region size 1024K, 68 young (69632K), 5 survivors (5120K)
 Metaspace       used 111463K, capacity 114566K, committed 114816K, reserved 1148928K
  class space    used 13756K, capacity 14863K, committed 14976K, reserved 1048576K
}
Event: 508.389 GC heap after
{Heap after GC invocations=54 (full 0):
 garbage-first heap   total 262144K, used 167725K [0x0000000080000000, 0x0000000100000000)
  region size 1024K, 9 young (9216K), 9 survivors (9216K)
 Metaspace       used 111463K, capacity 114566K, committed 114816K, reserved 1148928K
  class space    used 13756K, capacity 14863K, committed 14976K, reserved 1048576K
}
Event: 517.937 GC heap before
{Heap before GC invocations=55 (full 0):
 garbage-first heap   total 262144K, used 224045K [0x0000000080000000, 0x0000000100000000)
  region size 1024K, 65 young (66560K), 9 survivors (9216K)
 Metaspace       used 112639K, capacity 115800K, committed 115968K, reserved 1150976K
  class space    used 13855K, capacity 15009K, committed 15104K, reserved 1048576K
}
Event: 517.952 GC heap after
{Heap after GC invocations=56 (full 0):
 garbage-first heap   total 262144K, used 170634K [0x0000000080000000, 0x0000000100000000)
  region size 1024K, 3 young (3072K), 3 survivors (3072K)
 Metaspace       used 112639K, capacity 115800K, committed 115968K, reserved 1150976K
  class space    used 13855K, capacity 15009K, committed 15104K, reserved 1048576K
}
Event: 518.361 GC heap before
{Heap before GC invocations=56 (full 0):
 garbage-first heap   total 262144K, used 178826K [0x0000000080000000, 0x0000000100000000)
  region size 1024K, 12 young (12288K), 3 survivors (3072K)
 Metaspace       used 112652K, capacity 115866K, committed 115968K, reserved 1150976K
  class space    used 13855K, capacity 15009K, committed 15104K, reserved 1048576K
}
Event: 518.367 GC heap after
{Heap after GC invocations=57 (full 0):
 garbage-first heap   total 262144K, used 167271K [0x0000000080000000, 0x0000000100000000)
  region size 1024K, 1 young (1024K), 1 survivors (1024K)
 Metaspace       used 112652K, capacity 115866K, committed 115968K, reserved 1150976K
  class space    used 13855K, capacity 15009K, committed 15104K, reserved 1048576K
}
Event: 524.998 GC heap before
{Heap before GC invocations=57 (full 0):
 garbage-first heap   total 262144K, used 223591K [0x0000000080000000, 0x0000000100000000)
  region size 1024K, 57 young (58368K), 1 survivors (1024K)
 Metaspace       used 112710K, capacity 115891K, committed 116224K, reserved 1150976K
  class space    used 13861K, capacity 15017K, committed 15104K, reserved 1048576K
}
Event: 525.000 GC heap after
{Heap after GC invocations=58 (full 0):
 garbage-first heap   total 262144K, used 167356K [0x0000000080000000, 0x0000000100000000)
  region size 1024K, 1 young (1024K), 1 survivors (1024K)
 Metaspace       used 112710K, capacity 115891K, committed 116224K, reserved 1150976K
  class space    used 13861K, capacity 15017K, committed 15104K, reserved 1048576K
}
Event: 525.233 GC heap before
{Heap before GC invocations=58 (full 0):
 garbage-first heap   total 262144K, used 225724K [0x0000000080000000, 0x0000000100000000)
  region size 1024K, 58 young (59392K), 1 survivors (1024K)
 Metaspace       used 112726K, capacity 115901K, committed 116224K, reserved 1150976K
  class space    used 13863K, capacity 15020K, committed 15104K, reserved 1048576K
}
Event: 525.234 GC heap after
{Heap after GC invocations=59 (full 0):
 garbage-first heap   total 262144K, used 167489K [0x0000000080000000, 0x0000000100000000)
  region size 1024K, 1 young (1024K), 1 survivors (1024K)
 Metaspace       used 112726K, capacity 115901K, committed 116224K, reserved 1150976K
  class space    used 13863K, capacity 15020K, committed 15104K, reserved 1048576K
}
Event: 525.569 GC heap before
{Heap before GC invocations=59 (full 0):
 garbage-first heap   total 262144K, used 225857K [0x0000000080000000, 0x0000000100000000)
  region size 1024K, 58 young (59392K), 1 survivors (1024K)
 Metaspace       used 112729K, capacity 115902K, committed 116224K, reserved 1150976K
  class space    used 13863K, capacity 15020K, committed 15104K, reserved 1048576K
}
Event: 525.570 GC heap after
{Heap after GC invocations=60 (full 0):
 garbage-first heap   total 262144K, used 166989K [0x0000000080000000, 0x0000000100000000)
  region size 1024K, 1 young (1024K), 1 survivors (1024K)
 Metaspace       used 112729K, capacity 115902K, committed 116224K, reserved 1150976K
  class space    used 13863K, capacity 15020K, committed 15104K, reserved 1048576K
}
Event: 526.398 GC heap before
{Heap before GC invocations=60 (full 0):
 garbage-first heap   total 262144K, used 225357K [0x0000000080000000, 0x0000000100000000)
  region size 1024K, 59 young (60416K), 1 survivors (1024K)
 Metaspace       used 114170K, capacity 117439K, committed 117632K, reserved 1150976K
  class space    used 14023K, capacity 15160K, committed 15232K, reserved 1048576K
}
Event: 526.404 GC heap after
{Heap after GC invocations=61 (full 0):
 garbage-first heap   total 262144K, used 169470K [0x0000000080000000, 0x0000000100000000)
  region size 1024K, 3 young (3072K), 3 survivors (3072K)
 Metaspace       used 114170K, capacity 117439K, committed 117632K, reserved 1150976K
  class space    used 14023K, capacity 15160K, committed 15232K, reserved 1048576K
}
Event: 526.746 GC heap before
{Heap before GC invocations=61 (full 0):
 garbage-first heap   total 262144K, used 195070K [0x0000000080000000, 0x0000000100000000)
  region size 1024K, 28 young (28672K), 3 survivors (3072K)
 Metaspace       used 114296K, capacity 117503K, committed 117632K, reserved 1150976K
  class space    used 14023K, capacity 15160K, committed 15232K, reserved 1048576K
}
Event: 526.769 GC heap after
{Heap after GC invocations=62 (full 0):
 garbage-first heap   total 262144K, used 177848K [0x0000000080000000, 0x0000000100000000)
  region size 1024K, 8 young (8192K), 8 survivors (8192K)
 Metaspace       used 114296K, capacity 117503K, committed 117632K, reserved 1150976K
  class space    used 14023K, capacity 15160K, committed 15232K, reserved 1048576K
}
Event: 527.402 GC heap before
{Heap before GC invocations=63 (full 0):
 garbage-first heap   total 262144K, used 220856K [0x0000000080000000, 0x0000000100000000)
  region size 1024K, 49 young (50176K), 8 survivors (8192K)
 Metaspace       used 115352K, capacity 118600K, committed 118784K, reserved 1153024K
  class space    used 14126K, capacity 15264K, committed 15360K, reserved 1048576K
}

Deoptimization events (20 events):
Event: 527.270 Thread 0x0000022779561800 Uncommon trap: trap_request=0xffffff4d fr.pc=0x000002276647d538 relative=0x00000000000007d8
Event: 527.270 Thread 0x0000022779561800 Uncommon trap: reason=unstable_if action=reinterpret pc=0x000002276647d538 method=com.android.utils.PositionXmlParser$DomBuilder.getCurrentPosition()Lcom/android/utils/PositionXmlParser$Position; @ 65 c2
Event: 527.270 Thread 0x0000022779561800 DEOPT PACKING pc=0x000002276647d538 sp=0x000000dabfdf6070
Event: 527.270 Thread 0x0000022779561800 DEOPT UNPACKING pc=0x000002275dbfa1af sp=0x000000dabfdf5ff8 mode 2
Event: 527.271 Thread 0x0000022779561800 Uncommon trap: trap_request=0xffffff4d fr.pc=0x0000022766470a90 relative=0x0000000000000290
Event: 527.271 Thread 0x0000022779561800 Uncommon trap: reason=unstable_if action=reinterpret pc=0x0000022766470a90 method=org.apache.xerces.impl.XMLEntityScanner.skipSpaces()Z @ 70 c2
Event: 527.271 Thread 0x0000022779561800 DEOPT PACKING pc=0x0000022766470a90 sp=0x000000dabfdf63f0
Event: 527.271 Thread 0x0000022779561800 DEOPT UNPACKING pc=0x000002275dbfa1af sp=0x000000dabfdf6380 mode 2
Event: 527.276 Thread 0x0000022779561800 Uncommon trap: trap_request=0xffffff4d fr.pc=0x00000227664b713c relative=0x0000000000000cfc
Event: 527.276 Thread 0x0000022779561800 Uncommon trap: reason=unstable_if action=reinterpret pc=0x00000227664b713c method=org.apache.xerces.impl.XMLNSDocumentScannerImpl.scanAttribute(Lorg/apache/xerces/util/XMLAttributesImpl;)V @ 276 c2
Event: 527.276 Thread 0x0000022779561800 DEOPT PACKING pc=0x00000227664b713c sp=0x000000dabfdf6160
Event: 527.276 Thread 0x0000022779561800 DEOPT UNPACKING pc=0x000002275dbfa1af sp=0x000000dabfdf6118 mode 2
Event: 527.340 Thread 0x0000022779561800 Uncommon trap: trap_request=0xffffff6e fr.pc=0x00000227664c0208 relative=0x0000000000000a88
Event: 527.340 Thread 0x0000022779561800 Uncommon trap: reason=speculate_class_check action=maybe_recompile pc=0x00000227664c0208 method=com.android.ide.common.resources.ResourceMergerItem.getKey()Ljava/lang/String; @ 35 c2
Event: 527.340 Thread 0x0000022779561800 DEOPT PACKING pc=0x00000227664c0208 sp=0x000000dabfdf6bf0
Event: 527.341 Thread 0x0000022779561800 DEOPT UNPACKING pc=0x000002275dbfa1af sp=0x000000dabfdf6ba8 mode 2
Event: 527.382 Thread 0x0000022779561800 Uncommon trap: trap_request=0xffffff6e fr.pc=0x00000227664c0208 relative=0x0000000000000a88
Event: 527.382 Thread 0x0000022779561800 Uncommon trap: reason=speculate_class_check action=maybe_recompile pc=0x00000227664c0208 method=com.android.ide.common.resources.ResourceMergerItem.getKey()Ljava/lang/String; @ 35 c2
Event: 527.382 Thread 0x0000022779561800 DEOPT PACKING pc=0x00000227664c0208 sp=0x000000dabfdf6c10
Event: 527.382 Thread 0x0000022779561800 DEOPT UNPACKING pc=0x000002275dbfa1af sp=0x000000dabfdf6bc0 mode 2

Classes redefined (0 events):
No events

Internal exceptions (20 events):
Event: 513.956 Thread 0x0000022776b45800 Exception <a 'java/net/SocketTimeoutException'{0x000000008d64fbc8}: Read timed out> (0x000000008d64fbc8) thrown at [./src/hotspot/share/prims/jni.cpp, line 637]
Event: 513.956 Thread 0x000002277c53c800 Exception <a 'java/net/SocketTimeoutException'{0x000000008d654c10}: Read timed out> (0x000000008d654c10) thrown at [./src/hotspot/share/prims/jni.cpp, line 637]
Event: 514.142 Thread 0x0000022776b45800 Exception <a 'java/net/SocketTimeoutException'{0x000000008d672578}: Read timed out> (0x000000008d672578) thrown at [./src/hotspot/share/prims/jni.cpp, line 637]
Event: 514.282 Thread 0x000002277b342000 Exception <a 'java/net/SocketTimeoutException'{0x000000008d687cf8}: Read timed out> (0x000000008d687cf8) thrown at [./src/hotspot/share/prims/jni.cpp, line 637]
Event: 515.518 Thread 0x000002277923a800 Exception <a 'java/net/SocketTimeoutException'{0x000000008d3c6530}: Read timed out> (0x000000008d3c6530) thrown at [./src/hotspot/share/prims/jni.cpp, line 637]
Event: 515.518 Thread 0x000002277c53c000 Exception <a 'java/net/SocketTimeoutException'{0x000000008d3c8d90}: Read timed out> (0x000000008d3c8d90) thrown at [./src/hotspot/share/prims/jni.cpp, line 637]
Event: 515.518 Thread 0x000002277b342000 Exception <a 'java/net/SocketTimeoutException'{0x000000008d3c9fe8}: Read timed out> (0x000000008d3c9fe8) thrown at [./src/hotspot/share/prims/jni.cpp, line 637]
Event: 515.779 Thread 0x000002277923a800 Exception <a 'java/net/SocketTimeoutException'{0x000000008d224db0}: Read timed out> (0x000000008d224db0) thrown at [./src/hotspot/share/prims/jni.cpp, line 637]
Event: 515.779 Thread 0x000002277b342000 Exception <a 'java/net/SocketTimeoutException'{0x000000008d22ba80}: Read timed out> (0x000000008d22ba80) thrown at [./src/hotspot/share/prims/jni.cpp, line 637]
Event: 515.779 Thread 0x000002277c53c000 Exception <a 'java/net/SocketTimeoutException'{0x000000008d2216b8}: Read timed out> (0x000000008d2216b8) thrown at [./src/hotspot/share/prims/jni.cpp, line 637]
Event: 525.242 Thread 0x000002277b342000 Implicit null exception at 0x00000227664087c3 to 0x0000022766408c88
Event: 525.602 Thread 0x000002277b342000 Exception <a 'sun/nio/fs/WindowsException'{0x000000008faabc68}> (0x000000008faabc68) thrown at [./src/hotspot/share/prims/jni.cpp, line 616]
Event: 525.602 Thread 0x000002277b342000 Exception <a 'sun/nio/fs/WindowsException'{0x000000008faacb18}> (0x000000008faacb18) thrown at [./src/hotspot/share/prims/jni.cpp, line 616]
Event: 525.618 Thread 0x000002277b342000 Exception <a 'java/lang/NoSuchMethodError'{0x000000008f9c37c8}: <clinit>> (0x000000008f9c37c8) thrown at [./src/hotspot/share/prims/jni.cpp, line 1366]
Event: 525.681 Thread 0x00000227001dc000 Exception <a 'sun/nio/fs/WindowsException'{0x000000008f35ff40}> (0x000000008f35ff40) thrown at [./src/hotspot/share/prims/jni.cpp, line 616]
Event: 525.868 Thread 0x00000227001d7800 Exception <a 'java/lang/NoSuchMethodError'{0x000000008e4f7090}: <clinit>> (0x000000008e4f7090) thrown at [./src/hotspot/share/prims/jni.cpp, line 1366]
Event: 527.389 Thread 0x0000022779561800 Exception <a 'java/lang/NoSuchMethodError'{0x000000008cf449f0}: <clinit>> (0x000000008cf449f0) thrown at [./src/hotspot/share/prims/jni.cpp, line 1366]
Event: 527.390 Thread 0x0000022779561800 Exception <a 'java/lang/NoSuchMethodError'{0x000000008cf59ea8}: <clinit>> (0x000000008cf59ea8) thrown at [./src/hotspot/share/prims/jni.cpp, line 1366]
Event: 527.400 Thread 0x0000022779561800 Exception <a 'java/lang/NoSuchMethodError'{0x000000008cffa470}: <clinit>> (0x000000008cffa470) thrown at [./src/hotspot/share/prims/jni.cpp, line 1366]
Event: 527.401 Thread 0x0000022779561800 Exception <a 'java/lang/NoSuchMethodError'{0x000000008cffd830}: <clinit>> (0x000000008cffd830) thrown at [./src/hotspot/share/prims/jni.cpp, line 1366]

Events (20 events):
Event: 527.345 loading class com/android/ide/common/resources/CompileResourceRequest done
Event: 527.346 loading class com/android/ide/common/resources/CompileResourceRequest$sourcePath$2
Event: 527.346 loading class com/android/ide/common/resources/CompileResourceRequest$sourcePath$2 done
Event: 527.382 loading class com/android/ide/common/resources/MergedResourceWriter$FileGenerationParameters
Event: 527.382 loading class com/android/ide/common/resources/MergedResourceWriter$FileGenerationParameters done
Event: 527.383 loading class com/android/ide/common/resources/MergedResourceWriter$FileGenerationWorkAction
Event: 527.383 loading class com/android/ide/common/resources/MergedResourceWriter$FileGenerationWorkAction done
Event: 527.383 loading class com/android/build/gradle/internal/tasks/Workers$RunnableWrapperWorkAction
Event: 527.383 loading class com/android/build/gradle/internal/tasks/Workers$RunnableWrapperWorkAction done
Event: 527.384 loading class com/android/build/gradle/internal/tasks/Workers$WorkerExecutorAdapter$submit$1
Event: 527.384 loading class com/android/build/gradle/internal/tasks/Workers$WorkerExecutorAdapter$submit$1 done
Event: 527.385 loading class com/android/build/gradle/internal/tasks/Workers$RunnableWrapperParams
Event: 527.385 loading class com/android/build/gradle/internal/tasks/Workers$RunnableWrapperParams done
Event: 527.390 loading class com/android/ide/common/resources/MergedResourceWriter$1
Event: 527.390 loading class com/android/ide/common/resources/MergedResourceWriter$1 done
Event: 527.393 loading class com/android/ide/common/util/PathString
Event: 527.393 loading class com/android/ide/common/util/PathString done
Event: 527.395 loading class com/android/ide/common/rendering/api/ResourceReference
Event: 527.395 loading class com/android/ide/common/rendering/api/ResourceReference done
Event: 527.401 Executing VM operation: G1CollectForAllocation


Dynamic libraries:
0x00007ff62bc50000 - 0x00007ff62bc5a000 	C:\Program Files\Android\Android Studio\jre\bin\java.exe
0x00007ffb6d110000 - 0x00007ffb6d308000 	C:\Windows\SYSTEM32\ntdll.dll
0x00007ffb6cea0000 - 0x00007ffb6cf5d000 	C:\Windows\System32\KERNEL32.DLL
0x00007ffb6aca0000 - 0x00007ffb6af6e000 	C:\Windows\System32\KERNELBASE.dll
0x00007ffb6b070000 - 0x00007ffb6b170000 	C:\Windows\System32\ucrtbase.dll
0x00007ffb613b0000 - 0x00007ffb613c7000 	C:\Program Files\Android\Android Studio\jre\bin\VCRUNTIME140.dll
0x00007ffb56260000 - 0x00007ffb56279000 	C:\Program Files\Android\Android Studio\jre\bin\jli.dll
0x00007ffb6c400000 - 0x00007ffb6c5a0000 	C:\Windows\System32\USER32.dll
0x00007ffb69be0000 - 0x00007ffb69e7a000 	C:\Windows\WinSxS\amd64_microsoft.windows.common-controls_6595b64144ccf1df_6.0.19041.1110_none_60b5254171f9507e\COMCTL32.dll
0x00007ffb6a920000 - 0x00007ffb6a942000 	C:\Windows\System32\win32u.dll
0x00007ffb6ba40000 - 0x00007ffb6bade000 	C:\Windows\System32\msvcrt.dll
0x00007ffb6cc60000 - 0x00007ffb6cc8a000 	C:\Windows\System32\GDI32.dll
0x00007ffb6ab90000 - 0x00007ffb6ac9b000 	C:\Windows\System32\gdi32full.dll
0x00007ffb6a830000 - 0x00007ffb6a8cd000 	C:\Windows\System32\msvcp_win.dll
0x00007ffb6d0a0000 - 0x00007ffb6d0d0000 	C:\Windows\System32\IMM32.DLL
0x00007ffb519d0000 - 0x00007ffb51a6d000 	C:\Program Files\Android\Android Studio\jre\bin\msvcp140.dll
0x00007ffb131f0000 - 0x00007ffb13cf2000 	C:\Program Files\Android\Android Studio\jre\bin\server\jvm.dll
0x00007ffb6c350000 - 0x00007ffb6c3fe000 	C:\Windows\System32\ADVAPI32.dll
0x00007ffb6ca30000 - 0x00007ffb6cacc000 	C:\Windows\System32\sechost.dll
0x00007ffb6cca0000 - 0x00007ffb6cdc5000 	C:\Windows\System32\RPCRT4.dll
0x00007ffb6b410000 - 0x00007ffb6b418000 	C:\Windows\System32\PSAPI.DLL
0x00007ffb54c90000 - 0x00007ffb54c99000 	C:\Windows\SYSTEM32\WSOCK32.dll
0x00007ffb575f0000 - 0x00007ffb57617000 	C:\Windows\SYSTEM32\WINMM.dll
0x00007ffb62600000 - 0x00007ffb6260a000 	C:\Windows\SYSTEM32\VERSION.dll
0x00007ffb6c960000 - 0x00007ffb6c9cb000 	C:\Windows\System32\WS2_32.dll
0x00007ffb683d0000 - 0x00007ffb683e2000 	C:\Windows\SYSTEM32\kernel.appcore.dll
0x00007ffb65050000 - 0x00007ffb65061000 	C:\Program Files\Android\Android Studio\jre\bin\verify.dll
0x00007ffb6a160000 - 0x00007ffb6a344000 	C:\Windows\SYSTEM32\DBGHELP.DLL
0x00007ffb69f90000 - 0x00007ffb69fbc000 	C:\Windows\SYSTEM32\dbgcore.DLL
0x00007ffb6af70000 - 0x00007ffb6aff2000 	C:\Windows\System32\bcryptPrimitives.dll
0x00007ffb64180000 - 0x00007ffb641a9000 	C:\Program Files\Android\Android Studio\jre\bin\java.dll
0x00007ffb65040000 - 0x00007ffb6504b000 	C:\Program Files\Android\Android Studio\jre\bin\jimage.dll
0x00007ffb638f0000 - 0x00007ffb63908000 	C:\Program Files\Android\Android Studio\jre\bin\zip.dll
0x00007ffb6bc00000 - 0x00007ffb6c343000 	C:\Windows\System32\SHELL32.dll
0x00007ffb67c20000 - 0x00007ffb683b5000 	C:\Windows\SYSTEM32\windows.storage.dll
0x00007ffb6c600000 - 0x00007ffb6c954000 	C:\Windows\System32\combase.dll
0x00007ffb69b40000 - 0x00007ffb69b70000 	C:\Windows\SYSTEM32\Wldp.dll
0x00007ffb6b360000 - 0x00007ffb6b40d000 	C:\Windows\System32\SHCORE.dll
0x00007ffb6c9d0000 - 0x00007ffb6ca25000 	C:\Windows\System32\shlwapi.dll
0x00007ffb6a770000 - 0x00007ffb6a78f000 	C:\Windows\SYSTEM32\profapi.dll
0x00007ffb63210000 - 0x00007ffb6322a000 	C:\Program Files\Android\Android Studio\jre\bin\net.dll
0x00007ffb56850000 - 0x00007ffb5695a000 	C:\Windows\SYSTEM32\WINHTTP.dll
0x00007ffb69a10000 - 0x00007ffb69a7a000 	C:\Windows\system32\mswsock.dll
0x00007ffb62030000 - 0x00007ffb62044000 	C:\Program Files\Android\Android Studio\jre\bin\nio.dll
0x00007ffb61540000 - 0x00007ffb61567000 	C:\Users\Dell\.gradle\native\e1d6ef7f7dcc3fd88c89a11ec53ec762bb8ba0a96d01ffa2cd45eb1d1d8dd5c5\windows-amd64\native-platform.dll
0x00007ffb25240000 - 0x00007ffb25384000 	C:\Users\Dell\.gradle\native\5664cfc778a61ccfe75a443a1ab52a65af34e5dc3c78e0209fed803814484fcb\windows-amd64\native-platform-file-events.dll
0x00007ffb63cf0000 - 0x00007ffb63cfa000 	C:\Program Files\Android\Android Studio\jre\bin\management.dll
0x00007ffb63be0000 - 0x00007ffb63bed000 	C:\Program Files\Android\Android Studio\jre\bin\management_ext.dll
0x00007ffb6a4f0000 - 0x00007ffb6a508000 	C:\Windows\SYSTEM32\CRYPTSP.dll
0x00007ffb69240000 - 0x00007ffb69274000 	C:\Windows\system32\rsaenh.dll
0x00007ffb6aa00000 - 0x00007ffb6aa27000 	C:\Windows\System32\bcrypt.dll
0x00007ffb6a6f0000 - 0x00007ffb6a71e000 	C:\Windows\SYSTEM32\USERENV.dll
0x00007ffb69b00000 - 0x00007ffb69b0c000 	C:\Windows\SYSTEM32\CRYPTBASE.dll
0x00007ffb69590000 - 0x00007ffb695cb000 	C:\Windows\SYSTEM32\IPHLPAPI.DLL
0x00007ffb6b170000 - 0x00007ffb6b178000 	C:\Windows\System32\NSI.dll
0x00007ffb60ae0000 - 0x00007ffb60af7000 	C:\Windows\SYSTEM32\dhcpcsvc6.DLL
0x00007ffb61480000 - 0x00007ffb6149d000 	C:\Windows\SYSTEM32\dhcpcsvc.DLL
0x00007ffb695d0000 - 0x00007ffb6969a000 	C:\Windows\SYSTEM32\DNSAPI.dll
0x00007ffb615e0000 - 0x00007ffb61607000 	C:\Program Files\Android\Android Studio\jre\bin\sunec.dll
0x00007ffb55fb0000 - 0x00007ffb55fba000 	C:\Windows\System32\rasadhlp.dll
0x00007ffb55fe0000 - 0x00007ffb56060000 	C:\Windows\System32\fwpuclnt.dll

dbghelp: loaded successfully - version: 4.0.5 - missing functions: none
symbol engine: initialized successfully - sym options: 0x614 - pdb path: .;C:\Program Files\Android\Android Studio\jre\bin;C:\Windows\SYSTEM32;C:\Windows\WinSxS\amd64_microsoft.windows.common-controls_6595b64144ccf1df_6.0.19041.1110_none_60b5254171f9507e;C:\Program Files\Android\Android Studio\jre\bin\server;C:\Users\Dell\.gradle\native\e1d6ef7f7dcc3fd88c89a11ec53ec762bb8ba0a96d01ffa2cd45eb1d1d8dd5c5\windows-amd64;C:\Users\Dell\.gradle\native\5664cfc778a61ccfe75a443a1ab52a65af34e5dc3c78e0209fed803814484fcb\windows-amd64

VM Arguments:
jvm_args: --add-opens=java.base/java.util=ALL-UNNAMED --add-opens=java.base/java.lang=ALL-UNNAMED --add-opens=java.base/java.lang.invoke=ALL-UNNAMED --add-opens=java.base/java.util=ALL-UNNAMED --add-opens=java.prefs/java.util.prefs=ALL-UNNAMED --add-opens=java.prefs/java.util.prefs=ALL-UNNAMED --add-opens=java.base/java.nio.charset=ALL-UNNAMED --add-opens=java.base/java.net=ALL-UNNAMED --add-opens=java.base/java.util.concurrent.atomic=ALL-UNNAMED -Xmx2048m -Dfile.encoding=UTF-8 -Duser.country=US -Duser.language=en -Duser.variant 
java_command: org.gradle.launcher.daemon.bootstrap.GradleDaemon 7.3.3
java_class_path (initial): C:\Users\Dell\.gradle\wrapper\dists\gradle-7.3.3-bin\6a41zxkdtcxs8rphpq6y0069z\gradle-7.3.3\lib\gradle-launcher-7.3.3.jar
Launcher Type: SUN_STANDARD

[Global flags]
     intx CICompilerCount                          = 4                                         {product} {ergonomic}
     uint ConcGCThreads                            = 2                                         {product} {ergonomic}
     uint G1ConcRefinementThreads                  = 8                                         {product} {ergonomic}
   size_t G1HeapRegionSize                         = 1048576                                   {product} {ergonomic}
    uintx GCDrainStackTargetSize                   = 64                                        {product} {ergonomic}
   size_t InitialHeapSize                          = 268435456                                 {product} {ergonomic}
   size_t MarkStackSize                            = 4194304                                   {product} {ergonomic}
   size_t MaxHeapSize                              = 2147483648                                {product} {command line}
   size_t MaxNewSize                               = 1287651328                                {product} {ergonomic}
   size_t MinHeapDeltaBytes                        = 1048576                                   {product} {ergonomic}
    uintx NonNMethodCodeHeapSize                   = 5836300                                {pd product} {ergonomic}
    uintx NonProfiledCodeHeapSize                  = 122910970                              {pd product} {ergonomic}
    uintx ProfiledCodeHeapSize                     = 122910970                              {pd product} {ergonomic}
    uintx ReservedCodeCacheSize                    = 251658240                              {pd product} {ergonomic}
     bool SegmentedCodeCache                       = true                                      {product} {ergonomic}
     bool UseCompressedClassPointers               = true                                 {lp64_product} {ergonomic}
     bool UseCompressedOops                        = true                                 {lp64_product} {ergonomic}
     bool UseG1GC                                  = true                                      {product} {ergonomic}
     bool UseLargePagesIndividualAllocation        = false                                  {pd product} {ergonomic}

Logging:
Log output configuration:
 #0: stdout all=warning uptime,level,tags
 #1: stderr all=off uptime,level,tags

Environment Variables:
PATH=C:\Windows\system32;C:\Windows;C:\Windows\System32\Wbem;C:\Windows\System32\WindowsPowerShell\v1.0\;C:\Windows\System32\OpenSSH\;C:\Program Files\Git\cmd;C:\Users\Dell\AppData\Local\Microsoft\WindowsApps;
USERNAME=Dell
OS=Windows_NT
PROCESSOR_IDENTIFIER=Intel64 Family 6 Model 94 Stepping 3, GenuineIntel



---------------  S Y S T E M  ---------------

OS: Windows 10 , 64 bit Build 19041 (10.0.19041.1889)
OS uptime: 0 days 0:44 hours

CPU:total 8 (initial active 8) (4 cores per cpu, 2 threads per core) family 6 model 94 stepping 3 microcode 0xf0, cmov, cx8, fxsr, mmx, sse, sse2, sse3, ssse3, sse4.1, sse4.2, popcnt, avx, avx2, aes, clmul, erms, rtm, 3dnowpref, lzcnt, ht, tsc, tscinvbit, bmi1, bmi2, adx, fma

Memory: 4k page, system-wide physical 16275M (6483M free)
TotalPageFile size 19219M (AvailPageFile size 8766M)
current process WorkingSet (physical memory assigned to process): 593M, peak: 600M
current process commit charge ("private bytes"): 637M, peak: 644M

vm_info: OpenJDK 64-Bit Server VM (11.0.13+0-b1751.21-8125866) for windows-amd64 JRE (11.0.13+0-b1751.21-8125866), built on Feb  2 2022 03:00:22 by "builder" with MS VC++ 14.0 (VS2015)

END.
