#
# A fatal error has been detected by the Java Runtime Environment:
#
#  Internal Error (./src/hotspot/share/gc/g1/g1CollectedHeap.cpp:2260), pid=1596, tid=11964
#  Error: ShouldNotReachHere()
#
# JRE version: OpenJDK Runtime Environment (11.0.13) (build 11.0.13+0-b1751.21-8125866)
# Java VM: OpenJDK 64-Bit Server VM (11.0.13+0-b1751.21-8125866, mixed mode, tiered, compressed oops, g1 gc, windows-amd64)
# No core dump will be written. Minidumps are not enabled by default on client versions of Windows
#
# If you would like to submit a bug report, please visit:
#   https://bugreport.java.com/bugreport/crash.jsp
#

---------------  S U M M A R Y ------------

Command Line: --add-opens=java.base/java.util=ALL-UNNAMED --add-opens=java.base/java.lang=ALL-UNNAMED --add-opens=java.base/java.lang.invoke=ALL-UNNAMED --add-opens=java.base/java.util=ALL-UNNAMED --add-opens=java.prefs/java.util.prefs=ALL-UNNAMED --add-opens=java.prefs/java.util.prefs=ALL-UNNAMED --add-opens=java.base/java.nio.charset=ALL-UNNAMED --add-opens=java.base/java.net=ALL-UNNAMED --add-opens=java.base/java.util.concurrent.atomic=ALL-UNNAMED -Xmx2048m -Dfile.encoding=UTF-8 -Duser.country=US -Duser.language=en -Duser.variant org.gradle.launcher.daemon.bootstrap.GradleDaemon 7.4

Host: Intel(R) Core(TM) i7-6820HQ CPU @ 2.70GHz, 8 cores, 15G,  Windows 10 , 64 bit Build 19041 (10.0.19041.1889)
Time: Mon Sep 19 10:41:58 2022 Pakistan Standard Time elapsed time: 14.395342 seconds (0d 0h 0m 14s)

---------------  T H R E A D  ---------------

Current thread (0x0000023df7894000):  GCTaskThread "GC Thread#0" [stack: 0x00000093d5f00000,0x00000093d6000000] [id=11964]

Stack: [0x00000093d5f00000,0x00000093d6000000]
[error occurred during error reporting (printing stack bounds), id 0xc0000005, EXCEPTION_ACCESS_VIOLATION (0xc0000005) at pc=0x0000023d8000112d]

Native frames: (J=compiled Java code, j=interpreted, Vv=VM code, C=native code)
V  [jvm.dll+0x6100fa]
V  [jvm.dll+0x747090]
V  [jvm.dll+0x7486ad]
V  [jvm.dll+0x748ce5]
V  [jvm.dll+0x748c9b]
V  [jvm.dll+0x60f224]
V  [jvm.dll+0x60f9b8]
C  [ntdll.dll+0xa235f]
C  [ntdll.dll+0x514a4]
C  [ntdll.dll+0xa0e8e]
C  0x0000023d8000112d


---------------  P R O C E S S  ---------------

Threads class SMR info:
_java_thread_list=0x0000023d9bc61740, length=126, elements={
0x0000023df787c800, 0x0000023d9302a800, 0x0000023d93035800, 0x0000023d9308d800,
0x0000023d93091000, 0x0000023d93093000, 0x0000023d9309f800, 0x0000023d930a5800,
0x0000023d930a7000, 0x0000023d93208800, 0x0000023d94e20000, 0x0000023d93428800,
0x0000023d93478800, 0x0000023d94d87800, 0x0000023d95516800, 0x0000023d9594f000,
0x0000023d95950000, 0x0000023d95778800, 0x0000023d95705800, 0x0000023d944fc800,
0x0000023d95bef800, 0x0000023d95ba4800, 0x0000023d95ba0800, 0x0000023d95ba5000,
0x0000023d94dcd800, 0x0000023d95ba3800, 0x0000023d95ba7000, 0x0000023d95ba1000,
0x0000023d95ba2000, 0x0000023d95ba2800, 0x0000023d95ba6000, 0x0000023d985e2000,
0x0000023d985e2800, 0x0000023d985e5000, 0x0000023d985e0800, 0x0000023d985e4800,
0x0000023d985e6000, 0x0000023d985e7000, 0x0000023d985e1000, 0x0000023d985e7800,
0x0000023d985e9000, 0x0000023d985ec800, 0x0000023d985eb800, 0x0000023d985ee000,
0x0000023d985eb000, 0x0000023d985ed800, 0x0000023d98bc6000, 0x0000023d98bc7800,
0x0000023d98bc5000, 0x0000023d98bc8000, 0x0000023d98bc9000, 0x0000023d98bc6800,
0x0000023d98bc3800, 0x0000023d98bca000, 0x0000023d98bc4000, 0x0000023d98bcb800,
0x0000023d98bd0800, 0x0000023d98bce000, 0x0000023d98bca800, 0x0000023d98bd2000,
0x0000023d98bcc800, 0x0000023d98bd1000, 0x0000023d98bcf800, 0x0000023d98bcd000,
0x0000023d98bce800, 0x0000023d951c3000, 0x0000023d951c1000, 0x0000023d951c3800,
0x0000023d951c2000, 0x0000023d951be000, 0x0000023d951c4800, 0x0000023d951bf000,
0x0000023d951c5800, 0x0000023d951bf800, 0x0000023d951c6000, 0x0000023d951c0800,
0x0000023d951c7000, 0x0000023d951c9800, 0x0000023d951c8000, 0x0000023d951ca000,
0x0000023d951cc000, 0x0000023d951cc800, 0x0000023d951c8800, 0x0000023d951cb000,
0x0000023d937a4000, 0x0000023d937a3000, 0x0000023d937a5000, 0x0000023d937a5800,
0x0000023d937a6800, 0x0000023d937a7800, 0x0000023d937a8000, 0x0000023d937a2800,
0x0000023d937ae000, 0x0000023d937aa800, 0x0000023d937ac000, 0x0000023d937ad000,
0x0000023d937ae800, 0x0000023d937a9000, 0x0000023d937af800, 0x0000023d937aa000,
0x0000023d937b1000, 0x0000023d937ab800, 0x0000023d937b0800, 0x0000023d950d1800,
0x0000023d950cf000, 0x0000023d950ce000, 0x0000023d950d3000, 0x0000023d950d2000,
0x0000023d950d0800, 0x0000023d950d5800, 0x0000023d950d4000, 0x0000023d950d4800,
0x0000023d950cf800, 0x0000023d950d8000, 0x0000023d950d7000, 0x0000023d950d8800,
0x0000023d950d9800, 0x0000023d950da800, 0x0000023d950db000, 0x0000023d950dc000,
0x0000023d950d6000, 0x0000023d950dc800, 0x0000023d98136800, 0x0000023d98131800,
0x0000023d98133000, 0x0000023d9813c000
}

Java Threads: ( => current thread )
  0x0000023df787c800 JavaThread "main" [_thread_blocked, id=6300, stack(0x00000093d5e00000,0x00000093d5f00000)]
  0x0000023d9302a800 JavaThread "Reference Handler" daemon [_thread_blocked, id=3332, stack(0x00000093d6500000,0x00000093d6600000)]
  0x0000023d93035800 JavaThread "Finalizer" daemon [_thread_blocked, id=8492, stack(0x00000093d6600000,0x00000093d6700000)]
  0x0000023d9308d800 JavaThread "Signal Dispatcher" daemon [_thread_blocked, id=7780, stack(0x00000093d6700000,0x00000093d6800000)]
  0x0000023d93091000 JavaThread "Attach Listener" daemon [_thread_blocked, id=1504, stack(0x00000093d6800000,0x00000093d6900000)]
  0x0000023d93093000 JavaThread "Service Thread" daemon [_thread_blocked, id=9560, stack(0x00000093d6900000,0x00000093d6a00000)]
  0x0000023d9309f800 JavaThread "C2 CompilerThread0" daemon [_thread_blocked, id=5292, stack(0x00000093d6a00000,0x00000093d6b00000)]
  0x0000023d930a5800 JavaThread "C1 CompilerThread0" daemon [_thread_blocked, id=1900, stack(0x00000093d6b00000,0x00000093d6c00000)]
  0x0000023d930a7000 JavaThread "Sweeper thread" daemon [_thread_blocked, id=3304, stack(0x00000093d6c00000,0x00000093d6d00000)]
  0x0000023d93208800 JavaThread "Common-Cleaner" daemon [_thread_blocked, id=3480, stack(0x00000093d6d00000,0x00000093d6e00000)]
  0x0000023d94e20000 JavaThread "Daemon health stats" [_thread_blocked, id=10448, stack(0x00000093d7600000,0x00000093d7700000)]
  0x0000023d93428800 JavaThread "Incoming local TCP Connector on port 55667" [_thread_in_native, id=4140, stack(0x00000093d6f00000,0x00000093d7000000)]
  0x0000023d93478800 JavaThread "Daemon periodic checks" [_thread_blocked, id=7412, stack(0x00000093d7000000,0x00000093d7100000)]
  0x0000023d94d87800 JavaThread "Daemon" [_thread_blocked, id=6724, stack(0x00000093d7700000,0x00000093d7800000)]
  0x0000023d95516800 JavaThread "Handler for socket connection from /127.0.0.1:55667 to /127.0.0.1:55668" [_thread_in_native, id=1472, stack(0x00000093d7800000,0x00000093d7900000)]
  0x0000023d9594f000 JavaThread "Cancel handler" [_thread_blocked, id=11892, stack(0x00000093d7900000,0x00000093d7a00000)]
  0x0000023d95950000 JavaThread "Daemon worker" [_thread_blocked, id=11784, stack(0x00000093d7a00000,0x00000093d7b00000)]
  0x0000023d95778800 JavaThread "Asynchronous log dispatcher for DefaultDaemonConnection: socket connection from /127.0.0.1:55667 to /127.0.0.1:55668" [_thread_blocked, id=10332, stack(0x00000093d7b00000,0x00000093d7c00000)]
  0x0000023d95705800 JavaThread "Stdin handler" [_thread_blocked, id=1084, stack(0x00000093d7c00000,0x00000093d7d00000)]
  0x0000023d944fc800 JavaThread "C2 CompilerThread1" daemon [_thread_blocked, id=13136, stack(0x00000093d7d00000,0x00000093d7e00000)]
  0x0000023d95bef800 JavaThread "Daemon client event forwarder" [_thread_blocked, id=7604, stack(0x00000093d7e00000,0x00000093d7f00000)]
  0x0000023d95ba4800 JavaThread "Cache worker for journal cache (C:\Users\Dell\.gradle\caches\journal-1)" [_thread_blocked, id=8880, stack(0x00000093d7f00000,0x00000093d8000000)]
  0x0000023d95ba0800 JavaThread "File lock request listener" [_thread_in_native, id=5400, stack(0x00000093d8000000,0x00000093d8100000)]
  0x0000023d95ba5000 JavaThread "Cache worker for file hash cache (C:\Users\Dell\.gradle\caches\7.4\fileHashes)" [_thread_blocked, id=8708, stack(0x00000093d8400000,0x00000093d8500000)]
  0x0000023d94dcd800 JavaThread "C2 CompilerThread2" daemon [_thread_blocked, id=11924, stack(0x00000093d8500000,0x00000093d8600000)]
  0x0000023d95ba3800 JavaThread "File watcher server" daemon [_thread_in_native, id=13096, stack(0x00000093d8600000,0x00000093d8700000)]
  0x0000023d95ba7000 JavaThread "File watcher consumer" daemon [_thread_blocked, id=6696, stack(0x00000093d8700000,0x00000093d8800000)]
  0x0000023d95ba1000 JavaThread "jar transforms" [_thread_blocked, id=8336, stack(0x00000093d8800000,0x00000093d8900000)]
  0x0000023d95ba2000 JavaThread "jar transforms Thread 2" [_thread_blocked, id=6440, stack(0x00000093d8900000,0x00000093d8a00000)]
  0x0000023d95ba2800 JavaThread "jar transforms Thread 3" [_thread_blocked, id=8368, stack(0x00000093d8a00000,0x00000093d8b00000)]
  0x0000023d95ba6000 JavaThread "jar transforms Thread 4" [_thread_blocked, id=10872, stack(0x00000093d8b00000,0x00000093d8c00000)]
  0x0000023d985e2000 JavaThread "jar transforms Thread 5" [_thread_blocked, id=6900, stack(0x00000093d8c00000,0x00000093d8d00000)]
  0x0000023d985e2800 JavaThread "jar transforms Thread 6" [_thread_blocked, id=10512, stack(0x00000093d8d00000,0x00000093d8e00000)]
  0x0000023d985e5000 JavaThread "jar transforms Thread 7" [_thread_blocked, id=5988, stack(0x00000093d8e00000,0x00000093d8f00000)]
  0x0000023d985e0800 JavaThread "jar transforms Thread 8" [_thread_blocked, id=3240, stack(0x00000093d8f00000,0x00000093d9000000)]
  0x0000023d985e4800 JavaThread "Cache worker for checksums cache (C:\Users\Dell\StudioProjects\first_project\.gradle\7.4\checksums)" [_thread_blocked, id=6560, stack(0x00000093d9000000,0x00000093d9100000)]
  0x0000023d985e6000 JavaThread "Cache worker for cache directory md-rule (C:\Users\Dell\.gradle\caches\7.4\md-rule)" [_thread_blocked, id=3056, stack(0x00000093d9100000,0x00000093d9200000)]
  0x0000023d985e7000 JavaThread "Cache worker for file hash cache (C:\Users\Dell\StudioProjects\first_project\.gradle\7.4\fileHashes)" [_thread_blocked, id=12164, stack(0x00000093d9200000,0x00000093d9300000)]
  0x0000023d985e1000 JavaThread "Cache worker for cache directory md-supplier (C:\Users\Dell\.gradle\caches\7.4\md-supplier)" [_thread_blocked, id=1640, stack(0x00000093d9300000,0x00000093d9400000)]
  0x0000023d985e7800 JavaThread "Cache worker for execution history cache (C:\Users\Dell\.gradle\caches\7.4\executionHistory)" [_thread_blocked, id=9752, stack(0x00000093d9400000,0x00000093d9500000)]
  0x0000023d985e9000 JavaThread "Cache worker for file content cache (C:\Users\Dell\.gradle\caches\7.4\fileContent)" [_thread_blocked, id=12280, stack(0x00000093d9500000,0x00000093d9600000)]
  0x0000023d985ec800 JavaThread "Cache worker for dependencies-accessors (C:\Users\Dell\StudioProjects\first_project\.gradle\7.4\dependencies-accessors)" [_thread_blocked, id=9628, stack(0x00000093d9700000,0x00000093d9800000)]
  0x0000023d985eb800 JavaThread "Cache worker for Build Output Cleanup Cache (C:\Users\Dell\StudioProjects\first_project\.gradle\buildOutputCleanup)" [_thread_blocked, id=10400, stack(0x00000093d9800000,0x00000093d9900000)]
  0x0000023d985ee000 JavaThread "Unconstrained build operations" [_thread_blocked, id=1188, stack(0x00000093d9900000,0x00000093d9a00000)]
  0x0000023d985eb000 JavaThread "Unconstrained build operations Thread 2" [_thread_blocked, id=6168, stack(0x00000093d9a00000,0x00000093d9b00000)]
  0x0000023d985ed800 JavaThread "Unconstrained build operations Thread 3" [_thread_blocked, id=3592, stack(0x00000093d9b00000,0x00000093d9c00000)]
  0x0000023d98bc6000 JavaThread "Unconstrained build operations Thread 4" [_thread_blocked, id=6380, stack(0x00000093d9c00000,0x00000093d9d00000)]
  0x0000023d98bc7800 JavaThread "Unconstrained build operations Thread 5" [_thread_blocked, id=9096, stack(0x00000093d9d00000,0x00000093d9e00000)]
  0x0000023d98bc5000 JavaThread "Unconstrained build operations Thread 6" [_thread_blocked, id=1968, stack(0x00000093d9e00000,0x00000093d9f00000)]
  0x0000023d98bc8000 JavaThread "Unconstrained build operations Thread 7" [_thread_blocked, id=10420, stack(0x00000093d9f00000,0x00000093da000000)]
  0x0000023d98bc9000 JavaThread "Unconstrained build operations Thread 8" [_thread_blocked, id=12096, stack(0x00000093da000000,0x00000093da100000)]
  0x0000023d98bc6800 JavaThread "Unconstrained build operations Thread 9" [_thread_blocked, id=8936, stack(0x00000093da100000,0x00000093da200000)]
  0x0000023d98bc3800 JavaThread "Unconstrained build operations Thread 10" [_thread_blocked, id=12260, stack(0x00000093da200000,0x00000093da300000)]
  0x0000023d98bca000 JavaThread "Unconstrained build operations Thread 11" [_thread_blocked, id=11376, stack(0x00000093da300000,0x00000093da400000)]
  0x0000023d98bc4000 JavaThread "Unconstrained build operations Thread 12" [_thread_blocked, id=11424, stack(0x00000093da400000,0x00000093da500000)]
  0x0000023d98bcb800 JavaThread "Unconstrained build operations Thread 13" [_thread_blocked, id=11748, stack(0x00000093da500000,0x00000093da600000)]
  0x0000023d98bd0800 JavaThread "Unconstrained build operations Thread 14" [_thread_blocked, id=3964, stack(0x00000093da600000,0x00000093da700000)]
  0x0000023d98bce000 JavaThread "Unconstrained build operations Thread 15" [_thread_blocked, id=8020, stack(0x00000093da700000,0x00000093da800000)]
  0x0000023d98bca800 JavaThread "Unconstrained build operations Thread 16" [_thread_blocked, id=10136, stack(0x00000093da800000,0x00000093da900000)]
  0x0000023d98bd2000 JavaThread "Unconstrained build operations Thread 17" [_thread_blocked, id=6776, stack(0x00000093da900000,0x00000093daa00000)]
  0x0000023d98bcc800 JavaThread "Unconstrained build operations Thread 18" [_thread_blocked, id=12216, stack(0x00000093daa00000,0x00000093dab00000)]
  0x0000023d98bd1000 JavaThread "Unconstrained build operations Thread 19" [_thread_blocked, id=6500, stack(0x00000093dab00000,0x00000093dac00000)]
  0x0000023d98bcf800 JavaThread "Unconstrained build operations Thread 20" [_thread_blocked, id=2188, stack(0x00000093dac00000,0x00000093dad00000)]
  0x0000023d98bcd000 JavaThread "Unconstrained build operations Thread 21" [_thread_blocked, id=8928, stack(0x00000093dad00000,0x00000093dae00000)]
  0x0000023d98bce800 JavaThread "Unconstrained build operations Thread 22" [_thread_blocked, id=2056, stack(0x00000093dae00000,0x00000093daf00000)]
  0x0000023d951c3000 JavaThread "Unconstrained build operations Thread 23" [_thread_blocked, id=5604, stack(0x00000093daf00000,0x00000093db000000)]
  0x0000023d951c1000 JavaThread "Unconstrained build operations Thread 24" [_thread_blocked, id=8100, stack(0x00000093db000000,0x00000093db100000)]
  0x0000023d951c3800 JavaThread "Unconstrained build operations Thread 25" [_thread_blocked, id=2692, stack(0x00000093db100000,0x00000093db200000)]
  0x0000023d951c2000 JavaThread "Unconstrained build operations Thread 26" [_thread_blocked, id=12688, stack(0x00000093db200000,0x00000093db300000)]
  0x0000023d951be000 JavaThread "Unconstrained build operations Thread 27" [_thread_blocked, id=8744, stack(0x00000093db300000,0x00000093db400000)]
  0x0000023d951c4800 JavaThread "Unconstrained build operations Thread 28" [_thread_blocked, id=12740, stack(0x00000093db400000,0x00000093db500000)]
  0x0000023d951bf000 JavaThread "Unconstrained build operations Thread 29" [_thread_blocked, id=9492, stack(0x00000093db500000,0x00000093db600000)]
  0x0000023d951c5800 JavaThread "Unconstrained build operations Thread 30" [_thread_blocked, id=8704, stack(0x00000093db600000,0x00000093db700000)]
  0x0000023d951bf800 JavaThread "Unconstrained build operations Thread 31" [_thread_blocked, id=4116, stack(0x00000093db700000,0x00000093db800000)]
  0x0000023d951c6000 JavaThread "Unconstrained build operations Thread 32" [_thread_blocked, id=8356, stack(0x00000093db800000,0x00000093db900000)]
  0x0000023d951c0800 JavaThread "Unconstrained build operations Thread 33" [_thread_blocked, id=7836, stack(0x00000093db900000,0x00000093dba00000)]
  0x0000023d951c7000 JavaThread "Unconstrained build operations Thread 34" [_thread_blocked, id=8268, stack(0x00000093dba00000,0x00000093dbb00000)]
  0x0000023d951c9800 JavaThread "Unconstrained build operations Thread 35" [_thread_blocked, id=460, stack(0x00000093dbb00000,0x00000093dbc00000)]
  0x0000023d951c8000 JavaThread "Unconstrained build operations Thread 36" [_thread_blocked, id=12780, stack(0x00000093dbc00000,0x00000093dbd00000)]
  0x0000023d951ca000 JavaThread "Unconstrained build operations Thread 37" [_thread_blocked, id=10396, stack(0x00000093dbd00000,0x00000093dbe00000)]
  0x0000023d951cc000 JavaThread "Unconstrained build operations Thread 38" [_thread_blocked, id=6272, stack(0x00000093dbe00000,0x00000093dbf00000)]
  0x0000023d951cc800 JavaThread "Unconstrained build operations Thread 39" [_thread_blocked, id=4196, stack(0x00000093dbf00000,0x00000093dc000000)]
  0x0000023d951c8800 JavaThread "Unconstrained build operations Thread 40" [_thread_blocked, id=5280, stack(0x00000093dc000000,0x00000093dc100000)]
  0x0000023d951cb000 JavaThread "Unconstrained build operations Thread 41" [_thread_blocked, id=3636, stack(0x00000093dc100000,0x00000093dc200000)]
  0x0000023d937a4000 JavaThread "Unconstrained build operations Thread 42" [_thread_blocked, id=10416, stack(0x00000093dc200000,0x00000093dc300000)]
  0x0000023d937a3000 JavaThread "Unconstrained build operations Thread 43" [_thread_blocked, id=7424, stack(0x00000093dc300000,0x00000093dc400000)]
  0x0000023d937a5000 JavaThread "Unconstrained build operations Thread 44" [_thread_blocked, id=12936, stack(0x00000093dc400000,0x00000093dc500000)]
  0x0000023d937a5800 JavaThread "Unconstrained build operations Thread 45" [_thread_blocked, id=9840, stack(0x00000093dc500000,0x00000093dc600000)]
  0x0000023d937a6800 JavaThread "Unconstrained build operations Thread 46" [_thread_blocked, id=11952, stack(0x00000093dc600000,0x00000093dc700000)]
  0x0000023d937a7800 JavaThread "Unconstrained build operations Thread 47" [_thread_blocked, id=3856, stack(0x00000093dc700000,0x00000093dc800000)]
  0x0000023d937a8000 JavaThread "Unconstrained build operations Thread 48" [_thread_blocked, id=6108, stack(0x00000093dc800000,0x00000093dc900000)]
  0x0000023d937a2800 JavaThread "Unconstrained build operations Thread 49" [_thread_blocked, id=11904, stack(0x00000093dc900000,0x00000093dca00000)]
  0x0000023d937ae000 JavaThread "Unconstrained build operations Thread 50" [_thread_blocked, id=1972, stack(0x00000093dca00000,0x00000093dcb00000)]
  0x0000023d937aa800 JavaThread "Unconstrained build operations Thread 51" [_thread_blocked, id=11224, stack(0x00000093dcb00000,0x00000093dcc00000)]
  0x0000023d937ac000 JavaThread "Unconstrained build operations Thread 52" [_thread_blocked, id=6708, stack(0x00000093dcc00000,0x00000093dcd00000)]
  0x0000023d937ad000 JavaThread "Unconstrained build operations Thread 53" [_thread_blocked, id=8544, stack(0x00000093dcd00000,0x00000093dce00000)]
  0x0000023d937ae800 JavaThread "Unconstrained build operations Thread 54" [_thread_blocked, id=10016, stack(0x00000093dce00000,0x00000093dcf00000)]
  0x0000023d937a9000 JavaThread "Unconstrained build operations Thread 55" [_thread_blocked, id=12360, stack(0x00000093dcf00000,0x00000093dd000000)]
  0x0000023d937af800 JavaThread "Unconstrained build operations Thread 56" [_thread_blocked, id=3580, stack(0x00000093dd000000,0x00000093dd100000)]
  0x0000023d937aa000 JavaThread "Unconstrained build operations Thread 57" [_thread_blocked, id=2012, stack(0x00000093dd100000,0x00000093dd200000)]
  0x0000023d937b1000 JavaThread "Unconstrained build operations Thread 58" [_thread_blocked, id=1004, stack(0x00000093dd200000,0x00000093dd300000)]
  0x0000023d937ab800 JavaThread "Unconstrained build operations Thread 59" [_thread_blocked, id=8528, stack(0x00000093dd300000,0x00000093dd400000)]
  0x0000023d937b0800 JavaThread "Unconstrained build operations Thread 60" [_thread_blocked, id=7584, stack(0x00000093dd400000,0x00000093dd500000)]
  0x0000023d950d1800 JavaThread "Unconstrained build operations Thread 61" [_thread_blocked, id=9928, stack(0x00000093dd500000,0x00000093dd600000)]
  0x0000023d950cf000 JavaThread "Unconstrained build operations Thread 62" [_thread_blocked, id=3516, stack(0x00000093dd600000,0x00000093dd700000)]
  0x0000023d950ce000 JavaThread "Unconstrained build operations Thread 63" [_thread_blocked, id=5404, stack(0x00000093dd700000,0x00000093dd800000)]
  0x0000023d950d3000 JavaThread "Unconstrained build operations Thread 64" [_thread_blocked, id=1512, stack(0x00000093dd800000,0x00000093dd900000)]
  0x0000023d950d2000 JavaThread "Unconstrained build operations Thread 65" [_thread_blocked, id=3080, stack(0x00000093dd900000,0x00000093dda00000)]
  0x0000023d950d0800 JavaThread "Unconstrained build operations Thread 66" [_thread_blocked, id=3188, stack(0x00000093dda00000,0x00000093ddb00000)]
  0x0000023d950d5800 JavaThread "Unconstrained build operations Thread 67" [_thread_blocked, id=10536, stack(0x00000093ddb00000,0x00000093ddc00000)]
  0x0000023d950d4000 JavaThread "Unconstrained build operations Thread 68" [_thread_blocked, id=12380, stack(0x00000093ddc00000,0x00000093ddd00000)]
  0x0000023d950d4800 JavaThread "Unconstrained build operations Thread 69" [_thread_blocked, id=10132, stack(0x00000093ddd00000,0x00000093dde00000)]
  0x0000023d950cf800 JavaThread "Unconstrained build operations Thread 70" [_thread_blocked, id=3200, stack(0x00000093dde00000,0x00000093ddf00000)]
  0x0000023d950d8000 JavaThread "Unconstrained build operations Thread 71" [_thread_blocked, id=6680, stack(0x00000093ddf00000,0x00000093de000000)]
  0x0000023d950d7000 JavaThread "Unconstrained build operations Thread 72" [_thread_blocked, id=8452, stack(0x00000093de000000,0x00000093de100000)]
  0x0000023d950d8800 JavaThread "Unconstrained build operations Thread 73" [_thread_blocked, id=13204, stack(0x00000093de100000,0x00000093de200000)]
  0x0000023d950d9800 JavaThread "Unconstrained build operations Thread 74" [_thread_blocked, id=2800, stack(0x00000093de200000,0x00000093de300000)]
  0x0000023d950da800 JavaThread "Unconstrained build operations Thread 75" [_thread_blocked, id=3428, stack(0x00000093de300000,0x00000093de400000)]
  0x0000023d950db000 JavaThread "Unconstrained build operations Thread 76" [_thread_blocked, id=10516, stack(0x00000093de400000,0x00000093de500000)]
  0x0000023d950dc000 JavaThread "Unconstrained build operations Thread 77" [_thread_blocked, id=12492, stack(0x00000093de500000,0x00000093de600000)]
  0x0000023d950d6000 JavaThread "Unconstrained build operations Thread 78" [_thread_blocked, id=8684, stack(0x00000093de600000,0x00000093de700000)]
  0x0000023d950dc800 JavaThread "Unconstrained build operations Thread 79" [_thread_blocked, id=3864, stack(0x00000093de700000,0x00000093de800000)]
  0x0000023d98136800 JavaThread "Unconstrained build operations Thread 80" [_thread_blocked, id=13116, stack(0x00000093de800000,0x00000093de900000)]
  0x0000023d98131800 JavaThread "Memory manager" [_thread_blocked, id=8472, stack(0x00000093de900000,0x00000093dea00000)]
  0x0000023d98133000 JavaThread "included builds" [_thread_blocked, id=1844, stack(0x00000093dea00000,0x00000093deb00000)]
  0x0000023d9813c000 JavaThread "Cache worker for execution history cache (C:\Users\Dell\StudioProjects\first_project\.gradle\7.4\executionHistory)" [_thread_blocked, id=4648, stack(0x00000093df200000,0x00000093df300000)]

Other Threads:
  0x0000023dff47b000 VMThread "VM Thread" [stack: 0x00000093d6400000,0x00000093d6500000] [id=9296]
  0x0000023d93236000 WatcherThread [stack: 0x00000093d6e00000,0x00000093d6f00000] [id=11948]
=>0x0000023df7894000 GCTaskThread "GC Thread#0" [stack: 0x00000093d5f00000,0x00000093d6000000] [id=11964]
  0x0000023d939aa000 GCTaskThread "GC Thread#1" [stack: 0x00000093d7100000,0x00000093d7200000] [id=6064]
  0x0000023d936c4000 GCTaskThread "GC Thread#2" [stack: 0x00000093d7200000,0x00000093d7300000] [id=5856]
  0x0000023d93ade000 GCTaskThread "GC Thread#3" [stack: 0x00000093d7300000,0x00000093d7400000] [id=9692]
  0x0000023d93e7c000 GCTaskThread "GC Thread#4" [stack: 0x00000093d7400000,0x00000093d7500000] [id=1348]
  0x0000023d940e4800 GCTaskThread "GC Thread#5" [stack: 0x00000093d7500000,0x00000093d7600000] [id=1560]
  0x0000023d9470d000 GCTaskThread "GC Thread#6" [stack: 0x00000093d8100000,0x00000093d8200000] [id=10920]
  0x0000023d95bce800 GCTaskThread "GC Thread#7" [stack: 0x00000093d8200000,0x00000093d8300000] [id=5812]
  0x0000023df78c6000 ConcurrentGCThread "G1 Main Marker" [stack: 0x00000093d6000000,0x00000093d6100000] [id=9964]
  0x0000023df78c7000 ConcurrentGCThread "G1 Conc#0" [stack: 0x00000093d6100000,0x00000093d6200000] [id=12960]
  0x0000023d953f9000 ConcurrentGCThread "G1 Conc#1" [stack: 0x00000093d8300000,0x00000093d8400000] [id=5220]
  0x0000023dff2f5000 ConcurrentGCThread "G1 Refine#0" [stack: 0x00000093d6200000,0x00000093d6300000] [id=11876]
  0x0000023d9801e000 ConcurrentGCThread "G1 Refine#1" [stack: 0x00000093d9600000,0x00000093d9700000] [id=5612]
  0x0000023dff2f6000 ConcurrentGCThread "G1 Young RemSet Sampling" [stack: 0x00000093d6300000,0x00000093d6400000] [id=1656]

Threads with active compile tasks:
C2 CompilerThread0  14423 9344       4       java.util.concurrent.locks.AbstractQueuedSynchronizer::acquire (27 bytes)
C1 CompilerThread0  14423 9400   !   3       jdk.internal.reflect.GeneratedConstructorAccessor65::newInstance (49 bytes)
C2 CompilerThread1  14423 9137       4       org.gradle.api.internal.cache.StringInterner::intern (9 bytes)
C2 CompilerThread2  14423 9196       4       org.gradle.internal.snapshot.ChildMap$Entry::handleAncestorDescendantOrExactMatch (110 bytes)

VM state:at safepoint (normal execution)

VM Mutex/Monitor currently owned by a thread:  ([mutex/lock_event])
[0x0000023df7877ef0] Threads_lock - owner thread: 0x0000023dff47b000
[0x0000023df7877290] Heap_lock - owner thread: 0x0000023d95ba4800

Heap address: 0x0000000080000000, size: 2048 MB, Compressed Oops mode: 32-bit
Narrow klass base: 0x0000000000000000, Narrow klass shift: 3
Compressed class space size: 1073741824 Address: 0x0000000100000000

Heap:
 garbage-first heap   total 262144K, used 208838K [0x0000000080000000, 0x0000000100000000)
  region size 1024K, 80 young (81920K), 10 survivors (10240K)
 Metaspace       used 92986K, capacity 95302K, committed 95436K, reserved 1132544K
  class space    used 11993K, capacity 12874K, committed 13004K, reserved 1048576K
Heap Regions: E=young(eden), S=young(survivor), O=old, HS=humongous(starts), HC=humongous(continues), CS=collection set, F=free, A=archive, TAMS=top-at-mark-start (previous, next)
|   0|0x0000000080000000, 0x0000000080100000, 0x0000000080100000|100%| O|  |TAMS 0x0000000080100000, 0x0000000080100000| Untracked 
|   1|0x0000000080100000, 0x0000000080200000, 0x0000000080200000|100%| O|  |TAMS 0x0000000080200000, 0x0000000080200000| Untracked 
|   2|0x0000000080200000, 0x0000000080300000, 0x0000000080300000|100%| O|  |TAMS 0x0000000080300000, 0x0000000080300000| Untracked 
|   3|0x0000000080300000, 0x0000000080400000, 0x0000000080400000|100%|HS|  |TAMS 0x0000000080400000, 0x0000000080400000| Complete 
|   4|0x0000000080400000, 0x0000000080500000, 0x0000000080500000|100%|HC|  |TAMS 0x0000000080500000, 0x0000000080500000| Complete 
|   5|0x0000000080500000, 0x0000000080600000, 0x0000000080600000|100%|HC|  |TAMS 0x0000000080600000, 0x0000000080600000| Complete 
|   6|0x0000000080600000, 0x0000000080700000, 0x0000000080700000|100%| O|  |TAMS 0x0000000080700000, 0x0000000080700000| Untracked 
|   7|0x0000000080700000, 0x0000000080800000, 0x0000000080800000|100%| O|  |TAMS 0x0000000080800000, 0x0000000080800000| Untracked 
|   8|0x0000000080800000, 0x0000000080900000, 0x0000000080900000|100%| O|  |TAMS 0x0000000080900000, 0x0000000080900000| Untracked 
|   9|0x0000000080900000, 0x0000000080a00000, 0x0000000080a00000|100%| O|  |TAMS 0x0000000080a00000, 0x0000000080a00000| Untracked 
|  10|0x0000000080a00000, 0x0000000080b00000, 0x0000000080b00000|100%| O|  |TAMS 0x0000000080b00000, 0x0000000080b00000| Untracked 
|  11|0x0000000080b00000, 0x0000000080c00000, 0x0000000080c00000|100%| O|  |TAMS 0x0000000080c00000, 0x0000000080c00000| Untracked 
|  12|0x0000000080c00000, 0x0000000080d00000, 0x0000000080d00000|100%| O|  |TAMS 0x0000000080d00000, 0x0000000080d00000| Untracked 
|  13|0x0000000080d00000, 0x0000000080e00000, 0x0000000080e00000|100%| O|  |TAMS 0x0000000080e00000, 0x0000000080e00000| Untracked 
|  14|0x0000000080e00000, 0x0000000080f00000, 0x0000000080f00000|100%| O|  |TAMS 0x0000000080f00000, 0x0000000080f00000| Untracked 
|  15|0x0000000080f00000, 0x0000000081000000, 0x0000000081000000|100%| O|  |TAMS 0x0000000081000000, 0x0000000081000000| Untracked 
|  16|0x0000000081000000, 0x0000000081100000, 0x0000000081100000|100%| O|  |TAMS 0x0000000081100000, 0x0000000081100000| Untracked 
|  17|0x0000000081100000, 0x0000000081200000, 0x0000000081200000|100%|HS|  |TAMS 0x0000000081200000, 0x0000000081200000| Complete 
|  18|0x0000000081200000, 0x0000000081300000, 0x0000000081300000|100%|HC|  |TAMS 0x0000000081300000, 0x0000000081300000| Complete 
|  19|0x0000000081300000, 0x0000000081400000, 0x0000000081400000|100%|HS|  |TAMS 0x0000000081400000, 0x0000000081400000| Complete 
|  20|0x0000000081400000, 0x0000000081500000, 0x0000000081500000|100%|HC|  |TAMS 0x0000000081500000, 0x0000000081500000| Complete 
|  21|0x0000000081500000, 0x0000000081600000, 0x0000000081600000|100%|HC|  |TAMS 0x0000000081600000, 0x0000000081600000| Complete 
|  22|0x0000000081600000, 0x0000000081700000, 0x0000000081700000|100%|HS|  |TAMS 0x0000000081700000, 0x0000000081700000| Complete 
|  23|0x0000000081700000, 0x0000000081800000, 0x0000000081800000|100%|HC|  |TAMS 0x0000000081800000, 0x0000000081800000| Complete 
|  24|0x0000000081800000, 0x0000000081900000, 0x0000000081900000|100%|HC|  |TAMS 0x0000000081900000, 0x0000000081900000| Complete 
|  25|0x0000000081900000, 0x0000000081a00000, 0x0000000081a00000|100%|HC|  |TAMS 0x0000000081a00000, 0x0000000081a00000| Complete 
|  26|0x0000000081a00000, 0x0000000081b00000, 0x0000000081b00000|100%|HC|  |TAMS 0x0000000081b00000, 0x0000000081b00000| Complete 
|  27|0x0000000081b00000, 0x0000000081c00000, 0x0000000081c00000|100%|HS|  |TAMS 0x0000000081c00000, 0x0000000081c00000| Complete 
|  28|0x0000000081c00000, 0x0000000081d00000, 0x0000000081d00000|100%|HC|  |TAMS 0x0000000081d00000, 0x0000000081d00000| Complete 
|  29|0x0000000081d00000, 0x0000000081e00000, 0x0000000081e00000|100%|HC|  |TAMS 0x0000000081e00000, 0x0000000081e00000| Complete 
|  30|0x0000000081e00000, 0x0000000081f00000, 0x0000000081f00000|100%|HS|  |TAMS 0x0000000081f00000, 0x0000000081f00000| Complete 
|  31|0x0000000081f00000, 0x0000000082000000, 0x0000000082000000|100%| O|  |TAMS 0x0000000082000000, 0x0000000082000000| Untracked 
|  32|0x0000000082000000, 0x0000000082100000, 0x0000000082100000|100%| O|  |TAMS 0x0000000082100000, 0x0000000082100000| Untracked 
|  33|0x0000000082100000, 0x0000000082200000, 0x0000000082200000|100%| O|  |TAMS 0x0000000082200000, 0x0000000082200000| Untracked 
|  34|0x0000000082200000, 0x0000000082300000, 0x0000000082300000|100%|HS|  |TAMS 0x0000000082300000, 0x0000000082300000| Complete 
|  35|0x0000000082300000, 0x0000000082400000, 0x0000000082400000|100%|HC|  |TAMS 0x0000000082400000, 0x0000000082400000| Complete 
|  36|0x0000000082400000, 0x0000000082500000, 0x0000000082500000|100%|HC|  |TAMS 0x0000000082500000, 0x0000000082500000| Complete 
|  37|0x0000000082500000, 0x0000000082600000, 0x0000000082600000|100%|HC|  |TAMS 0x0000000082600000, 0x0000000082600000| Complete 
|  38|0x0000000082600000, 0x0000000082700000, 0x0000000082700000|100%|HS|  |TAMS 0x0000000082700000, 0x0000000082700000| Complete 
|  39|0x0000000082700000, 0x0000000082800000, 0x0000000082800000|100%|HC|  |TAMS 0x0000000082800000, 0x0000000082800000| Complete 
|  40|0x0000000082800000, 0x0000000082900000, 0x0000000082900000|100%|HC|  |TAMS 0x0000000082900000, 0x0000000082900000| Complete 
|  41|0x0000000082900000, 0x0000000082a00000, 0x0000000082a00000|100%|HS|  |TAMS 0x0000000082a00000, 0x0000000082a00000| Complete 
|  42|0x0000000082a00000, 0x0000000082b00000, 0x0000000082b00000|100%|HC|  |TAMS 0x0000000082b00000, 0x0000000082b00000| Complete 
|  43|0x0000000082b00000, 0x0000000082c00000, 0x0000000082c00000|100%|HS|  |TAMS 0x0000000082c00000, 0x0000000082c00000| Complete 
|  44|0x0000000082c00000, 0x0000000082d00000, 0x0000000082d00000|100%|HC|  |TAMS 0x0000000082d00000, 0x0000000082d00000| Complete 
|  45|0x0000000082d00000, 0x0000000082e00000, 0x0000000082e00000|100%|HC|  |TAMS 0x0000000082e00000, 0x0000000082e00000| Complete 
|  46|0x0000000082e00000, 0x0000000082f00000, 0x0000000082f00000|100%| O|  |TAMS 0x0000000082f00000, 0x0000000082f00000| Untracked 
|  47|0x0000000082f00000, 0x0000000083000000, 0x0000000083000000|100%| O|  |TAMS 0x0000000083000000, 0x0000000083000000| Untracked 
|  48|0x0000000083000000, 0x0000000083100000, 0x0000000083100000|100%| O|  |TAMS 0x0000000083100000, 0x0000000083100000| Untracked 
|  49|0x0000000083100000, 0x0000000083200000, 0x0000000083200000|100%| O|  |TAMS 0x0000000083200000, 0x0000000083200000| Untracked 
|  50|0x0000000083200000, 0x0000000083300000, 0x0000000083300000|100%|HS|  |TAMS 0x0000000083300000, 0x0000000083300000| Complete 
|  51|0x0000000083300000, 0x0000000083400000, 0x0000000083400000|100%|HC|  |TAMS 0x0000000083400000, 0x0000000083400000| Complete 
|  52|0x0000000083400000, 0x0000000083500000, 0x0000000083500000|100%|HC|  |TAMS 0x0000000083500000, 0x0000000083500000| Complete 
|  53|0x0000000083500000, 0x0000000083600000, 0x0000000083600000|100%|HC|  |TAMS 0x0000000083600000, 0x0000000083600000| Complete 
|  54|0x0000000083600000, 0x0000000083700000, 0x0000000083700000|100%|HC|  |TAMS 0x0000000083700000, 0x0000000083700000| Complete 
|  55|0x0000000083700000, 0x0000000083800000, 0x0000000083800000|100%| O|  |TAMS 0x0000000083800000, 0x0000000083800000| Untracked 
|  56|0x0000000083800000, 0x0000000083900000, 0x0000000083900000|100%| O|  |TAMS 0x0000000083900000, 0x0000000083900000| Untracked 
|  57|0x0000000083900000, 0x0000000083a00000, 0x0000000083a00000|100%| O|  |TAMS 0x0000000083a00000, 0x0000000083a00000| Untracked 
|  58|0x0000000083a00000, 0x0000000083b00000, 0x0000000083b00000|100%| O|  |TAMS 0x0000000083b00000, 0x0000000083b00000| Untracked 
|  59|0x0000000083b00000, 0x0000000083c00000, 0x0000000083c00000|100%| O|  |TAMS 0x0000000083c00000, 0x0000000083c00000| Untracked 
|  60|0x0000000083c00000, 0x0000000083d00000, 0x0000000083d00000|100%| O|  |TAMS 0x0000000083d00000, 0x0000000083d00000| Untracked 
|  61|0x0000000083d00000, 0x0000000083e00000, 0x0000000083e00000|100%| O|  |TAMS 0x0000000083e00000, 0x0000000083e00000| Untracked 
|  62|0x0000000083e00000, 0x0000000083f00000, 0x0000000083f00000|100%| O|  |TAMS 0x0000000083f00000, 0x0000000083f00000| Untracked 
|  63|0x0000000083f00000, 0x0000000084000000, 0x0000000084000000|100%| O|  |TAMS 0x0000000084000000, 0x0000000084000000| Untracked 
|  64|0x0000000084000000, 0x0000000084100000, 0x0000000084100000|100%| O|  |TAMS 0x0000000084100000, 0x0000000084100000| Untracked 
|  65|0x0000000084100000, 0x0000000084200000, 0x0000000084200000|100%| O|  |TAMS 0x0000000084200000, 0x0000000084200000| Untracked 
|  66|0x0000000084200000, 0x0000000084300000, 0x0000000084300000|100%| O|  |TAMS 0x0000000084300000, 0x0000000084300000| Untracked 
|  67|0x0000000084300000, 0x0000000084400000, 0x0000000084400000|100%|HS|  |TAMS 0x0000000084400000, 0x0000000084400000| Complete 
|  68|0x0000000084400000, 0x0000000084500000, 0x0000000084500000|100%|HS|  |TAMS 0x0000000084500000, 0x0000000084500000| Complete 
|  69|0x0000000084500000, 0x0000000084600000, 0x0000000084600000|100%|HS|  |TAMS 0x0000000084600000, 0x0000000084600000| Complete 
|  70|0x0000000084600000, 0x0000000084700000, 0x0000000084700000|100%|HS|  |TAMS 0x0000000084700000, 0x0000000084700000| Complete 
|  71|0x0000000084700000, 0x0000000084800000, 0x0000000084800000|100%|HC|  |TAMS 0x0000000084800000, 0x0000000084800000| Complete 
|  72|0x0000000084800000, 0x0000000084900000, 0x0000000084900000|100%| O|  |TAMS 0x0000000084900000, 0x0000000084900000| Untracked 
|  73|0x0000000084900000, 0x0000000084a00000, 0x0000000084a00000|100%|HS|  |TAMS 0x0000000084a00000, 0x0000000084a00000| Complete 
|  74|0x0000000084a00000, 0x0000000084b00000, 0x0000000084b00000|100%|HC|  |TAMS 0x0000000084b00000, 0x0000000084b00000| Complete 
|  75|0x0000000084b00000, 0x0000000084c00000, 0x0000000084c00000|100%|HC|  |TAMS 0x0000000084c00000, 0x0000000084c00000| Complete 
|  76|0x0000000084c00000, 0x0000000084d00000, 0x0000000084d00000|100%|HC|  |TAMS 0x0000000084d00000, 0x0000000084d00000| Complete 
|  77|0x0000000084d00000, 0x0000000084e00000, 0x0000000084e00000|100%|HS|  |TAMS 0x0000000084e00000, 0x0000000084e00000| Complete 
|  78|0x0000000084e00000, 0x0000000084f00000, 0x0000000084f00000|100%|HC|  |TAMS 0x0000000084f00000, 0x0000000084f00000| Complete 
|  79|0x0000000084f00000, 0x0000000085000000, 0x0000000085000000|100%| O|  |TAMS 0x0000000085000000, 0x0000000085000000| Untracked 
|  80|0x0000000085000000, 0x0000000085100000, 0x0000000085100000|100%| O|  |TAMS 0x0000000085100000, 0x0000000085100000| Untracked 
|  81|0x0000000085100000, 0x0000000085200000, 0x0000000085200000|100%| O|  |TAMS 0x0000000085200000, 0x0000000085200000| Untracked 
|  82|0x0000000085200000, 0x0000000085300000, 0x0000000085300000|100%| O|  |TAMS 0x0000000085300000, 0x0000000085300000| Untracked 
|  83|0x0000000085300000, 0x0000000085400000, 0x0000000085400000|100%| O|  |TAMS 0x0000000085400000, 0x0000000085400000| Untracked 
|  84|0x0000000085400000, 0x0000000085500000, 0x0000000085500000|100%| O|  |TAMS 0x0000000085500000, 0x0000000085500000| Untracked 
|  85|0x0000000085500000, 0x0000000085600000, 0x0000000085600000|100%| O|  |TAMS 0x0000000085600000, 0x0000000085600000| Untracked 
|  86|0x0000000085600000, 0x0000000085700000, 0x0000000085700000|100%| O|  |TAMS 0x0000000085700000, 0x0000000085700000| Untracked 
|  87|0x0000000085700000, 0x0000000085800000, 0x0000000085800000|100%| O|  |TAMS 0x0000000085800000, 0x0000000085800000| Untracked 
|  88|0x0000000085800000, 0x0000000085900000, 0x0000000085900000|100%| O|  |TAMS 0x0000000085900000, 0x0000000085900000| Untracked 
|  89|0x0000000085900000, 0x0000000085a00000, 0x0000000085a00000|100%| O|  |TAMS 0x0000000085a00000, 0x0000000085a00000| Untracked 
|  90|0x0000000085a00000, 0x0000000085b00000, 0x0000000085b00000|100%| O|  |TAMS 0x0000000085b00000, 0x0000000085b00000| Untracked 
|  91|0x0000000085b00000, 0x0000000085c00000, 0x0000000085c00000|100%| O|  |TAMS 0x0000000085c00000, 0x0000000085c00000| Untracked 
|  92|0x0000000085c00000, 0x0000000085d00000, 0x0000000085d00000|100%| O|  |TAMS 0x0000000085d00000, 0x0000000085d00000| Untracked 
|  93|0x0000000085d00000, 0x0000000085e00000, 0x0000000085e00000|100%| O|  |TAMS 0x0000000085e00000, 0x0000000085e00000| Untracked 
|  94|0x0000000085e00000, 0x0000000085f00000, 0x0000000085f00000|100%|HS|  |TAMS 0x0000000085f00000, 0x0000000085f00000| Complete 
|  95|0x0000000085f00000, 0x0000000086000000, 0x0000000086000000|100%|HC|  |TAMS 0x0000000086000000, 0x0000000086000000| Complete 
|  96|0x0000000086000000, 0x0000000086100000, 0x0000000086100000|100%|HC|  |TAMS 0x0000000086100000, 0x0000000086100000| Complete 
|  97|0x0000000086100000, 0x0000000086200000, 0x0000000086200000|100%|HS|  |TAMS 0x0000000086200000, 0x0000000086200000| Complete 
|  98|0x0000000086200000, 0x0000000086300000, 0x0000000086300000|100%|HC|  |TAMS 0x0000000086300000, 0x0000000086300000| Complete 
|  99|0x0000000086300000, 0x0000000086400000, 0x0000000086400000|100%|HC|  |TAMS 0x0000000086400000, 0x0000000086400000| Complete 
| 100|0x0000000086400000, 0x0000000086500000, 0x0000000086500000|100%|HC|  |TAMS 0x0000000086500000, 0x0000000086500000| Complete 
| 101|0x0000000086500000, 0x0000000086600000, 0x0000000086600000|100%|HC|  |TAMS 0x0000000086600000, 0x0000000086600000| Complete 
| 102|0x0000000086600000, 0x0000000086700000, 0x0000000086700000|100%|HS|  |TAMS 0x0000000086700000, 0x0000000086700000| Complete 
| 103|0x0000000086700000, 0x0000000086800000, 0x0000000086800000|100%|HC|  |TAMS 0x0000000086800000, 0x0000000086800000| Complete 
| 104|0x0000000086800000, 0x0000000086900000, 0x0000000086900000|100%|HC|  |TAMS 0x0000000086900000, 0x0000000086900000| Complete 
| 105|0x0000000086900000, 0x0000000086a00000, 0x0000000086a00000|100%|HS|  |TAMS 0x0000000086a00000, 0x0000000086a00000| Complete 
| 106|0x0000000086a00000, 0x0000000086b00000, 0x0000000086b00000|100%|HC|  |TAMS 0x0000000086b00000, 0x0000000086b00000| Complete 
| 107|0x0000000086b00000, 0x0000000086c00000, 0x0000000086c00000|100%|HC|  |TAMS 0x0000000086c00000, 0x0000000086c00000| Complete 
| 108|0x0000000086c00000, 0x0000000086d00000, 0x0000000086d00000|100%|HC|  |TAMS 0x0000000086d00000, 0x0000000086d00000| Complete 
| 109|0x0000000086d00000, 0x0000000086e00000, 0x0000000086e00000|100%| O|  |TAMS 0x0000000086e00000, 0x0000000086e00000| Untracked 
| 110|0x0000000086e00000, 0x0000000086f00000, 0x0000000086f00000|100%| O|  |TAMS 0x0000000086f00000, 0x0000000086f00000| Untracked 
| 111|0x0000000086f00000, 0x0000000087000000, 0x0000000087000000|100%| O|  |TAMS 0x0000000087000000, 0x0000000087000000| Untracked 
| 112|0x0000000087000000, 0x0000000087100000, 0x0000000087100000|100%| O|  |TAMS 0x0000000087100000, 0x0000000087100000| Untracked 
| 113|0x0000000087100000, 0x0000000087200000, 0x0000000087200000|100%| O|  |TAMS 0x0000000087200000, 0x0000000087200000| Untracked 
| 114|0x0000000087200000, 0x0000000087300000, 0x0000000087300000|100%| O|  |TAMS 0x0000000087300000, 0x0000000087300000| Untracked 
| 115|0x0000000087300000, 0x0000000087400000, 0x0000000087400000|100%| O|  |TAMS 0x0000000087400000, 0x0000000087400000| Untracked 
| 116|0x0000000087400000, 0x0000000087500000, 0x0000000087500000|100%| O|  |TAMS 0x0000000087500000, 0x0000000087500000| Untracked 
| 117|0x0000000087500000, 0x0000000087600000, 0x0000000087600000|100%| O|  |TAMS 0x0000000087600000, 0x0000000087600000| Untracked 
| 118|0x0000000087600000, 0x0000000087700000, 0x0000000087700000|100%| O|  |TAMS 0x0000000087700000, 0x0000000087700000| Untracked 
| 119|0x0000000087700000, 0x0000000087800000, 0x0000000087800000|100%| O|  |TAMS 0x0000000087800000, 0x0000000087800000| Untracked 
| 120|0x0000000087800000, 0x0000000087900000, 0x0000000087900000|100%| O|  |TAMS 0x0000000087900000, 0x0000000087900000| Untracked 
| 121|0x0000000087900000, 0x0000000087a00000, 0x0000000087a00000|100%| O|  |TAMS 0x0000000087a00000, 0x0000000087a00000| Untracked 
| 122|0x0000000087a00000, 0x0000000087b00000, 0x0000000087b00000|100%| O|  |TAMS 0x0000000087b00000, 0x0000000087b00000| Untracked 
| 123|0x0000000087b00000, 0x0000000087c00000, 0x0000000087c00000|100%| O|  |TAMS 0x0000000087c00000, 0x0000000087c00000| Untracked 
| 124|0x0000000087c00000, 0x0000000087d00000, 0x0000000087d00000|100%| O|  |TAMS 0x0000000087d00000, 0x0000000087d00000| Untracked 
| 125|0x0000000087d00000, 0x0000000087e00000, 0x0000000087e00000|100%| O|  |TAMS 0x0000000087df1a00, 0x0000000087e00000| Untracked 
| 126|0x0000000087e00000, 0x0000000087f00000, 0x0000000087f00000|100%| O|  |TAMS 0x0000000087e00000, 0x0000000087f00000| Untracked 
| 127|0x0000000087f00000, 0x0000000088000000, 0x0000000088000000|100%| O|  |TAMS 0x0000000087f00000, 0x0000000088000000| Untracked 
| 128|0x0000000088000000, 0x0000000088100000, 0x0000000088100000|100%| O|  |TAMS 0x0000000088000000, 0x0000000088100000| Untracked 
| 129|0x0000000088100000, 0x0000000088200000, 0x0000000088200000|100%| O|  |TAMS 0x0000000088100000, 0x0000000088200000| Untracked 
| 130|0x0000000088200000, 0x0000000088200000, 0x0000000088300000|  0%| O|  |TAMS 0x0000000088200000, 0x0000000088300000| Untracked 
| 131|0x0000000088300000, 0x0000000088300000, 0x0000000088400000|  0%| F|  |TAMS 0x0000000088300000, 0x0000000088300000| Untracked 
| 132|0x0000000088400000, 0x0000000088400000, 0x0000000088500000|  0%| F|  |TAMS 0x0000000088400000, 0x0000000088400000| Untracked 
| 133|0x0000000088500000, 0x0000000088500000, 0x0000000088600000|  0%| F|  |TAMS 0x0000000088500000, 0x0000000088500000| Untracked 
| 134|0x0000000088600000, 0x0000000088600000, 0x0000000088700000|  0%| F|  |TAMS 0x0000000088600000, 0x0000000088600000| Untracked 
| 135|0x0000000088700000, 0x0000000088700000, 0x0000000088800000|  0%| F|  |TAMS 0x0000000088700000, 0x0000000088700000| Untracked 
| 136|0x0000000088800000, 0x0000000088800000, 0x0000000088900000|  0%| F|  |TAMS 0x0000000088800000, 0x0000000088800000| Untracked 
| 137|0x0000000088900000, 0x0000000088900000, 0x0000000088a00000|  0%| F|  |TAMS 0x0000000088900000, 0x0000000088900000| Untracked 
| 138|0x0000000088a00000, 0x0000000088a00000, 0x0000000088b00000|  0%| F|  |TAMS 0x0000000088a00000, 0x0000000088a00000| Untracked 
| 139|0x0000000088b00000, 0x0000000088b00000, 0x0000000088c00000|  0%| F|  |TAMS 0x0000000088b00000, 0x0000000088b00000| Untracked 
| 140|0x0000000088c00000, 0x0000000088c00000, 0x0000000088d00000|  0%| F|  |TAMS 0x0000000088c00000, 0x0000000088c00000| Untracked 
| 141|0x0000000088d00000, 0x0000000088d00000, 0x0000000088e00000|  0%| F|  |TAMS 0x0000000088d00000, 0x0000000088d00000| Untracked 
| 142|0x0000000088e00000, 0x0000000088e00000, 0x0000000088f00000|  0%| F|  |TAMS 0x0000000088e00000, 0x0000000088e00000| Untracked 
| 143|0x0000000088f00000, 0x0000000088f00000, 0x0000000089000000|  0%| F|  |TAMS 0x0000000088f00000, 0x0000000088f00000| Untracked 
| 144|0x0000000089000000, 0x0000000089000000, 0x0000000089100000|  0%| F|  |TAMS 0x0000000089000000, 0x0000000089000000| Untracked 
| 145|0x0000000089100000, 0x0000000089100000, 0x0000000089200000|  0%| F|  |TAMS 0x0000000089100000, 0x0000000089100000| Untracked 
| 146|0x0000000089200000, 0x0000000089200000, 0x0000000089300000|  0%| F|  |TAMS 0x0000000089200000, 0x0000000089200000| Untracked 
| 147|0x0000000089300000, 0x0000000089300000, 0x0000000089400000|  0%| F|  |TAMS 0x0000000089300000, 0x0000000089300000| Untracked 
| 148|0x0000000089400000, 0x0000000089400000, 0x0000000089500000|  0%| F|  |TAMS 0x0000000089400000, 0x0000000089400000| Untracked 
| 149|0x0000000089500000, 0x0000000089500000, 0x0000000089600000|  0%| F|  |TAMS 0x0000000089500000, 0x0000000089500000| Untracked 
| 150|0x0000000089600000, 0x0000000089600000, 0x0000000089700000|  0%| F|  |TAMS 0x0000000089600000, 0x0000000089600000| Untracked 
| 151|0x0000000089700000, 0x0000000089700000, 0x0000000089800000|  0%| F|  |TAMS 0x0000000089700000, 0x0000000089700000| Untracked 
| 152|0x0000000089800000, 0x0000000089800000, 0x0000000089900000|  0%| F|  |TAMS 0x0000000089800000, 0x0000000089800000| Untracked 
| 153|0x0000000089900000, 0x0000000089900000, 0x0000000089a00000|  0%| F|  |TAMS 0x0000000089900000, 0x0000000089900000| Untracked 
| 154|0x0000000089a00000, 0x0000000089a00000, 0x0000000089b00000|  0%| F|  |TAMS 0x0000000089a00000, 0x0000000089a00000| Untracked 
| 155|0x0000000089b00000, 0x0000000089b00000, 0x0000000089c00000|  0%| F|  |TAMS 0x0000000089b00000, 0x0000000089b00000| Untracked 
| 156|0x0000000089c00000, 0x0000000089c00000, 0x0000000089d00000|  0%| F|  |TAMS 0x0000000089c00000, 0x0000000089c00000| Untracked 
| 157|0x0000000089d00000, 0x0000000089d00000, 0x0000000089e00000|  0%| F|  |TAMS 0x0000000089d00000, 0x0000000089d00000| Untracked 
| 158|0x0000000089e00000, 0x0000000089e00000, 0x0000000089f00000|  0%| F|  |TAMS 0x0000000089e00000, 0x0000000089e00000| Untracked 
| 159|0x0000000089f00000, 0x0000000089f00000, 0x000000008a000000|  0%| F|  |TAMS 0x0000000089f00000, 0x0000000089f00000| Untracked 
| 160|0x000000008a000000, 0x000000008a000000, 0x000000008a100000|  0%| F|  |TAMS 0x000000008a000000, 0x000000008a000000| Untracked 
| 161|0x000000008a100000, 0x000000008a100000, 0x000000008a200000|  0%| F|  |TAMS 0x000000008a100000, 0x000000008a100000| Untracked 
| 162|0x000000008a200000, 0x000000008a200000, 0x000000008a300000|  0%| F|  |TAMS 0x000000008a200000, 0x000000008a200000| Untracked 
| 163|0x000000008a300000, 0x000000008a300000, 0x000000008a400000|  0%| F|  |TAMS 0x000000008a300000, 0x000000008a300000| Untracked 
| 164|0x000000008a400000, 0x000000008a400000, 0x000000008a500000|  0%| F|  |TAMS 0x000000008a400000, 0x000000008a400000| Untracked 
| 165|0x000000008a500000, 0x000000008a500000, 0x000000008a600000|  0%| F|  |TAMS 0x000000008a500000, 0x000000008a500000| Untracked 
| 166|0x000000008a600000, 0x000000008a600000, 0x000000008a700000|  0%| F|  |TAMS 0x000000008a600000, 0x000000008a600000| Untracked 
| 167|0x000000008a700000, 0x000000008a700000, 0x000000008a800000|  0%| F|  |TAMS 0x000000008a700000, 0x000000008a700000| Untracked 
| 168|0x000000008a800000, 0x000000008a900000, 0x000000008a900000|100%| S|  |TAMS 0x000000008a800000, 0x000000008a800000| Complete 
| 169|0x000000008a900000, 0x000000008aa00000, 0x000000008aa00000|100%| S|  |TAMS 0x000000008a900000, 0x000000008a900000| Complete 
| 170|0x000000008aa00000, 0x000000008ab00000, 0x000000008ab00000|100%| S|  |TAMS 0x000000008aa00000, 0x000000008aa00000| Complete 
| 171|0x000000008ab00000, 0x000000008ac00000, 0x000000008ac00000|100%| S|  |TAMS 0x000000008ab00000, 0x000000008ab00000| Complete 
| 172|0x000000008ac00000, 0x000000008ad00000, 0x000000008ad00000|100%| S|  |TAMS 0x000000008ac00000, 0x000000008ac00000| Complete 
| 173|0x000000008ad00000, 0x000000008ae00000, 0x000000008ae00000|100%| E|CS|TAMS 0x000000008ad00000, 0x000000008ae00000| Complete 
| 174|0x000000008ae00000, 0x000000008af00000, 0x000000008af00000|100%| E|CS|TAMS 0x000000008ae00000, 0x000000008af00000| Complete 
| 175|0x000000008af00000, 0x000000008b000000, 0x000000008b000000|100%| E|CS|TAMS 0x000000008af00000, 0x000000008b000000| Complete 
| 176|0x000000008b000000, 0x000000008b100000, 0x000000008b100000|100%| E|CS|TAMS 0x000000008b000000, 0x000000008b100000| Complete 
| 177|0x000000008b100000, 0x000000008b200000, 0x000000008b200000|100%| E|CS|TAMS 0x000000008b100000, 0x000000008b200000| Complete 
| 178|0x000000008b200000, 0x000000008b300000, 0x000000008b300000|100%| E|CS|TAMS 0x000000008b200000, 0x000000008b300000| Complete 
| 179|0x000000008b300000, 0x000000008b400000, 0x000000008b400000|100%| E|CS|TAMS 0x000000008b300000, 0x000000008b400000| Complete 
| 180|0x000000008b400000, 0x000000008b500000, 0x000000008b500000|100%| E|CS|TAMS 0x000000008b400000, 0x000000008b500000| Complete 
| 181|0x000000008b500000, 0x000000008b600000, 0x000000008b600000|100%| S|  |TAMS 0x000000008b500000, 0x000000008b500000| Complete 
| 182|0x000000008b600000, 0x000000008b700000, 0x000000008b700000|100%| S|  |TAMS 0x000000008b600000, 0x000000008b600000| Complete 
| 183|0x000000008b700000, 0x000000008b800000, 0x000000008b800000|100%| S|  |TAMS 0x000000008b700000, 0x000000008b700000| Complete 
| 184|0x000000008b800000, 0x000000008b900000, 0x000000008b900000|100%| S|  |TAMS 0x000000008b800000, 0x000000008b800000| Complete 
| 185|0x000000008b900000, 0x000000008ba00000, 0x000000008ba00000|100%| S|  |TAMS 0x000000008b900000, 0x000000008b900000| Complete 
| 186|0x000000008ba00000, 0x000000008bb00000, 0x000000008bb00000|100%| E|CS|TAMS 0x000000008ba00000, 0x000000008bb00000| Complete 
| 187|0x000000008bb00000, 0x000000008bc00000, 0x000000008bc00000|100%| E|CS|TAMS 0x000000008bb00000, 0x000000008bc00000| Complete 
| 188|0x000000008bc00000, 0x000000008bd00000, 0x000000008bd00000|100%| E|CS|TAMS 0x000000008bc00000, 0x000000008bd00000| Complete 
| 189|0x000000008bd00000, 0x000000008be00000, 0x000000008be00000|100%| E|CS|TAMS 0x000000008bd00000, 0x000000008be00000| Complete 
| 190|0x000000008be00000, 0x000000008bf00000, 0x000000008bf00000|100%| E|CS|TAMS 0x000000008be00000, 0x000000008bf00000| Complete 
| 191|0x000000008bf00000, 0x000000008c000000, 0x000000008c000000|100%| E|CS|TAMS 0x000000008bf00000, 0x000000008c000000| Complete 
| 192|0x000000008c000000, 0x000000008c100000, 0x000000008c100000|100%| E|CS|TAMS 0x000000008c000000, 0x000000008c100000| Complete 
| 193|0x000000008c100000, 0x000000008c200000, 0x000000008c200000|100%| E|CS|TAMS 0x000000008c100000, 0x000000008c200000| Complete 
| 194|0x000000008c200000, 0x000000008c300000, 0x000000008c300000|100%| E|CS|TAMS 0x000000008c200000, 0x000000008c300000| Complete 
| 195|0x000000008c300000, 0x000000008c400000, 0x000000008c400000|100%| E|CS|TAMS 0x000000008c300000, 0x000000008c400000| Complete 
| 196|0x000000008c400000, 0x000000008c500000, 0x000000008c500000|100%| E|CS|TAMS 0x000000008c400000, 0x000000008c500000| Complete 
| 197|0x000000008c500000, 0x000000008c600000, 0x000000008c600000|100%| E|CS|TAMS 0x000000008c500000, 0x000000008c600000| Complete 
| 198|0x000000008c600000, 0x000000008c700000, 0x000000008c700000|100%| E|CS|TAMS 0x000000008c600000, 0x000000008c700000| Complete 
| 199|0x000000008c700000, 0x000000008c800000, 0x000000008c800000|100%| E|CS|TAMS 0x000000008c700000, 0x000000008c800000| Complete 
| 200|0x000000008c800000, 0x000000008c900000, 0x000000008c900000|100%| E|CS|TAMS 0x000000008c800000, 0x000000008c900000| Complete 
| 201|0x000000008c900000, 0x000000008ca00000, 0x000000008ca00000|100%| E|CS|TAMS 0x000000008c900000, 0x000000008ca00000| Complete 
| 202|0x000000008ca00000, 0x000000008cb00000, 0x000000008cb00000|100%| E|CS|TAMS 0x000000008ca00000, 0x000000008cb00000| Complete 
| 203|0x000000008cb00000, 0x000000008cc00000, 0x000000008cc00000|100%| E|CS|TAMS 0x000000008cb00000, 0x000000008cc00000| Complete 
| 204|0x000000008cc00000, 0x000000008cd00000, 0x000000008cd00000|100%| E|CS|TAMS 0x000000008cc00000, 0x000000008cd00000| Complete 
| 205|0x000000008cd00000, 0x000000008ce00000, 0x000000008ce00000|100%| E|CS|TAMS 0x000000008cd00000, 0x000000008ce00000| Complete 
| 206|0x000000008ce00000, 0x000000008cf00000, 0x000000008cf00000|100%| E|CS|TAMS 0x000000008ce00000, 0x000000008cf00000| Complete 
| 207|0x000000008cf00000, 0x000000008d000000, 0x000000008d000000|100%| E|CS|TAMS 0x000000008cf00000, 0x000000008d000000| Complete 
| 208|0x000000008d000000, 0x000000008d100000, 0x000000008d100000|100%| E|CS|TAMS 0x000000008d000000, 0x000000008d100000| Complete 
| 209|0x000000008d100000, 0x000000008d200000, 0x000000008d200000|100%| E|CS|TAMS 0x000000008d100000, 0x000000008d200000| Complete 
| 210|0x000000008d200000, 0x000000008d300000, 0x000000008d300000|100%| E|CS|TAMS 0x000000008d200000, 0x000000008d300000| Complete 
| 211|0x000000008d300000, 0x000000008d400000, 0x000000008d400000|100%| E|CS|TAMS 0x000000008d300000, 0x000000008d400000| Complete 
| 212|0x000000008d400000, 0x000000008d500000, 0x000000008d500000|100%| E|CS|TAMS 0x000000008d400000, 0x000000008d500000| Complete 
| 213|0x000000008d500000, 0x000000008d600000, 0x000000008d600000|100%| E|CS|TAMS 0x000000008d500000, 0x000000008d600000| Complete 
| 214|0x000000008d600000, 0x000000008d700000, 0x000000008d700000|100%| E|CS|TAMS 0x000000008d600000, 0x000000008d700000| Complete 
| 215|0x000000008d700000, 0x000000008d800000, 0x000000008d800000|100%| E|CS|TAMS 0x000000008d700000, 0x000000008d800000| Complete 
| 216|0x000000008d800000, 0x000000008d900000, 0x000000008d900000|100%| E|CS|TAMS 0x000000008d800000, 0x000000008d900000| Complete 
| 217|0x000000008d900000, 0x000000008da00000, 0x000000008da00000|100%| E|CS|TAMS 0x000000008d900000, 0x000000008da00000| Complete 
| 218|0x000000008da00000, 0x000000008db00000, 0x000000008db00000|100%| E|CS|TAMS 0x000000008da00000, 0x000000008db00000| Complete 
| 219|0x000000008db00000, 0x000000008dc00000, 0x000000008dc00000|100%| E|CS|TAMS 0x000000008db00000, 0x000000008dc00000| Complete 
| 220|0x000000008dc00000, 0x000000008dd00000, 0x000000008dd00000|100%| E|CS|TAMS 0x000000008dc00000, 0x000000008dd00000| Complete 
| 221|0x000000008dd00000, 0x000000008de00000, 0x000000008de00000|100%| E|CS|TAMS 0x000000008dd00000, 0x000000008de00000| Complete 
| 222|0x000000008de00000, 0x000000008df00000, 0x000000008df00000|100%| E|CS|TAMS 0x000000008de00000, 0x000000008df00000| Complete 
| 223|0x000000008df00000, 0x000000008e000000, 0x000000008e000000|100%| E|CS|TAMS 0x000000008df00000, 0x000000008e000000| Complete 
| 224|0x000000008e000000, 0x000000008e100000, 0x000000008e100000|100%| E|CS|TAMS 0x000000008e000000, 0x000000008e100000| Complete 
| 225|0x000000008e100000, 0x000000008e200000, 0x000000008e200000|100%| E|CS|TAMS 0x000000008e100000, 0x000000008e200000| Complete 
| 226|0x000000008e200000, 0x000000008e300000, 0x000000008e300000|100%| E|CS|TAMS 0x000000008e200000, 0x000000008e300000| Complete 
| 227|0x000000008e300000, 0x000000008e400000, 0x000000008e400000|100%| E|CS|TAMS 0x000000008e300000, 0x000000008e400000| Complete 
| 228|0x000000008e400000, 0x000000008e500000, 0x000000008e500000|100%| E|CS|TAMS 0x000000008e400000, 0x000000008e500000| Complete 
| 229|0x000000008e500000, 0x000000008e600000, 0x000000008e600000|100%| E|CS|TAMS 0x000000008e500000, 0x000000008e600000| Complete 
| 230|0x000000008e600000, 0x000000008e700000, 0x000000008e700000|100%| E|CS|TAMS 0x000000008e600000, 0x000000008e700000| Complete 
| 231|0x000000008e700000, 0x000000008e800000, 0x000000008e800000|100%| E|CS|TAMS 0x000000008e700000, 0x000000008e800000| Complete 
| 232|0x000000008e800000, 0x000000008e900000, 0x000000008e900000|100%| E|CS|TAMS 0x000000008e800000, 0x000000008e900000| Complete 
| 233|0x000000008e900000, 0x000000008ea00000, 0x000000008ea00000|100%| E|CS|TAMS 0x000000008e900000, 0x000000008ea00000| Complete 
| 234|0x000000008ea00000, 0x000000008eb00000, 0x000000008eb00000|100%| E|CS|TAMS 0x000000008ea00000, 0x000000008eb00000| Complete 
| 235|0x000000008eb00000, 0x000000008ec00000, 0x000000008ec00000|100%| E|CS|TAMS 0x000000008eb00000, 0x000000008ec00000| Complete 
| 236|0x000000008ec00000, 0x000000008ed00000, 0x000000008ed00000|100%| E|CS|TAMS 0x000000008ec00000, 0x000000008ed00000| Complete 
| 237|0x000000008ed00000, 0x000000008ee00000, 0x000000008ee00000|100%| E|CS|TAMS 0x000000008ed00000, 0x000000008ee00000| Complete 
| 238|0x000000008ee00000, 0x000000008ef00000, 0x000000008ef00000|100%| E|CS|TAMS 0x000000008ee00000, 0x000000008ef00000| Complete 
| 239|0x000000008ef00000, 0x000000008f000000, 0x000000008f000000|100%| E|CS|TAMS 0x000000008ef00000, 0x000000008f000000| Complete 
| 240|0x000000008f000000, 0x000000008f100000, 0x000000008f100000|100%| E|CS|TAMS 0x000000008f000000, 0x000000008f100000| Complete 
| 241|0x000000008f100000, 0x000000008f200000, 0x000000008f200000|100%| E|CS|TAMS 0x000000008f100000, 0x000000008f200000| Complete 
| 242|0x000000008f200000, 0x000000008f300000, 0x000000008f300000|100%| E|CS|TAMS 0x000000008f200000, 0x000000008f300000| Complete 
| 243|0x000000008f300000, 0x000000008f400000, 0x000000008f400000|100%| E|CS|TAMS 0x000000008f300000, 0x000000008f400000| Complete 
| 244|0x000000008f400000, 0x000000008f500000, 0x000000008f500000|100%| E|CS|TAMS 0x000000008f400000, 0x000000008f500000| Complete 
| 245|0x000000008f500000, 0x000000008f600000, 0x000000008f600000|100%| E|CS|TAMS 0x000000008f500000, 0x000000008f600000| Complete 
| 246|0x000000008f600000, 0x000000008f700000, 0x000000008f700000|100%| E|CS|TAMS 0x000000008f600000, 0x000000008f700000| Complete 
| 247|0x000000008f700000, 0x000000008f800000, 0x000000008f800000|100%| E|CS|TAMS 0x000000008f700000, 0x000000008f800000| Complete 
| 248|0x000000008f800000, 0x000000008f900000, 0x000000008f900000|100%| E|CS|TAMS 0x000000008f800000, 0x000000008f900000| Complete 
| 249|0x000000008f900000, 0x000000008fa00000, 0x000000008fa00000|100%| E|CS|TAMS 0x000000008f900000, 0x000000008fa00000| Complete 
| 250|0x000000008fa00000, 0x000000008fb00000, 0x000000008fb00000|100%| E|CS|TAMS 0x000000008fa00000, 0x000000008fb00000| Complete 
| 251|0x000000008fb00000, 0x000000008fc00000, 0x000000008fc00000|100%| E|CS|TAMS 0x000000008fb00000, 0x000000008fc00000| Complete 
| 252|0x000000008fc00000, 0x000000008fd00000, 0x000000008fd00000|100%| E|CS|TAMS 0x000000008fc00000, 0x000000008fd00000| Complete 
| 253|0x000000008fd00000, 0x000000008fe00000, 0x000000008fe00000|100%| E|CS|TAMS 0x000000008fd00000, 0x000000008fe00000| Complete 
| 254|0x000000008fe00000, 0x000000008ff00000, 0x000000008ff00000|100%| E|CS|TAMS 0x000000008fe00000, 0x000000008ff00000| Complete 
| 255|0x000000008ff00000, 0x0000000090000000, 0x0000000090000000|100%| E|CS|TAMS 0x000000008ff00000, 0x0000000090000000| Complete 

Card table byte_map: [0x0000023dfc200000,0x0000023dfc600000] _byte_map_base: 0x0000023dfbe00000

Marking Bits (Prev, Next): (CMBitMap*) 0x0000023df78bd2f8, (CMBitMap*) 0x0000023df78bd330
 Prev Bits: [0x0000023dfca00000, 0x0000023dfea00000)
 Next Bits: [0x0000023d8f000000, 0x0000023d91000000)

Polling page: 0x0000023df5ff0000

Metaspace:

Usage:
  Non-class:     80.50 MB capacity,    79.09 MB ( 98%) used,     1.15 MB (  1%) free+waste,   258.00 KB ( <1%) overhead. 
      Class:     12.57 MB capacity,    11.71 MB ( 93%) used,   760.30 KB (  6%) free+waste,   119.94 KB ( <1%) overhead. 
       Both:     93.07 MB capacity,    90.81 MB ( 98%) used,     1.89 MB (  2%) free+waste,   377.94 KB ( <1%) overhead. 

Virtual space:
  Non-class space:       82.00 MB reserved,      80.50 MB ( 98%) committed 
      Class space:        1.00 GB reserved,      12.70 MB (  1%) committed 
             Both:        1.08 GB reserved,      93.20 MB (  8%) committed 

Chunk freelists:
   Non-Class:  4.00 KB
       Class:  22.00 KB
        Both:  26.00 KB

MaxMetaspaceSize: 17179869184.00 GB
CompressedClassSpaceSize: 1.00 GB
Initial GC threshold: 20.80 MB
Current GC threshold: 137.83 MB
CDS: off

CodeHeap 'non-profiled nmethods': size=120000Kb used=6101Kb max_used=6101Kb free=113898Kb
 bounds [0x0000023d87ad0000, 0x0000023d880d0000, 0x0000023d8f000000]
CodeHeap 'profiled nmethods': size=120000Kb used=20238Kb max_used=20238Kb free=99761Kb
 bounds [0x0000023d805a0000, 0x0000023d81970000, 0x0000023d87ad0000]
CodeHeap 'non-nmethods': size=5760Kb used=2405Kb max_used=2473Kb free=3354Kb
 bounds [0x0000023d80000000, 0x0000023d80280000, 0x0000023d805a0000]
 total_blobs=10277 nmethods=9352 adapters=836
 compilation: enabled
              stopped_count=0, restarted_count=0
 full_count=0

Compilation events (20 events):
Event: 14.370 Thread 0x0000023d930a5800 nmethod 9395 0x0000023d8195ed10 code [0x0000023d8195ef20, 0x0000023d8195f3d8]
Event: 14.370 Thread 0x0000023d930a5800 9396       2       sun.nio.fs.WindowsPath::needsSlashWhenResolving (37 bytes)
Event: 14.370 Thread 0x0000023d9309f800 nmethod 9200 0x0000023d880c4f10 code [0x0000023d880c50a0, 0x0000023d880c5118]
Event: 14.370 Thread 0x0000023d9309f800 9237       4       org.gradle.internal.snapshot.AbstractListChildMap$$Lambda$233/0x00000001003a9440::compareTo (16 bytes)
Event: 14.371 Thread 0x0000023d930a5800 nmethod 9396 0x0000023d8195f610 code [0x0000023d8195f7e0, 0x0000023d8195f9a8]
Event: 14.371 Thread 0x0000023d930a5800 9397       2       org.gradle.internal.snapshot.MerkleDirectorySnapshotBuilder::leaveDirectory (29 bytes)
Event: 14.371 Thread 0x0000023d930a5800 nmethod 9397 0x0000023d8195fb90 code [0x0000023d8195fd60, 0x0000023d8195ff28]
Event: 14.371 Thread 0x0000023d930a5800 9398       2       org.gradle.internal.snapshot.impl.DirectorySnapshotterStatistics$CollectingFileVisitor::preVisitDirectory (14 bytes)
Event: 14.371 Thread 0x0000023d930a5800 nmethod 9398 0x0000023d81960090 code [0x0000023d81960240, 0x0000023d81960388]
Event: 14.371 Thread 0x0000023d930a5800 9385       3       org.gradle.cache.internal.DefaultCacheAccess$UnitOfWorkFileAccess::writeFile (14 bytes)
Event: 14.371 Thread 0x0000023d930a5800 nmethod 9385 0x0000023d81960490 code [0x0000023d81960660, 0x0000023d819608b8]
Event: 14.371 Thread 0x0000023d930a5800 9399       3       com.android.build.gradle.internal.dependency.ModelArtifactCompatibilityRule::execute (142 bytes)
Event: 14.372 Thread 0x0000023d9309f800 nmethod 9237 0x0000023d880c5210 code [0x0000023d880c53c0, 0x0000023d880c54a8]
Event: 14.372 Thread 0x0000023d9309f800 9344       4       java.util.concurrent.locks.AbstractQueuedSynchronizer::acquire (27 bytes)
Event: 14.373 Thread 0x0000023d930a5800 nmethod 9399 0x0000023d81960a10 code [0x0000023d81960d80, 0x0000023d81962278]
Event: 14.373 Thread 0x0000023d930a5800 9405       3       org.gradle.cache.internal.btree.CachingBlockStore::flush (63 bytes)
Event: 14.373 Thread 0x0000023d930a5800 nmethod 9405 0x0000023d81962990 code [0x0000023d81962bc0, 0x0000023d819633a8]
Event: 14.373 Thread 0x0000023d930a5800 9407       3       org.gradle.internal.io.StreamByteBuffer::writeTo (20 bytes)
Event: 14.374 Thread 0x0000023d930a5800 nmethod 9407 0x0000023d81963610 code [0x0000023d819637e0, 0x0000023d81963a18]
Event: 14.374 Thread 0x0000023d930a5800 9400   !   3       jdk.internal.reflect.GeneratedConstructorAccessor65::newInstance (49 bytes)

GC Heap History (20 events):
Event: 5.141 GC heap after
{Heap after GC invocations=6 (full 0):
 garbage-first heap   total 262144K, used 40452K [0x0000000080000000, 0x0000000100000000)
  region size 1024K, 9 young (9216K), 9 survivors (9216K)
 Metaspace       used 34870K, capacity 35757K, committed 35840K, reserved 1081344K
  class space    used 4603K, capacity 4960K, committed 4992K, reserved 1048576K
}
Event: 6.574 GC heap before
{Heap before GC invocations=7 (full 0):
 garbage-first heap   total 262144K, used 164356K [0x0000000080000000, 0x0000000100000000)
  region size 1024K, 115 young (117760K), 9 survivors (9216K)
 Metaspace       used 45682K, capacity 46855K, committed 47104K, reserved 1089536K
  class space    used 5709K, capacity 6131K, committed 6144K, reserved 1048576K
}
Event: 6.591 GC heap after
{Heap after GC invocations=8 (full 0):
 garbage-first heap   total 262144K, used 61911K [0x0000000080000000, 0x0000000100000000)
  region size 1024K, 15 young (15360K), 15 survivors (15360K)
 Metaspace       used 45682K, capacity 46855K, committed 47104K, reserved 1089536K
  class space    used 5709K, capacity 6131K, committed 6144K, reserved 1048576K
}
Event: 7.727 GC heap before
{Heap before GC invocations=9 (full 0):
 garbage-first heap   total 262144K, used 173527K [0x0000000080000000, 0x0000000100000000)
  region size 1024K, 119 young (121856K), 15 survivors (15360K)
 Metaspace       used 51001K, capacity 52563K, committed 52736K, reserved 1095680K
  class space    used 6524K, capacity 7092K, committed 7168K, reserved 1048576K
}
Event: 7.740 GC heap after
{Heap after GC invocations=10 (full 0):
 garbage-first heap   total 262144K, used 74540K [0x0000000080000000, 0x0000000100000000)
  region size 1024K, 7 young (7168K), 7 survivors (7168K)
 Metaspace       used 51001K, capacity 52563K, committed 52736K, reserved 1095680K
  class space    used 6524K, capacity 7092K, committed 7168K, reserved 1048576K
}
Event: 9.064 GC heap before
{Heap before GC invocations=10 (full 0):
 garbage-first heap   total 262144K, used 184108K [0x0000000080000000, 0x0000000100000000)
  region size 1024K, 110 young (112640K), 7 survivors (7168K)
 Metaspace       used 61613K, capacity 63377K, committed 63616K, reserved 1103872K
  class space    used 7864K, capacity 8514K, committed 8576K, reserved 1048576K
}
Event: 9.072 GC heap after
{Heap after GC invocations=11 (full 0):
 garbage-first heap   total 262144K, used 87598K [0x0000000080000000, 0x0000000100000000)
  region size 1024K, 14 young (14336K), 14 survivors (14336K)
 Metaspace       used 61613K, capacity 63377K, committed 63616K, reserved 1103872K
  class space    used 7864K, capacity 8514K, committed 8576K, reserved 1048576K
}
Event: 10.130 GC heap before
{Heap before GC invocations=11 (full 0):
 garbage-first heap   total 262144K, used 196142K [0x0000000080000000, 0x0000000100000000)
  region size 1024K, 113 young (115712K), 14 survivors (14336K)
 Metaspace       used 67685K, capacity 69588K, committed 69760K, reserved 1110016K
  class space    used 8619K, capacity 9312K, committed 9344K, reserved 1048576K
}
Event: 10.143 GC heap after
{Heap after GC invocations=12 (full 0):
 garbage-first heap   total 262144K, used 95974K [0x0000000080000000, 0x0000000100000000)
  region size 1024K, 9 young (9216K), 9 survivors (9216K)
 Metaspace       used 67685K, capacity 69588K, committed 69760K, reserved 1110016K
  class space    used 8619K, capacity 9312K, committed 9344K, reserved 1048576K
}
Event: 11.351 GC heap before
{Heap before GC invocations=12 (full 0):
 garbage-first heap   total 262144K, used 215782K [0x0000000080000000, 0x0000000100000000)
  region size 1024K, 105 young (107520K), 9 survivors (9216K)
 Metaspace       used 75390K, capacity 77309K, committed 77440K, reserved 1116160K
  class space    used 9815K, capacity 10528K, committed 10624K, reserved 1048576K
}
Event: 11.361 GC heap after
{Heap after GC invocations=13 (full 0):
 garbage-first heap   total 262144K, used 129322K [0x0000000080000000, 0x0000000100000000)
  region size 1024K, 11 young (11264K), 11 survivors (11264K)
 Metaspace       used 75390K, capacity 77309K, committed 77440K, reserved 1116160K
  class space    used 9815K, capacity 10528K, committed 10624K, reserved 1048576K
}
Event: 11.635 GC heap before
{Heap before GC invocations=13 (full 0):
 garbage-first heap   total 262144K, used 151850K [0x0000000080000000, 0x0000000100000000)
  region size 1024K, 34 young (34816K), 11 survivors (11264K)
 Metaspace       used 76641K, capacity 78691K, committed 78720K, reserved 1118208K
  class space    used 9979K, capacity 10723K, committed 10752K, reserved 1048576K
}
Event: 11.643 GC heap after
{Heap after GC invocations=14 (full 0):
 garbage-first heap   total 262144K, used 131167K [0x0000000080000000, 0x0000000100000000)
  region size 1024K, 3 young (3072K), 3 survivors (3072K)
 Metaspace       used 76641K, capacity 78691K, committed 78720K, reserved 1118208K
  class space    used 9979K, capacity 10723K, committed 10752K, reserved 1048576K
}
Event: 12.095 GC heap before
{Heap before GC invocations=15 (full 0):
 garbage-first heap   total 262144K, used 205919K [0x0000000080000000, 0x0000000100000000)
  region size 1024K, 76 young (77824K), 3 survivors (3072K)
 Metaspace       used 79055K, capacity 81195K, committed 81228K, reserved 1120256K
  class space    used 10280K, capacity 11061K, committed 11084K, reserved 1048576K
}
Event: 12.101 GC heap after
{Heap after GC invocations=16 (full 0):
 garbage-first heap   total 262144K, used 132964K [0x0000000080000000, 0x0000000100000000)
  region size 1024K, 4 young (4096K), 4 survivors (4096K)
 Metaspace       used 79055K, capacity 81195K, committed 81228K, reserved 1120256K
  class space    used 10280K, capacity 11061K, committed 11084K, reserved 1048576K
}
Event: 12.469 GC heap before
{Heap before GC invocations=17 (full 0):
 garbage-first heap   total 262144K, used 182116K [0x0000000080000000, 0x0000000100000000)
  region size 1024K, 53 young (54272K), 4 survivors (4096K)
 Metaspace       used 81126K, capacity 83314K, committed 83532K, reserved 1122304K
  class space    used 10538K, capacity 11319K, committed 11340K, reserved 1048576K
}
Event: 12.476 GC heap after
{Heap after GC invocations=18 (full 0):
 garbage-first heap   total 262144K, used 133825K [0x0000000080000000, 0x0000000100000000)
  region size 1024K, 5 young (5120K), 5 survivors (5120K)
 Metaspace       used 81126K, capacity 83314K, committed 83532K, reserved 1122304K
  class space    used 10538K, capacity 11319K, committed 11340K, reserved 1048576K
}
Event: 13.602 GC heap before
{Heap before GC invocations=19 (full 0):
 garbage-first heap   total 262144K, used 206529K [0x0000000080000000, 0x0000000100000000)
  region size 1024K, 75 young (76800K), 5 survivors (5120K)
 Metaspace       used 90125K, capacity 92361K, committed 92492K, reserved 1128448K
  class space    used 11713K, capacity 12548K, committed 12620K, reserved 1048576K
}
Event: 13.613 GC heap after
{Heap after GC invocations=20 (full 0):
 garbage-first heap   total 262144K, used 137158K [0x0000000080000000, 0x0000000100000000)
  region size 1024K, 8 young (8192K), 8 survivors (8192K)
 Metaspace       used 90125K, capacity 92361K, committed 92492K, reserved 1128448K
  class space    used 11713K, capacity 12548K, committed 12620K, reserved 1048576K
}
Event: 14.374 GC heap before
{Heap before GC invocations=20 (full 0):
 garbage-first heap   total 262144K, used 207814K [0x0000000080000000, 0x0000000100000000)
  region size 1024K, 78 young (79872K), 8 survivors (8192K)
 Metaspace       used 92986K, capacity 95302K, committed 95436K, reserved 1132544K
  class space    used 11993K, capacity 12874K, committed 13004K, reserved 1048576K
}

Deoptimization events (20 events):
Event: 14.157 Thread 0x0000023d985ee000 DEOPT PACKING pc=0x0000023d81871d31 sp=0x00000093d99fb9b0
Event: 14.157 Thread 0x0000023d985ee000 DEOPT UNPACKING pc=0x0000023d8004a95e sp=0x00000093d99fae78 mode 0
Event: 14.194 Thread 0x0000023d985e7800 Uncommon trap: trap_request=0xffffff4d fr.pc=0x0000023d87dcd6e4 relative=0x0000000000000204
Event: 14.194 Thread 0x0000023d985e7800 Uncommon trap: reason=unstable_if action=reinterpret pc=0x0000023d87dcd6e4 method=com.esotericsoftware.kryo.io.Input.readVarInt(Z)I @ 42 c2
Event: 14.194 Thread 0x0000023d985e7800 DEOPT PACKING pc=0x0000023d87dcd6e4 sp=0x00000093d94fe1f0
Event: 14.194 Thread 0x0000023d985e7800 DEOPT UNPACKING pc=0x0000023d8004a1af sp=0x00000093d94fe0e0 mode 2
Event: 14.229 Thread 0x0000023d937aa000 DEOPT PACKING pc=0x0000023d816126c4 sp=0x00000093dd1fd8b0
Event: 14.229 Thread 0x0000023d937aa000 DEOPT UNPACKING pc=0x0000023d8004a95e sp=0x00000093dd1fce50 mode 0
Event: 14.257 Thread 0x0000023d937a8000 Uncommon trap: trap_request=0xffffff4d fr.pc=0x0000023d87ecfe80 relative=0x00000000000007c0
Event: 14.257 Thread 0x0000023d937a8000 Uncommon trap: reason=unstable_if action=reinterpret pc=0x0000023d87ecfe80 method=java.util.concurrent.ConcurrentHashMap.addCount(JI)V @ 34 c2
Event: 14.257 Thread 0x0000023d937a8000 DEOPT PACKING pc=0x0000023d87ecfe80 sp=0x00000093dc8fe0c0
Event: 14.257 Thread 0x0000023d937a8000 DEOPT UNPACKING pc=0x0000023d8004a1af sp=0x00000093dc8fdf78 mode 2
Event: 14.270 Thread 0x0000023d951cb000 DEOPT PACKING pc=0x0000023d816126c4 sp=0x00000093dc1fd610
Event: 14.270 Thread 0x0000023d951cb000 DEOPT UNPACKING pc=0x0000023d8004a95e sp=0x00000093dc1fcbb0 mode 0
Event: 14.292 Thread 0x0000023d98bcd000 DEOPT PACKING pc=0x0000023d816126c4 sp=0x00000093dadfcad0
Event: 14.292 Thread 0x0000023d98bcd000 DEOPT UNPACKING pc=0x0000023d8004a95e sp=0x00000093dadfc070 mode 0
Event: 14.344 Thread 0x0000023d937a7800 DEOPT PACKING pc=0x0000023d816126c4 sp=0x00000093dc7fbdf0
Event: 14.344 Thread 0x0000023d937a7800 DEOPT UNPACKING pc=0x0000023d8004a95e sp=0x00000093dc7fb390 mode 0
Event: 14.373 Thread 0x0000023d98bca800 DEOPT PACKING pc=0x0000023d816126c4 sp=0x00000093da8fcde0
Event: 14.373 Thread 0x0000023d98bca800 DEOPT UNPACKING pc=0x0000023d8004a95e sp=0x00000093da8fc380 mode 0

Classes redefined (0 events):
No events

Internal exceptions (20 events):
Event: 13.001 Thread 0x0000023d95950000 Exception <a 'java/lang/NoSuchMethodError'{0x000000008e06b3d0}: 'int java.lang.invoke.DirectMethodHandle$Holder.invokeStatic(java.lang.Object, java.lang.Object, int, java.lang.Object)'> (0x000000008e06b3d0) thrown at [./src/hotspot/share/interpreter/linkResolver.cpp, line 773]
Event: 13.053 Thread 0x0000023d95950000 Exception <a 'sun/nio/fs/WindowsException'{0x000000008df94a98}> (0x000000008df94a98) thrown at [./src/hotspot/share/prims/jni.cpp, line 616]
Event: 13.053 Thread 0x0000023d95950000 Exception <a 'sun/nio/fs/WindowsException'{0x000000008df95e10}> (0x000000008df95e10) thrown at [./src/hotspot/share/prims/jni.cpp, line 616]
Event: 13.054 Thread 0x0000023d95950000 Exception <a 'sun/nio/fs/WindowsException'{0x000000008df971d8}> (0x000000008df971d8) thrown at [./src/hotspot/share/prims/jni.cpp, line 616]
Event: 13.054 Thread 0x0000023d95950000 Exception <a 'sun/nio/fs/WindowsException'{0x000000008df985a0}> (0x000000008df985a0) thrown at [./src/hotspot/share/prims/jni.cpp, line 616]
Event: 13.201 Thread 0x0000023d95950000 Exception <a 'java/lang/NoSuchMethodError'{0x000000008d468288}: 'int java.lang.invoke.DirectMethodHandle$Holder.invokeSpecialIFC(java.lang.Object, java.lang.Object, java.lang.Object)'> (0x000000008d468288) thrown at [./src/hotspot/share/interpreter/linkResolver.cpp, line 773]
Event: 13.246 Thread 0x0000023d95950000 Exception <a 'java/lang/NoSuchMethodError'{0x000000008d16e6e8}: 'java.lang.Object java.lang.invoke.Invokers$Holder.linkToTargetMethod(java.lang.Object, java.lang.Object, java.lang.Object, int, java.lang.Object, java.lang.Object)'> (0x000000008d16e6e8) thrown at [./src/hotspot/share/interpreter/linkResolver.cpp, line 773]
Event: 13.412 Thread 0x0000023d95950000 Exception <a 'java/lang/NoSuchMethodError'{0x000000008be86d30}: 'void java.lang.invoke.DirectMethodHandle$Holder.invokeStatic(java.lang.Object, java.lang.Object, java.lang.Object, java.lang.Object, int, java.lang.Object, java.lang.Object)'> (0x000000008be86d30) thrown at [./src/hotspot/share/interpreter/linkResolver.cpp, line 773]
Event: 13.431 Thread 0x0000023d95950000 Exception <a 'java/lang/IncompatibleClassChangeError'{0x000000008bc34a48}: Found class java.lang.Object, but interface was expected> (0x000000008bc34a48) thrown at [./src/hotspot/share/interpreter/linkResolver.cpp, line 839]
Event: 13.468 Thread 0x0000023d98bc3800 Exception <a 'java/lang/IncompatibleClassChangeError'{0x000000008ba6c9d8}: Found class java.lang.Object, but interface was expected> (0x000000008ba6c9d8) thrown at [./src/hotspot/share/interpreter/linkResolver.cpp, line 839]
Event: 13.523 Thread 0x0000023d98bc3800 Exception <a 'java/lang/NoSuchMethodError'{0x000000008b82bca0}: 'int java.lang.invoke.DirectMethodHandle$Holder.invokeStaticInit(java.lang.Object, java.lang.Object, java.lang.Object, java.lang.Object, java.lang.Object)'> (0x000000008b82bca0) thrown at [./src/hotspot/share/interpreter/linkResolver.cpp, line 773]
Event: 14.056 Thread 0x0000023d985ed800 Exception <a 'java/lang/NoSuchMethodError'{0x000000008e534780}: 'java.lang.Object java.lang.invoke.DirectMethodHandle$Holder.invokeSpecialIFC(java.lang.Object, java.lang.Object, java.lang.Object)'> (0x000000008e534780) thrown at [./src/hotspot/share/interpreter/linkResolver.cpp, line 773]
Event: 14.056 Thread 0x0000023d98bc6000 Exception <a 'java/lang/NoSuchMethodError'{0x000000008e506b50}: 'java.lang.Object java.lang.invoke.DirectMethodHandle$Holder.invokeSpecialIFC(java.lang.Object, java.lang.Object, java.lang.Object)'> (0x000000008e506b50) thrown at [./src/hotspot/share/interpreter/linkResolver.cpp, line 773]
Event: 14.056 Thread 0x0000023d95950000 Exception <a 'java/lang/NoSuchMethodError'{0x000000008e6c6570}: 'java.lang.Object java.lang.invoke.DirectMethodHandle$Holder.invokeSpecialIFC(java.lang.Object, java.lang.Object, java.lang.Object)'> (0x000000008e6c6570) thrown at [./src/hotspot/share/interpreter/linkResolver.cpp, line 773]
Event: 14.056 Thread 0x0000023d985ee000 Exception <a 'java/lang/NoSuchMethodError'{0x000000008e52be18}: 'java.lang.Object java.lang.invoke.DirectMethodHandle$Holder.invokeSpecialIFC(java.lang.Object, java.lang.Object, java.lang.Object)'> (0x000000008e52be18) thrown at [./src/hotspot/share/interpreter/linkResolver.cpp, line 773]
Event: 14.056 Thread 0x0000023d98bc5000 Exception <a 'java/lang/NoSuchMethodError'{0x000000008e582770}: 'java.lang.Object java.lang.invoke.DirectMethodHandle$Holder.invokeSpecialIFC(java.lang.Object, java.lang.Object, java.lang.Object)'> (0x000000008e582770) thrown at [./src/hotspot/share/interpreter/linkResolver.cpp, line 773]
Event: 14.056 Thread 0x0000023d937b1000 Exception <a 'java/lang/NoSuchMethodError'{0x000000008e5556f8}: 'java.lang.Object java.lang.invoke.DirectMethodHandle$Holder.invokeSpecialIFC(java.lang.Object, java.lang.Object, java.lang.Object)'> (0x000000008e5556f8) thrown at [./src/hotspot/share/interpreter/linkResolver.cpp, line 773]
Event: 14.056 Thread 0x0000023d937ad000 Exception <a 'java/lang/NoSuchMethodError'{0x000000008e545bb8}: 'java.lang.Object java.lang.invoke.DirectMethodHandle$Holder.invokeSpecialIFC(java.lang.Object, java.lang.Object, java.lang.Object)'> (0x000000008e545bb8) thrown at [./src/hotspot/share/interpreter/linkResolver.cpp, line 773]
Event: 14.056 Thread 0x0000023d950ce000 Exception <a 'java/lang/NoSuchMethodError'{0x000000008e51d300}: 'java.lang.Object java.lang.invoke.DirectMethodHandle$Holder.invokeSpecialIFC(java.lang.Object, java.lang.Object, java.lang.Object)'> (0x000000008e51d300) thrown at [./src/hotspot/share/interpreter/linkResolver.cpp, line 773]
Event: 14.258 Thread 0x0000023d950d8800 Exception <a 'java/lang/NoSuchMethodError'{0x000000008e3b9218}: 'void java.lang.invoke.DirectMethodHandle$Holder.invokeVirtual(java.lang.Object, java.lang.Object)'> (0x000000008e3b9218) thrown at [./src/hotspot/share/interpreter/linkResolver.cpp, line 773]

Events (20 events):
Event: 14.364 loading class com/google/common/collect/ImmutableMultiset done
Event: 14.365 loading class com/google/common/collect/ImmutableMultisetGwtSerializationDependencies
Event: 14.365 loading class com/google/common/collect/ImmutableMultisetGwtSerializationDependencies done
Event: 14.365 loading class com/google/common/collect/ImmutableMultimap$Keys
Event: 14.365 loading class com/google/common/collect/ImmutableMultimap$Keys done
Event: 14.366 loading class com/google/common/collect/ImmutableMultimap$EntryCollection
Event: 14.366 loading class com/google/common/collect/ImmutableMultimap$EntryCollection done
Event: 14.366 loading class com/google/common/collect/ImmutableMultimap$2
Event: 14.366 loading class com/google/common/collect/ImmutableMultimap$2 done
Event: 14.366 loading class com/google/common/collect/ImmutableMultimap$Values
Event: 14.366 loading class com/google/common/collect/ImmutableMultimap$Values done
Event: 14.367 loading class com/google/common/collect/ImmutableMultimap$1
Event: 14.367 loading class com/google/common/collect/ImmutableMultimap$1 done
Event: 14.367 loading class com/google/common/collect/ImmutableListMultimap
Event: 14.367 loading class com/google/common/collect/ImmutableListMultimap done
Event: 14.368 loading class com/google/common/collect/ImmutableMultimap$Builder
Event: 14.368 loading class com/google/common/collect/ImmutableMultimap$Builder done
Event: 14.370 loading class com/google/common/collect/EmptyImmutableListMultimap
Event: 14.370 loading class com/google/common/collect/EmptyImmutableListMultimap done
Event: 14.374 Executing VM operation: G1CollectForAllocation


Dynamic libraries:
0x00007ff62bc50000 - 0x00007ff62bc5a000 	C:\Program Files\Android\Android Studio\jre\bin\java.exe
0x00007ffb6d110000 - 0x00007ffb6d308000 	C:\Windows\SYSTEM32\ntdll.dll
0x00007ffb6cea0000 - 0x00007ffb6cf5d000 	C:\Windows\System32\KERNEL32.DLL
0x00007ffb6aca0000 - 0x00007ffb6af6e000 	C:\Windows\System32\KERNELBASE.dll
0x00007ffb6b070000 - 0x00007ffb6b170000 	C:\Windows\System32\ucrtbase.dll
0x00007ffb61b50000 - 0x00007ffb61b69000 	C:\Program Files\Android\Android Studio\jre\bin\jli.dll
0x00007ffb61b70000 - 0x00007ffb61b87000 	C:\Program Files\Android\Android Studio\jre\bin\VCRUNTIME140.dll
0x00007ffb6c400000 - 0x00007ffb6c5a0000 	C:\Windows\System32\USER32.dll
0x00007ffb6a920000 - 0x00007ffb6a942000 	C:\Windows\System32\win32u.dll
0x00007ffb69be0000 - 0x00007ffb69e7a000 	C:\Windows\WinSxS\amd64_microsoft.windows.common-controls_6595b64144ccf1df_6.0.19041.1110_none_60b5254171f9507e\COMCTL32.dll
0x00007ffb6cc60000 - 0x00007ffb6cc8a000 	C:\Windows\System32\GDI32.dll
0x00007ffb6ba40000 - 0x00007ffb6bade000 	C:\Windows\System32\msvcrt.dll
0x00007ffb6ab90000 - 0x00007ffb6ac9b000 	C:\Windows\System32\gdi32full.dll
0x00007ffb6a830000 - 0x00007ffb6a8cd000 	C:\Windows\System32\msvcp_win.dll
0x00007ffb6d0a0000 - 0x00007ffb6d0d0000 	C:\Windows\System32\IMM32.DLL
0x00007ffb51010000 - 0x00007ffb510ad000 	C:\Program Files\Android\Android Studio\jre\bin\msvcp140.dll
0x00007ffb131f0000 - 0x00007ffb13cf2000 	C:\Program Files\Android\Android Studio\jre\bin\server\jvm.dll
0x00007ffb6c350000 - 0x00007ffb6c3fe000 	C:\Windows\System32\ADVAPI32.dll
0x00007ffb6ca30000 - 0x00007ffb6cacc000 	C:\Windows\System32\sechost.dll
0x00007ffb6cca0000 - 0x00007ffb6cdc5000 	C:\Windows\System32\RPCRT4.dll
0x00007ffb6b410000 - 0x00007ffb6b418000 	C:\Windows\System32\PSAPI.DLL
0x00007ffb54c90000 - 0x00007ffb54c99000 	C:\Windows\SYSTEM32\WSOCK32.dll
0x00007ffb575f0000 - 0x00007ffb57617000 	C:\Windows\SYSTEM32\WINMM.dll
0x00007ffb62600000 - 0x00007ffb6260a000 	C:\Windows\SYSTEM32\VERSION.dll
0x00007ffb6c960000 - 0x00007ffb6c9cb000 	C:\Windows\System32\WS2_32.dll
0x00007ffb683d0000 - 0x00007ffb683e2000 	C:\Windows\SYSTEM32\kernel.appcore.dll
0x00007ffb65050000 - 0x00007ffb65061000 	C:\Program Files\Android\Android Studio\jre\bin\verify.dll
0x00007ffb6a160000 - 0x00007ffb6a344000 	C:\Windows\SYSTEM32\DBGHELP.DLL
0x00007ffb69f90000 - 0x00007ffb69fbc000 	C:\Windows\SYSTEM32\dbgcore.DLL
0x00007ffb6af70000 - 0x00007ffb6aff2000 	C:\Windows\System32\bcryptPrimitives.dll
0x00007ffb64180000 - 0x00007ffb641a9000 	C:\Program Files\Android\Android Studio\jre\bin\java.dll
0x00007ffb65040000 - 0x00007ffb6504b000 	C:\Program Files\Android\Android Studio\jre\bin\jimage.dll
0x00007ffb638f0000 - 0x00007ffb63908000 	C:\Program Files\Android\Android Studio\jre\bin\zip.dll
0x00007ffb6bc00000 - 0x00007ffb6c343000 	C:\Windows\System32\SHELL32.dll
0x00007ffb67c20000 - 0x00007ffb683b5000 	C:\Windows\SYSTEM32\windows.storage.dll
0x00007ffb6c600000 - 0x00007ffb6c954000 	C:\Windows\System32\combase.dll
0x00007ffb69b40000 - 0x00007ffb69b70000 	C:\Windows\SYSTEM32\Wldp.dll
0x00007ffb6b360000 - 0x00007ffb6b40d000 	C:\Windows\System32\SHCORE.dll
0x00007ffb6c9d0000 - 0x00007ffb6ca25000 	C:\Windows\System32\shlwapi.dll
0x00007ffb6a770000 - 0x00007ffb6a78f000 	C:\Windows\SYSTEM32\profapi.dll
0x00007ffb63210000 - 0x00007ffb6322a000 	C:\Program Files\Android\Android Studio\jre\bin\net.dll
0x00007ffb56850000 - 0x00007ffb5695a000 	C:\Windows\SYSTEM32\WINHTTP.dll
0x00007ffb69a10000 - 0x00007ffb69a7a000 	C:\Windows\system32\mswsock.dll
0x00007ffb62030000 - 0x00007ffb62044000 	C:\Program Files\Android\Android Studio\jre\bin\nio.dll
0x00007ffb61540000 - 0x00007ffb61567000 	C:\Users\Dell\.gradle\native\e1d6ef7f7dcc3fd88c89a11ec53ec762bb8ba0a96d01ffa2cd45eb1d1d8dd5c5\windows-amd64\native-platform.dll
0x00007ffb20300000 - 0x00007ffb20444000 	C:\Users\Dell\.gradle\native\0d407fdbe67a94daf76414ababcb853783967236a71b16ec16e742cd7a986fd3\windows-amd64\native-platform-file-events.dll
0x00007ffb63cf0000 - 0x00007ffb63cfa000 	C:\Program Files\Android\Android Studio\jre\bin\management.dll
0x00007ffb63be0000 - 0x00007ffb63bed000 	C:\Program Files\Android\Android Studio\jre\bin\management_ext.dll
0x00007ffb6a4f0000 - 0x00007ffb6a508000 	C:\Windows\SYSTEM32\CRYPTSP.dll
0x00007ffb69240000 - 0x00007ffb69274000 	C:\Windows\system32\rsaenh.dll
0x00007ffb6aa00000 - 0x00007ffb6aa27000 	C:\Windows\System32\bcrypt.dll
0x00007ffb6a6f0000 - 0x00007ffb6a71e000 	C:\Windows\SYSTEM32\USERENV.dll
0x00007ffb69b00000 - 0x00007ffb69b0c000 	C:\Windows\SYSTEM32\CRYPTBASE.dll
0x00007ffb69590000 - 0x00007ffb695cb000 	C:\Windows\SYSTEM32\IPHLPAPI.DLL
0x00007ffb6b170000 - 0x00007ffb6b178000 	C:\Windows\System32\NSI.dll
0x00007ffb60ae0000 - 0x00007ffb60af7000 	C:\Windows\SYSTEM32\dhcpcsvc6.DLL
0x00007ffb61480000 - 0x00007ffb6149d000 	C:\Windows\SYSTEM32\dhcpcsvc.DLL
0x00007ffb695d0000 - 0x00007ffb6969a000 	C:\Windows\SYSTEM32\DNSAPI.dll

dbghelp: loaded successfully - version: 4.0.5 - missing functions: none
symbol engine: initialized successfully - sym options: 0x614 - pdb path: .;C:\Program Files\Android\Android Studio\jre\bin;C:\Windows\SYSTEM32;C:\Windows\WinSxS\amd64_microsoft.windows.common-controls_6595b64144ccf1df_6.0.19041.1110_none_60b5254171f9507e;C:\Program Files\Android\Android Studio\jre\bin\server;C:\Users\Dell\.gradle\native\e1d6ef7f7dcc3fd88c89a11ec53ec762bb8ba0a96d01ffa2cd45eb1d1d8dd5c5\windows-amd64;C:\Users\Dell\.gradle\native\0d407fdbe67a94daf76414ababcb853783967236a71b16ec16e742cd7a986fd3\windows-amd64

VM Arguments:
jvm_args: --add-opens=java.base/java.util=ALL-UNNAMED --add-opens=java.base/java.lang=ALL-UNNAMED --add-opens=java.base/java.lang.invoke=ALL-UNNAMED --add-opens=java.base/java.util=ALL-UNNAMED --add-opens=java.prefs/java.util.prefs=ALL-UNNAMED --add-opens=java.prefs/java.util.prefs=ALL-UNNAMED --add-opens=java.base/java.nio.charset=ALL-UNNAMED --add-opens=java.base/java.net=ALL-UNNAMED --add-opens=java.base/java.util.concurrent.atomic=ALL-UNNAMED -Xmx2048m -Dfile.encoding=UTF-8 -Duser.country=US -Duser.language=en -Duser.variant 
java_command: org.gradle.launcher.daemon.bootstrap.GradleDaemon 7.4
java_class_path (initial): C:\Users\Dell\.gradle\wrapper\dists\gradle-7.4-bin\c0gwcg53nkjbqw7r0h0umtfvt\gradle-7.4\lib\gradle-launcher-7.4.jar
Launcher Type: SUN_STANDARD

[Global flags]
     intx CICompilerCount                          = 4                                         {product} {ergonomic}
     uint ConcGCThreads                            = 2                                         {product} {ergonomic}
     uint G1ConcRefinementThreads                  = 8                                         {product} {ergonomic}
   size_t G1HeapRegionSize                         = 1048576                                   {product} {ergonomic}
    uintx GCDrainStackTargetSize                   = 64                                        {product} {ergonomic}
   size_t InitialHeapSize                          = 268435456                                 {product} {ergonomic}
   size_t MarkStackSize                            = 4194304                                   {product} {ergonomic}
   size_t MaxHeapSize                              = 2147483648                                {product} {command line}
   size_t MaxNewSize                               = 1287651328                                {product} {ergonomic}
   size_t MinHeapDeltaBytes                        = 1048576                                   {product} {ergonomic}
    uintx NonNMethodCodeHeapSize                   = 5836300                                {pd product} {ergonomic}
    uintx NonProfiledCodeHeapSize                  = 122910970                              {pd product} {ergonomic}
    uintx ProfiledCodeHeapSize                     = 122910970                              {pd product} {ergonomic}
    uintx ReservedCodeCacheSize                    = 251658240                              {pd product} {ergonomic}
     bool SegmentedCodeCache                       = true                                      {product} {ergonomic}
     bool UseCompressedClassPointers               = true                                 {lp64_product} {ergonomic}
     bool UseCompressedOops                        = true                                 {lp64_product} {ergonomic}
     bool UseG1GC                                  = true                                      {product} {ergonomic}
     bool UseLargePagesIndividualAllocation        = false                                  {pd product} {ergonomic}

Logging:
Log output configuration:
 #0: stdout all=warning uptime,level,tags
 #1: stderr all=off uptime,level,tags

Environment Variables:
PATH=C:\Windows\system32;C:\Windows;C:\Windows\System32\Wbem;C:\Windows\System32\WindowsPowerShell\v1.0\;C:\Windows\System32\OpenSSH\;C:\Program Files\Git\cmd;C:\Users\Dell\AppData\Local\Microsoft\WindowsApps;
USERNAME=Dell
OS=Windows_NT
PROCESSOR_IDENTIFIER=Intel64 Family 6 Model 94 Stepping 3, GenuineIntel



---------------  S Y S T E M  ---------------

OS: Windows 10 , 64 bit Build 19041 (10.0.19041.1889)
OS uptime: 0 days 1:14 hours

CPU:total 8 (initial active 8) (4 cores per cpu, 2 threads per core) family 6 model 94 stepping 3 microcode 0xf0, cmov, cx8, fxsr, mmx, sse, sse2, sse3, ssse3, sse4.1, sse4.2, popcnt, avx, avx2, aes, clmul, erms, rtm, 3dnowpref, lzcnt, ht, tsc, tscinvbit, bmi1, bmi2, adx, fma

Memory: 4k page, system-wide physical 16275M (8475M free)
TotalPageFile size 19219M (AvailPageFile size 10638M)
current process WorkingSet (physical memory assigned to process): 529M, peak: 530M
current process commit charge ("private bytes"): 575M, peak: 577M

vm_info: OpenJDK 64-Bit Server VM (11.0.13+0-b1751.21-8125866) for windows-amd64 JRE (11.0.13+0-b1751.21-8125866), built on Feb  2 2022 03:00:22 by "builder" with MS VC++ 14.0 (VS2015)

END.
