#
# A fatal error has been detected by the Java Runtime Environment:
#
#  EXCEPTION_ACCESS_VIOLATION (0xc0000005) at pc=0x00007ffb133fc68c, pid=3796, tid=4752
#
# JRE version: OpenJDK Runtime Environment (11.0.13) (build 11.0.13+0-b1751.21-8125866)
# Java VM: OpenJDK 64-Bit Server VM (11.0.13+0-b1751.21-8125866, mixed mode, tiered, compressed oops, g1 gc, windows-amd64)
# Problematic frame:
# V  [jvm.dll+0x20c68c]
#
# No core dump will be written. Minidumps are not enabled by default on client versions of Windows
#
# If you would like to submit a bug report, please visit:
#   https://bugreport.java.com/bugreport/crash.jsp
#

---------------  S U M M A R Y ------------

Command Line: --add-opens=java.base/java.util=ALL-UNNAMED --add-opens=java.base/java.lang=ALL-UNNAMED --add-opens=java.base/java.lang.invoke=ALL-UNNAMED --add-opens=java.base/java.util=ALL-UNNAMED --add-opens=java.prefs/java.util.prefs=ALL-UNNAMED --add-opens=java.prefs/java.util.prefs=ALL-UNNAMED --add-opens=java.base/java.nio.charset=ALL-UNNAMED --add-opens=java.base/java.net=ALL-UNNAMED --add-opens=java.base/java.util.concurrent.atomic=ALL-UNNAMED -Xmx2048m -Dfile.encoding=UTF-8 -Duser.country=US -Duser.language=en -Duser.variant org.gradle.launcher.daemon.bootstrap.GradleDaemon 7.4

Host: Intel(R) Core(TM) i7-6820HQ CPU @ 2.70GHz, 8 cores, 15G,  Windows 10 , 64 bit Build 19041 (10.0.19041.1889)
Time: Mon Sep 19 10:24:47 2022 Pakistan Standard Time elapsed time: 12.815978 seconds (0d 0h 0m 12s)

---------------  T H R E A D  ---------------

Current thread (0x000001a52920a000):  JavaThread "C2 CompilerThread2" daemon [_thread_in_native, id=4752, stack(0x00000033c0500000,0x00000033c0600000)]


Current CompileTask:
C2:  12816 7686 %     4       org.gradle.internal.instantiation.generator.AbstractClassGenerator::inspectType @ 107 (560 bytes)

Stack: [0x00000033c0500000,0x00000033c0600000],  sp=0x00000033c05fb590,  free space=1005k
Native frames: (J=compiled Java code, j=interpreted, Vv=VM code, C=native code)
V  [jvm.dll+0x20c68c]
V  [jvm.dll+0x63aa1b]
V  [jvm.dll+0x63aa79]
V  [jvm.dll+0x20440f]
V  [jvm.dll+0x2023c2]
V  [jvm.dll+0x188e01]
V  [jvm.dll+0x21106b]
V  [jvm.dll+0x20f8c1]
V  [jvm.dll+0x70de0f]
V  [jvm.dll+0x706a75]
V  [jvm.dll+0x60ed66]
C  [ucrtbase.dll+0x21bb2]
C  [KERNEL32.DLL+0x17034]
C  [ntdll.dll+0x526a1]


siginfo: EXCEPTION_ACCESS_VIOLATION (0xc0000005), reading address 0xffffffffffffffff


Register to memory mapping:

RIP=0x00007ffb133fc68c jvm.dll
RAX=0x0 is NULL
RBX=0x000001a527ce36d8 points into unknown readable memory: 0x00007ffb139f8518 | 18 85 9f 13 fb 7f 00 00
RCX=0x900141a52a0cc74e is an unknown value
RDX=0x0000000040000000 is an unknown value
RSP=0x00000033c05fb590 is pointing into the stack for thread: 0x000001a52920a000
RBP=0x00000033c05fe3e0 is pointing into the stack for thread: 0x000001a52920a000
RSI=0x000001a527ca37d8 points into unknown readable memory: 0x900141a52a0cc74e | 4e c7 0c 2a a5 41 01 90
RDI=0x00000033c05fb7d0 is pointing into the stack for thread: 0x000001a52920a000
R8 =0x000001a52db1fa60 points into unknown readable memory: 0xfbbbbbbbfeb807eb | eb 07 b8 fe bb bb bb fb
R9 =0x000000000000018f is an unknown value
R10=0x0000000000000001 is an unknown value
R11=0x000000000000001e is an unknown value
R12=0x000001a52760bd88 points into unknown readable memory: 0x08d03de5d4d7a51f | 1f a5 d7 d4 e5 3d d0 08
R13=0x000001a528341b88 points into unknown readable memory: 0x000001a52920a000 | 00 a0 20 29 a5 01 00 00
R14=0x000001a527ca37d8 points into unknown readable memory: 0x900141a52a0cc74e | 4e c7 0c 2a a5 41 01 90
R15=0x0000000000002182 is an unknown value


Registers:
RAX=0x0000000000000000, RBX=0x000001a527ce36d8, RCX=0x900141a52a0cc74e, RDX=0x0000000040000000
RSP=0x00000033c05fb590, RBP=0x00000033c05fe3e0, RSI=0x000001a527ca37d8, RDI=0x00000033c05fb7d0
R8 =0x000001a52db1fa60, R9 =0x000000000000018f, R10=0x0000000000000001, R11=0x000000000000001e
R12=0x000001a52760bd88, R13=0x000001a528341b88, R14=0x000001a527ca37d8, R15=0x0000000000002182
RIP=0x00007ffb133fc68c, EFLAGS=0x0000000000010202

Top of Stack: (sp=0x00000033c05fb590)
0x00000033c05fb590:   000001a527ce38e8 000001a527ce39e0
0x00000033c05fb5a0:   00000033c05fe3e0 000001a529a7e9b0
0x00000033c05fb5b0:   00000033c05fd980 00000033c05fb7c0
0x00000033c05fb5c0:   00000033c05fb7c0 00007ffb1382aa1b
0x00000033c05fb5d0:   00000033c05fd800 000001a529a7e9b0
0x00000033c05fb5e0:   00000033c05fd800 00000033c05fd980
0x00000033c05fb5f0:   00000000000a81a8 00007ffb1382aa79
0x00000033c05fb600:   000001a529a7e9b0 00000033c05fd800
0x00000033c05fb610:   00000033c05fe3e0 00000033c05fb7c0
0x00000033c05fb620:   000001a52f1a4010 00000033c05fe3e0
0x00000033c05fb630:   000001a527603dc0 00000000000a81a8
0x00000033c05fb640:   000001a528341b88 000001a527603da0
0x00000033c05fb650:   000001a529a7e9b0 00007ffb133f440f
0x00000033c05fb660:   00000033c05fb760 00000033c05fd980
0x00000033c05fb670:   00000033c05fd800 00000033c05fb690
0x00000033c05fb680:   000001a500000003 000001a531126288 

Instructions: (pc=0x00007ffb133fc68c)
0x00007ffb133fc58c:   4c 89 7c 24 20 48 8b 43 18 4c 8b 3c e8 49 8b cf
0x00007ffb133fc59c:   49 8b 07 ff 50 70 48 85 f6 7e 0e 48 8b 4b 18 48
0x00007ffb133fc5ac:   8b d5 48 2b d6 4c 89 3c d1 8b 48 28 8b c1 c1 e8
0x00007ffb133fc5bc:   05 41 3b 45 30 73 19 44 8b c0 83 e1 1f 49 8b 45
0x00007ffb133fc5cc:   38 ba 01 00 00 00 d3 e2 42 8b 04 80 23 c2 75 05
0x00007ffb133fc5dc:   ff c7 48 ff c6 41 ff c6 48 ff c5 44 3b 33 7c a5
0x00007ffb133fc5ec:   29 3b 4c 8b 7c 24 20 48 8b 74 24 60 48 8b 6c 24
0x00007ffb133fc5fc:   50 48 83 c4 28 41 5e 41 5d 5f 5b c3 29 3a 48 83
0x00007ffb133fc60c:   c4 28 41 5e 41 5d 5f 5b c3 cc cc cc cc cc cc cc
0x00007ffb133fc61c:   cc cc cc cc 48 89 5c 24 10 48 89 6c 24 18 48 89
0x00007ffb133fc62c:   74 24 20 57 41 56 41 57 48 83 ec 20 45 33 ff 48
0x00007ffb133fc63c:   8b fa 48 8b e9 44 39 7a 18 0f 86 13 01 00 00 0f
0x00007ffb133fc64c:   1f 44 00 00 48 8b 47 10 4a 8b 1c f8 41 ff c7 8b
0x00007ffb133fc65c:   43 2c 83 e0 03 3c 03 75 09 48 8d 4b 50 e8 c2 ef
0x00007ffb133fc66c:   45 00 44 8b 53 20 33 c0 45 85 d2 7e 59 0f 1f 80
0x00007ffb133fc67c:   00 00 00 00 48 8b 73 10 48 8b 0c c6 4c 8d 34 c6
0x00007ffb133fc68c:   44 8b 59 28 41 8b d3 c1 ea 05 3b 57 30 73 1e 4c
0x00007ffb133fc69c:   8b 47 38 41 83 e3 1f 44 8b ca 41 0f b6 cb ba 01
0x00007ffb133fc6ac:   00 00 00 d3 e2 43 8b 0c 88 23 ca 75 12 ff 4b 20
0x00007ffb133fc6bc:   ff c8 8b 4b 20 41 ff ca 48 8b 0c ce 49 89 0e ff
0x00007ffb133fc6cc:   c0 41 3b c2 7c ae 83 7b 20 01 75 7c 48 8b cb e8
0x00007ffb133fc6dc:   40 28 3e 00 84 c0 74 70 48 8b 43 10 48 8b 9d 60
0x00007ffb133fc6ec:   07 00 00 4c 8b 30 41 8b 4e 28 8b c1 c1 e8 05 3b
0x00007ffb133fc6fc:   43 30 72 0f 48 8b 43 20 8b d1 48 8d 4b 20 ff 50
0x00007ffb133fc70c:   18 eb 25 83 e1 1f 41 b8 01 00 00 00 41 d3 e0 8b
0x00007ffb133fc71c:   c8 48 8b 43 38 48 8d 14 88 41 8b c8 8b 02 44 0b
0x00007ffb133fc72c:   c0 44 89 02 23 c8 75 20 8b 73 18 8d 46 01 89 43
0x00007ffb133fc73c:   18 3b 73 08 72 0a 8b d6 48 8b cb e8 94 25 3e 00
0x00007ffb133fc74c:   48 8b 43 10 4c 89 34 f0 44 3b 7f 18 0f 82 f2 fe
0x00007ffb133fc75c:   ff ff 48 8b 45 08 48 8b 88 80 01 00 00 8b 01 83
0x00007ffb133fc76c:   e8 01 48 63 d8 78 57 0f 1f 40 00 66 0f 1f 84 00
0x00007ffb133fc77c:   00 00 00 00 48 8b 45 08 48 8b 88 80 01 00 00 48 


Stack slot to memory mapping:
stack at sp + 0 slots: 0x000001a527ce38e8 points into unknown readable memory: 0x00007ffb13a42260 | 60 22 a4 13 fb 7f 00 00
stack at sp + 1 slots: 0x000001a527ce39e0 points into unknown readable memory: 0x000001a527ce3970 | 70 39 ce 27 a5 01 00 00
stack at sp + 2 slots: 0x00000033c05fe3e0 is pointing into the stack for thread: 0x000001a52920a000
stack at sp + 3 slots: 0x000001a529a7e9b0 points into unknown readable memory: 0x000001a500000006 | 06 00 00 00 a5 01 00 00
stack at sp + 4 slots: 0x00000033c05fd980 is pointing into the stack for thread: 0x000001a52920a000
stack at sp + 5 slots: 0x00000033c05fb7c0 is pointing into the stack for thread: 0x000001a52920a000
stack at sp + 6 slots: 0x00000033c05fb7c0 is pointing into the stack for thread: 0x000001a52920a000
stack at sp + 7 slots: 0x00007ffb1382aa1b jvm.dll


---------------  P R O C E S S  ---------------

Threads class SMR info:
_java_thread_list=0x000001a52b568550, length=124, elements={
0x000001a50a76d000, 0x000001a525c42800, 0x000001a525c45800, 0x000001a525ca9800,
0x000001a525cab800, 0x000001a525cae000, 0x000001a525cb1000, 0x000001a525cba000,
0x000001a525cc0800, 0x000001a525e13000, 0x000001a52765a000, 0x000001a525fd3800,
0x000001a528f69000, 0x000001a5281fc800, 0x000001a52704e800, 0x000001a528a62800,
0x000001a5276e5800, 0x000001a5276e6000, 0x000001a528692800, 0x000001a528db8000,
0x000001a528db9000, 0x000001a528db4000, 0x000001a528db5000, 0x000001a5283ef000,
0x000001a52920a000, 0x000001a528db5800, 0x000001a528db7800, 0x000001a528db6800,
0x000001a528db9800, 0x000001a528dba800, 0x000001a5293b2000, 0x000001a5293af800,
0x000001a5293ae800, 0x000001a5293ae000, 0x000001a5293b4800, 0x000001a5293b0800,
0x000001a5293b1000, 0x000001a5293b3800, 0x000001a5293b2800, 0x000001a5297ce000,
0x000001a5297cf000, 0x000001a5297cb800, 0x000001a5297cb000, 0x000001a5297c9800,
0x000001a5297cd800, 0x000001a5297ca000, 0x000001a5297d3000, 0x000001a5297d2800,
0x000001a5297d4000, 0x000001a5297d4800, 0x000001a5297d0000, 0x000001a5297d5800,
0x000001a5297d6800, 0x000001a5297d0800, 0x000001a5297d7000, 0x000001a5297d1800,
0x000001a5297d8000, 0x000001a529448800, 0x000001a529446000, 0x000001a529449800,
0x000001a52944b000, 0x000001a52944a800, 0x000001a529445800, 0x000001a529448000,
0x000001a52944c000, 0x000001a52944c800, 0x000001a529447000, 0x000001a52944d800,
0x000001a529451000, 0x000001a529453800, 0x000001a529451800, 0x000001a529454000,
0x000001a529452800, 0x000001a52944f000, 0x000001a52944e800, 0x000001a529450000,
0x000001a52b83f000, 0x000001a52b841800, 0x000001a52b842800, 0x000001a52b843000,
0x000001a52b83e800, 0x000001a52b845800, 0x000001a52b844000, 0x000001a52b840000,
0x000001a52b846800, 0x000001a52b845000, 0x000001a52b840800, 0x000001a52b84a800,
0x000001a52b84b800, 0x000001a52b84c000, 0x000001a52b847800, 0x000001a52b849000,
0x000001a52b848000, 0x000001a52b849800, 0x000001a52b84d000, 0x000001a528efb800,
0x000001a528efe000, 0x000001a528efb000, 0x000001a528efc800, 0x000001a528eff000,
0x000001a528efd800, 0x000001a528f00000, 0x000001a528efa000, 0x000001a528f04800,
0x000001a528f05800, 0x000001a528f06800, 0x000001a528f02000, 0x000001a528f00800,
0x000001a528f03000, 0x000001a528f04000, 0x000001a528f07000, 0x000001a528f01800,
0x000001a528f08000, 0x000001a528f09000, 0x000001a528e2f800, 0x000001a528e2b800,
0x000001a528e2f000, 0x000001a528e2d000, 0x000001a528e30800, 0x000001a528e2a800,
0x000001a528e2e000, 0x000001a528e31800, 0x000001a528e32000, 0x000001a528e36000
}

Java Threads: ( => current thread )
  0x000001a50a76d000 JavaThread "main" [_thread_blocked, id=8420, stack(0x00000033bde00000,0x00000033bdf00000)]
  0x000001a525c42800 JavaThread "Reference Handler" daemon [_thread_blocked, id=11772, stack(0x00000033be500000,0x00000033be600000)]
  0x000001a525c45800 JavaThread "Finalizer" daemon [_thread_blocked, id=1384, stack(0x00000033be600000,0x00000033be700000)]
  0x000001a525ca9800 JavaThread "Signal Dispatcher" daemon [_thread_blocked, id=11816, stack(0x00000033be700000,0x00000033be800000)]
  0x000001a525cab800 JavaThread "Attach Listener" daemon [_thread_blocked, id=10900, stack(0x00000033be800000,0x00000033be900000)]
  0x000001a525cae000 JavaThread "Service Thread" daemon [_thread_blocked, id=12764, stack(0x00000033be900000,0x00000033bea00000)]
  0x000001a525cb1000 JavaThread "C2 CompilerThread0" daemon [_thread_in_native, id=5936, stack(0x00000033bea00000,0x00000033beb00000)]
  0x000001a525cba000 JavaThread "C1 CompilerThread0" daemon [_thread_blocked, id=12248, stack(0x00000033beb00000,0x00000033bec00000)]
  0x000001a525cc0800 JavaThread "Sweeper thread" daemon [_thread_blocked, id=9260, stack(0x00000033bec00000,0x00000033bed00000)]
  0x000001a525e13000 JavaThread "Common-Cleaner" daemon [_thread_blocked, id=13036, stack(0x00000033bed00000,0x00000033bee00000)]
  0x000001a52765a000 JavaThread "Daemon health stats" [_thread_blocked, id=2044, stack(0x00000033bf600000,0x00000033bf700000)]
  0x000001a525fd3800 JavaThread "Incoming local TCP Connector on port 51560" [_thread_in_native, id=8308, stack(0x00000033bef00000,0x00000033bf000000)]
  0x000001a528f69000 JavaThread "Daemon periodic checks" [_thread_blocked, id=4688, stack(0x00000033bf000000,0x00000033bf100000)]
  0x000001a5281fc800 JavaThread "Daemon" [_thread_blocked, id=5668, stack(0x00000033bf700000,0x00000033bf800000)]
  0x000001a52704e800 JavaThread "Handler for socket connection from /127.0.0.1:51560 to /127.0.0.1:51563" [_thread_in_native, id=2560, stack(0x00000033bf800000,0x00000033bf900000)]
  0x000001a528a62800 JavaThread "Cancel handler" [_thread_blocked, id=1204, stack(0x00000033bf900000,0x00000033bfa00000)]
  0x000001a5276e5800 JavaThread "Daemon worker" [_thread_in_vm, id=3292, stack(0x00000033bfa00000,0x00000033bfb00000)]
  0x000001a5276e6000 JavaThread "Asynchronous log dispatcher for DefaultDaemonConnection: socket connection from /127.0.0.1:51560 to /127.0.0.1:51563" [_thread_blocked, id=7908, stack(0x00000033bfb00000,0x00000033bfc00000)]
  0x000001a528692800 JavaThread "Stdin handler" [_thread_blocked, id=7148, stack(0x00000033bfc00000,0x00000033bfd00000)]
  0x000001a528db8000 JavaThread "Daemon client event forwarder" [_thread_blocked, id=10412, stack(0x00000033bfd00000,0x00000033bfe00000)]
  0x000001a528db9000 JavaThread "Cache worker for journal cache (C:\Users\Dell\.gradle\caches\journal-1)" [_thread_blocked, id=6940, stack(0x00000033bfe00000,0x00000033bff00000)]
  0x000001a528db4000 JavaThread "File lock request listener" [_thread_in_native, id=10760, stack(0x00000033bff00000,0x00000033c0000000)]
  0x000001a528db5000 JavaThread "Cache worker for file hash cache (C:\Users\Dell\.gradle\caches\7.4\fileHashes)" [_thread_blocked, id=10220, stack(0x00000033c0300000,0x00000033c0400000)]
  0x000001a5283ef000 JavaThread "C2 CompilerThread1" daemon [_thread_blocked, id=11360, stack(0x00000033c0400000,0x00000033c0500000)]
=>0x000001a52920a000 JavaThread "C2 CompilerThread2" daemon [_thread_in_native, id=4752, stack(0x00000033c0500000,0x00000033c0600000)]
  0x000001a528db5800 JavaThread "File watcher server" daemon [_thread_in_native, id=3084, stack(0x00000033c0600000,0x00000033c0700000)]
  0x000001a528db7800 JavaThread "File watcher consumer" daemon [_thread_blocked, id=12352, stack(0x00000033c0700000,0x00000033c0800000)]
  0x000001a528db6800 JavaThread "jar transforms" [_thread_blocked, id=8300, stack(0x00000033c0800000,0x00000033c0900000)]
  0x000001a528db9800 JavaThread "jar transforms Thread 2" [_thread_blocked, id=12356, stack(0x00000033c0900000,0x00000033c0a00000)]
  0x000001a528dba800 JavaThread "jar transforms Thread 3" [_thread_blocked, id=5468, stack(0x00000033c0a00000,0x00000033c0b00000)]
  0x000001a5293b2000 JavaThread "jar transforms Thread 4" [_thread_blocked, id=6692, stack(0x00000033c0b00000,0x00000033c0c00000)]
  0x000001a5293af800 JavaThread "jar transforms Thread 5" [_thread_blocked, id=11072, stack(0x00000033c0c00000,0x00000033c0d00000)]
  0x000001a5293ae800 JavaThread "jar transforms Thread 6" [_thread_blocked, id=13264, stack(0x00000033c0d00000,0x00000033c0e00000)]
  0x000001a5293ae000 JavaThread "jar transforms Thread 7" [_thread_blocked, id=8156, stack(0x00000033c0e00000,0x00000033c0f00000)]
  0x000001a5293b4800 JavaThread "jar transforms Thread 8" [_thread_blocked, id=3024, stack(0x00000033c0f00000,0x00000033c1000000)]
  0x000001a5293b0800 JavaThread "Cache worker for checksums cache (C:\Users\Dell\StudioProjects\first_project\.gradle\7.4\checksums)" [_thread_blocked, id=6224, stack(0x00000033c1000000,0x00000033c1100000)]
  0x000001a5293b1000 JavaThread "Cache worker for cache directory md-rule (C:\Users\Dell\.gradle\caches\7.4\md-rule)" [_thread_blocked, id=3580, stack(0x00000033c1100000,0x00000033c1200000)]
  0x000001a5293b3800 JavaThread "Cache worker for file hash cache (C:\Users\Dell\StudioProjects\first_project\.gradle\7.4\fileHashes)" [_thread_blocked, id=11524, stack(0x00000033c1200000,0x00000033c1300000)]
  0x000001a5293b2800 JavaThread "Cache worker for cache directory md-supplier (C:\Users\Dell\.gradle\caches\7.4\md-supplier)" [_thread_blocked, id=12244, stack(0x00000033c1300000,0x00000033c1400000)]
  0x000001a5297ce000 JavaThread "Cache worker for execution history cache (C:\Users\Dell\.gradle\caches\7.4\executionHistory)" [_thread_blocked, id=12612, stack(0x00000033c1400000,0x00000033c1500000)]
  0x000001a5297cf000 JavaThread "Cache worker for file content cache (C:\Users\Dell\.gradle\caches\7.4\fileContent)" [_thread_blocked, id=4052, stack(0x00000033c1500000,0x00000033c1600000)]
  0x000001a5297cb800 JavaThread "Cache worker for dependencies-accessors (C:\Users\Dell\StudioProjects\first_project\.gradle\7.4\dependencies-accessors)" [_thread_blocked, id=8080, stack(0x00000033c1600000,0x00000033c1700000)]
  0x000001a5297cb000 JavaThread "Cache worker for Build Output Cleanup Cache (C:\Users\Dell\StudioProjects\first_project\.gradle\buildOutputCleanup)" [_thread_blocked, id=2304, stack(0x00000033c1700000,0x00000033c1800000)]
  0x000001a5297c9800 JavaThread "Unconstrained build operations" [_thread_blocked, id=12644, stack(0x00000033c1800000,0x00000033c1900000)]
  0x000001a5297cd800 JavaThread "Unconstrained build operations Thread 2" [_thread_blocked, id=11412, stack(0x00000033c1900000,0x00000033c1a00000)]
  0x000001a5297ca000 JavaThread "Unconstrained build operations Thread 3" [_thread_blocked, id=6864, stack(0x00000033c1a00000,0x00000033c1b00000)]
  0x000001a5297d3000 JavaThread "Unconstrained build operations Thread 4" [_thread_blocked, id=8808, stack(0x00000033c1b00000,0x00000033c1c00000)]
  0x000001a5297d2800 JavaThread "Unconstrained build operations Thread 5" [_thread_blocked, id=6616, stack(0x00000033c1c00000,0x00000033c1d00000)]
  0x000001a5297d4000 JavaThread "Unconstrained build operations Thread 6" [_thread_blocked, id=10036, stack(0x00000033c1d00000,0x00000033c1e00000)]
  0x000001a5297d4800 JavaThread "Unconstrained build operations Thread 7" [_thread_blocked, id=6420, stack(0x00000033c1e00000,0x00000033c1f00000)]
  0x000001a5297d0000 JavaThread "Unconstrained build operations Thread 8" [_thread_blocked, id=4440, stack(0x00000033c1f00000,0x00000033c2000000)]
  0x000001a5297d5800 JavaThread "Unconstrained build operations Thread 9" [_thread_blocked, id=2328, stack(0x00000033c2000000,0x00000033c2100000)]
  0x000001a5297d6800 JavaThread "Unconstrained build operations Thread 10" [_thread_blocked, id=9884, stack(0x00000033c2100000,0x00000033c2200000)]
  0x000001a5297d0800 JavaThread "Unconstrained build operations Thread 11" [_thread_blocked, id=2896, stack(0x00000033c2200000,0x00000033c2300000)]
  0x000001a5297d7000 JavaThread "Unconstrained build operations Thread 12" [_thread_blocked, id=3016, stack(0x00000033c2300000,0x00000033c2400000)]
  0x000001a5297d1800 JavaThread "Unconstrained build operations Thread 13" [_thread_blocked, id=2992, stack(0x00000033c2400000,0x00000033c2500000)]
  0x000001a5297d8000 JavaThread "Unconstrained build operations Thread 14" [_thread_blocked, id=1972, stack(0x00000033c2500000,0x00000033c2600000)]
  0x000001a529448800 JavaThread "Unconstrained build operations Thread 15" [_thread_blocked, id=10152, stack(0x00000033c2600000,0x00000033c2700000)]
  0x000001a529446000 JavaThread "Unconstrained build operations Thread 16" [_thread_blocked, id=8652, stack(0x00000033c2700000,0x00000033c2800000)]
  0x000001a529449800 JavaThread "Unconstrained build operations Thread 17" [_thread_blocked, id=644, stack(0x00000033c2800000,0x00000033c2900000)]
  0x000001a52944b000 JavaThread "Unconstrained build operations Thread 18" [_thread_blocked, id=8544, stack(0x00000033c2900000,0x00000033c2a00000)]
  0x000001a52944a800 JavaThread "Unconstrained build operations Thread 19" [_thread_blocked, id=11340, stack(0x00000033c2a00000,0x00000033c2b00000)]
  0x000001a529445800 JavaThread "Unconstrained build operations Thread 20" [_thread_blocked, id=9212, stack(0x00000033c2b00000,0x00000033c2c00000)]
  0x000001a529448000 JavaThread "Unconstrained build operations Thread 21" [_thread_blocked, id=1624, stack(0x00000033c2c00000,0x00000033c2d00000)]
  0x000001a52944c000 JavaThread "Unconstrained build operations Thread 22" [_thread_blocked, id=6624, stack(0x00000033c2d00000,0x00000033c2e00000)]
  0x000001a52944c800 JavaThread "Unconstrained build operations Thread 23" [_thread_blocked, id=6200, stack(0x00000033c2e00000,0x00000033c2f00000)]
  0x000001a529447000 JavaThread "Unconstrained build operations Thread 24" [_thread_blocked, id=10464, stack(0x00000033c2f00000,0x00000033c3000000)]
  0x000001a52944d800 JavaThread "Unconstrained build operations Thread 25" [_thread_blocked, id=2000, stack(0x00000033c3000000,0x00000033c3100000)]
  0x000001a529451000 JavaThread "Unconstrained build operations Thread 26" [_thread_blocked, id=2268, stack(0x00000033c3100000,0x00000033c3200000)]
  0x000001a529453800 JavaThread "Unconstrained build operations Thread 27" [_thread_blocked, id=5940, stack(0x00000033c3200000,0x00000033c3300000)]
  0x000001a529451800 JavaThread "Unconstrained build operations Thread 28" [_thread_blocked, id=9328, stack(0x00000033c3300000,0x00000033c3400000)]
  0x000001a529454000 JavaThread "Unconstrained build operations Thread 29" [_thread_blocked, id=10804, stack(0x00000033c3400000,0x00000033c3500000)]
  0x000001a529452800 JavaThread "Unconstrained build operations Thread 30" [_thread_blocked, id=7812, stack(0x00000033c3500000,0x00000033c3600000)]
  0x000001a52944f000 JavaThread "Unconstrained build operations Thread 31" [_thread_blocked, id=5240, stack(0x00000033c3600000,0x00000033c3700000)]
  0x000001a52944e800 JavaThread "Unconstrained build operations Thread 32" [_thread_blocked, id=6720, stack(0x00000033c3700000,0x00000033c3800000)]
  0x000001a529450000 JavaThread "Unconstrained build operations Thread 33" [_thread_blocked, id=4796, stack(0x00000033c3800000,0x00000033c3900000)]
  0x000001a52b83f000 JavaThread "Unconstrained build operations Thread 34" [_thread_blocked, id=7576, stack(0x00000033c3900000,0x00000033c3a00000)]
  0x000001a52b841800 JavaThread "Unconstrained build operations Thread 35" [_thread_blocked, id=2780, stack(0x00000033c3a00000,0x00000033c3b00000)]
  0x000001a52b842800 JavaThread "Unconstrained build operations Thread 36" [_thread_blocked, id=5792, stack(0x00000033c3b00000,0x00000033c3c00000)]
  0x000001a52b843000 JavaThread "Unconstrained build operations Thread 37" [_thread_blocked, id=8684, stack(0x00000033c3c00000,0x00000033c3d00000)]
  0x000001a52b83e800 JavaThread "Unconstrained build operations Thread 38" [_thread_blocked, id=7572, stack(0x00000033c3d00000,0x00000033c3e00000)]
  0x000001a52b845800 JavaThread "Unconstrained build operations Thread 39" [_thread_blocked, id=2104, stack(0x00000033c3e00000,0x00000033c3f00000)]
  0x000001a52b844000 JavaThread "Unconstrained build operations Thread 40" [_thread_blocked, id=11260, stack(0x00000033c3f00000,0x00000033c4000000)]
  0x000001a52b840000 JavaThread "Unconstrained build operations Thread 41" [_thread_blocked, id=4472, stack(0x00000033c4000000,0x00000033c4100000)]
  0x000001a52b846800 JavaThread "Unconstrained build operations Thread 42" [_thread_blocked, id=10556, stack(0x00000033c4100000,0x00000033c4200000)]
  0x000001a52b845000 JavaThread "Unconstrained build operations Thread 43" [_thread_blocked, id=8660, stack(0x00000033c4200000,0x00000033c4300000)]
  0x000001a52b840800 JavaThread "Unconstrained build operations Thread 44" [_thread_blocked, id=12628, stack(0x00000033c4300000,0x00000033c4400000)]
  0x000001a52b84a800 JavaThread "Unconstrained build operations Thread 45" [_thread_blocked, id=11048, stack(0x00000033c4400000,0x00000033c4500000)]
  0x000001a52b84b800 JavaThread "Unconstrained build operations Thread 46" [_thread_blocked, id=12116, stack(0x00000033c4500000,0x00000033c4600000)]
  0x000001a52b84c000 JavaThread "Unconstrained build operations Thread 47" [_thread_blocked, id=7848, stack(0x00000033c4600000,0x00000033c4700000)]
  0x000001a52b847800 JavaThread "Unconstrained build operations Thread 48" [_thread_blocked, id=8568, stack(0x00000033c4700000,0x00000033c4800000)]
  0x000001a52b849000 JavaThread "Unconstrained build operations Thread 49" [_thread_blocked, id=4136, stack(0x00000033c4800000,0x00000033c4900000)]
  0x000001a52b848000 JavaThread "Unconstrained build operations Thread 50" [_thread_blocked, id=8540, stack(0x00000033c4900000,0x00000033c4a00000)]
  0x000001a52b849800 JavaThread "Unconstrained build operations Thread 51" [_thread_blocked, id=9856, stack(0x00000033c4a00000,0x00000033c4b00000)]
  0x000001a52b84d000 JavaThread "Unconstrained build operations Thread 52" [_thread_blocked, id=5016, stack(0x00000033c4b00000,0x00000033c4c00000)]
  0x000001a528efb800 JavaThread "Unconstrained build operations Thread 53" [_thread_blocked, id=11220, stack(0x00000033c4c00000,0x00000033c4d00000)]
  0x000001a528efe000 JavaThread "Unconstrained build operations Thread 54" [_thread_blocked, id=10068, stack(0x00000033c4d00000,0x00000033c4e00000)]
  0x000001a528efb000 JavaThread "Unconstrained build operations Thread 55" [_thread_blocked, id=7788, stack(0x00000033c4e00000,0x00000033c4f00000)]
  0x000001a528efc800 JavaThread "Unconstrained build operations Thread 56" [_thread_blocked, id=9940, stack(0x00000033c4f00000,0x00000033c5000000)]
  0x000001a528eff000 JavaThread "Unconstrained build operations Thread 57" [_thread_blocked, id=11912, stack(0x00000033c5000000,0x00000033c5100000)]
  0x000001a528efd800 JavaThread "Unconstrained build operations Thread 58" [_thread_blocked, id=988, stack(0x00000033c5100000,0x00000033c5200000)]
  0x000001a528f00000 JavaThread "Unconstrained build operations Thread 59" [_thread_blocked, id=4908, stack(0x00000033c5200000,0x00000033c5300000)]
  0x000001a528efa000 JavaThread "Unconstrained build operations Thread 60" [_thread_blocked, id=12136, stack(0x00000033c5300000,0x00000033c5400000)]
  0x000001a528f04800 JavaThread "Unconstrained build operations Thread 61" [_thread_blocked, id=5824, stack(0x00000033c5400000,0x00000033c5500000)]
  0x000001a528f05800 JavaThread "Unconstrained build operations Thread 62" [_thread_blocked, id=12064, stack(0x00000033c5500000,0x00000033c5600000)]
  0x000001a528f06800 JavaThread "Unconstrained build operations Thread 63" [_thread_blocked, id=5504, stack(0x00000033c5600000,0x00000033c5700000)]
  0x000001a528f02000 JavaThread "Unconstrained build operations Thread 64" [_thread_blocked, id=12796, stack(0x00000033c5700000,0x00000033c5800000)]
  0x000001a528f00800 JavaThread "Unconstrained build operations Thread 65" [_thread_blocked, id=3712, stack(0x00000033c5800000,0x00000033c5900000)]
  0x000001a528f03000 JavaThread "Unconstrained build operations Thread 66" [_thread_blocked, id=6660, stack(0x00000033c5900000,0x00000033c5a00000)]
  0x000001a528f04000 JavaThread "Unconstrained build operations Thread 67" [_thread_blocked, id=12212, stack(0x00000033c5a00000,0x00000033c5b00000)]
  0x000001a528f07000 JavaThread "Unconstrained build operations Thread 68" [_thread_blocked, id=6896, stack(0x00000033c5b00000,0x00000033c5c00000)]
  0x000001a528f01800 JavaThread "Unconstrained build operations Thread 69" [_thread_blocked, id=1896, stack(0x00000033c5c00000,0x00000033c5d00000)]
  0x000001a528f08000 JavaThread "Unconstrained build operations Thread 70" [_thread_blocked, id=2228, stack(0x00000033c5d00000,0x00000033c5e00000)]
  0x000001a528f09000 JavaThread "Unconstrained build operations Thread 71" [_thread_blocked, id=4192, stack(0x00000033c5e00000,0x00000033c5f00000)]
  0x000001a528e2f800 JavaThread "Unconstrained build operations Thread 72" [_thread_blocked, id=1904, stack(0x00000033c5f00000,0x00000033c6000000)]
  0x000001a528e2b800 JavaThread "Unconstrained build operations Thread 73" [_thread_blocked, id=10968, stack(0x00000033c6000000,0x00000033c6100000)]
  0x000001a528e2f000 JavaThread "Unconstrained build operations Thread 74" [_thread_blocked, id=6596, stack(0x00000033c6100000,0x00000033c6200000)]
  0x000001a528e2d000 JavaThread "Unconstrained build operations Thread 75" [_thread_blocked, id=13204, stack(0x00000033c6200000,0x00000033c6300000)]
  0x000001a528e30800 JavaThread "Unconstrained build operations Thread 76" [_thread_blocked, id=3860, stack(0x00000033c6300000,0x00000033c6400000)]
  0x000001a528e2a800 JavaThread "Unconstrained build operations Thread 77" [_thread_blocked, id=8396, stack(0x00000033c6400000,0x00000033c6500000)]
  0x000001a528e2e000 JavaThread "Unconstrained build operations Thread 78" [_thread_blocked, id=4792, stack(0x00000033c6500000,0x00000033c6600000)]
  0x000001a528e31800 JavaThread "Unconstrained build operations Thread 79" [_thread_blocked, id=10744, stack(0x00000033c6600000,0x00000033c6700000)]
  0x000001a528e32000 JavaThread "Unconstrained build operations Thread 80" [_thread_blocked, id=8600, stack(0x00000033c6700000,0x00000033c6800000)]
  0x000001a528e36000 JavaThread "Memory manager" [_thread_blocked, id=3184, stack(0x00000033c6800000,0x00000033c6900000)]

Other Threads:
  0x000001a525c40000 VMThread "VM Thread" [stack: 0x00000033be400000,0x00000033be500000] [id=7020]
  0x000001a525e52800 WatcherThread [stack: 0x00000033bee00000,0x00000033bef00000] [id=12888]
  0x000001a50a783800 GCTaskThread "GC Thread#0" [stack: 0x00000033bdf00000,0x00000033be000000] [id=10704]
  0x000001a52655b800 GCTaskThread "GC Thread#1" [stack: 0x00000033bf100000,0x00000033bf200000] [id=5892]
  0x000001a526dfd000 GCTaskThread "GC Thread#2" [stack: 0x00000033bf200000,0x00000033bf300000] [id=6472]
  0x000001a526450000 GCTaskThread "GC Thread#3" [stack: 0x00000033bf300000,0x00000033bf400000] [id=9524]
  0x000001a5269dc000 GCTaskThread "GC Thread#4" [stack: 0x00000033bf400000,0x00000033bf500000] [id=4760]
  0x000001a526c4b800 GCTaskThread "GC Thread#5" [stack: 0x00000033bf500000,0x00000033bf600000] [id=3916]
  0x000001a52941e000 GCTaskThread "GC Thread#6" [stack: 0x00000033c0000000,0x00000033c0100000] [id=11812]
  0x000001a5270ae000 GCTaskThread "GC Thread#7" [stack: 0x00000033c0100000,0x00000033c0200000] [id=6228]
  0x000001a50a7b7000 ConcurrentGCThread "G1 Main Marker" [stack: 0x00000033be000000,0x00000033be100000] [id=1224]
  0x000001a50a7b8000 ConcurrentGCThread "G1 Conc#0" [stack: 0x00000033be100000,0x00000033be200000] [id=10764]
  0x000001a52862c800 ConcurrentGCThread "G1 Conc#1" [stack: 0x00000033c0200000,0x00000033c0300000] [id=8532]
  0x000001a525288800 ConcurrentGCThread "G1 Refine#0" [stack: 0x00000033be200000,0x00000033be300000] [id=10748]
  0x000001a525289800 ConcurrentGCThread "G1 Young RemSet Sampling" [stack: 0x00000033be300000,0x00000033be400000] [id=1572]

Threads with active compile tasks:
C2 CompilerThread0  12950 7657   !   4       java.net.URL::<init> (543 bytes)
C2 CompilerThread2  12950 7686 %     4       org.gradle.internal.instantiation.generator.AbstractClassGenerator::inspectType @ 107 (560 bytes)

VM state:not at safepoint (normal execution)

VM Mutex/Monitor currently owned by a thread: None

Heap address: 0x0000000080000000, size: 2048 MB, Compressed Oops mode: 32-bit
Narrow klass base: 0x0000000000000000, Narrow klass shift: 3
Compressed class space size: 1073741824 Address: 0x0000000100000000

Heap:
 garbage-first heap   total 262144K, used 186400K [0x0000000080000000, 0x0000000100000000)
  region size 1024K, 99 young (101376K), 15 survivors (15360K)
 Metaspace       used 76604K, capacity 78711K, committed 78848K, reserved 1118208K
  class space    used 9949K, capacity 10707K, committed 10752K, reserved 1048576K
Heap Regions: E=young(eden), S=young(survivor), O=old, HS=humongous(starts), HC=humongous(continues), CS=collection set, F=free, A=archive, TAMS=top-at-mark-start (previous, next)
|   0|0x0000000080000000, 0x0000000080100000, 0x0000000080100000|100%| O|  |TAMS 0x0000000080100000, 0x0000000080000000| Untracked 
|   1|0x0000000080100000, 0x0000000080200000, 0x0000000080200000|100%| O|  |TAMS 0x0000000080200000, 0x0000000080100000| Untracked 
|   2|0x0000000080200000, 0x0000000080300000, 0x0000000080300000|100%| O|  |TAMS 0x0000000080300000, 0x0000000080200000| Untracked 
|   3|0x0000000080300000, 0x0000000080400000, 0x0000000080400000|100%|HS|  |TAMS 0x0000000080400000, 0x0000000080300000| Complete 
|   4|0x0000000080400000, 0x0000000080500000, 0x0000000080500000|100%|HC|  |TAMS 0x0000000080500000, 0x0000000080400000| Complete 
|   5|0x0000000080500000, 0x0000000080600000, 0x0000000080600000|100%|HC|  |TAMS 0x0000000080600000, 0x0000000080500000| Complete 
|   6|0x0000000080600000, 0x0000000080700000, 0x0000000080700000|100%| O|  |TAMS 0x0000000080700000, 0x0000000080600000| Untracked 
|   7|0x0000000080700000, 0x0000000080800000, 0x0000000080800000|100%| O|  |TAMS 0x0000000080800000, 0x0000000080700000| Untracked 
|   8|0x0000000080800000, 0x0000000080900000, 0x0000000080900000|100%| O|  |TAMS 0x0000000080900000, 0x0000000080800000| Untracked 
|   9|0x0000000080900000, 0x0000000080a00000, 0x0000000080a00000|100%| O|  |TAMS 0x0000000080a00000, 0x0000000080900000| Untracked 
|  10|0x0000000080a00000, 0x0000000080b00000, 0x0000000080b00000|100%| O|  |TAMS 0x0000000080b00000, 0x0000000080a00000| Untracked 
|  11|0x0000000080b00000, 0x0000000080c00000, 0x0000000080c00000|100%| O|  |TAMS 0x0000000080c00000, 0x0000000080b00000| Untracked 
|  12|0x0000000080c00000, 0x0000000080d00000, 0x0000000080d00000|100%| O|  |TAMS 0x0000000080d00000, 0x0000000080c00000| Untracked 
|  13|0x0000000080d00000, 0x0000000080e00000, 0x0000000080e00000|100%| O|  |TAMS 0x0000000080e00000, 0x0000000080d00000| Untracked 
|  14|0x0000000080e00000, 0x0000000080f00000, 0x0000000080f00000|100%| O|  |TAMS 0x0000000080f00000, 0x0000000080e00000| Untracked 
|  15|0x0000000080f00000, 0x0000000081000000, 0x0000000081000000|100%| O|  |TAMS 0x0000000081000000, 0x0000000080f00000| Untracked 
|  16|0x0000000081000000, 0x0000000081100000, 0x0000000081100000|100%| O|  |TAMS 0x0000000081100000, 0x0000000081000000| Untracked 
|  17|0x0000000081100000, 0x0000000081200000, 0x0000000081200000|100%|HS|  |TAMS 0x0000000081200000, 0x0000000081100000| Complete 
|  18|0x0000000081200000, 0x0000000081300000, 0x0000000081300000|100%|HC|  |TAMS 0x0000000081300000, 0x0000000081200000| Complete 
|  19|0x0000000081300000, 0x0000000081400000, 0x0000000081400000|100%|HS|  |TAMS 0x0000000081400000, 0x0000000081300000| Complete 
|  20|0x0000000081400000, 0x0000000081500000, 0x0000000081500000|100%|HC|  |TAMS 0x0000000081500000, 0x0000000081400000| Complete 
|  21|0x0000000081500000, 0x0000000081600000, 0x0000000081600000|100%|HC|  |TAMS 0x0000000081600000, 0x0000000081500000| Complete 
|  22|0x0000000081600000, 0x0000000081700000, 0x0000000081700000|100%|HS|  |TAMS 0x0000000081700000, 0x0000000081600000| Complete 
|  23|0x0000000081700000, 0x0000000081800000, 0x0000000081800000|100%|HC|  |TAMS 0x0000000081800000, 0x0000000081700000| Complete 
|  24|0x0000000081800000, 0x0000000081900000, 0x0000000081900000|100%|HC|  |TAMS 0x0000000081900000, 0x0000000081800000| Complete 
|  25|0x0000000081900000, 0x0000000081a00000, 0x0000000081a00000|100%|HS|  |TAMS 0x0000000081a00000, 0x0000000081900000| Complete 
|  26|0x0000000081a00000, 0x0000000081b00000, 0x0000000081b00000|100%|HC|  |TAMS 0x0000000081b00000, 0x0000000081a00000| Complete 
|  27|0x0000000081b00000, 0x0000000081c00000, 0x0000000081c00000|100%|HC|  |TAMS 0x0000000081c00000, 0x0000000081b00000| Complete 
|  28|0x0000000081c00000, 0x0000000081d00000, 0x0000000081d00000|100%|HC|  |TAMS 0x0000000081d00000, 0x0000000081c00000| Complete 
|  29|0x0000000081d00000, 0x0000000081e00000, 0x0000000081e00000|100%|HS|  |TAMS 0x0000000081e00000, 0x0000000081d00000| Complete 
|  30|0x0000000081e00000, 0x0000000081f00000, 0x0000000081f00000|100%|HC|  |TAMS 0x0000000081f00000, 0x0000000081e00000| Complete 
|  31|0x0000000081f00000, 0x0000000082000000, 0x0000000082000000|100%|HC|  |TAMS 0x0000000082000000, 0x0000000081f00000| Complete 
|  32|0x0000000082000000, 0x0000000082100000, 0x0000000082100000|100%|HC|  |TAMS 0x0000000082100000, 0x0000000082000000| Complete 
|  33|0x0000000082100000, 0x0000000082200000, 0x0000000082200000|100%|HC|  |TAMS 0x0000000082200000, 0x0000000082100000| Complete 
|  34|0x0000000082200000, 0x0000000082300000, 0x0000000082300000|100%|HS|  |TAMS 0x0000000082300000, 0x0000000082200000| Complete 
|  35|0x0000000082300000, 0x0000000082400000, 0x0000000082400000|100%|HS|  |TAMS 0x0000000082300000, 0x0000000082300000| Complete 
|  36|0x0000000082400000, 0x0000000082500000, 0x0000000082500000|100%|HS|  |TAMS 0x0000000082400000, 0x0000000082400000| Complete 
|  37|0x0000000082500000, 0x0000000082500000, 0x0000000082600000|  0%| F|  |TAMS 0x0000000082500000, 0x0000000082500000| Untracked 
|  38|0x0000000082600000, 0x0000000082700000, 0x0000000082700000|100%|HS|  |TAMS 0x0000000082700000, 0x0000000082600000| Complete 
|  39|0x0000000082700000, 0x0000000082800000, 0x0000000082800000|100%|HC|  |TAMS 0x0000000082800000, 0x0000000082700000| Complete 
|  40|0x0000000082800000, 0x0000000082900000, 0x0000000082900000|100%|HC|  |TAMS 0x0000000082900000, 0x0000000082800000| Complete 
|  41|0x0000000082900000, 0x0000000082a00000, 0x0000000082a00000|100%|HC|  |TAMS 0x0000000082a00000, 0x0000000082900000| Complete 
|  42|0x0000000082a00000, 0x0000000082b00000, 0x0000000082b00000|100%|HS|  |TAMS 0x0000000082b00000, 0x0000000082a00000| Complete 
|  43|0x0000000082b00000, 0x0000000082c00000, 0x0000000082c00000|100%|HC|  |TAMS 0x0000000082c00000, 0x0000000082b00000| Complete 
|  44|0x0000000082c00000, 0x0000000082d00000, 0x0000000082d00000|100%|HC|  |TAMS 0x0000000082d00000, 0x0000000082c00000| Complete 
|  45|0x0000000082d00000, 0x0000000082e00000, 0x0000000082e00000|100%|HS|  |TAMS 0x0000000082e00000, 0x0000000082d00000| Complete 
|  46|0x0000000082e00000, 0x0000000082f00000, 0x0000000082f00000|100%|HC|  |TAMS 0x0000000082f00000, 0x0000000082e00000| Complete 
|  47|0x0000000082f00000, 0x0000000083000000, 0x0000000083000000|100%|HS|  |TAMS 0x0000000083000000, 0x0000000082f00000| Complete 
|  48|0x0000000083000000, 0x0000000083100000, 0x0000000083100000|100%|HC|  |TAMS 0x0000000083100000, 0x0000000083000000| Complete 
|  49|0x0000000083100000, 0x0000000083200000, 0x0000000083200000|100%|HC|  |TAMS 0x0000000083200000, 0x0000000083100000| Complete 
|  50|0x0000000083200000, 0x0000000083300000, 0x0000000083300000|100%| O|  |TAMS 0x0000000083200000, 0x0000000083200000| Untracked 
|  51|0x0000000083300000, 0x0000000083400000, 0x0000000083400000|100%| O|  |TAMS 0x0000000083400000, 0x0000000083300000| Untracked 
|  52|0x0000000083400000, 0x0000000083500000, 0x0000000083500000|100%| O|  |TAMS 0x0000000083500000, 0x0000000083400000| Untracked 
|  53|0x0000000083500000, 0x0000000083600000, 0x0000000083600000|100%| O|  |TAMS 0x0000000083600000, 0x0000000083500000| Untracked 
|  54|0x0000000083600000, 0x0000000083700000, 0x0000000083700000|100%| O|  |TAMS 0x0000000083700000, 0x0000000083600000| Untracked 
|  55|0x0000000083700000, 0x0000000083800000, 0x0000000083800000|100%| O|  |TAMS 0x0000000083800000, 0x0000000083700000| Untracked 
|  56|0x0000000083800000, 0x0000000083900000, 0x0000000083900000|100%| O|  |TAMS 0x0000000083900000, 0x0000000083800000| Untracked 
|  57|0x0000000083900000, 0x0000000083a00000, 0x0000000083a00000|100%| O|  |TAMS 0x0000000083a00000, 0x0000000083900000| Untracked 
|  58|0x0000000083a00000, 0x0000000083b00000, 0x0000000083b00000|100%| O|  |TAMS 0x0000000083b00000, 0x0000000083a00000| Untracked 
|  59|0x0000000083b00000, 0x0000000083c00000, 0x0000000083c00000|100%| O|  |TAMS 0x0000000083bf3a00, 0x0000000083b00000| Untracked 
|  60|0x0000000083c00000, 0x0000000083d00000, 0x0000000083d00000|100%|HS|  |TAMS 0x0000000083c00000, 0x0000000083c00000| Complete 
|  61|0x0000000083d00000, 0x0000000083e00000, 0x0000000083e00000|100%|HC|  |TAMS 0x0000000083d00000, 0x0000000083d00000| Complete 
|  62|0x0000000083e00000, 0x0000000083f00000, 0x0000000083f00000|100%|HC|  |TAMS 0x0000000083e00000, 0x0000000083e00000| Complete 
|  63|0x0000000083f00000, 0x0000000084000000, 0x0000000084000000|100%|HC|  |TAMS 0x0000000083f00000, 0x0000000083f00000| Complete 
|  64|0x0000000084000000, 0x0000000084100000, 0x0000000084100000|100%|HC|  |TAMS 0x0000000084000000, 0x0000000084000000| Complete 
|  65|0x0000000084100000, 0x0000000084200000, 0x0000000084200000|100%| O|  |TAMS 0x0000000084100000, 0x0000000084100000| Untracked 
|  66|0x0000000084200000, 0x0000000084300000, 0x0000000084300000|100%| O|  |TAMS 0x0000000084200000, 0x0000000084200000| Untracked 
|  67|0x0000000084300000, 0x0000000084400000, 0x0000000084400000|100%| O|  |TAMS 0x0000000084300000, 0x0000000084300000| Untracked 
|  68|0x0000000084400000, 0x0000000084500000, 0x0000000084500000|100%| O|  |TAMS 0x0000000084400000, 0x0000000084400000| Untracked 
|  69|0x0000000084500000, 0x0000000084600000, 0x0000000084600000|100%| O|  |TAMS 0x0000000084500000, 0x0000000084500000| Untracked 
|  70|0x0000000084600000, 0x0000000084700000, 0x0000000084700000|100%| O|  |TAMS 0x0000000084600000, 0x0000000084600000| Untracked 
|  71|0x0000000084700000, 0x0000000084800000, 0x0000000084800000|100%| O|  |TAMS 0x0000000084700000, 0x0000000084700000| Untracked 
|  72|0x0000000084800000, 0x0000000084900000, 0x0000000084900000|100%| O|  |TAMS 0x0000000084800000, 0x0000000084800000| Untracked 
|  73|0x0000000084900000, 0x0000000084a00000, 0x0000000084a00000|100%| O|  |TAMS 0x0000000084900000, 0x0000000084900000| Untracked 
|  74|0x0000000084a00000, 0x0000000084b00000, 0x0000000084b00000|100%|HS|  |TAMS 0x0000000084a00000, 0x0000000084a00000| Complete 
|  75|0x0000000084b00000, 0x0000000084c00000, 0x0000000084c00000|100%|HC|  |TAMS 0x0000000084b00000, 0x0000000084b00000| Complete 
|  76|0x0000000084c00000, 0x0000000084d00000, 0x0000000084d00000|100%| O|  |TAMS 0x0000000084c00000, 0x0000000084c00000| Untracked 
|  77|0x0000000084d00000, 0x0000000084e00000, 0x0000000084e00000|100%| O|  |TAMS 0x0000000084d00000, 0x0000000084d00000| Untracked 
|  78|0x0000000084e00000, 0x0000000084f00000, 0x0000000084f00000|100%| O|  |TAMS 0x0000000084e00000, 0x0000000084e00000| Untracked 
|  79|0x0000000084f00000, 0x0000000085000000, 0x0000000085000000|100%| O|  |TAMS 0x0000000084f00000, 0x0000000084f00000| Untracked 
|  80|0x0000000085000000, 0x0000000085100000, 0x0000000085100000|100%| O|  |TAMS 0x0000000085000000, 0x0000000085000000| Untracked 
|  81|0x0000000085100000, 0x0000000085200000, 0x0000000085200000|100%| O|  |TAMS 0x0000000085100000, 0x0000000085100000| Untracked 
|  82|0x0000000085200000, 0x0000000085300000, 0x0000000085300000|100%| O|  |TAMS 0x0000000085200000, 0x0000000085200000| Untracked 
|  83|0x0000000085300000, 0x0000000085400000, 0x0000000085400000|100%| O|  |TAMS 0x0000000085300000, 0x0000000085300000| Untracked 
|  84|0x0000000085400000, 0x0000000085500000, 0x0000000085500000|100%| O|  |TAMS 0x0000000085400000, 0x0000000085400000| Untracked 
|  85|0x0000000085500000, 0x0000000085525e00, 0x0000000085600000| 14%| O|  |TAMS 0x0000000085500000, 0x0000000085500000| Untracked 
|  86|0x0000000085600000, 0x0000000085600000, 0x0000000085700000|  0%| F|  |TAMS 0x0000000085600000, 0x0000000085600000| Untracked 
|  87|0x0000000085700000, 0x0000000085700000, 0x0000000085800000|  0%| F|  |TAMS 0x0000000085700000, 0x0000000085700000| Untracked 
|  88|0x0000000085800000, 0x0000000085800000, 0x0000000085900000|  0%| F|  |TAMS 0x0000000085800000, 0x0000000085800000| Untracked 
|  89|0x0000000085900000, 0x0000000085900000, 0x0000000085a00000|  0%| F|  |TAMS 0x0000000085900000, 0x0000000085900000| Untracked 
|  90|0x0000000085a00000, 0x0000000085a00000, 0x0000000085b00000|  0%| F|  |TAMS 0x0000000085a00000, 0x0000000085a00000| Untracked 
|  91|0x0000000085b00000, 0x0000000085b00000, 0x0000000085c00000|  0%| F|  |TAMS 0x0000000085b00000, 0x0000000085b00000| Untracked 
|  92|0x0000000085c00000, 0x0000000085c00000, 0x0000000085d00000|  0%| F|  |TAMS 0x0000000085c00000, 0x0000000085c00000| Untracked 
|  93|0x0000000085d00000, 0x0000000085d00000, 0x0000000085e00000|  0%| F|  |TAMS 0x0000000085d00000, 0x0000000085d00000| Untracked 
|  94|0x0000000085e00000, 0x0000000085e00000, 0x0000000085f00000|  0%| F|  |TAMS 0x0000000085e00000, 0x0000000085e00000| Untracked 
|  95|0x0000000085f00000, 0x0000000085f00000, 0x0000000086000000|  0%| F|  |TAMS 0x0000000085f00000, 0x0000000085f00000| Untracked 
|  96|0x0000000086000000, 0x0000000086000000, 0x0000000086100000|  0%| F|  |TAMS 0x0000000086000000, 0x0000000086000000| Untracked 
|  97|0x0000000086100000, 0x0000000086100000, 0x0000000086200000|  0%| F|  |TAMS 0x0000000086100000, 0x0000000086100000| Untracked 
|  98|0x0000000086200000, 0x0000000086200000, 0x0000000086300000|  0%| F|  |TAMS 0x0000000086200000, 0x0000000086200000| Untracked 
|  99|0x0000000086300000, 0x0000000086300000, 0x0000000086400000|  0%| F|  |TAMS 0x0000000086300000, 0x0000000086300000| Untracked 
| 100|0x0000000086400000, 0x0000000086400000, 0x0000000086500000|  0%| F|  |TAMS 0x0000000086400000, 0x0000000086400000| Untracked 
| 101|0x0000000086500000, 0x0000000086500000, 0x0000000086600000|  0%| F|  |TAMS 0x0000000086500000, 0x0000000086500000| Untracked 
| 102|0x0000000086600000, 0x0000000086600000, 0x0000000086700000|  0%| F|  |TAMS 0x0000000086600000, 0x0000000086600000| Untracked 
| 103|0x0000000086700000, 0x0000000086700000, 0x0000000086800000|  0%| F|  |TAMS 0x0000000086700000, 0x0000000086700000| Untracked 
| 104|0x0000000086800000, 0x0000000086800000, 0x0000000086900000|  0%| F|  |TAMS 0x0000000086800000, 0x0000000086800000| Untracked 
| 105|0x0000000086900000, 0x0000000086900000, 0x0000000086a00000|  0%| F|  |TAMS 0x0000000086900000, 0x0000000086900000| Untracked 
| 106|0x0000000086a00000, 0x0000000086a00000, 0x0000000086b00000|  0%| F|  |TAMS 0x0000000086a00000, 0x0000000086a00000| Untracked 
| 107|0x0000000086b00000, 0x0000000086b00000, 0x0000000086c00000|  0%| F|  |TAMS 0x0000000086b00000, 0x0000000086b00000| Untracked 
| 108|0x0000000086c00000, 0x0000000086c00000, 0x0000000086d00000|  0%| F|  |TAMS 0x0000000086c00000, 0x0000000086c00000| Untracked 
| 109|0x0000000086d00000, 0x0000000086d00000, 0x0000000086e00000|  0%| F|  |TAMS 0x0000000086d00000, 0x0000000086d00000| Untracked 
| 110|0x0000000086e00000, 0x0000000086e00000, 0x0000000086f00000|  0%| F|  |TAMS 0x0000000086e00000, 0x0000000086e00000| Untracked 
| 111|0x0000000086f00000, 0x0000000086f00000, 0x0000000087000000|  0%| F|  |TAMS 0x0000000086f00000, 0x0000000086f00000| Untracked 
| 112|0x0000000087000000, 0x0000000087000000, 0x0000000087100000|  0%| F|  |TAMS 0x0000000087000000, 0x0000000087000000| Untracked 
| 113|0x0000000087100000, 0x0000000087100000, 0x0000000087200000|  0%| F|  |TAMS 0x0000000087100000, 0x0000000087100000| Untracked 
| 114|0x0000000087200000, 0x0000000087200000, 0x0000000087300000|  0%| F|  |TAMS 0x0000000087200000, 0x0000000087200000| Untracked 
| 115|0x0000000087300000, 0x0000000087300000, 0x0000000087400000|  0%| F|  |TAMS 0x0000000087300000, 0x0000000087300000| Untracked 
| 116|0x0000000087400000, 0x0000000087400000, 0x0000000087500000|  0%| F|  |TAMS 0x0000000087400000, 0x0000000087400000| Untracked 
| 117|0x0000000087500000, 0x0000000087500000, 0x0000000087600000|  0%| F|  |TAMS 0x0000000087500000, 0x0000000087500000| Untracked 
| 118|0x0000000087600000, 0x0000000087600000, 0x0000000087700000|  0%| F|  |TAMS 0x0000000087600000, 0x0000000087600000| Untracked 
| 119|0x0000000087700000, 0x0000000087700000, 0x0000000087800000|  0%| F|  |TAMS 0x0000000087700000, 0x0000000087700000| Untracked 
| 120|0x0000000087800000, 0x0000000087800000, 0x0000000087900000|  0%| F|  |TAMS 0x0000000087800000, 0x0000000087800000| Untracked 
| 121|0x0000000087900000, 0x0000000087900000, 0x0000000087a00000|  0%| F|  |TAMS 0x0000000087900000, 0x0000000087900000| Untracked 
| 122|0x0000000087a00000, 0x0000000087a00000, 0x0000000087b00000|  0%| F|  |TAMS 0x0000000087a00000, 0x0000000087a00000| Untracked 
| 123|0x0000000087b00000, 0x0000000087b00000, 0x0000000087c00000|  0%| F|  |TAMS 0x0000000087b00000, 0x0000000087b00000| Untracked 
| 124|0x0000000087c00000, 0x0000000087c00000, 0x0000000087d00000|  0%| F|  |TAMS 0x0000000087c00000, 0x0000000087c00000| Untracked 
| 125|0x0000000087d00000, 0x0000000087d00000, 0x0000000087e00000|  0%| F|  |TAMS 0x0000000087d00000, 0x0000000087d00000| Untracked 
| 126|0x0000000087e00000, 0x0000000087e00000, 0x0000000087f00000|  0%| F|  |TAMS 0x0000000087e00000, 0x0000000087e00000| Untracked 
| 127|0x0000000087f00000, 0x0000000087f00000, 0x0000000088000000|  0%| F|  |TAMS 0x0000000087f00000, 0x0000000087f00000| Untracked 
| 128|0x0000000088000000, 0x00000000880e2290, 0x0000000088100000| 88%| S|CS|TAMS 0x0000000088000000, 0x0000000088000000| Complete 
| 129|0x0000000088100000, 0x0000000088200000, 0x0000000088200000|100%| S|CS|TAMS 0x0000000088100000, 0x0000000088100000| Complete 
| 130|0x0000000088200000, 0x0000000088300000, 0x0000000088300000|100%| S|CS|TAMS 0x0000000088200000, 0x0000000088200000| Complete 
| 131|0x0000000088300000, 0x0000000088400000, 0x0000000088400000|100%| S|CS|TAMS 0x0000000088300000, 0x0000000088300000| Complete 
| 132|0x0000000088400000, 0x0000000088500000, 0x0000000088500000|100%| S|CS|TAMS 0x0000000088400000, 0x0000000088400000| Complete 
| 133|0x0000000088500000, 0x0000000088600000, 0x0000000088600000|100%| S|CS|TAMS 0x0000000088500000, 0x0000000088500000| Complete 
| 134|0x0000000088600000, 0x0000000088700000, 0x0000000088700000|100%| S|CS|TAMS 0x0000000088600000, 0x0000000088600000| Complete 
| 135|0x0000000088700000, 0x0000000088800000, 0x0000000088800000|100%| S|CS|TAMS 0x0000000088700000, 0x0000000088700000| Complete 
| 136|0x0000000088800000, 0x0000000088900000, 0x0000000088900000|100%| S|CS|TAMS 0x0000000088800000, 0x0000000088800000| Complete 
| 137|0x0000000088900000, 0x0000000088a00000, 0x0000000088a00000|100%| S|CS|TAMS 0x0000000088900000, 0x0000000088900000| Complete 
| 138|0x0000000088a00000, 0x0000000088b00000, 0x0000000088b00000|100%| S|CS|TAMS 0x0000000088a00000, 0x0000000088a00000| Complete 
| 139|0x0000000088b00000, 0x0000000088c00000, 0x0000000088c00000|100%| S|CS|TAMS 0x0000000088b00000, 0x0000000088b00000| Complete 
| 140|0x0000000088c00000, 0x0000000088c00000, 0x0000000088d00000|  0%| F|  |TAMS 0x0000000088c00000, 0x0000000088c00000| Untracked 
| 141|0x0000000088d00000, 0x0000000088d00000, 0x0000000088e00000|  0%| F|  |TAMS 0x0000000088d00000, 0x0000000088d00000| Untracked 
| 142|0x0000000088e00000, 0x0000000088e00000, 0x0000000088f00000|  0%| F|  |TAMS 0x0000000088e00000, 0x0000000088e00000| Untracked 
| 143|0x0000000088f00000, 0x0000000088f00000, 0x0000000089000000|  0%| F|  |TAMS 0x0000000088f00000, 0x0000000088f00000| Untracked 
| 144|0x0000000089000000, 0x0000000089000000, 0x0000000089100000|  0%| F|  |TAMS 0x0000000089000000, 0x0000000089000000| Untracked 
| 145|0x0000000089100000, 0x0000000089100000, 0x0000000089200000|  0%| F|  |TAMS 0x0000000089100000, 0x0000000089100000| Untracked 
| 146|0x0000000089200000, 0x0000000089200000, 0x0000000089300000|  0%| F|  |TAMS 0x0000000089200000, 0x0000000089200000| Untracked 
| 147|0x0000000089300000, 0x0000000089300000, 0x0000000089400000|  0%| F|  |TAMS 0x0000000089300000, 0x0000000089300000| Untracked 
| 148|0x0000000089400000, 0x0000000089500000, 0x0000000089500000|100%| S|CS|TAMS 0x0000000089400000, 0x0000000089400000| Complete 
| 149|0x0000000089500000, 0x0000000089600000, 0x0000000089600000|100%| S|CS|TAMS 0x0000000089500000, 0x0000000089500000| Complete 
| 150|0x0000000089600000, 0x0000000089700000, 0x0000000089700000|100%| S|CS|TAMS 0x0000000089600000, 0x0000000089600000| Complete 
| 151|0x0000000089700000, 0x0000000089700000, 0x0000000089800000|  0%| F|  |TAMS 0x0000000089700000, 0x0000000089700000| Untracked 
| 152|0x0000000089800000, 0x0000000089800000, 0x0000000089900000|  0%| F|  |TAMS 0x0000000089800000, 0x0000000089800000| Untracked 
| 153|0x0000000089900000, 0x0000000089900000, 0x0000000089a00000|  0%| F|  |TAMS 0x0000000089900000, 0x0000000089900000| Untracked 
| 154|0x0000000089a00000, 0x0000000089a00000, 0x0000000089b00000|  0%| F|  |TAMS 0x0000000089a00000, 0x0000000089a00000| Untracked 
| 155|0x0000000089b00000, 0x0000000089b00000, 0x0000000089c00000|  0%| F|  |TAMS 0x0000000089b00000, 0x0000000089b00000| Untracked 
| 156|0x0000000089c00000, 0x0000000089c00000, 0x0000000089d00000|  0%| F|  |TAMS 0x0000000089c00000, 0x0000000089c00000| Untracked 
| 157|0x0000000089d00000, 0x0000000089d00000, 0x0000000089e00000|  0%| F|  |TAMS 0x0000000089d00000, 0x0000000089d00000| Untracked 
| 158|0x0000000089e00000, 0x0000000089e00000, 0x0000000089f00000|  0%| F|  |TAMS 0x0000000089e00000, 0x0000000089e00000| Untracked 
| 159|0x0000000089f00000, 0x0000000089f00000, 0x000000008a000000|  0%| F|  |TAMS 0x0000000089f00000, 0x0000000089f00000| Untracked 
| 160|0x000000008a000000, 0x000000008a000000, 0x000000008a100000|  0%| F|  |TAMS 0x000000008a000000, 0x000000008a000000| Untracked 
| 161|0x000000008a100000, 0x000000008a100000, 0x000000008a200000|  0%| F|  |TAMS 0x000000008a100000, 0x000000008a100000| Untracked 
| 162|0x000000008a200000, 0x000000008a200000, 0x000000008a300000|  0%| F|  |TAMS 0x000000008a200000, 0x000000008a200000| Untracked 
| 163|0x000000008a300000, 0x000000008a300000, 0x000000008a400000|  0%| F|  |TAMS 0x000000008a300000, 0x000000008a300000| Untracked 
| 164|0x000000008a400000, 0x000000008a400000, 0x000000008a500000|  0%| F|  |TAMS 0x000000008a400000, 0x000000008a400000| Untracked 
| 165|0x000000008a500000, 0x000000008a500000, 0x000000008a600000|  0%| F|  |TAMS 0x000000008a500000, 0x000000008a500000| Untracked 
| 166|0x000000008a600000, 0x000000008a600000, 0x000000008a700000|  0%| F|  |TAMS 0x000000008a600000, 0x000000008a600000| Untracked 
| 167|0x000000008a700000, 0x000000008a700000, 0x000000008a800000|  0%| F|  |TAMS 0x000000008a700000, 0x000000008a700000| Untracked 
| 168|0x000000008a800000, 0x000000008a800000, 0x000000008a900000|  0%| F|  |TAMS 0x000000008a800000, 0x000000008a800000| Untracked 
| 169|0x000000008a900000, 0x000000008a900000, 0x000000008aa00000|  0%| F|  |TAMS 0x000000008a900000, 0x000000008a900000| Untracked 
| 170|0x000000008aa00000, 0x000000008aa00000, 0x000000008ab00000|  0%| F|  |TAMS 0x000000008aa00000, 0x000000008aa00000| Untracked 
| 171|0x000000008ab00000, 0x000000008ab00000, 0x000000008ac00000|  0%| F|  |TAMS 0x000000008ab00000, 0x000000008ab00000| Untracked 
| 172|0x000000008ac00000, 0x000000008ad00000, 0x000000008ad00000|100%| E|  |TAMS 0x000000008ac00000, 0x000000008ac00000| Complete 
| 173|0x000000008ad00000, 0x000000008ae00000, 0x000000008ae00000|100%| E|CS|TAMS 0x000000008ad00000, 0x000000008ad00000| Complete 
| 174|0x000000008ae00000, 0x000000008af00000, 0x000000008af00000|100%| E|CS|TAMS 0x000000008ae00000, 0x000000008ae00000| Complete 
| 175|0x000000008af00000, 0x000000008b000000, 0x000000008b000000|100%| E|CS|TAMS 0x000000008af00000, 0x000000008af00000| Complete 
| 176|0x000000008b000000, 0x000000008b100000, 0x000000008b100000|100%| E|CS|TAMS 0x000000008b000000, 0x000000008b000000| Complete 
| 177|0x000000008b100000, 0x000000008b200000, 0x000000008b200000|100%| E|CS|TAMS 0x000000008b100000, 0x000000008b100000| Complete 
| 178|0x000000008b200000, 0x000000008b300000, 0x000000008b300000|100%| E|CS|TAMS 0x000000008b200000, 0x000000008b200000| Complete 
| 179|0x000000008b300000, 0x000000008b400000, 0x000000008b400000|100%| E|CS|TAMS 0x000000008b300000, 0x000000008b300000| Complete 
| 180|0x000000008b400000, 0x000000008b500000, 0x000000008b500000|100%| E|CS|TAMS 0x000000008b400000, 0x000000008b400000| Complete 
| 181|0x000000008b500000, 0x000000008b600000, 0x000000008b600000|100%| E|CS|TAMS 0x000000008b500000, 0x000000008b500000| Complete 
| 182|0x000000008b600000, 0x000000008b700000, 0x000000008b700000|100%| E|CS|TAMS 0x000000008b600000, 0x000000008b600000| Complete 
| 183|0x000000008b700000, 0x000000008b800000, 0x000000008b800000|100%| E|CS|TAMS 0x000000008b700000, 0x000000008b700000| Complete 
| 184|0x000000008b800000, 0x000000008b900000, 0x000000008b900000|100%| E|CS|TAMS 0x000000008b800000, 0x000000008b800000| Complete 
| 185|0x000000008b900000, 0x000000008ba00000, 0x000000008ba00000|100%| E|CS|TAMS 0x000000008b900000, 0x000000008b900000| Complete 
| 186|0x000000008ba00000, 0x000000008bb00000, 0x000000008bb00000|100%| E|CS|TAMS 0x000000008ba00000, 0x000000008ba00000| Complete 
| 187|0x000000008bb00000, 0x000000008bc00000, 0x000000008bc00000|100%| E|CS|TAMS 0x000000008bb00000, 0x000000008bb00000| Complete 
| 188|0x000000008bc00000, 0x000000008bd00000, 0x000000008bd00000|100%| E|CS|TAMS 0x000000008bc00000, 0x000000008bc00000| Complete 
| 189|0x000000008bd00000, 0x000000008be00000, 0x000000008be00000|100%| E|CS|TAMS 0x000000008bd00000, 0x000000008bd00000| Complete 
| 190|0x000000008be00000, 0x000000008bf00000, 0x000000008bf00000|100%| E|CS|TAMS 0x000000008be00000, 0x000000008be00000| Complete 
| 191|0x000000008bf00000, 0x000000008c000000, 0x000000008c000000|100%| E|CS|TAMS 0x000000008bf00000, 0x000000008bf00000| Complete 
| 192|0x000000008c000000, 0x000000008c100000, 0x000000008c100000|100%| E|CS|TAMS 0x000000008c000000, 0x000000008c000000| Complete 
| 193|0x000000008c100000, 0x000000008c200000, 0x000000008c200000|100%| E|CS|TAMS 0x000000008c100000, 0x000000008c100000| Complete 
| 194|0x000000008c200000, 0x000000008c300000, 0x000000008c300000|100%| E|CS|TAMS 0x000000008c200000, 0x000000008c200000| Complete 
| 195|0x000000008c300000, 0x000000008c400000, 0x000000008c400000|100%| E|CS|TAMS 0x000000008c300000, 0x000000008c300000| Complete 
| 196|0x000000008c400000, 0x000000008c500000, 0x000000008c500000|100%| E|CS|TAMS 0x000000008c400000, 0x000000008c400000| Complete 
| 197|0x000000008c500000, 0x000000008c600000, 0x000000008c600000|100%| E|CS|TAMS 0x000000008c500000, 0x000000008c500000| Complete 
| 198|0x000000008c600000, 0x000000008c700000, 0x000000008c700000|100%| E|CS|TAMS 0x000000008c600000, 0x000000008c600000| Complete 
| 199|0x000000008c700000, 0x000000008c800000, 0x000000008c800000|100%| E|CS|TAMS 0x000000008c700000, 0x000000008c700000| Complete 
| 200|0x000000008c800000, 0x000000008c900000, 0x000000008c900000|100%| E|CS|TAMS 0x000000008c800000, 0x000000008c800000| Complete 
| 201|0x000000008c900000, 0x000000008ca00000, 0x000000008ca00000|100%| E|CS|TAMS 0x000000008c900000, 0x000000008c900000| Complete 
| 202|0x000000008ca00000, 0x000000008cb00000, 0x000000008cb00000|100%| E|CS|TAMS 0x000000008ca00000, 0x000000008ca00000| Complete 
| 203|0x000000008cb00000, 0x000000008cc00000, 0x000000008cc00000|100%| E|CS|TAMS 0x000000008cb00000, 0x000000008cb00000| Complete 
| 204|0x000000008cc00000, 0x000000008cd00000, 0x000000008cd00000|100%| E|CS|TAMS 0x000000008cc00000, 0x000000008cc00000| Complete 
| 205|0x000000008cd00000, 0x000000008ce00000, 0x000000008ce00000|100%| E|CS|TAMS 0x000000008cd00000, 0x000000008cd00000| Complete 
| 206|0x000000008ce00000, 0x000000008cf00000, 0x000000008cf00000|100%| E|CS|TAMS 0x000000008ce00000, 0x000000008ce00000| Complete 
| 207|0x000000008cf00000, 0x000000008d000000, 0x000000008d000000|100%| E|CS|TAMS 0x000000008cf00000, 0x000000008cf00000| Complete 
| 208|0x000000008d000000, 0x000000008d100000, 0x000000008d100000|100%| E|CS|TAMS 0x000000008d000000, 0x000000008d000000| Complete 
| 209|0x000000008d100000, 0x000000008d200000, 0x000000008d200000|100%| E|CS|TAMS 0x000000008d100000, 0x000000008d100000| Complete 
| 210|0x000000008d200000, 0x000000008d300000, 0x000000008d300000|100%| E|CS|TAMS 0x000000008d200000, 0x000000008d200000| Complete 
| 211|0x000000008d300000, 0x000000008d400000, 0x000000008d400000|100%| E|CS|TAMS 0x000000008d300000, 0x000000008d300000| Complete 
| 212|0x000000008d400000, 0x000000008d500000, 0x000000008d500000|100%| E|CS|TAMS 0x000000008d400000, 0x000000008d400000| Complete 
| 213|0x000000008d500000, 0x000000008d600000, 0x000000008d600000|100%| E|CS|TAMS 0x000000008d500000, 0x000000008d500000| Complete 
| 214|0x000000008d600000, 0x000000008d700000, 0x000000008d700000|100%| E|CS|TAMS 0x000000008d600000, 0x000000008d600000| Complete 
| 215|0x000000008d700000, 0x000000008d800000, 0x000000008d800000|100%| E|CS|TAMS 0x000000008d700000, 0x000000008d700000| Complete 
| 216|0x000000008d800000, 0x000000008d900000, 0x000000008d900000|100%| E|CS|TAMS 0x000000008d800000, 0x000000008d800000| Complete 
| 217|0x000000008d900000, 0x000000008da00000, 0x000000008da00000|100%| E|CS|TAMS 0x000000008d900000, 0x000000008d900000| Complete 
| 218|0x000000008da00000, 0x000000008db00000, 0x000000008db00000|100%| E|CS|TAMS 0x000000008da00000, 0x000000008da00000| Complete 
| 219|0x000000008db00000, 0x000000008dc00000, 0x000000008dc00000|100%| E|CS|TAMS 0x000000008db00000, 0x000000008db00000| Complete 
| 220|0x000000008dc00000, 0x000000008dd00000, 0x000000008dd00000|100%| E|CS|TAMS 0x000000008dc00000, 0x000000008dc00000| Complete 
| 221|0x000000008dd00000, 0x000000008de00000, 0x000000008de00000|100%| E|CS|TAMS 0x000000008dd00000, 0x000000008dd00000| Complete 
| 222|0x000000008de00000, 0x000000008df00000, 0x000000008df00000|100%| E|CS|TAMS 0x000000008de00000, 0x000000008de00000| Complete 
| 223|0x000000008df00000, 0x000000008e000000, 0x000000008e000000|100%| E|CS|TAMS 0x000000008df00000, 0x000000008df00000| Complete 
| 224|0x000000008e000000, 0x000000008e100000, 0x000000008e100000|100%| E|CS|TAMS 0x000000008e000000, 0x000000008e000000| Complete 
| 225|0x000000008e100000, 0x000000008e200000, 0x000000008e200000|100%| E|CS|TAMS 0x000000008e100000, 0x000000008e100000| Complete 
| 226|0x000000008e200000, 0x000000008e300000, 0x000000008e300000|100%| E|CS|TAMS 0x000000008e200000, 0x000000008e200000| Complete 
| 227|0x000000008e300000, 0x000000008e400000, 0x000000008e400000|100%| E|CS|TAMS 0x000000008e300000, 0x000000008e300000| Complete 
| 228|0x000000008e400000, 0x000000008e500000, 0x000000008e500000|100%| E|CS|TAMS 0x000000008e400000, 0x000000008e400000| Complete 
| 229|0x000000008e500000, 0x000000008e600000, 0x000000008e600000|100%| E|CS|TAMS 0x000000008e500000, 0x000000008e500000| Complete 
| 230|0x000000008e600000, 0x000000008e700000, 0x000000008e700000|100%| E|CS|TAMS 0x000000008e600000, 0x000000008e600000| Complete 
| 231|0x000000008e700000, 0x000000008e800000, 0x000000008e800000|100%| E|CS|TAMS 0x000000008e700000, 0x000000008e700000| Complete 
| 232|0x000000008e800000, 0x000000008e900000, 0x000000008e900000|100%| E|CS|TAMS 0x000000008e800000, 0x000000008e800000| Complete 
| 233|0x000000008e900000, 0x000000008ea00000, 0x000000008ea00000|100%| E|CS|TAMS 0x000000008e900000, 0x000000008e900000| Complete 
| 234|0x000000008ea00000, 0x000000008eb00000, 0x000000008eb00000|100%| E|CS|TAMS 0x000000008ea00000, 0x000000008ea00000| Complete 
| 235|0x000000008eb00000, 0x000000008ec00000, 0x000000008ec00000|100%| E|CS|TAMS 0x000000008eb00000, 0x000000008eb00000| Complete 
| 236|0x000000008ec00000, 0x000000008ed00000, 0x000000008ed00000|100%| E|CS|TAMS 0x000000008ec00000, 0x000000008ec00000| Complete 
| 237|0x000000008ed00000, 0x000000008ee00000, 0x000000008ee00000|100%| E|CS|TAMS 0x000000008ed00000, 0x000000008ed00000| Complete 
| 238|0x000000008ee00000, 0x000000008ef00000, 0x000000008ef00000|100%| E|CS|TAMS 0x000000008ee00000, 0x000000008ee00000| Complete 
| 239|0x000000008ef00000, 0x000000008f000000, 0x000000008f000000|100%| E|CS|TAMS 0x000000008ef00000, 0x000000008ef00000| Complete 
| 240|0x000000008f000000, 0x000000008f100000, 0x000000008f100000|100%| E|CS|TAMS 0x000000008f000000, 0x000000008f000000| Complete 
| 241|0x000000008f100000, 0x000000008f200000, 0x000000008f200000|100%| E|CS|TAMS 0x000000008f100000, 0x000000008f100000| Complete 
| 242|0x000000008f200000, 0x000000008f300000, 0x000000008f300000|100%| E|CS|TAMS 0x000000008f200000, 0x000000008f200000| Complete 
| 243|0x000000008f300000, 0x000000008f400000, 0x000000008f400000|100%| E|CS|TAMS 0x000000008f300000, 0x000000008f300000| Complete 
| 244|0x000000008f400000, 0x000000008f500000, 0x000000008f500000|100%| E|CS|TAMS 0x000000008f400000, 0x000000008f400000| Complete 
| 245|0x000000008f500000, 0x000000008f600000, 0x000000008f600000|100%| E|CS|TAMS 0x000000008f500000, 0x000000008f500000| Complete 
| 246|0x000000008f600000, 0x000000008f700000, 0x000000008f700000|100%| E|CS|TAMS 0x000000008f600000, 0x000000008f600000| Complete 
| 247|0x000000008f700000, 0x000000008f800000, 0x000000008f800000|100%| E|CS|TAMS 0x000000008f700000, 0x000000008f700000| Complete 
| 248|0x000000008f800000, 0x000000008f900000, 0x000000008f900000|100%| E|CS|TAMS 0x000000008f800000, 0x000000008f800000| Complete 
| 249|0x000000008f900000, 0x000000008fa00000, 0x000000008fa00000|100%| E|CS|TAMS 0x000000008f900000, 0x000000008f900000| Complete 
| 250|0x000000008fa00000, 0x000000008fb00000, 0x000000008fb00000|100%| E|CS|TAMS 0x000000008fa00000, 0x000000008fa00000| Complete 
| 251|0x000000008fb00000, 0x000000008fc00000, 0x000000008fc00000|100%| E|CS|TAMS 0x000000008fb00000, 0x000000008fb00000| Complete 
| 252|0x000000008fc00000, 0x000000008fd00000, 0x000000008fd00000|100%| E|CS|TAMS 0x000000008fc00000, 0x000000008fc00000| Complete 
| 253|0x000000008fd00000, 0x000000008fe00000, 0x000000008fe00000|100%| E|CS|TAMS 0x000000008fd00000, 0x000000008fd00000| Complete 
| 254|0x000000008fe00000, 0x000000008ff00000, 0x000000008ff00000|100%| E|CS|TAMS 0x000000008fe00000, 0x000000008fe00000| Complete 
| 255|0x000000008ff00000, 0x0000000090000000, 0x0000000090000000|100%| E|CS|TAMS 0x000000008ff00000, 0x000000008ff00000| Complete 

Card table byte_map: [0x000001a51e100000,0x000001a51e500000] _byte_map_base: 0x000001a51dd00000

Marking Bits (Prev, Next): (CMBitMap*) 0x000001a50a7ae590, (CMBitMap*) 0x000001a50a7ae558
 Prev Bits: [0x000001a520900000, 0x000001a522900000)
 Next Bits: [0x000001a51e900000, 0x000001a520900000)

Polling page: 0x000001a508e20000

Metaspace:

Usage:
  Non-class:     66.47 MB capacity,    65.16 MB ( 98%) used,     1.12 MB (  2%) free+waste,   201.06 KB ( <1%) overhead. 
      Class:     10.49 MB capacity,     9.74 MB ( 93%) used,   669.35 KB (  6%) free+waste,    95.06 KB ( <1%) overhead. 
       Both:     76.96 MB capacity,    74.90 MB ( 97%) used,     1.77 MB (  2%) free+waste,   296.13 KB ( <1%) overhead. 

Virtual space:
  Non-class space:       68.00 MB reserved,      66.50 MB ( 98%) committed 
      Class space:        1.00 GB reserved,      10.50 MB (  1%) committed 
             Both:        1.07 GB reserved,      77.00 MB (  7%) committed 

Chunk freelists:
   Non-Class:  28.00 KB
       Class:  13.00 KB
        Both:  41.00 KB

MaxMetaspaceSize: 17179869184.00 GB
CompressedClassSpaceSize: 1.00 GB
Initial GC threshold: 20.80 MB
Current GC threshold: 77.29 MB
CDS: off

CodeHeap 'non-profiled nmethods': size=120000Kb used=5068Kb max_used=5068Kb free=114932Kb
 bounds [0x000001a515d60000, 0x000001a516260000, 0x000001a51d290000]
CodeHeap 'profiled nmethods': size=120000Kb used=16448Kb max_used=16448Kb free=103551Kb
 bounds [0x000001a50e830000, 0x000001a50f850000, 0x000001a515d60000]
CodeHeap 'non-nmethods': size=5760Kb used=2362Kb max_used=2440Kb free=3397Kb
 bounds [0x000001a50e290000, 0x000001a50e500000, 0x000001a50e830000]
 total_blobs=8546 nmethods=7664 adapters=794
 compilation: enabled
              stopped_count=0, restarted_count=0
 full_count=0

Compilation events (20 events):
Event: 12.757 Thread 0x000001a525cba000 7711       3       org.gradle.api.internal.AbstractMutationGuard::withMutationDisabled (7 bytes)
Event: 12.757 Thread 0x000001a525cba000 nmethod 7711 0x000001a50f831710 code [0x000001a50f8318c0, 0x000001a50f831a88]
Event: 12.758 Thread 0x000001a52920a000 nmethod 7652 0x000001a516241010 code [0x000001a5162412a0, 0x000001a516242e40]
Event: 12.758 Thread 0x000001a52920a000 7686 %     4       org.gradle.internal.instantiation.generator.AbstractClassGenerator::inspectType @ 107 (560 bytes)
Event: 12.760 Thread 0x000001a525cba000 7712       1       org.gradle.api.internal.DefaultNamedDomainObjectCollection$AbstractNamedDomainObjectProvider::getType (5 bytes)
Event: 12.760 Thread 0x000001a525cba000 nmethod 7712 0x000001a516243d90 code [0x000001a516243f40, 0x000001a516243ff8]
Event: 12.788 Thread 0x000001a525cba000 7714       3       org.gradle.api.internal.tasks.DefaultTaskContainer_Decorated::getEventRegister (39 bytes)
Event: 12.789 Thread 0x000001a525cba000 nmethod 7714 0x000001a50f831b10 code [0x000001a50f831d40, 0x000001a50f832468]
Event: 12.793 Thread 0x000001a525cba000 7715       3       org.gradle.configuration.internal.DefaultUserCodeApplicationContext::current (11 bytes)
Event: 12.793 Thread 0x000001a525cba000 nmethod 7715 0x000001a50f832690 code [0x000001a50f832860, 0x000001a50f832b08]
Event: 12.799 Thread 0x000001a525cba000 7716       3       kotlin.collections.CollectionsKt__CollectionsKt::emptyList (7 bytes)
Event: 12.799 Thread 0x000001a525cba000 nmethod 7716 0x000001a50f832c10 code [0x000001a50f832dc0, 0x000001a50f832eb8]
Event: 12.801 Thread 0x000001a525cba000 7717       1       org.gradle.api.internal.provider.DefaultProperty::getType (5 bytes)
Event: 12.801 Thread 0x000001a525cba000 nmethod 7717 0x000001a516244090 code [0x000001a516244240, 0x000001a5162442f8]
Event: 12.807 Thread 0x000001a525cba000 7718       3       org.apache.commons.io.FilenameUtils::failIfNullBytePresent (37 bytes)
Event: 12.808 Thread 0x000001a525cba000 nmethod 7718 0x000001a50f832f90 code [0x000001a50f8331e0, 0x000001a50f833a68]
Event: 12.809 Thread 0x000001a525cba000 7719       3       com.google.common.collect.AbstractIndexedListIterator::next (31 bytes)
Event: 12.810 Thread 0x000001a525cba000 nmethod 7719 0x000001a50f833e90 code [0x000001a50f834080, 0x000001a50f8343f8]
Event: 12.810 Thread 0x000001a525cba000 7720       3       com.google.common.collect.Iterators$ArrayItr::get (12 bytes)
Event: 12.810 Thread 0x000001a525cba000 nmethod 7720 0x000001a50f834510 code [0x000001a50f8346c0, 0x000001a50f8347f8]

GC Heap History (16 events):
Event: 0.856 GC heap before
{Heap before GC invocations=0 (full 0):
 garbage-first heap   total 262144K, used 29696K [0x0000000080000000, 0x0000000100000000)
  region size 1024K, 24 young (24576K), 0 survivors (0K)
 Metaspace       used 9746K, capacity 9952K, committed 10112K, reserved 1058816K
  class space    used 1002K, capacity 1069K, committed 1152K, reserved 1048576K
}
Event: 0.861 GC heap after
{Heap after GC invocations=1 (full 0):
 garbage-first heap   total 262144K, used 9216K [0x0000000080000000, 0x0000000100000000)
  region size 1024K, 3 young (3072K), 3 survivors (3072K)
 Metaspace       used 9746K, capacity 9952K, committed 10112K, reserved 1058816K
  class space    used 1002K, capacity 1069K, committed 1152K, reserved 1048576K
}
Event: 3.458 GC heap before
{Heap before GC invocations=1 (full 0):
 garbage-first heap   total 262144K, used 111616K [0x0000000080000000, 0x0000000100000000)
  region size 1024K, 104 young (106496K), 3 survivors (3072K)
 Metaspace       used 20706K, capacity 21116K, committed 21248K, reserved 1067008K
  class space    used 2518K, capacity 2695K, committed 2816K, reserved 1048576K
}
Event: 3.475 GC heap after
{Heap after GC invocations=2 (full 0):
 garbage-first heap   total 262144K, used 16864K [0x0000000080000000, 0x0000000100000000)
  region size 1024K, 11 young (11264K), 11 survivors (11264K)
 Metaspace       used 20706K, capacity 21116K, committed 21248K, reserved 1067008K
  class space    used 2518K, capacity 2695K, committed 2816K, reserved 1048576K
}
Event: 4.048 GC heap before
{Heap before GC invocations=3 (full 0):
 garbage-first heap   total 262144K, used 56800K [0x0000000080000000, 0x0000000100000000)
  region size 1024K, 50 young (51200K), 11 survivors (11264K)
 Metaspace       used 24595K, capacity 25190K, committed 25472K, reserved 1071104K
  class space    used 3134K, capacity 3334K, committed 3456K, reserved 1048576K
}
Event: 4.056 GC heap after
{Heap after GC invocations=4 (full 0):
 garbage-first heap   total 262144K, used 18586K [0x0000000080000000, 0x0000000100000000)
  region size 1024K, 2 young (2048K), 2 survivors (2048K)
 Metaspace       used 24595K, capacity 25190K, committed 25472K, reserved 1071104K
  class space    used 3134K, capacity 3334K, committed 3456K, reserved 1048576K
}
Event: 5.523 GC heap before
{Heap before GC invocations=4 (full 0):
 garbage-first heap   total 262144K, used 133274K [0x0000000080000000, 0x0000000100000000)
  region size 1024K, 98 young (100352K), 2 survivors (2048K)
 Metaspace       used 34852K, capacity 35774K, committed 35840K, reserved 1081344K
  class space    used 4610K, capacity 4966K, committed 4992K, reserved 1048576K
}
Event: 5.534 GC heap after
{Heap after GC invocations=5 (full 0):
 garbage-first heap   total 262144K, used 45521K [0x0000000080000000, 0x0000000100000000)
  region size 1024K, 11 young (11264K), 11 survivors (11264K)
 Metaspace       used 34852K, capacity 35774K, committed 35840K, reserved 1081344K
  class space    used 4610K, capacity 4966K, committed 4992K, reserved 1048576K
}
Event: 7.128 GC heap before
{Heap before GC invocations=6 (full 0):
 garbage-first heap   total 262144K, used 171473K [0x0000000080000000, 0x0000000100000000)
  region size 1024K, 119 young (121856K), 11 survivors (11264K)
 Metaspace       used 45901K, capacity 47160K, committed 47232K, reserved 1089536K
  class space    used 5751K, capacity 6233K, committed 6272K, reserved 1048576K
}
Event: 7.154 GC heap after
{Heap after GC invocations=7 (full 0):
 garbage-first heap   total 262144K, used 68005K [0x0000000080000000, 0x0000000100000000)
  region size 1024K, 11 young (11264K), 11 survivors (11264K)
 Metaspace       used 45901K, capacity 47160K, committed 47232K, reserved 1089536K
  class space    used 5751K, capacity 6233K, committed 6272K, reserved 1048576K
}
Event: 8.681 GC heap before
{Heap before GC invocations=8 (full 0):
 garbage-first heap   total 262144K, used 198053K [0x0000000080000000, 0x0000000100000000)
  region size 1024K, 131 young (134144K), 11 survivors (11264K)
 Metaspace       used 51588K, capacity 53181K, committed 53248K, reserved 1095680K
  class space    used 6594K, capacity 7146K, committed 7168K, reserved 1048576K
}
Event: 8.694 GC heap after
{Heap after GC invocations=9 (full 0):
 garbage-first heap   total 262144K, used 85032K [0x0000000080000000, 0x0000000100000000)
  region size 1024K, 10 young (10240K), 10 survivors (10240K)
 Metaspace       used 51588K, capacity 53181K, committed 53248K, reserved 1095680K
  class space    used 6594K, capacity 7146K, committed 7168K, reserved 1048576K
}
Event: 10.331 GC heap before
{Heap before GC invocations=9 (full 0):
 garbage-first heap   total 262144K, used 197672K [0x0000000080000000, 0x0000000100000000)
  region size 1024K, 118 young (120832K), 10 survivors (10240K)
 Metaspace       used 61832K, capacity 63604K, committed 63744K, reserved 1103872K
  class space    used 7971K, capacity 8590K, committed 8704K, reserved 1048576K
}
Event: 10.344 GC heap after
{Heap after GC invocations=10 (full 0):
 garbage-first heap   total 262144K, used 93491K [0x0000000080000000, 0x0000000100000000)
  region size 1024K, 8 young (8192K), 8 survivors (8192K)
 Metaspace       used 61832K, capacity 63604K, committed 63744K, reserved 1103872K
  class space    used 7971K, capacity 8590K, committed 8704K, reserved 1048576K
}
Event: 11.904 GC heap before
{Heap before GC invocations=10 (full 0):
 garbage-first heap   total 262144K, used 208179K [0x0000000080000000, 0x0000000100000000)
  region size 1024K, 113 young (115712K), 8 survivors (8192K)
 Metaspace       used 72420K, capacity 74460K, committed 74496K, reserved 1114112K
  class space    used 9262K, capacity 9977K, committed 9984K, reserved 1048576K
}
Event: 11.915 GC heap after
{Heap after GC invocations=11 (full 0):
 garbage-first heap   total 262144K, used 101408K [0x0000000080000000, 0x0000000100000000)
  region size 1024K, 15 young (15360K), 15 survivors (15360K)
 Metaspace       used 72420K, capacity 74460K, committed 74496K, reserved 1114112K
  class space    used 9262K, capacity 9977K, committed 9984K, reserved 1048576K
}

Deoptimization events (20 events):
Event: 12.250 Thread 0x000001a5276e5800 Uncommon trap: trap_request=0xffffffd6 fr.pc=0x000001a516211928 relative=0x0000000000000348
Event: 12.250 Thread 0x000001a5276e5800 Uncommon trap: reason=array_check action=maybe_recompile pc=0x000001a516211928 method=java.util.AbstractCollection.toArray([Ljava/lang/Object;)[Ljava/lang/Object; @ 116 c2
Event: 12.250 Thread 0x000001a5276e5800 DEOPT PACKING pc=0x000001a516211928 sp=0x00000033bfaf34a0
Event: 12.250 Thread 0x000001a5276e5800 DEOPT UNPACKING pc=0x000001a50e2da1af sp=0x00000033bfaf3450 mode 2
Event: 12.332 Thread 0x000001a5276e5800 Uncommon trap: trap_request=0xffffffc6 fr.pc=0x000001a5162138b4 relative=0x00000000000013f4
Event: 12.332 Thread 0x000001a5276e5800 Uncommon trap: reason=bimorphic_or_optimized_type_check action=maybe_recompile pc=0x000001a5162138b4 method=org.codehaus.groovy.runtime.metaclass.MetaMethodIndex.isOverridden(Lgroovy/lang/MetaMethod;Lgroovy/lang/MetaMethod;)Z @ 15 c2
Event: 12.332 Thread 0x000001a5276e5800 DEOPT PACKING pc=0x000001a5162138b4 sp=0x00000033bfaf53a0
Event: 12.332 Thread 0x000001a5276e5800 DEOPT UNPACKING pc=0x000001a50e2da1af sp=0x00000033bfaf52e8 mode 2
Event: 12.336 Thread 0x000001a5276e5800 Uncommon trap: trap_request=0xffffffc6 fr.pc=0x000001a5162138b4 relative=0x00000000000013f4
Event: 12.336 Thread 0x000001a5276e5800 Uncommon trap: reason=bimorphic_or_optimized_type_check action=maybe_recompile pc=0x000001a5162138b4 method=org.codehaus.groovy.runtime.metaclass.MetaMethodIndex.isOverridden(Lgroovy/lang/MetaMethod;Lgroovy/lang/MetaMethod;)Z @ 15 c2
Event: 12.336 Thread 0x000001a5276e5800 DEOPT PACKING pc=0x000001a5162138b4 sp=0x00000033bfaf5350
Event: 12.336 Thread 0x000001a5276e5800 DEOPT UNPACKING pc=0x000001a50e2da1af sp=0x00000033bfaf5298 mode 2
Event: 12.336 Thread 0x000001a5276e5800 Uncommon trap: trap_request=0xffffffc6 fr.pc=0x000001a5162137d4 relative=0x0000000000001314
Event: 12.337 Thread 0x000001a5276e5800 Uncommon trap: reason=bimorphic_or_optimized_type_check action=maybe_recompile pc=0x000001a5162137d4 method=org.codehaus.groovy.runtime.metaclass.MetaMethodIndex.isOverridden(Lgroovy/lang/MetaMethod;Lgroovy/lang/MetaMethod;)Z @ 10 c2
Event: 12.337 Thread 0x000001a5276e5800 DEOPT PACKING pc=0x000001a5162137d4 sp=0x00000033bfaf53d0
Event: 12.337 Thread 0x000001a5276e5800 DEOPT UNPACKING pc=0x000001a50e2da1af sp=0x00000033bfaf5318 mode 2
Event: 12.405 Thread 0x000001a5276e5800 Uncommon trap: trap_request=0xffffff4d fr.pc=0x000001a51621377c relative=0x00000000000012bc
Event: 12.405 Thread 0x000001a5276e5800 Uncommon trap: reason=unstable_if action=reinterpret pc=0x000001a51621377c method=org.codehaus.groovy.runtime.metaclass.MetaMethodIndex.isOverridden(Lgroovy/lang/MetaMethod;Lgroovy/lang/MetaMethod;)Z @ 33 c2
Event: 12.405 Thread 0x000001a5276e5800 DEOPT PACKING pc=0x000001a51621377c sp=0x00000033bfaf3ea0
Event: 12.405 Thread 0x000001a5276e5800 DEOPT UNPACKING pc=0x000001a50e2da1af sp=0x00000033bfaf3de8 mode 2

Classes redefined (0 events):
No events

Internal exceptions (20 events):
Event: 12.407 Thread 0x000001a5276e5800 Exception <a 'java/lang/ClassNotFoundException'{0x000000008cd676b8}: com/android/build/gradle/internal/dsl/BuildType$AgpDecorated_DecoratedBeanInfo> (0x000000008cd676b8) thrown at [./src/hotspot/share/classfile/systemDictionary.cpp, line 231]
Event: 12.408 Thread 0x000001a5276e5800 Exception <a 'java/lang/ClassNotFoundException'{0x000000008cd873c0}: com/android/build/gradle/internal/dsl/BuildType$AgpDecoratedBeanInfo> (0x000000008cd873c0) thrown at [./src/hotspot/share/classfile/systemDictionary.cpp, line 231]
Event: 12.408 Thread 0x000001a5276e5800 Exception <a 'java/lang/ClassNotFoundException'{0x000000008cda4930}: com/android/build/gradle/internal/dsl/BuildTypeBeanInfo> (0x000000008cda4930) thrown at [./src/hotspot/share/classfile/systemDictionary.cpp, line 231]
Event: 12.410 Thread 0x000001a5276e5800 Exception <a 'java/lang/ClassNotFoundException'{0x000000008cdc1038}: com/android/builder/core/AbstractBuildTypeBeanInfo> (0x000000008cdc1038) thrown at [./src/hotspot/share/classfile/systemDictionary.cpp, line 231]
Event: 12.411 Thread 0x000001a5276e5800 Exception <a 'java/lang/ClassNotFoundException'{0x000000008cdddee0}: com/android/builder/core/AbstractBuildTypeCustomizer> (0x000000008cdddee0) thrown at [./src/hotspot/share/classfile/systemDictionary.cpp, line 231]
Event: 12.412 Thread 0x000001a5276e5800 Exception <a 'java/lang/ClassNotFoundException'{0x000000008cc17f08}: com/android/build/gradle/internal/dsl/BuildTypeCustomizer> (0x000000008cc17f08) thrown at [./src/hotspot/share/classfile/systemDictionary.cpp, line 231]
Event: 12.414 Thread 0x000001a5276e5800 Exception <a 'java/lang/ClassNotFoundException'{0x000000008ccaf878}: com/android/build/gradle/internal/dsl/BuildType$AgpDecoratedCustomizer> (0x000000008ccaf878) thrown at [./src/hotspot/share/classfile/systemDictionary.cpp, line 231]
Event: 12.416 Thread 0x000001a5276e5800 Exception <a 'java/lang/ClassNotFoundException'{0x000000008cb12690}: com/android/build/gradle/internal/dsl/BuildType$AgpDecorated_DecoratedCustomizer> (0x000000008cb12690) thrown at [./src/hotspot/share/classfile/systemDictionary.cpp, line 231]
Event: 12.420 Thread 0x000001a5276e5800 Exception <a 'java/lang/ClassNotFoundException'{0x000000008cbed458}: build_70snuvnpzmtwtogpr344ge3hy$_run_closure1$_closure4BeanInfo> (0x000000008cbed458) thrown at [./src/hotspot/share/classfile/systemDictionary.cpp, line 231]
Event: 12.421 Thread 0x000001a5276e5800 Exception <a 'java/lang/ClassNotFoundException'{0x000000008ca00ff0}: build_70snuvnpzmtwtogpr344ge3hy$_run_closure1$_closure4Customizer> (0x000000008ca00ff0) thrown at [./src/hotspot/share/classfile/systemDictionary.cpp, line 231]
Event: 12.426 Thread 0x000001a5276e5800 Exception <a 'java/lang/ClassNotFoundException'{0x000000008ca2c7e8}: build_70snuvnpzmtwtogpr344ge3hy$_run_closure1BeanInfo> (0x000000008ca2c7e8) thrown at [./src/hotspot/share/classfile/systemDictionary.cpp, line 231]
Event: 12.426 Thread 0x000001a5276e5800 Exception <a 'java/lang/ClassNotFoundException'{0x000000008ca3f390}: build_70snuvnpzmtwtogpr344ge3hy$_run_closure1Customizer> (0x000000008ca3f390) thrown at [./src/hotspot/share/classfile/systemDictionary.cpp, line 231]
Event: 12.432 Thread 0x000001a5276e5800 Exception <a 'java/lang/ClassNotFoundException'{0x000000008caa6168}: org/gradle/api/JavaVersionBeanInfo> (0x000000008caa6168) thrown at [./src/hotspot/share/classfile/systemDictionary.cpp, line 231]
Event: 12.433 Thread 0x000001a5276e5800 Exception <a 'java/lang/ClassNotFoundException'{0x000000008cad6fc8}: org/gradle/api/JavaVersionCustomizer> (0x000000008cad6fc8) thrown at [./src/hotspot/share/classfile/systemDictionary.cpp, line 231]
Event: 12.437 Thread 0x000001a5276e5800 Exception <a 'java/lang/ClassNotFoundException'{0x000000008c943390}: com/android/build/gradle/internal/CompileOptions$AgpDecorated_DecoratedBeanInfo> (0x000000008c943390) thrown at [./src/hotspot/share/classfile/systemDictionary.cpp, line 231]
Event: 12.437 Thread 0x000001a5276e5800 Exception <a 'java/lang/ClassNotFoundException'{0x000000008c961c70}: com/android/build/gradle/internal/CompileOptions$AgpDecoratedBeanInfo> (0x000000008c961c70) thrown at [./src/hotspot/share/classfile/systemDictionary.cpp, line 231]
Event: 12.438 Thread 0x000001a5276e5800 Exception <a 'java/lang/ClassNotFoundException'{0x000000008c97df58}: com/android/build/gradle/internal/CompileOptionsBeanInfo> (0x000000008c97df58) thrown at [./src/hotspot/share/classfile/systemDictionary.cpp, line 231]
Event: 12.438 Thread 0x000001a5276e5800 Exception <a 'java/lang/ClassNotFoundException'{0x000000008c99ad28}: com/android/build/gradle/internal/CompileOptionsCustomizer> (0x000000008c99ad28) thrown at [./src/hotspot/share/classfile/systemDictionary.cpp, line 231]
Event: 12.439 Thread 0x000001a5276e5800 Exception <a 'java/lang/ClassNotFoundException'{0x000000008c9c5a40}: com/android/build/gradle/internal/CompileOptions$AgpDecoratedCustomizer> (0x000000008c9c5a40) thrown at [./src/hotspot/share/classfile/systemDictionary.cpp, line 231]
Event: 12.440 Thread 0x000001a5276e5800 Exception <a 'java/lang/ClassNotFoundException'{0x000000008c9f4058}: com/android/build/gradle/internal/CompileOptions$AgpDecorated_DecoratedCustomizer> (0x000000008c9f4058) thrown at [./src/hotspot/share/classfile/systemDictionary.cpp, line 231]

Events (20 events):
Event: 12.805 loading class com/android/build/api/variant/impl/DirectoryEntry
Event: 12.805 loading class com/android/build/api/variant/impl/DirectoryEntry done
Event: 12.806 loading class com/android/build/api/component/impl/DefaultSourcesProviderImpl$defaultJavaSources$1
Event: 12.806 loading class com/android/build/api/component/impl/DefaultSourcesProviderImpl$defaultJavaSources$1 done
Event: 12.806 loading class com/android/build/api/variant/impl/FileBasedDirectoryEntryImpl
Event: 12.806 loading class com/android/build/api/variant/impl/FileBasedDirectoryEntryImpl done
Event: 12.807 loading class com/android/build/api/variant/impl/TaskProviderBasedDirectoryEntryImpl
Event: 12.807 loading class com/android/build/api/variant/impl/TaskProviderBasedDirectoryEntryImpl done
Event: 12.808 loading class com/android/build/gradle/internal/scope/InternalArtifactType$GENERATED_BUILD_CONFIG_JAVA
Event: 12.808 loading class com/android/build/gradle/internal/scope/InternalArtifactType$GENERATED_BUILD_CONFIG_JAVA done
Event: 12.808 loading class com/android/build/api/variant/impl/FlatSourceDirectoriesImpl$addSource$1
Event: 12.808 loading class com/android/build/api/variant/impl/FlatSourceDirectoriesImpl$addSource$1 done
Event: 12.809 loading class kotlin/jvm/internal/FunctionReferenceImpl
Event: 12.809 loading class kotlin/jvm/internal/FunctionReferenceImpl done
Event: 12.810 loading class com/android/build/api/variant/impl/ResSourceDirectoriesImpl
Event: 12.810 loading class com/android/build/api/variant/impl/ResSourceDirectoriesImpl done
Event: 12.810 loading class com/android/build/api/variant/impl/LayeredSourceDirectoriesImpl
Event: 12.810 loading class com/android/build/api/variant/impl/LayeredSourceDirectoriesImpl done
Event: 12.811 loading class com/android/build/api/variant/SourceDirectories$Layered
Event: 12.811 loading class com/android/build/api/variant/SourceDirectories$Layered done


Dynamic libraries:
0x00007ff62bc50000 - 0x00007ff62bc5a000 	C:\Program Files\Android\Android Studio\jre\bin\java.exe
0x00007ffb6d110000 - 0x00007ffb6d308000 	C:\Windows\SYSTEM32\ntdll.dll
0x00007ffb6cea0000 - 0x00007ffb6cf5d000 	C:\Windows\System32\KERNEL32.DLL
0x00007ffb6aca0000 - 0x00007ffb6af6e000 	C:\Windows\System32\KERNELBASE.dll
0x00007ffb6b070000 - 0x00007ffb6b170000 	C:\Windows\System32\ucrtbase.dll
0x00007ffb61b50000 - 0x00007ffb61b69000 	C:\Program Files\Android\Android Studio\jre\bin\jli.dll
0x00007ffb61b70000 - 0x00007ffb61b87000 	C:\Program Files\Android\Android Studio\jre\bin\VCRUNTIME140.dll
0x00007ffb6c400000 - 0x00007ffb6c5a0000 	C:\Windows\System32\USER32.dll
0x00007ffb6a920000 - 0x00007ffb6a942000 	C:\Windows\System32\win32u.dll
0x00007ffb69be0000 - 0x00007ffb69e7a000 	C:\Windows\WinSxS\amd64_microsoft.windows.common-controls_6595b64144ccf1df_6.0.19041.1110_none_60b5254171f9507e\COMCTL32.dll
0x00007ffb6cc60000 - 0x00007ffb6cc8a000 	C:\Windows\System32\GDI32.dll
0x00007ffb6ba40000 - 0x00007ffb6bade000 	C:\Windows\System32\msvcrt.dll
0x00007ffb6ab90000 - 0x00007ffb6ac9b000 	C:\Windows\System32\gdi32full.dll
0x00007ffb6a830000 - 0x00007ffb6a8cd000 	C:\Windows\System32\msvcp_win.dll
0x00007ffb6d0a0000 - 0x00007ffb6d0d0000 	C:\Windows\System32\IMM32.DLL
0x00007ffb51010000 - 0x00007ffb510ad000 	C:\Program Files\Android\Android Studio\jre\bin\msvcp140.dll
0x00007ffb131f0000 - 0x00007ffb13cf2000 	C:\Program Files\Android\Android Studio\jre\bin\server\jvm.dll
0x00007ffb6c350000 - 0x00007ffb6c3fe000 	C:\Windows\System32\ADVAPI32.dll
0x00007ffb6ca30000 - 0x00007ffb6cacc000 	C:\Windows\System32\sechost.dll
0x00007ffb6cca0000 - 0x00007ffb6cdc5000 	C:\Windows\System32\RPCRT4.dll
0x00007ffb6b410000 - 0x00007ffb6b418000 	C:\Windows\System32\PSAPI.DLL
0x00007ffb54c90000 - 0x00007ffb54c99000 	C:\Windows\SYSTEM32\WSOCK32.dll
0x00007ffb575f0000 - 0x00007ffb57617000 	C:\Windows\SYSTEM32\WINMM.dll
0x00007ffb6c960000 - 0x00007ffb6c9cb000 	C:\Windows\System32\WS2_32.dll
0x00007ffb62600000 - 0x00007ffb6260a000 	C:\Windows\SYSTEM32\VERSION.dll
0x00007ffb683d0000 - 0x00007ffb683e2000 	C:\Windows\SYSTEM32\kernel.appcore.dll
0x00007ffb65050000 - 0x00007ffb65061000 	C:\Program Files\Android\Android Studio\jre\bin\verify.dll
0x00007ffb6a160000 - 0x00007ffb6a344000 	C:\Windows\SYSTEM32\DBGHELP.DLL
0x00007ffb69f90000 - 0x00007ffb69fbc000 	C:\Windows\SYSTEM32\dbgcore.DLL
0x00007ffb6af70000 - 0x00007ffb6aff2000 	C:\Windows\System32\bcryptPrimitives.dll
0x00007ffb64180000 - 0x00007ffb641a9000 	C:\Program Files\Android\Android Studio\jre\bin\java.dll
0x00007ffb65040000 - 0x00007ffb6504b000 	C:\Program Files\Android\Android Studio\jre\bin\jimage.dll
0x00007ffb638f0000 - 0x00007ffb63908000 	C:\Program Files\Android\Android Studio\jre\bin\zip.dll
0x00007ffb6bc00000 - 0x00007ffb6c343000 	C:\Windows\System32\SHELL32.dll
0x00007ffb67c20000 - 0x00007ffb683b5000 	C:\Windows\SYSTEM32\windows.storage.dll
0x00007ffb6c600000 - 0x00007ffb6c954000 	C:\Windows\System32\combase.dll
0x00007ffb69b40000 - 0x00007ffb69b70000 	C:\Windows\SYSTEM32\Wldp.dll
0x00007ffb6b360000 - 0x00007ffb6b40d000 	C:\Windows\System32\SHCORE.dll
0x00007ffb6c9d0000 - 0x00007ffb6ca25000 	C:\Windows\System32\shlwapi.dll
0x00007ffb6a770000 - 0x00007ffb6a78f000 	C:\Windows\SYSTEM32\profapi.dll
0x00007ffb63210000 - 0x00007ffb6322a000 	C:\Program Files\Android\Android Studio\jre\bin\net.dll
0x00007ffb56850000 - 0x00007ffb5695a000 	C:\Windows\SYSTEM32\WINHTTP.dll
0x00007ffb69a10000 - 0x00007ffb69a7a000 	C:\Windows\system32\mswsock.dll
0x00007ffb62030000 - 0x00007ffb62044000 	C:\Program Files\Android\Android Studio\jre\bin\nio.dll
0x00007ffb61540000 - 0x00007ffb61567000 	C:\Users\Dell\.gradle\native\e1d6ef7f7dcc3fd88c89a11ec53ec762bb8ba0a96d01ffa2cd45eb1d1d8dd5c5\windows-amd64\native-platform.dll
0x00007ffb56380000 - 0x00007ffb564c4000 	C:\Users\Dell\.gradle\native\0d407fdbe67a94daf76414ababcb853783967236a71b16ec16e742cd7a986fd3\windows-amd64\native-platform-file-events.dll
0x00007ffb63cf0000 - 0x00007ffb63cfa000 	C:\Program Files\Android\Android Studio\jre\bin\management.dll
0x00007ffb63be0000 - 0x00007ffb63bed000 	C:\Program Files\Android\Android Studio\jre\bin\management_ext.dll
0x00007ffb6a4f0000 - 0x00007ffb6a508000 	C:\Windows\SYSTEM32\CRYPTSP.dll
0x00007ffb69240000 - 0x00007ffb69274000 	C:\Windows\system32\rsaenh.dll
0x00007ffb6aa00000 - 0x00007ffb6aa27000 	C:\Windows\System32\bcrypt.dll
0x00007ffb6a6f0000 - 0x00007ffb6a71e000 	C:\Windows\SYSTEM32\USERENV.dll
0x00007ffb69b00000 - 0x00007ffb69b0c000 	C:\Windows\SYSTEM32\CRYPTBASE.dll
0x00007ffb69590000 - 0x00007ffb695cb000 	C:\Windows\SYSTEM32\IPHLPAPI.DLL
0x00007ffb6b170000 - 0x00007ffb6b178000 	C:\Windows\System32\NSI.dll
0x00007ffb60ae0000 - 0x00007ffb60af7000 	C:\Windows\SYSTEM32\dhcpcsvc6.DLL
0x00007ffb61480000 - 0x00007ffb6149d000 	C:\Windows\SYSTEM32\dhcpcsvc.DLL
0x00007ffb695d0000 - 0x00007ffb6969a000 	C:\Windows\SYSTEM32\DNSAPI.dll

dbghelp: loaded successfully - version: 4.0.5 - missing functions: none
symbol engine: initialized successfully - sym options: 0x614 - pdb path: .;C:\Program Files\Android\Android Studio\jre\bin;C:\Windows\SYSTEM32;C:\Windows\WinSxS\amd64_microsoft.windows.common-controls_6595b64144ccf1df_6.0.19041.1110_none_60b5254171f9507e;C:\Program Files\Android\Android Studio\jre\bin\server;C:\Users\Dell\.gradle\native\e1d6ef7f7dcc3fd88c89a11ec53ec762bb8ba0a96d01ffa2cd45eb1d1d8dd5c5\windows-amd64;C:\Users\Dell\.gradle\native\0d407fdbe67a94daf76414ababcb853783967236a71b16ec16e742cd7a986fd3\windows-amd64

VM Arguments:
jvm_args: --add-opens=java.base/java.util=ALL-UNNAMED --add-opens=java.base/java.lang=ALL-UNNAMED --add-opens=java.base/java.lang.invoke=ALL-UNNAMED --add-opens=java.base/java.util=ALL-UNNAMED --add-opens=java.prefs/java.util.prefs=ALL-UNNAMED --add-opens=java.prefs/java.util.prefs=ALL-UNNAMED --add-opens=java.base/java.nio.charset=ALL-UNNAMED --add-opens=java.base/java.net=ALL-UNNAMED --add-opens=java.base/java.util.concurrent.atomic=ALL-UNNAMED -Xmx2048m -Dfile.encoding=UTF-8 -Duser.country=US -Duser.language=en -Duser.variant 
java_command: org.gradle.launcher.daemon.bootstrap.GradleDaemon 7.4
java_class_path (initial): C:\Users\Dell\.gradle\wrapper\dists\gradle-7.4-bin\c0gwcg53nkjbqw7r0h0umtfvt\gradle-7.4\lib\gradle-launcher-7.4.jar
Launcher Type: SUN_STANDARD

[Global flags]
     intx CICompilerCount                          = 4                                         {product} {ergonomic}
     uint ConcGCThreads                            = 2                                         {product} {ergonomic}
     uint G1ConcRefinementThreads                  = 8                                         {product} {ergonomic}
   size_t G1HeapRegionSize                         = 1048576                                   {product} {ergonomic}
    uintx GCDrainStackTargetSize                   = 64                                        {product} {ergonomic}
   size_t InitialHeapSize                          = 268435456                                 {product} {ergonomic}
   size_t MarkStackSize                            = 4194304                                   {product} {ergonomic}
   size_t MaxHeapSize                              = 2147483648                                {product} {command line}
   size_t MaxNewSize                               = 1287651328                                {product} {ergonomic}
   size_t MinHeapDeltaBytes                        = 1048576                                   {product} {ergonomic}
    uintx NonNMethodCodeHeapSize                   = 5836300                                {pd product} {ergonomic}
    uintx NonProfiledCodeHeapSize                  = 122910970                              {pd product} {ergonomic}
    uintx ProfiledCodeHeapSize                     = 122910970                              {pd product} {ergonomic}
    uintx ReservedCodeCacheSize                    = 251658240                              {pd product} {ergonomic}
     bool SegmentedCodeCache                       = true                                      {product} {ergonomic}
     bool UseCompressedClassPointers               = true                                 {lp64_product} {ergonomic}
     bool UseCompressedOops                        = true                                 {lp64_product} {ergonomic}
     bool UseG1GC                                  = true                                      {product} {ergonomic}
     bool UseLargePagesIndividualAllocation        = false                                  {pd product} {ergonomic}

Logging:
Log output configuration:
 #0: stdout all=warning uptime,level,tags
 #1: stderr all=off uptime,level,tags

Environment Variables:
PATH=C:\Windows\system32;C:\Windows;C:\Windows\System32\Wbem;C:\Windows\System32\WindowsPowerShell\v1.0\;C:\Windows\System32\OpenSSH\;C:\Program Files\Git\cmd;C:\Users\Dell\AppData\Local\Microsoft\WindowsApps;
USERNAME=Dell
OS=Windows_NT
PROCESSOR_IDENTIFIER=Intel64 Family 6 Model 94 Stepping 3, GenuineIntel



---------------  S Y S T E M  ---------------

OS: Windows 10 , 64 bit Build 19041 (10.0.19041.1889)
OS uptime: 0 days 0:57 hours

CPU:total 8 (initial active 8) (4 cores per cpu, 2 threads per core) family 6 model 94 stepping 3 microcode 0xf0, cmov, cx8, fxsr, mmx, sse, sse2, sse3, ssse3, sse4.1, sse4.2, popcnt, avx, avx2, aes, clmul, erms, rtm, 3dnowpref, lzcnt, ht, tsc, tscinvbit, bmi1, bmi2, adx, fma

Memory: 4k page, system-wide physical 16275M (5166M free)
TotalPageFile size 19219M (AvailPageFile size 7009M)
current process WorkingSet (physical memory assigned to process): 468M, peak: 472M
current process commit charge ("private bytes"): 540M, peak: 544M

vm_info: OpenJDK 64-Bit Server VM (11.0.13+0-b1751.21-8125866) for windows-amd64 JRE (11.0.13+0-b1751.21-8125866), built on Feb  2 2022 03:00:22 by "builder" with MS VC++ 14.0 (VS2015)

END.
